ID            CEU     YRI
NWD163203  0.0333  0.9667
NWD838454     0.0     1.0
NWD447217   0.126   0.874
NWD506902  0.6487  0.3513
NWD516805  0.0945  0.9055
NWD598769  0.0114  0.9886
NWD276731  0.3493  0.6507
NWD857305  0.0498  0.9502
NWD573145  0.1488  0.8512
NWD378807  0.0921  0.9079
NWD773408  0.1373  0.8627
NWD862131  0.2141  0.7859
NWD696182  0.0232  0.9768
NWD601219  0.1086  0.8914
NWD445484  0.1551  0.8449
NWD245122     0.0     1.0
NWD574025  0.5182  0.4818
NWD962792  0.0317  0.9683
NWD140824  0.0431  0.9569
NWD347140  0.6003  0.3997
NWD388542  0.3832  0.6168
NWD409874  0.3267  0.6733
NWD641240  0.4916  0.5084
NWD620567  0.8443  0.1557
NWD754070  0.0014  0.9986
NWD338378  0.0244  0.9756
NWD660071  0.3778  0.6222
NWD452926  0.0817  0.9183
NWD233967  0.1936  0.8064
NWD878543  0.2032  0.7968
...           ...     ...
NWD907433  0.3634  0.6366
NWD712032  0.2286  0.7714
NWD677776  0.4485  0.5515
NWD599306   0.009   0.991
NWD684484  0.0133  0.9867
NWD826684  0.1267  0.8733
NWD428381   0.639   0.361
NWD174966  0.6087  0.3913
NWD938526  0.4141  0.5859
NWD328083  0.4447  0.5553
NWD318497  0.6646  0.3354
NWD731252  0.0099  0.9901
NWD412116  0.1404  0.8596
NWD640560  0.0407  0.9593
NWD639242  0.2345  0.7655
NWD599371  0.0338  0.9662
NWD720391  0.0137  0.9863
NWD431959  0.5091  0.4909
NWD584394     0.0     1.0
NWD344310  0.0085  0.9915
NWD517673  0.0012  0.9988
NWD527323  0.3413  0.6587
NWD418773  0.1524  0.8476
NWD857221  0.0391  0.9609
NWD836765     0.0     1.0
NWD396724  0.2665  0.7335
NWD125656     0.0     1.0
NWD912070  0.4061  0.5939
NWD597815  0.0613  0.9387
NWD512818  0.3573  0.6427

[201 rows x 2 columns]
{'NWD212434': [0.642359, 0.357641], 'NWD584394': [0.99999, 1e-05], 'NWD164446': [0.839865, 0.160135], 'NWD862869': [0.640108, 0.359892], 'NWD378807': [0.801002, 0.198998], 'NWD174966': [0.322764, 0.677236], 'NWD344310': [0.976642, 0.023358], 'NWD484275': [0.947117, 0.052883], 'NWD677387': [0.79329, 0.20671], 'NWD428381': [0.423888, 0.576112], 'NWD479314': [0.975598, 0.024402], 'NWD220560': [0.953642, 0.046358], 'NWD449948': [0.90338, 0.09662], 'NWD170091': [0.740296, 0.259704], 'NWD138795': [0.985435, 0.014565], 'NWD328083': [0.489153, 0.510847], 'NWD390054': [0.94468, 0.05532], 'NWD419692': [0.515061, 0.484939], 'NWD671182': [0.946714, 0.053286], 'NWD828733': [0.739385, 0.260615], 'NWD362144': [0.99999, 1e-05], 'NWD639242': [0.639287, 0.360713], 'NWD574916': [0.99999, 1e-05], 'NWD293024': [0.965757, 0.034243], 'NWD487726': [0.946482, 0.053518], 'NWD521616': [0.876794, 0.123206], 'NWD574025': [0.483384, 0.516616], 'NWD938526': [0.616632, 0.383368], 'NWD685703': [0.779067, 0.220933], 'NWD857221': [0.915867, 0.084133], 'NWD862131': [0.829934, 0.170066], 'NWD346975': [0.763117, 0.236883], 'NWD177635': [0.46863, 0.53137], 'NWD233967': [0.815507, 0.184493], 'NWD731252': [0.992136, 0.007864], 'NWD597815': [0.962245, 0.037755], 'NWD479130': [0.862272, 0.137728], 'NWD826684': [0.809956, 0.190044], 'NWD816583': [0.851786, 0.148214], 'NWD975921': [0.937005, 0.062995], 'NWD158237': [0.807046, 0.192954], 'NWD347140': [0.597851, 0.402149], 'NWD524336': [0.944685, 0.055315], 'NWD661828': [0.751728, 0.248272], 'NWD506902': [0.312979, 0.687021], 'NWD797979': [0.960279, 0.039721], 'NWD652755': [0.760431, 0.239569], 'NWD576327': [0.988986, 0.011014], 'NWD149502': [0.956639, 0.043361], 'NWD133198': [0.756684, 0.243316], 'NWD263184': [0.763578, 0.236422], 'NWD452926': [0.91436, 0.08564], 'NWD752087': [0.861878, 0.138122], 'NWD913991': [0.486332, 0.513668], 'NWD962792': [0.919821, 0.080179], 'NWD388542': [0.535284, 0.464716], 'NWD712674': [0.348187, 0.651813], 'NWD418773': [0.835411, 0.164589], 'NWD902298': [0.820026, 0.179974], 'NWD945886': [0.741615, 0.258385], 'NWD912070': [0.661184, 0.338816], 'NWD677776': [0.586907, 0.413093], 'NWD773408': [0.817794, 0.182206], 'NWD426008': [0.99999, 1e-05], 'NWD404517': [0.552389, 0.447611], 'NWD345273': [0.917843, 0.082157], 'NWD687323': [0.888402, 0.111598], 'NWD478709': [0.366061, 0.633939], 'NWD490768': [0.912928, 0.087072], 'NWD363273': [0.646066, 0.353934], 'NWD640560': [0.917255, 0.082745], 'NWD890143': [0.99999, 1e-05], 'NWD210347': [0.943933, 0.056067], 'NWD311932': [0.910044, 0.089956], 'NWD467083': [0.943371, 0.056629], 'NWD598769': [0.98917, 0.01083], 'NWD599371': [0.943918, 0.056082], 'NWD959607': [0.800575, 0.199425], 'NWD657624': [0.222177, 0.777823], 'NWD969537': [0.704855, 0.295145], 'NWD256042': [0.590741, 0.409259], 'NWD901710': [0.791567, 0.208433], 'NWD546564': [0.972039, 0.027961], 'NWD998609': [0.601538, 0.398462], 'NWD108116': [0.924139, 0.075861], 'NWD245122': [0.99999, 1e-05], 'NWD606337': [0.933691, 0.066309], 'NWD720391': [0.985682, 0.014318], 'NWD462712': [0.944439, 0.055561], 'NWD781750': [0.808962, 0.191038], 'NWD262638': [0.530487, 0.469513], 'NWD684484': [0.952197, 0.047803], 'NWD419335': [0.602734, 0.397266], 'NWD519039': [0.694709, 0.305291], 'NWD838454': [0.99999, 1e-05], 'NWD141713': [0.751056, 0.248944], 'NWD168541': [0.968441, 0.031559], 'NWD547021': [0.97357, 0.02643], 'NWD716470': [0.829146, 0.170854], 'NWD878543': [0.806081, 0.193919], 'NWD523161': [0.666588, 0.333412], 'NWD787458': [0.77939, 0.22061], 'NWD857305': [0.893549, 0.106451], 'NWD822723': [0.744719, 0.255281], 'NWD512818': [0.667509, 0.332491], 'NWD587844': [0.855883, 0.144117], 'NWD678520': [0.676937, 0.323063], 'NWD486871': [0.704051, 0.295949], 'NWD571531': [0.867618, 0.132382], 'NWD754070': [0.975167, 0.024833], 'NWD630602': [0.892156, 0.107844], 'NWD643775': [0.797611, 0.202389], 'NWD163203': [0.991456, 0.008544], 'NWD916599': [0.855895, 0.144105], 'NWD950794': [0.848955, 0.151045], 'NWD782813': [0.990628, 0.009372], 'NWD836765': [0.976356, 0.023644], 'NWD447217': [0.850274, 0.149726], 'NWD288321': [0.644316, 0.355684], 'NWD392992': [0.934329, 0.065671], 'NWD856383': [0.597249, 0.402751], 'NWD314678': [0.846865, 0.153135], 'NWD445484': [0.827976, 0.172024], 'NWD125656': [0.99999, 1e-05], 'NWD276731': [0.716871, 0.283129], 'NWD527323': [0.66105, 0.33895], 'NWD140824': [0.912658, 0.087342], 'NWD251680': [0.874526, 0.125474], 'NWD318497': [0.324028, 0.675972], 'NWD337903': [0.794802, 0.205198], 'NWD815786': [1e-05, 0.99999], 'NWD737180': [0.914407, 0.085593], 'NWD774561': [0.777334, 0.222666], 'NWD866219': [0.508783, 0.491217], 'NWD944827': [0.597646, 0.402354], 'NWD993659': [0.901457, 0.098543], 'NWD105648': [0.878512, 0.121488], 'NWD516805': [0.891196, 0.108804], 'NWD600992': [0.890385, 0.109615], 'NWD610801': [0.970558, 0.029442], 'NWD730299': [0.963758, 0.036242], 'NWD998816': [0.921166, 0.078834], 'NWD865962': [0.754406, 0.245594], 'NWD710489': [0.99999, 1e-05], 'NWD268401': [0.986783, 0.013217], 'NWD879683': [0.99427, 0.00573], 'NWD412116': [0.777322, 0.222678], 'NWD517673': [0.99999, 1e-05], 'NWD402569': [0.984236, 0.015764], 'NWD930303': [0.667572, 0.332428], 'NWD660071': [0.668317, 0.331683], 'NWD159679': [0.930317, 0.069683], 'NWD338378': [0.945459, 0.054541], 'NWD381518': [0.868667, 0.131333], 'NWD299581': [0.955902, 0.044098], 'NWD453328': [0.884256, 0.115744], 'NWD542871': [0.133437, 0.866563], 'NWD716639': [0.915696, 0.084304], 'NWD601219': [0.880571, 0.119429], 'NWD346624': [0.828266, 0.171734], 'NWD599306': [0.99135, 0.00865], 'NWD242199': [0.609641, 0.390359], 'NWD620567': [0.332032, 0.667968], 'NWD993431': [0.69792, 0.30208], 'NWD573145': [0.788003, 0.211997], 'NWD557722': [0.951438, 0.048562], 'NWD158184': [0.827307, 0.172693], 'NWD431959': [0.636005, 0.363995], 'NWD788130': [0.98878, 0.01122], 'NWD396724': [0.812555, 0.187445], 'NWD343349': [0.710822, 0.289178], 'NWD712032': [0.790988, 0.209012], 'NWD612175': [0.781787, 0.218213], 'NWD417668': [0.929558, 0.070442], 'NWD409874': [0.742434, 0.257566], 'NWD563349': [0.635815, 0.364185], 'NWD457909': [0.151207, 0.848793], 'NWD135441': [0.600552, 0.399448], 'NWD878668': [0.796885, 0.203115], 'NWD728777': [0.197201, 0.802799], 'NWD609750': [0.568679, 0.431321], 'NWD641240': [0.529756, 0.470244], 'NWD171365': [0.837618, 0.162382], 'NWD281909': [0.954573, 0.045427], 'NWD897019': [0.797165, 0.202835], 'NWD687607': [0.963149, 0.036851], 'NWD626329': [0.968152, 0.031848], 'NWD681170': [0.490951, 0.509049], 'NWD696182': [0.97208, 0.02792], 'NWD559886': [0.624385, 0.375615], 'NWD730873': [0.804937, 0.195063], 'NWD462567': [0.640065, 0.359935], 'NWD795057': [0.953544, 0.046456], 'NWD352494': [0.952053, 0.047947], 'NWD553021': [0.729154, 0.270846], 'NWD847600': [0.708933, 0.291067], 'NWD181781': [0.72129, 0.27871], 'NWD640412': [0.54953, 0.45047], 'NWD907433': [0.656385, 0.343615], 'NWD795363': [0.974909, 0.025091], 'NWD353250': [0.720112, 0.279888], 'NA18498': [0.99999, 1e-05], 'NA19143': [0.99999, 1e-05], 'NA19159': [0.99999, 1e-05], 'NA19209': [0.99999, 1e-05], 'NA19117': [0.99999, 1e-05], 'NA18858': [0.99999, 1e-05], 'NA18505': [0.99999, 1e-05], 'NA12399': [1e-05, 0.99999], 'NA18924': [0.99999, 1e-05], 'NA19093': [0.99999, 1e-05], 'NA11840': [1e-05, 0.99999], 'NA18868': [0.99999, 1e-05], 'NA18908': [0.99999, 1e-05], 'NA19099': [0.99999, 1e-05], 'NA18881': [0.99999, 1e-05], 'NA12283': [1e-05, 0.99999], 'NA18916': [0.99999, 1e-05], 'NA12748': [1e-05, 0.99999], 'NA19175': [0.99999, 1e-05], 'NA18861': [0.99999, 1e-05], 'NA06985': [1e-05, 0.99999], 'NA18501': [0.99999, 1e-05], 'NA12750': [1e-05, 0.99999], 'NA19114': [0.99999, 1e-05], 'NA19141': [0.99999, 1e-05], 'NA18876': [0.99999, 1e-05], 'NA18879': [0.99999, 1e-05], 'NA11932': [1e-05, 0.99999], 'NA19235': [0.99999, 1e-05], 'NA19248': [0.99999, 1e-05], 'NA12383': [1e-05, 0.99999], 'NA18519': [0.99999, 1e-05], 'NA19197': [0.99999, 1e-05], 'NA19236': [0.99999, 1e-05], 'NA18499': [0.99999, 1e-05], 'NA12718': [1e-05, 0.99999], 'NA12890': [1e-05, 0.99999], 'NA19207': [0.99999, 1e-05], 'NA19160': [0.99999, 1e-05], 'NA12872': [1e-05, 0.99999], 'NA19116': [0.99999, 1e-05], 'NA18867': [0.99999, 1e-05], 'NA12340': [1e-05, 0.99999], 'NA19138': [0.99999, 1e-05], 'NA19222': [0.99999, 1e-05], 'NA18510': [0.99999, 1e-05], 'NA12004': [1e-05, 0.99999], 'NA18522': [0.99999, 1e-05], 'NA19184': [0.99999, 1e-05], 'NA11930': [1e-05, 0.99999], 'NA12058': [1e-05, 0.99999], 'NA18489': [0.99999, 1e-05], 'NA11933': [1e-05, 0.99999], 'NA12716': [1e-05, 0.99999], 'NA12342': [1e-05, 0.99999], 'NA19098': [0.99999, 1e-05], 'NA11919': [1e-05, 0.99999], 'NA06994': [1e-05, 0.99999], 'NA18912': [0.99999, 1e-05], 'NA19147': [0.99999, 1e-05], 'NA18934': [0.99999, 1e-05], 'NA19095': [0.99999, 1e-05], 'NA19204': [0.99999, 1e-05], 'NA18504': [0.99999, 1e-05], 'NA18523': [0.99999, 1e-05], 'NA12830': [1e-05, 0.99999], 'NA12760': [1e-05, 0.99999], 'NA18520': [0.99999, 1e-05], 'NA18909': [0.99999, 1e-05], 'NA12717': [1e-05, 0.99999], 'NA12778': [1e-05, 0.99999], 'NA18502': [0.99999, 1e-05], 'NA19096': [0.99999, 1e-05], 'NA18910': [0.99999, 1e-05], 'NA12003': [1e-05, 0.99999], 'NA12275': [1e-05, 0.99999], 'NA19198': [0.99999, 1e-05], 'NA18877': [0.99999, 1e-05], 'NA19146': [0.99999, 1e-05], 'NA12827': [1e-05, 0.99999], 'NA12045': [1e-05, 0.99999], 'NA10851': [1e-05, 0.99999], 'NA12843': [1e-05, 0.99999], 'NA12287': [1e-05, 0.99999], 'NA12777': [1e-05, 0.99999], 'NA19214': [0.99999, 1e-05], 'NA18488': [0.99999, 1e-05], 'NA07037': [1e-05, 0.99999], 'NA11992': [1e-05, 0.99999], 'NA12413': [1e-05, 0.99999], 'NA19239': [0.99999, 1e-05], 'NA12751': [1e-05, 0.99999], 'NA06984': [1e-05, 0.99999], 'NA12414': [1e-05, 0.99999], 'NA12546': [1e-05, 0.99999], 'NA18907': [0.99999, 1e-05], 'NA12828': [1e-05, 0.99999], 'NA18864': [0.99999, 1e-05], 'NA12815': [1e-05, 0.99999], 'NA12155': [1e-05, 0.99999], 'NA18507': [0.99999, 1e-05], 'NA12286': [1e-05, 0.99999], 'NA19225': [0.99999, 1e-05], 'NA12761': [1e-05, 0.99999], 'NA12005': [1e-05, 0.99999], 'NA12873': [1e-05, 0.99999], 'NA12400': [1e-05, 0.99999], 'NA18853': [0.99999, 1e-05], 'NA11931': [1e-05, 0.99999], 'NA19189': [0.99999, 1e-05], 'NA19108': [0.99999, 1e-05], 'NA18874': [0.99999, 1e-05], 'NA19102': [0.99999, 1e-05], 'NA07000': [1e-05, 0.99999], 'NA19149': [0.99999, 1e-05], 'NA11920': [1e-05, 0.99999], 'NA18873': [0.99999, 1e-05], 'NA12043': [1e-05, 0.99999], 'NA12762': [1e-05, 0.99999], 'NA10847': [1e-05, 0.99999], 'NA12763': [1e-05, 0.99999], 'NA19201': [0.99999, 1e-05], 'NA11831': [1e-05, 0.99999], 'NA12874': [1e-05, 0.99999], 'NA19206': [0.99999, 1e-05], 'NA12154': [1e-05, 0.99999], 'NA18865': [0.99999, 1e-05], 'NA12889': [1e-05, 0.99999], 'NA18933': [0.99999, 1e-05], 'NA19213': [0.99999, 1e-05], 'NA07056': [1e-05, 0.99999], 'NA19131': [0.99999, 1e-05], 'NA07051': [1e-05, 0.99999], 'NA19107': [0.99999, 1e-05], 'NA07357': [1e-05, 0.99999], 'NA19190': [0.99999, 1e-05], 'NA11892': [1e-05, 0.99999], 'NA18915': [0.99999, 1e-05], 'NA19256': [0.99999, 1e-05], 'NA11918': [1e-05, 0.99999], 'NA12249': [1e-05, 0.99999], 'NA11832': [1e-05, 0.99999], 'NA12341': [1e-05, 0.99999], 'NA12775': [1e-05, 0.99999], 'NA11893': [1e-05, 0.99999], 'NA12234': [1e-05, 0.99999], 'NA19171': [0.99999, 1e-05], 'NA19129': [0.99999, 1e-05], 'NA19130': [0.99999, 1e-05], 'NA12812': [1e-05, 0.99999], 'NA19200': [0.99999, 1e-05], 'NA12273': [1e-05, 0.99999], 'NA12489': [1e-05, 0.99999], 'NA12749': [1e-05, 0.99999], 'NA19119': [0.99999, 1e-05], 'NA18486': [0.99999, 1e-05], 'NA18517': [0.99999, 1e-05], 'NA18508': [0.99999, 1e-05], 'NA19118': [0.99999, 1e-05], 'NA12006': [1e-05, 0.99999], 'NA11995': [1e-05, 0.99999], 'NA19210': [0.99999, 1e-05], 'NA19152': [0.99999, 1e-05], 'NA11843': [1e-05, 0.99999], 'NA11881': [1e-05, 0.99999], 'NA12348': [1e-05, 0.99999], 'NA12044': [1e-05, 0.99999], 'NA19144': [0.99999, 1e-05], 'NA12144': [1e-05, 0.99999], 'NA11994': [1e-05, 0.99999], 'NA07048': [1e-05, 0.99999], 'NA12842': [1e-05, 0.99999], 'NA18917': [0.99999, 1e-05], 'NA11829': [1e-05, 0.99999], 'NA18870': [0.99999, 1e-05], 'NA19092': [0.99999, 1e-05], 'NA19153': [0.99999, 1e-05], 'NA19121': [0.99999, 1e-05], 'NA19172': [0.99999, 1e-05], 'NA07347': [1e-05, 0.99999], 'NA12776': [1e-05, 0.99999], 'NA19185': [0.99999, 1e-05], 'NA12156': [1e-05, 0.99999], 'NA19247': [0.99999, 1e-05], 'NA18878': [0.99999, 1e-05], 'NA12272': [1e-05, 0.99999], 'NA12829': [1e-05, 0.99999], 'NA12282': [1e-05, 0.99999], 'NA12813': [1e-05, 0.99999], 'NA12347': [1e-05, 0.99999], 'NA18871': [0.99999, 1e-05], 'NA19223': [0.99999, 1e-05], 'NA18923': [0.99999, 1e-05], 'NA06989': [1e-05, 0.99999], 'NA18511': [0.99999, 1e-05], 'NA06986': [1e-05, 0.99999], 'NA19257': [0.99999, 1e-05], 'NA11894': [1e-05, 0.99999], 'NA19238': [0.99999, 1e-05], 'NA19137': [0.99999, 1e-05], 'NA19113': [0.99999, 1e-05], 'NA18516': [0.99999, 1e-05], 'NA12878': [1e-05, 0.99999], 'NA18856': [0.99999, 1e-05], 'NA12814': [1e-05, 0.99999], 'NA12046': [1e-05, 0.99999], 'NA11830': [1e-05, 0.99999]}
[1, 0]
