ID            CEU     YRI
NWD163203  0.0615  0.9385
NWD838454  0.0069  0.9931
NWD447217  0.1759  0.8241
NWD506902  0.6423  0.3577
NWD516805  0.0389  0.9611
NWD598769   0.029   0.971
NWD276731  0.1566  0.8434
NWD857305   0.196   0.804
NWD573145   0.008   0.992
NWD378807  0.1601  0.8399
NWD773408  0.4403  0.5597
NWD862131  0.4837  0.5163
NWD696182  0.1887  0.8113
NWD601219  0.2494  0.7506
NWD445484  0.4859  0.5141
NWD245122  0.0935  0.9065
NWD574025  0.2066  0.7934
NWD962792  0.2322  0.7678
NWD140824   0.259   0.741
NWD347140  0.7218  0.2782
NWD388542  0.3719  0.6281
NWD409874  0.1087  0.8913
NWD641240  0.1284  0.8716
NWD620567  0.4008  0.5992
NWD754070  0.0167  0.9833
NWD338378  0.0175  0.9825
NWD660071  0.0726  0.9274
NWD452926  0.2691  0.7309
NWD233967  0.9532  0.0468
NWD878543  0.2287  0.7713
...           ...     ...
NWD907433  0.0489  0.9511
NWD712032    0.28    0.72
NWD677776  0.0922  0.9078
NWD599306     0.0     1.0
NWD684484     0.0     1.0
NWD826684  0.1209  0.8791
NWD428381  0.4915  0.5085
NWD174966  0.4641  0.5359
NWD938526  0.3636  0.6364
NWD328083  0.2246  0.7754
NWD318497   0.155   0.845
NWD731252  0.0175  0.9825
NWD412116  0.4685  0.5315
NWD640560  0.1564  0.8436
NWD639242  0.2094  0.7906
NWD599371  0.0443  0.9557
NWD720391  0.1112  0.8888
NWD431959  0.5054  0.4946
NWD584394     0.0     1.0
NWD344310  0.0238  0.9762
NWD517673  0.1389  0.8611
NWD527323  0.1851  0.8149
NWD418773  0.0937  0.9063
NWD857221  0.1172  0.8828
NWD836765     0.0     1.0
NWD396724  0.0058  0.9942
NWD125656  0.0866  0.9134
NWD912070  0.0274  0.9726
NWD597815   0.111   0.889
NWD512818  0.2313  0.7687

[201 rows x 2 columns]
{'NWD212434': [0.978978, 0.021022], 'NWD584394': [0.99999, 1e-05], 'NWD164446': [0.4642, 0.5358], 'NWD862869': [0.635849, 0.364151], 'NWD378807': [0.803431, 0.196569], 'NWD174966': [0.630575, 0.369425], 'NWD344310': [0.99999, 1e-05], 'NWD484275': [0.880424, 0.119576], 'NWD677387': [0.98081, 0.01919], 'NWD428381': [0.514332, 0.485668], 'NWD479314': [0.966835, 0.033165], 'NWD220560': [0.6006, 0.3994], 'NWD449948': [0.815186, 0.184814], 'NWD170091': [0.927657, 0.072343], 'NWD138795': [0.99999, 1e-05], 'NWD328083': [0.798922, 0.201078], 'NWD390054': [0.833642, 0.166358], 'NWD419692': [0.675924, 0.324076], 'NWD671182': [0.795793, 0.204207], 'NWD828733': [0.701775, 0.298225], 'NWD362144': [0.997114, 0.002886], 'NWD639242': [0.80872, 0.19128], 'NWD574916': [0.99999, 1e-05], 'NWD293024': [0.99999, 1e-05], 'NWD487726': [0.852729, 0.147271], 'NWD521616': [0.894314, 0.105686], 'NWD574025': [0.751298, 0.248702], 'NWD938526': [0.630179, 0.369821], 'NWD685703': [0.826725, 0.173275], 'NWD857221': [0.881145, 0.118855], 'NWD862131': [0.539461, 0.460539], 'NWD346975': [0.940806, 0.059194], 'NWD177635': [0.290963, 0.709037], 'NWD233967': [0.070626, 0.929374], 'NWD731252': [0.959719, 0.040281], 'NWD597815': [0.887431, 0.112569], 'NWD479130': [0.701955, 0.298045], 'NWD826684': [0.878956, 0.121044], 'NWD816583': [0.809306, 0.190694], 'NWD975921': [0.733497, 0.266503], 'NWD158237': [0.777273, 0.222727], 'NWD347140': [0.307974, 0.692026], 'NWD524336': [0.99999, 1e-05], 'NWD661828': [0.961024, 0.038976], 'NWD506902': [0.3784, 0.6216], 'NWD797979': [0.894831, 0.105169], 'NWD652755': [0.853274, 0.146726], 'NWD576327': [0.99999, 1e-05], 'NWD149502': [0.915019, 0.084981], 'NWD133198': [0.767879, 0.232121], 'NWD263184': [0.730561, 0.269439], 'NWD452926': [0.739227, 0.260773], 'NWD752087': [0.695562, 0.304438], 'NWD913991': [0.959841, 0.040159], 'NWD962792': [0.795475, 0.204525], 'NWD388542': [0.610724, 0.389276], 'NWD712674': [0.660177, 0.339823], 'NWD418773': [0.89155, 0.10845], 'NWD902298': [0.895451, 0.104549], 'NWD945886': [0.858179, 0.141821], 'NWD912070': [0.945878, 0.054122], 'NWD677776': [0.888804, 0.111196], 'NWD773408': [0.5921, 0.4079], 'NWD426008': [0.982814, 0.017186], 'NWD404517': [0.599873, 0.400127], 'NWD345273': [0.99999, 1e-05], 'NWD687323': [0.946629, 0.053371], 'NWD478709': [0.614002, 0.385998], 'NWD490768': [0.482878, 0.517122], 'NWD363273': [0.912868, 0.087132], 'NWD640560': [0.87418, 0.12582], 'NWD890143': [0.975543, 0.024457], 'NWD210347': [0.90174, 0.09826], 'NWD311932': [0.99999, 1e-05], 'NWD467083': [0.831034, 0.168966], 'NWD598769': [0.962462, 0.037538], 'NWD599371': [0.946181, 0.053819], 'NWD959607': [0.718769, 0.281231], 'NWD657624': [0.30687, 0.69313], 'NWD969537': [0.832267, 0.167733], 'NWD256042': [0.745854, 0.254146], 'NWD901710': [0.963242, 0.036758], 'NWD546564': [0.91405, 0.08595], 'NWD998609': [0.669152, 0.330848], 'NWD108116': [0.962597, 0.037403], 'NWD245122': [0.92052, 0.07948], 'NWD606337': [0.957117, 0.042883], 'NWD720391': [0.889742, 0.110258], 'NWD462712': [0.99999, 1e-05], 'NWD781750': [0.86705, 0.13295], 'NWD262638': [0.842061, 0.157939], 'NWD684484': [0.99999, 1e-05], 'NWD419335': [0.545833, 0.454167], 'NWD519039': [0.846998, 0.153002], 'NWD838454': [0.99999, 1e-05], 'NWD141713': [0.521738, 0.478262], 'NWD168541': [0.945001, 0.054999], 'NWD547021': [0.95428, 0.04572], 'NWD716470': [0.811507, 0.188493], 'NWD878543': [0.793279, 0.206721], 'NWD523161': [0.791986, 0.208014], 'NWD787458': [0.20739, 0.79261], 'NWD857305': [0.812869, 0.187131], 'NWD822723': [0.746624, 0.253376], 'NWD512818': [0.788882, 0.211118], 'NWD587844': [0.665005, 0.334995], 'NWD678520': [0.955118, 0.044882], 'NWD486871': [0.639291, 0.360709], 'NWD571531': [0.9782, 0.0218], 'NWD754070': [0.96296, 0.03704], 'NWD630602': [0.649447, 0.350553], 'NWD643775': [0.999704, 0.000296], 'NWD163203': [0.92723, 0.07277], 'NWD916599': [0.816732, 0.183268], 'NWD950794': [0.690147, 0.309853], 'NWD782813': [0.846553, 0.153447], 'NWD836765': [0.99999, 1e-05], 'NWD447217': [0.827494, 0.172506], 'NWD288321': [0.815817, 0.184183], 'NWD392992': [0.995467, 0.004533], 'NWD856383': [0.774503, 0.225497], 'NWD314678': [0.752174, 0.247826], 'NWD445484': [0.542872, 0.457128], 'NWD125656': [0.912448, 0.087552], 'NWD276731': [0.78525, 0.21475], 'NWD527323': [0.786926, 0.213074], 'NWD140824': [0.747766, 0.252234], 'NWD251680': [0.830407, 0.169593], 'NWD318497': [0.805913, 0.194087], 'NWD337903': [0.734419, 0.265581], 'NWD815786': [0.038825, 0.961175], 'NWD737180': [0.926133, 0.073867], 'NWD774561': [0.959102, 0.040898], 'NWD866219': [0.950992, 0.049008], 'NWD944827': [0.99999, 1e-05], 'NWD993659': [0.920207, 0.079793], 'NWD105648': [0.99999, 1e-05], 'NWD516805': [0.990566, 0.009434], 'NWD600992': [0.693771, 0.306229], 'NWD610801': [0.915448, 0.084552], 'NWD730299': [0.888556, 0.111444], 'NWD998816': [0.926441, 0.073559], 'NWD865962': [0.747081, 0.252919], 'NWD710489': [0.895429, 0.104571], 'NWD268401': [0.99999, 1e-05], 'NWD879683': [0.99999, 1e-05], 'NWD412116': [0.543607, 0.456393], 'NWD517673': [0.87084, 0.12916], 'NWD402569': [0.909012, 0.090988], 'NWD930303': [0.646683, 0.353317], 'NWD660071': [0.949039, 0.050961], 'NWD159679': [0.993877, 0.006123], 'NWD338378': [0.94441, 0.05559], 'NWD381518': [0.818118, 0.181882], 'NWD299581': [0.929672, 0.070328], 'NWD453328': [0.765933, 0.234067], 'NWD542871': [0.636565, 0.363435], 'NWD716639': [0.858861, 0.141139], 'NWD601219': [0.762513, 0.237487], 'NWD346624': [0.821546, 0.178454], 'NWD599306': [0.994046, 0.005954], 'NWD242199': [0.765903, 0.234097], 'NWD620567': [0.587717, 0.412283], 'NWD993431': [0.511009, 0.488991], 'NWD573145': [0.997602, 0.002398], 'NWD557722': [0.912558, 0.087442], 'NWD158184': [0.842292, 0.157708], 'NWD431959': [0.534189, 0.465811], 'NWD788130': [0.99999, 1e-05], 'NWD396724': [0.99999, 1e-05], 'NWD343349': [0.643403, 0.356597], 'NWD712032': [0.736904, 0.263096], 'NWD612175': [0.832972, 0.167028], 'NWD417668': [0.993954, 0.006046], 'NWD409874': [0.9136, 0.0864], 'NWD563349': [0.768439, 0.231561], 'NWD457909': [0.569537, 0.430463], 'NWD135441': [0.43077, 0.56923], 'NWD878668': [0.927073, 0.072927], 'NWD728777': [0.414091, 0.585909], 'NWD609750': [0.637521, 0.362479], 'NWD641240': [0.854842, 0.145158], 'NWD171365': [0.975568, 0.024432], 'NWD281909': [0.862193, 0.137807], 'NWD897019': [0.961379, 0.038621], 'NWD687607': [0.772706, 0.227294], 'NWD626329': [0.377253, 0.622747], 'NWD681170': [0.527174, 0.472826], 'NWD696182': [0.811176, 0.188824], 'NWD559886': [0.990235, 0.009765], 'NWD730873': [0.876834, 0.123166], 'NWD462567': [0.784625, 0.215375], 'NWD795057': [0.986967, 0.013033], 'NWD352494': [0.883717, 0.116283], 'NWD553021': [0.899751, 0.100249], 'NWD847600': [0.90818, 0.09182], 'NWD181781': [0.715214, 0.284786], 'NWD640412': [0.727009, 0.272991], 'NWD907433': [0.964791, 0.035209], 'NWD795363': [0.995133, 0.004867], 'NWD353250': [0.705383, 0.294617], 'NA18498': [0.99999, 1e-05], 'NA19143': [0.99999, 1e-05], 'NA19159': [0.99999, 1e-05], 'NA19209': [0.99999, 1e-05], 'NA19117': [0.99999, 1e-05], 'NA18858': [0.99999, 1e-05], 'NA18505': [0.99999, 1e-05], 'NA12399': [1e-05, 0.99999], 'NA18924': [0.99999, 1e-05], 'NA19093': [0.99999, 1e-05], 'NA11840': [1e-05, 0.99999], 'NA18868': [0.99999, 1e-05], 'NA18908': [0.99999, 1e-05], 'NA19099': [0.99999, 1e-05], 'NA18881': [0.99999, 1e-05], 'NA12283': [1e-05, 0.99999], 'NA18916': [0.99999, 1e-05], 'NA12748': [1e-05, 0.99999], 'NA19175': [0.99999, 1e-05], 'NA18861': [0.99999, 1e-05], 'NA06985': [1e-05, 0.99999], 'NA18501': [0.99999, 1e-05], 'NA12750': [1e-05, 0.99999], 'NA19114': [0.99999, 1e-05], 'NA19141': [0.99999, 1e-05], 'NA18876': [0.99999, 1e-05], 'NA18879': [0.99999, 1e-05], 'NA11932': [1e-05, 0.99999], 'NA19235': [0.99999, 1e-05], 'NA19248': [0.99999, 1e-05], 'NA12383': [1e-05, 0.99999], 'NA18519': [0.99999, 1e-05], 'NA19197': [0.99999, 1e-05], 'NA19236': [0.99999, 1e-05], 'NA18499': [0.99999, 1e-05], 'NA12718': [1e-05, 0.99999], 'NA12890': [1e-05, 0.99999], 'NA19207': [0.99999, 1e-05], 'NA19160': [0.99999, 1e-05], 'NA12872': [1e-05, 0.99999], 'NA19116': [0.99999, 1e-05], 'NA18867': [0.99999, 1e-05], 'NA12340': [1e-05, 0.99999], 'NA19138': [0.99999, 1e-05], 'NA19222': [0.99999, 1e-05], 'NA18510': [0.99999, 1e-05], 'NA12004': [1e-05, 0.99999], 'NA18522': [0.99999, 1e-05], 'NA19184': [0.99999, 1e-05], 'NA11930': [1e-05, 0.99999], 'NA12058': [1e-05, 0.99999], 'NA18489': [0.99999, 1e-05], 'NA11933': [1e-05, 0.99999], 'NA12716': [1e-05, 0.99999], 'NA12342': [1e-05, 0.99999], 'NA19098': [0.99999, 1e-05], 'NA11919': [1e-05, 0.99999], 'NA06994': [1e-05, 0.99999], 'NA18912': [0.99999, 1e-05], 'NA19147': [0.99999, 1e-05], 'NA18934': [0.99999, 1e-05], 'NA19095': [0.99999, 1e-05], 'NA19204': [0.99999, 1e-05], 'NA18504': [0.99999, 1e-05], 'NA18523': [0.99999, 1e-05], 'NA12830': [1e-05, 0.99999], 'NA12760': [1e-05, 0.99999], 'NA18520': [0.99999, 1e-05], 'NA18909': [0.99999, 1e-05], 'NA12717': [1e-05, 0.99999], 'NA12778': [1e-05, 0.99999], 'NA18502': [0.99999, 1e-05], 'NA19096': [0.99999, 1e-05], 'NA18910': [0.99999, 1e-05], 'NA12003': [1e-05, 0.99999], 'NA12275': [1e-05, 0.99999], 'NA19198': [0.99999, 1e-05], 'NA18877': [0.99999, 1e-05], 'NA19146': [0.99999, 1e-05], 'NA12827': [1e-05, 0.99999], 'NA12045': [1e-05, 0.99999], 'NA10851': [1e-05, 0.99999], 'NA12843': [1e-05, 0.99999], 'NA12287': [1e-05, 0.99999], 'NA12777': [1e-05, 0.99999], 'NA19214': [0.99999, 1e-05], 'NA18488': [0.99999, 1e-05], 'NA07037': [1e-05, 0.99999], 'NA11992': [1e-05, 0.99999], 'NA12413': [1e-05, 0.99999], 'NA19239': [0.99999, 1e-05], 'NA12751': [1e-05, 0.99999], 'NA06984': [1e-05, 0.99999], 'NA12414': [1e-05, 0.99999], 'NA12546': [1e-05, 0.99999], 'NA18907': [0.99999, 1e-05], 'NA12828': [1e-05, 0.99999], 'NA18864': [0.99999, 1e-05], 'NA12815': [1e-05, 0.99999], 'NA12155': [1e-05, 0.99999], 'NA18507': [0.99999, 1e-05], 'NA12286': [1e-05, 0.99999], 'NA19225': [0.99999, 1e-05], 'NA12761': [1e-05, 0.99999], 'NA12005': [1e-05, 0.99999], 'NA12873': [1e-05, 0.99999], 'NA12400': [1e-05, 0.99999], 'NA18853': [0.99999, 1e-05], 'NA11931': [1e-05, 0.99999], 'NA19189': [0.99999, 1e-05], 'NA19108': [0.99999, 1e-05], 'NA18874': [0.99999, 1e-05], 'NA19102': [0.99999, 1e-05], 'NA07000': [1e-05, 0.99999], 'NA19149': [0.99999, 1e-05], 'NA11920': [1e-05, 0.99999], 'NA18873': [0.99999, 1e-05], 'NA12043': [1e-05, 0.99999], 'NA12762': [1e-05, 0.99999], 'NA10847': [1e-05, 0.99999], 'NA12763': [1e-05, 0.99999], 'NA19201': [0.99999, 1e-05], 'NA11831': [1e-05, 0.99999], 'NA12874': [1e-05, 0.99999], 'NA19206': [0.99999, 1e-05], 'NA12154': [1e-05, 0.99999], 'NA18865': [0.99999, 1e-05], 'NA12889': [1e-05, 0.99999], 'NA18933': [0.99999, 1e-05], 'NA19213': [0.99999, 1e-05], 'NA07056': [1e-05, 0.99999], 'NA19131': [0.99999, 1e-05], 'NA07051': [1e-05, 0.99999], 'NA19107': [0.99999, 1e-05], 'NA07357': [1e-05, 0.99999], 'NA19190': [0.99999, 1e-05], 'NA11892': [1e-05, 0.99999], 'NA18915': [0.99999, 1e-05], 'NA19256': [0.99999, 1e-05], 'NA11918': [1e-05, 0.99999], 'NA12249': [1e-05, 0.99999], 'NA11832': [1e-05, 0.99999], 'NA12341': [1e-05, 0.99999], 'NA12775': [1e-05, 0.99999], 'NA11893': [1e-05, 0.99999], 'NA12234': [1e-05, 0.99999], 'NA19171': [0.99999, 1e-05], 'NA19129': [0.99999, 1e-05], 'NA19130': [0.99999, 1e-05], 'NA12812': [1e-05, 0.99999], 'NA19200': [0.99999, 1e-05], 'NA12273': [1e-05, 0.99999], 'NA12489': [1e-05, 0.99999], 'NA12749': [1e-05, 0.99999], 'NA19119': [0.99999, 1e-05], 'NA18486': [0.99999, 1e-05], 'NA18517': [0.99999, 1e-05], 'NA18508': [0.99999, 1e-05], 'NA19118': [0.99999, 1e-05], 'NA12006': [1e-05, 0.99999], 'NA11995': [1e-05, 0.99999], 'NA19210': [0.99999, 1e-05], 'NA19152': [0.99999, 1e-05], 'NA11843': [1e-05, 0.99999], 'NA11881': [1e-05, 0.99999], 'NA12348': [1e-05, 0.99999], 'NA12044': [1e-05, 0.99999], 'NA19144': [0.99999, 1e-05], 'NA12144': [1e-05, 0.99999], 'NA11994': [1e-05, 0.99999], 'NA07048': [1e-05, 0.99999], 'NA12842': [1e-05, 0.99999], 'NA18917': [0.99999, 1e-05], 'NA11829': [1e-05, 0.99999], 'NA18870': [0.99999, 1e-05], 'NA19092': [0.99999, 1e-05], 'NA19153': [0.99999, 1e-05], 'NA19121': [0.99999, 1e-05], 'NA19172': [0.99999, 1e-05], 'NA07347': [1e-05, 0.99999], 'NA12776': [1e-05, 0.99999], 'NA19185': [0.99999, 1e-05], 'NA12156': [1e-05, 0.99999], 'NA19247': [0.99999, 1e-05], 'NA18878': [0.99999, 1e-05], 'NA12272': [1e-05, 0.99999], 'NA12829': [1e-05, 0.99999], 'NA12282': [1e-05, 0.99999], 'NA12813': [1e-05, 0.99999], 'NA12347': [1e-05, 0.99999], 'NA18871': [0.99999, 1e-05], 'NA19223': [0.99999, 1e-05], 'NA18923': [0.99999, 1e-05], 'NA06989': [1e-05, 0.99999], 'NA18511': [0.99999, 1e-05], 'NA06986': [1e-05, 0.99999], 'NA19257': [0.99999, 1e-05], 'NA11894': [1e-05, 0.99999], 'NA19238': [0.99999, 1e-05], 'NA19137': [0.99999, 1e-05], 'NA19113': [0.99999, 1e-05], 'NA18516': [0.99999, 1e-05], 'NA12878': [1e-05, 0.99999], 'NA18856': [0.99999, 1e-05], 'NA12814': [1e-05, 0.99999], 'NA12046': [1e-05, 0.99999], 'NA11830': [1e-05, 0.99999]}
[1, 0]
