ID            CEU     YRI
NWD163203  0.0094  0.9906
NWD838454  0.0183  0.9817
NWD447217   0.185   0.815
NWD506902  0.9172  0.0828
NWD516805  0.0142  0.9858
NWD598769  0.1878  0.8122
NWD276731  0.1128  0.8872
NWD857305  0.2956  0.7044
NWD573145  0.2141  0.7859
NWD378807     0.2     0.8
NWD773408  0.2171  0.7829
NWD862131  0.4319  0.5681
NWD696182  0.3868  0.6132
NWD601219  0.2849  0.7151
NWD445484  0.3711  0.6289
NWD245122  0.0665  0.9335
NWD574025  0.3456  0.6544
NWD962792  0.1472  0.8528
NWD140824  0.2695  0.7305
NWD347140  0.8372  0.1628
NWD388542  0.3358  0.6642
NWD409874  0.0603  0.9397
NWD641240  0.5677  0.4323
NWD620567  0.2444  0.7556
NWD754070  0.0258  0.9742
NWD338378  0.0133  0.9867
NWD660071  0.4728  0.5272
NWD452926  0.0428  0.9572
NWD233967  0.6741  0.3259
NWD878543  0.1405  0.8595
...           ...     ...
NWD907433  0.0364  0.9636
NWD712032  0.2756  0.7244
NWD677776  0.2781  0.7219
NWD599306  0.2992  0.7008
NWD684484     0.0     1.0
NWD826684  0.0998  0.9002
NWD428381  0.5296  0.4704
NWD174966  0.3842  0.6158
NWD938526   0.076   0.924
NWD328083  0.5284  0.4716
NWD318497  0.0018  0.9982
NWD731252  0.0267  0.9733
NWD412116   0.255   0.745
NWD640560  0.2893  0.7107
NWD639242  0.2062  0.7938
NWD599371  0.0334  0.9666
NWD720391   0.006   0.994
NWD431959  0.4746  0.5254
NWD584394     0.0     1.0
NWD344310  0.0064  0.9936
NWD517673  0.0394  0.9606
NWD527323  0.2798  0.7202
NWD418773  0.1774  0.8226
NWD857221   0.094   0.906
NWD836765     0.0     1.0
NWD396724     0.0     1.0
NWD125656  0.1326  0.8674
NWD912070  0.4238  0.5762
NWD597815  0.0758  0.9242
NWD512818  0.3011  0.6989

[201 rows x 2 columns]
{'NWD212434': [0.84316, 0.15684], 'NWD584394': [0.99999, 1e-05], 'NWD164446': [0.608761, 0.391239], 'NWD862869': [0.806823, 0.193177], 'NWD378807': [0.778299, 0.221701], 'NWD174966': [0.579824, 0.420176], 'NWD344310': [0.99999, 1e-05], 'NWD484275': [0.70082, 0.29918], 'NWD677387': [0.837903, 0.162097], 'NWD428381': [0.450623, 0.549377], 'NWD479314': [0.99999, 1e-05], 'NWD220560': [0.818161, 0.181839], 'NWD449948': [0.881335, 0.118665], 'NWD170091': [0.766063, 0.233937], 'NWD138795': [0.976628, 0.023372], 'NWD328083': [0.495231, 0.504769], 'NWD390054': [0.939874, 0.060126], 'NWD419692': [0.704821, 0.295179], 'NWD671182': [0.77684, 0.22316], 'NWD828733': [0.69673, 0.30327], 'NWD362144': [0.997935, 0.002065], 'NWD639242': [0.789441, 0.210559], 'NWD574916': [0.99999, 1e-05], 'NWD293024': [0.989274, 0.010726], 'NWD487726': [0.868845, 0.131155], 'NWD521616': [0.729196, 0.270804], 'NWD574025': [0.68667, 0.31333], 'NWD938526': [0.913483, 0.086517], 'NWD685703': [0.730852, 0.269148], 'NWD857221': [0.938848, 0.061152], 'NWD862131': [0.59118, 0.40882], 'NWD346975': [0.839731, 0.160269], 'NWD177635': [0.693379, 0.306621], 'NWD233967': [0.324504, 0.675496], 'NWD731252': [0.953722, 0.046278], 'NWD597815': [0.906314, 0.093686], 'NWD479130': [0.783743, 0.216257], 'NWD826684': [0.923168, 0.076832], 'NWD816583': [0.962232, 0.037768], 'NWD975921': [0.874594, 0.125406], 'NWD158237': [0.865177, 0.134823], 'NWD347140': [0.168208, 0.831792], 'NWD524336': [0.926528, 0.073472], 'NWD661828': [0.780714, 0.219286], 'NWD506902': [0.143943, 0.856057], 'NWD797979': [0.815145, 0.184855], 'NWD652755': [0.970275, 0.029725], 'NWD576327': [0.904176, 0.095824], 'NWD149502': [0.542491, 0.457509], 'NWD133198': [0.805803, 0.194197], 'NWD263184': [0.478664, 0.521336], 'NWD452926': [0.949608, 0.050392], 'NWD752087': [0.754079, 0.245921], 'NWD913991': [0.918145, 0.081855], 'NWD962792': [0.809252, 0.190748], 'NWD388542': [0.612381, 0.387619], 'NWD712674': [0.777361, 0.222639], 'NWD418773': [0.80245, 0.19755], 'NWD902298': [0.717124, 0.282876], 'NWD945886': [0.669227, 0.330773], 'NWD912070': [0.613743, 0.386257], 'NWD677776': [0.706806, 0.293194], 'NWD773408': [0.792139, 0.207861], 'NWD426008': [0.990027, 0.009973], 'NWD404517': [0.652383, 0.347617], 'NWD345273': [0.976231, 0.023769], 'NWD687323': [0.675066, 0.324934], 'NWD478709': [0.770972, 0.229028], 'NWD490768': [0.767847, 0.232153], 'NWD363273': [0.741919, 0.258081], 'NWD640560': [0.729647, 0.270353], 'NWD890143': [0.983014, 0.016986], 'NWD210347': [0.94979, 0.05021], 'NWD311932': [0.99999, 1e-05], 'NWD467083': [0.725699, 0.274301], 'NWD598769': [0.799032, 0.200968], 'NWD599371': [0.947499, 0.052501], 'NWD959607': [0.971161, 0.028839], 'NWD657624': [0.20345, 0.79655], 'NWD969537': [0.786201, 0.213799], 'NWD256042': [0.751949, 0.248051], 'NWD901710': [0.97336, 0.02664], 'NWD546564': [0.886223, 0.113777], 'NWD998609': [0.704292, 0.295708], 'NWD108116': [0.89728, 0.10272], 'NWD245122': [0.946633, 0.053367], 'NWD606337': [0.927434, 0.072566], 'NWD720391': [0.964998, 0.035002], 'NWD462712': [0.983047, 0.016953], 'NWD781750': [0.852159, 0.147841], 'NWD262638': [0.862694, 0.137306], 'NWD684484': [0.986481, 0.013519], 'NWD419335': [0.59, 0.41], 'NWD519039': [0.862074, 0.137926], 'NWD838454': [0.968289, 0.031711], 'NWD141713': [0.638598, 0.361402], 'NWD168541': [0.887391, 0.112609], 'NWD547021': [0.943295, 0.056705], 'NWD716470': [0.896138, 0.103862], 'NWD878543': [0.837928, 0.162072], 'NWD523161': [0.810657, 0.189343], 'NWD787458': [0.368858, 0.631142], 'NWD857305': [0.672726, 0.327274], 'NWD822723': [0.660212, 0.339788], 'NWD512818': [0.684608, 0.315392], 'NWD587844': [0.810154, 0.189846], 'NWD678520': [0.997888, 0.002112], 'NWD486871': [0.642005, 0.357995], 'NWD571531': [0.99999, 1e-05], 'NWD754070': [0.978232, 0.021768], 'NWD630602': [0.5888, 0.4112], 'NWD643775': [0.979614, 0.020386], 'NWD163203': [0.997868, 0.002132], 'NWD916599': [0.99999, 1e-05], 'NWD950794': [0.722318, 0.277682], 'NWD782813': [0.985397, 0.014603], 'NWD836765': [0.99999, 1e-05], 'NWD447217': [0.832406, 0.167594], 'NWD288321': [0.703634, 0.296366], 'NWD392992': [0.762017, 0.237983], 'NWD856383': [0.745085, 0.254915], 'NWD314678': [0.982154, 0.017846], 'NWD445484': [0.615569, 0.384431], 'NWD125656': [0.851899, 0.148101], 'NWD276731': [0.899886, 0.100114], 'NWD527323': [0.75911, 0.24089], 'NWD140824': [0.724074, 0.275926], 'NWD251680': [0.903145, 0.096855], 'NWD318497': [0.98414, 0.01586], 'NWD337903': [0.867466, 0.132534], 'NWD815786': [0.008431, 0.991569], 'NWD737180': [0.735169, 0.264831], 'NWD774561': [0.924211, 0.075789], 'NWD866219': [0.775135, 0.224865], 'NWD944827': [0.947286, 0.052714], 'NWD993659': [0.919733, 0.080267], 'NWD105648': [0.980451, 0.019549], 'NWD516805': [0.987872, 0.012128], 'NWD600992': [0.633921, 0.366079], 'NWD610801': [0.852362, 0.147638], 'NWD730299': [0.581891, 0.418109], 'NWD998816': [0.968438, 0.031562], 'NWD865962': [0.663451, 0.336549], 'NWD710489': [0.810243, 0.189757], 'NWD268401': [0.99999, 1e-05], 'NWD879683': [0.967591, 0.032409], 'NWD412116': [0.74549, 0.25451], 'NWD517673': [0.944001, 0.055999], 'NWD402569': [0.840308, 0.159692], 'NWD930303': [0.536815, 0.463185], 'NWD660071': [0.537613, 0.462387], 'NWD159679': [0.967714, 0.032286], 'NWD338378': [0.996125, 0.003875], 'NWD381518': [0.722497, 0.277503], 'NWD299581': [0.910606, 0.089394], 'NWD453328': [0.95461, 0.04539], 'NWD542871': [0.661214, 0.338786], 'NWD716639': [0.946549, 0.053451], 'NWD601219': [0.6805, 0.3195], 'NWD346624': [0.804814, 0.195186], 'NWD599306': [0.720685, 0.279315], 'NWD242199': [0.412245, 0.587755], 'NWD620567': [0.738737, 0.261263], 'NWD993431': [0.890293, 0.109707], 'NWD573145': [0.755749, 0.244251], 'NWD557722': [0.991692, 0.008308], 'NWD158184': [0.829757, 0.170243], 'NWD431959': [0.562713, 0.437287], 'NWD788130': [0.99999, 1e-05], 'NWD396724': [0.99999, 1e-05], 'NWD343349': [0.707099, 0.292901], 'NWD712032': [0.755419, 0.244581], 'NWD612175': [0.623891, 0.376109], 'NWD417668': [0.994833, 0.005167], 'NWD409874': [0.948957, 0.051043], 'NWD563349': [0.816717, 0.183283], 'NWD457909': [0.407011, 0.592989], 'NWD135441': [0.389138, 0.610862], 'NWD878668': [0.984571, 0.015429], 'NWD728777': [0.47329, 0.52671], 'NWD609750': [0.254982, 0.745018], 'NWD641240': [0.466667, 0.533333], 'NWD171365': [0.944052, 0.055948], 'NWD281909': [0.901206, 0.098794], 'NWD897019': [0.804186, 0.195814], 'NWD687607': [0.978176, 0.021824], 'NWD626329': [0.713401, 0.286599], 'NWD681170': [0.676681, 0.323319], 'NWD696182': [0.625055, 0.374945], 'NWD559886': [0.881515, 0.118485], 'NWD730873': [0.757221, 0.242779], 'NWD462567': [0.826573, 0.173427], 'NWD795057': [0.99999, 1e-05], 'NWD352494': [0.958717, 0.041283], 'NWD553021': [0.680093, 0.319907], 'NWD847600': [0.900116, 0.099884], 'NWD181781': [0.658352, 0.341648], 'NWD640412': [0.887417, 0.112583], 'NWD907433': [0.966999, 0.033001], 'NWD795363': [0.992572, 0.007428], 'NWD353250': [0.765645, 0.234355], 'NA18498': [0.99999, 1e-05], 'NA19143': [0.99999, 1e-05], 'NA19159': [0.99999, 1e-05], 'NA19209': [0.99999, 1e-05], 'NA19117': [0.99999, 1e-05], 'NA18858': [0.99999, 1e-05], 'NA18505': [0.99999, 1e-05], 'NA12399': [1e-05, 0.99999], 'NA18924': [0.99999, 1e-05], 'NA19093': [0.99999, 1e-05], 'NA11840': [1e-05, 0.99999], 'NA18868': [0.99999, 1e-05], 'NA18908': [0.99999, 1e-05], 'NA19099': [0.99999, 1e-05], 'NA18881': [0.99999, 1e-05], 'NA12283': [1e-05, 0.99999], 'NA18916': [0.99999, 1e-05], 'NA12748': [1e-05, 0.99999], 'NA19175': [0.99999, 1e-05], 'NA18861': [0.99999, 1e-05], 'NA06985': [1e-05, 0.99999], 'NA18501': [0.99999, 1e-05], 'NA12750': [1e-05, 0.99999], 'NA19114': [0.99999, 1e-05], 'NA19141': [0.99999, 1e-05], 'NA18876': [0.99999, 1e-05], 'NA18879': [0.99999, 1e-05], 'NA11932': [1e-05, 0.99999], 'NA19235': [0.99999, 1e-05], 'NA19248': [0.99999, 1e-05], 'NA12383': [1e-05, 0.99999], 'NA18519': [0.99999, 1e-05], 'NA19197': [0.99999, 1e-05], 'NA19236': [0.99999, 1e-05], 'NA18499': [0.99999, 1e-05], 'NA12718': [1e-05, 0.99999], 'NA12890': [1e-05, 0.99999], 'NA19207': [0.99999, 1e-05], 'NA19160': [0.99999, 1e-05], 'NA12872': [1e-05, 0.99999], 'NA19116': [0.99999, 1e-05], 'NA18867': [0.99999, 1e-05], 'NA12340': [1e-05, 0.99999], 'NA19138': [0.99999, 1e-05], 'NA19222': [0.99999, 1e-05], 'NA18510': [0.99999, 1e-05], 'NA12004': [1e-05, 0.99999], 'NA18522': [0.99999, 1e-05], 'NA19184': [0.99999, 1e-05], 'NA11930': [1e-05, 0.99999], 'NA12058': [1e-05, 0.99999], 'NA18489': [0.99999, 1e-05], 'NA11933': [1e-05, 0.99999], 'NA12716': [1e-05, 0.99999], 'NA12342': [1e-05, 0.99999], 'NA19098': [0.99999, 1e-05], 'NA11919': [1e-05, 0.99999], 'NA06994': [1e-05, 0.99999], 'NA18912': [0.99999, 1e-05], 'NA19147': [0.99999, 1e-05], 'NA18934': [0.99999, 1e-05], 'NA19095': [0.99999, 1e-05], 'NA19204': [0.99999, 1e-05], 'NA18504': [0.99999, 1e-05], 'NA18523': [0.99999, 1e-05], 'NA12830': [1e-05, 0.99999], 'NA12760': [1e-05, 0.99999], 'NA18520': [0.99999, 1e-05], 'NA18909': [0.99999, 1e-05], 'NA12717': [1e-05, 0.99999], 'NA12778': [1e-05, 0.99999], 'NA18502': [0.99999, 1e-05], 'NA19096': [0.99999, 1e-05], 'NA18910': [0.99999, 1e-05], 'NA12003': [1e-05, 0.99999], 'NA12275': [1e-05, 0.99999], 'NA19198': [0.99999, 1e-05], 'NA18877': [0.99999, 1e-05], 'NA19146': [0.99999, 1e-05], 'NA12827': [1e-05, 0.99999], 'NA12045': [1e-05, 0.99999], 'NA10851': [1e-05, 0.99999], 'NA12843': [1e-05, 0.99999], 'NA12287': [1e-05, 0.99999], 'NA12777': [1e-05, 0.99999], 'NA19214': [0.99999, 1e-05], 'NA18488': [0.99999, 1e-05], 'NA07037': [1e-05, 0.99999], 'NA11992': [1e-05, 0.99999], 'NA12413': [1e-05, 0.99999], 'NA19239': [0.99999, 1e-05], 'NA12751': [1e-05, 0.99999], 'NA06984': [1e-05, 0.99999], 'NA12414': [1e-05, 0.99999], 'NA12546': [1e-05, 0.99999], 'NA18907': [0.99999, 1e-05], 'NA12828': [1e-05, 0.99999], 'NA18864': [0.99999, 1e-05], 'NA12815': [1e-05, 0.99999], 'NA12155': [1e-05, 0.99999], 'NA18507': [0.99999, 1e-05], 'NA12286': [1e-05, 0.99999], 'NA19225': [0.99999, 1e-05], 'NA12761': [1e-05, 0.99999], 'NA12005': [1e-05, 0.99999], 'NA12873': [1e-05, 0.99999], 'NA12400': [1e-05, 0.99999], 'NA18853': [0.99999, 1e-05], 'NA11931': [1e-05, 0.99999], 'NA19189': [0.99999, 1e-05], 'NA19108': [0.99999, 1e-05], 'NA18874': [0.99999, 1e-05], 'NA19102': [0.99999, 1e-05], 'NA07000': [1e-05, 0.99999], 'NA19149': [0.99999, 1e-05], 'NA11920': [1e-05, 0.99999], 'NA18873': [0.99999, 1e-05], 'NA12043': [1e-05, 0.99999], 'NA12762': [1e-05, 0.99999], 'NA10847': [1e-05, 0.99999], 'NA12763': [1e-05, 0.99999], 'NA19201': [0.99999, 1e-05], 'NA11831': [1e-05, 0.99999], 'NA12874': [1e-05, 0.99999], 'NA19206': [0.99999, 1e-05], 'NA12154': [1e-05, 0.99999], 'NA18865': [0.99999, 1e-05], 'NA12889': [1e-05, 0.99999], 'NA18933': [0.99999, 1e-05], 'NA19213': [0.99999, 1e-05], 'NA07056': [1e-05, 0.99999], 'NA19131': [0.99999, 1e-05], 'NA07051': [1e-05, 0.99999], 'NA19107': [0.99999, 1e-05], 'NA07357': [1e-05, 0.99999], 'NA19190': [0.99999, 1e-05], 'NA11892': [1e-05, 0.99999], 'NA18915': [0.99999, 1e-05], 'NA19256': [0.99999, 1e-05], 'NA11918': [1e-05, 0.99999], 'NA12249': [1e-05, 0.99999], 'NA11832': [1e-05, 0.99999], 'NA12341': [1e-05, 0.99999], 'NA12775': [1e-05, 0.99999], 'NA11893': [1e-05, 0.99999], 'NA12234': [1e-05, 0.99999], 'NA19171': [0.99999, 1e-05], 'NA19129': [0.99999, 1e-05], 'NA19130': [0.99999, 1e-05], 'NA12812': [1e-05, 0.99999], 'NA19200': [0.99999, 1e-05], 'NA12273': [1e-05, 0.99999], 'NA12489': [1e-05, 0.99999], 'NA12749': [1e-05, 0.99999], 'NA19119': [0.99999, 1e-05], 'NA18486': [0.99999, 1e-05], 'NA18517': [0.99999, 1e-05], 'NA18508': [0.99999, 1e-05], 'NA19118': [0.99999, 1e-05], 'NA12006': [1e-05, 0.99999], 'NA11995': [1e-05, 0.99999], 'NA19210': [0.99999, 1e-05], 'NA19152': [0.99999, 1e-05], 'NA11843': [1e-05, 0.99999], 'NA11881': [1e-05, 0.99999], 'NA12348': [1e-05, 0.99999], 'NA12044': [1e-05, 0.99999], 'NA19144': [0.99999, 1e-05], 'NA12144': [1e-05, 0.99999], 'NA11994': [1e-05, 0.99999], 'NA07048': [1e-05, 0.99999], 'NA12842': [1e-05, 0.99999], 'NA18917': [0.99999, 1e-05], 'NA11829': [1e-05, 0.99999], 'NA18870': [0.99999, 1e-05], 'NA19092': [0.99999, 1e-05], 'NA19153': [0.99999, 1e-05], 'NA19121': [0.99999, 1e-05], 'NA19172': [0.99999, 1e-05], 'NA07347': [1e-05, 0.99999], 'NA12776': [1e-05, 0.99999], 'NA19185': [0.99999, 1e-05], 'NA12156': [1e-05, 0.99999], 'NA19247': [0.99999, 1e-05], 'NA18878': [0.99999, 1e-05], 'NA12272': [1e-05, 0.99999], 'NA12829': [1e-05, 0.99999], 'NA12282': [1e-05, 0.99999], 'NA12813': [1e-05, 0.99999], 'NA12347': [1e-05, 0.99999], 'NA18871': [0.99999, 1e-05], 'NA19223': [0.99999, 1e-05], 'NA18923': [0.99999, 1e-05], 'NA06989': [1e-05, 0.99999], 'NA18511': [0.99999, 1e-05], 'NA06986': [1e-05, 0.99999], 'NA19257': [0.99999, 1e-05], 'NA11894': [1e-05, 0.99999], 'NA19238': [0.99999, 1e-05], 'NA19137': [0.99999, 1e-05], 'NA19113': [0.99999, 1e-05], 'NA18516': [0.99999, 1e-05], 'NA12878': [1e-05, 0.99999], 'NA18856': [0.99999, 1e-05], 'NA12814': [1e-05, 0.99999], 'NA12046': [1e-05, 0.99999], 'NA11830': [1e-05, 0.99999]}
[1, 0]
