ID            CEU     YRI
NWD163203  0.0029  0.9971
NWD838454  0.0118  0.9882
NWD447217  0.2234  0.7766
NWD506902  0.3753  0.6247
NWD516805  0.0685  0.9315
NWD598769  0.0434  0.9566
NWD276731  0.0875  0.9125
NWD857305  0.0305  0.9695
NWD573145  0.2187  0.7813
NWD378807  0.0875  0.9125
NWD773408   0.147   0.853
NWD862131  0.2318  0.7682
NWD696182  0.1117  0.8883
NWD601219  0.6148  0.3852
NWD445484  0.3543  0.6457
NWD245122  0.0945  0.9055
NWD574025  0.3243  0.6757
NWD962792  0.1447  0.8553
NWD140824  0.3759  0.6241
NWD347140  0.5588  0.4412
NWD388542  0.1686  0.8314
NWD409874  0.1197  0.8803
NWD641240  0.0631  0.9369
NWD620567  0.6683  0.3317
NWD754070  0.0263  0.9737
NWD338378  0.2539  0.7461
NWD660071  0.4136  0.5864
NWD452926   0.285   0.715
NWD233967  0.6585  0.3415
NWD878543  0.2162  0.7838
...           ...     ...
NWD907433  0.0823  0.9177
NWD712032  0.4239  0.5761
NWD677776  0.0745  0.9255
NWD599306  0.5705  0.4295
NWD684484     0.0     1.0
NWD826684  0.0789  0.9211
NWD428381  0.2504  0.7496
NWD174966  0.6091  0.3909
NWD938526  0.1107  0.8893
NWD328083  0.3933  0.6067
NWD318497  0.0728  0.9272
NWD731252  0.0014  0.9986
NWD412116  0.4386  0.5614
NWD640560  0.4059  0.5941
NWD639242  0.2877  0.7123
NWD599371     0.0     1.0
NWD720391  0.2154  0.7846
NWD431959  0.5686  0.4314
NWD584394     0.0     1.0
NWD344310     0.0     1.0
NWD517673   0.047   0.953
NWD527323  0.2488  0.7512
NWD418773  0.3803  0.6197
NWD857221  0.0446  0.9554
NWD836765     0.0     1.0
NWD396724   0.404   0.596
NWD125656  0.0448  0.9552
NWD912070   0.504   0.496
NWD597815  0.0018  0.9982
NWD512818  0.1791  0.8209

[201 rows x 2 columns]
{'NWD212434': [0.905563, 0.094437], 'NWD584394': [0.988734, 0.011266], 'NWD164446': [0.758285, 0.241715], 'NWD862869': [0.524116, 0.475884], 'NWD378807': [0.905365, 0.094635], 'NWD174966': [0.389037, 0.610963], 'NWD344310': [0.987479, 0.012521], 'NWD484275': [0.777103, 0.222897], 'NWD677387': [0.835014, 0.164986], 'NWD428381': [0.730988, 0.269012], 'NWD479314': [0.9736, 0.0264], 'NWD220560': [0.574606, 0.425394], 'NWD449948': [0.695147, 0.304853], 'NWD170091': [0.417408, 0.582592], 'NWD138795': [0.914782, 0.085218], 'NWD328083': [0.638479, 0.361521], 'NWD390054': [0.929615, 0.070385], 'NWD419692': [0.615232, 0.384768], 'NWD671182': [0.763115, 0.236885], 'NWD828733': [0.889373, 0.110627], 'NWD362144': [0.991729, 0.008271], 'NWD639242': [0.718441, 0.281559], 'NWD574916': [0.99999, 1e-05], 'NWD293024': [0.979887, 0.020113], 'NWD487726': [0.718692, 0.281308], 'NWD521616': [0.851058, 0.148942], 'NWD574025': [0.702538, 0.297462], 'NWD938526': [0.865213, 0.134787], 'NWD685703': [0.756225, 0.243775], 'NWD857221': [0.942002, 0.057998], 'NWD862131': [0.756347, 0.243653], 'NWD346975': [0.80868, 0.19132], 'NWD177635': [0.76756, 0.23244], 'NWD233967': [0.346161, 0.653839], 'NWD731252': [0.99999, 1e-05], 'NWD597815': [0.965578, 0.034422], 'NWD479130': [0.737158, 0.262842], 'NWD826684': [0.907877, 0.092123], 'NWD816583': [0.764219, 0.235781], 'NWD975921': [0.900496, 0.099504], 'NWD158237': [0.731024, 0.268976], 'NWD347140': [0.474835, 0.525165], 'NWD524336': [0.959935, 0.040065], 'NWD661828': [0.552598, 0.447402], 'NWD506902': [0.607908, 0.392092], 'NWD797979': [0.823357, 0.176643], 'NWD652755': [0.712702, 0.287298], 'NWD576327': [0.921257, 0.078743], 'NWD149502': [0.825793, 0.174207], 'NWD133198': [0.662958, 0.337042], 'NWD263184': [0.76682, 0.23318], 'NWD452926': [0.747909, 0.252091], 'NWD752087': [0.824456, 0.175544], 'NWD913991': [0.891726, 0.108274], 'NWD962792': [0.867404, 0.132596], 'NWD388542': [0.815614, 0.184386], 'NWD712674': [0.669259, 0.330741], 'NWD418773': [0.654, 0.346], 'NWD902298': [0.526593, 0.473407], 'NWD945886': [0.612476, 0.387524], 'NWD912070': [0.526982, 0.473018], 'NWD677776': [0.914864, 0.085136], 'NWD773408': [0.851159, 0.148841], 'NWD426008': [0.999406, 0.000594], 'NWD404517': [0.700633, 0.299367], 'NWD345273': [0.704723, 0.295277], 'NWD687323': [0.905928, 0.094072], 'NWD478709': [0.723424, 0.276576], 'NWD490768': [0.77538, 0.22462], 'NWD363273': [0.795426, 0.204574], 'NWD640560': [0.62023, 0.37977], 'NWD890143': [0.925635, 0.074365], 'NWD210347': [0.683051, 0.316949], 'NWD311932': [0.985642, 0.014358], 'NWD467083': [0.664439, 0.335561], 'NWD598769': [0.936728, 0.063272], 'NWD599371': [0.976685, 0.023315], 'NWD959607': [0.908131, 0.091869], 'NWD657624': [0.363288, 0.636712], 'NWD969537': [0.430868, 0.569132], 'NWD256042': [0.540402, 0.459598], 'NWD901710': [0.775607, 0.224393], 'NWD546564': [0.918869, 0.081131], 'NWD998609': [0.580031, 0.419969], 'NWD108116': [0.943379, 0.056621], 'NWD245122': [0.9419, 0.0581], 'NWD606337': [0.970306, 0.029694], 'NWD720391': [0.74782, 0.25218], 'NWD462712': [0.957924, 0.042076], 'NWD781750': [0.87529, 0.12471], 'NWD262638': [0.786075, 0.213925], 'NWD684484': [0.99999, 1e-05], 'NWD419335': [0.578869, 0.421131], 'NWD519039': [0.754769, 0.245231], 'NWD838454': [0.960818, 0.039182], 'NWD141713': [0.979718, 0.020282], 'NWD168541': [0.878691, 0.121309], 'NWD547021': [0.945006, 0.054994], 'NWD716470': [0.902736, 0.097264], 'NWD878543': [0.738459, 0.261541], 'NWD523161': [0.634673, 0.365327], 'NWD787458': [0.567041, 0.432959], 'NWD857305': [0.9724, 0.0276], 'NWD822723': [0.835862, 0.164138], 'NWD512818': [0.810956, 0.189044], 'NWD587844': [0.584451, 0.415549], 'NWD678520': [0.842481, 0.157519], 'NWD486871': [0.689589, 0.310411], 'NWD571531': [0.825171, 0.174829], 'NWD754070': [0.953879, 0.046121], 'NWD630602': [0.711833, 0.288167], 'NWD643775': [0.878415, 0.121585], 'NWD163203': [0.991557, 0.008443], 'NWD916599': [0.953652, 0.046348], 'NWD950794': [0.698737, 0.301263], 'NWD782813': [0.953279, 0.046721], 'NWD836765': [0.990434, 0.009566], 'NWD447217': [0.805986, 0.194014], 'NWD288321': [0.532475, 0.467525], 'NWD392992': [0.910636, 0.089364], 'NWD856383': [0.655337, 0.344663], 'NWD314678': [0.9121, 0.0879], 'NWD445484': [0.639672, 0.360328], 'NWD125656': [0.936779, 0.063221], 'NWD276731': [0.922033, 0.077967], 'NWD527323': [0.745214, 0.254786], 'NWD140824': [0.635757, 0.364243], 'NWD251680': [0.66507, 0.33493], 'NWD318497': [0.921213, 0.078787], 'NWD337903': [0.499114, 0.500886], 'NWD815786': [1e-05, 0.99999], 'NWD737180': [0.679553, 0.320447], 'NWD774561': [0.912311, 0.087689], 'NWD866219': [0.586446, 0.413554], 'NWD944827': [0.980854, 0.019146], 'NWD993659': [0.942944, 0.057056], 'NWD105648': [0.759157, 0.240843], 'NWD516805': [0.933537, 0.066463], 'NWD600992': [0.924001, 0.075999], 'NWD610801': [0.88513, 0.11487], 'NWD730299': [0.732998, 0.267002], 'NWD998816': [0.898028, 0.101972], 'NWD865962': [0.880612, 0.119388], 'NWD710489': [0.958365, 0.041635], 'NWD268401': [0.99999, 1e-05], 'NWD879683': [0.998313, 0.001687], 'NWD412116': [0.582353, 0.417647], 'NWD517673': [0.935786, 0.064214], 'NWD402569': [0.965878, 0.034122], 'NWD930303': [0.788683, 0.211317], 'NWD660071': [0.605509, 0.394491], 'NWD159679': [0.99999, 1e-05], 'NWD338378': [0.74686, 0.25314], 'NWD381518': [0.742212, 0.257788], 'NWD299581': [0.944302, 0.055698], 'NWD453328': [0.928688, 0.071312], 'NWD542871': [0.722999, 0.277001], 'NWD716639': [0.996022, 0.003978], 'NWD601219': [0.421307, 0.578693], 'NWD346624': [0.945912, 0.054088], 'NWD599306': [0.456858, 0.543142], 'NWD242199': [0.715657, 0.284343], 'NWD620567': [0.41966, 0.58034], 'NWD993431': [0.93075, 0.06925], 'NWD573145': [0.803649, 0.196351], 'NWD557722': [0.976428, 0.023572], 'NWD158184': [0.613838, 0.386162], 'NWD431959': [0.5086, 0.4914], 'NWD788130': [0.99999, 1e-05], 'NWD396724': [0.676913, 0.323087], 'NWD343349': [0.675715, 0.324285], 'NWD712032': [0.608999, 0.391001], 'NWD612175': [0.455088, 0.544912], 'NWD417668': [0.98984, 0.01016], 'NWD409874': [0.849148, 0.150852], 'NWD563349': [0.775784, 0.224216], 'NWD457909': [0.364718, 0.635282], 'NWD135441': [0.447565, 0.552435], 'NWD878668': [0.920443, 0.079557], 'NWD728777': [0.616232, 0.383768], 'NWD609750': [0.475472, 0.524528], 'NWD641240': [0.90207, 0.09793], 'NWD171365': [0.622689, 0.377311], 'NWD281909': [0.824123, 0.175877], 'NWD897019': [0.978906, 0.021094], 'NWD687607': [0.975657, 0.024343], 'NWD626329': [0.655409, 0.344591], 'NWD681170': [0.391827, 0.608173], 'NWD696182': [0.928927, 0.071073], 'NWD559886': [0.798012, 0.201988], 'NWD730873': [0.784712, 0.215288], 'NWD462567': [0.933194, 0.066806], 'NWD795057': [0.933601, 0.066399], 'NWD352494': [0.940873, 0.059127], 'NWD553021': [0.855883, 0.144117], 'NWD847600': [0.988591, 0.011409], 'NWD181781': [0.717369, 0.282631], 'NWD640412': [0.868897, 0.131103], 'NWD907433': [0.895908, 0.104092], 'NWD795363': [0.99999, 1e-05], 'NWD353250': [0.775786, 0.224214], 'NA18498': [0.99999, 1e-05], 'NA19143': [0.99999, 1e-05], 'NA19159': [0.99999, 1e-05], 'NA19209': [0.99999, 1e-05], 'NA19117': [0.99999, 1e-05], 'NA18858': [0.99999, 1e-05], 'NA18505': [0.99999, 1e-05], 'NA12399': [1e-05, 0.99999], 'NA18924': [0.99999, 1e-05], 'NA19093': [0.99999, 1e-05], 'NA11840': [1e-05, 0.99999], 'NA18868': [0.99999, 1e-05], 'NA18908': [0.99999, 1e-05], 'NA19099': [0.99999, 1e-05], 'NA18881': [0.99999, 1e-05], 'NA12283': [1e-05, 0.99999], 'NA18916': [0.99999, 1e-05], 'NA12748': [1e-05, 0.99999], 'NA19175': [0.99999, 1e-05], 'NA18861': [0.99999, 1e-05], 'NA06985': [1e-05, 0.99999], 'NA18501': [0.99999, 1e-05], 'NA12750': [1e-05, 0.99999], 'NA19114': [0.99999, 1e-05], 'NA19141': [0.99999, 1e-05], 'NA18876': [0.99999, 1e-05], 'NA18879': [0.99999, 1e-05], 'NA11932': [1e-05, 0.99999], 'NA19235': [0.99999, 1e-05], 'NA19248': [0.99999, 1e-05], 'NA12383': [1e-05, 0.99999], 'NA18519': [0.99999, 1e-05], 'NA19197': [0.99999, 1e-05], 'NA19236': [0.99999, 1e-05], 'NA18499': [0.99999, 1e-05], 'NA12718': [1e-05, 0.99999], 'NA12890': [1e-05, 0.99999], 'NA19207': [0.99999, 1e-05], 'NA19160': [0.99999, 1e-05], 'NA12872': [1e-05, 0.99999], 'NA19116': [0.99999, 1e-05], 'NA18867': [0.99999, 1e-05], 'NA12340': [1e-05, 0.99999], 'NA19138': [0.99999, 1e-05], 'NA19222': [0.99999, 1e-05], 'NA18510': [0.99999, 1e-05], 'NA12004': [1e-05, 0.99999], 'NA18522': [0.99999, 1e-05], 'NA19184': [0.99999, 1e-05], 'NA11930': [1e-05, 0.99999], 'NA12058': [1e-05, 0.99999], 'NA18489': [0.99999, 1e-05], 'NA11933': [1e-05, 0.99999], 'NA12716': [1e-05, 0.99999], 'NA12342': [1e-05, 0.99999], 'NA19098': [0.99999, 1e-05], 'NA11919': [1e-05, 0.99999], 'NA06994': [1e-05, 0.99999], 'NA18912': [0.99999, 1e-05], 'NA19147': [0.99999, 1e-05], 'NA18934': [0.99999, 1e-05], 'NA19095': [0.99999, 1e-05], 'NA19204': [0.99999, 1e-05], 'NA18504': [0.99999, 1e-05], 'NA18523': [0.99999, 1e-05], 'NA12830': [1e-05, 0.99999], 'NA12760': [1e-05, 0.99999], 'NA18520': [0.99999, 1e-05], 'NA18909': [0.99999, 1e-05], 'NA12717': [1e-05, 0.99999], 'NA12778': [1e-05, 0.99999], 'NA18502': [0.99999, 1e-05], 'NA19096': [0.99999, 1e-05], 'NA18910': [0.99999, 1e-05], 'NA12003': [1e-05, 0.99999], 'NA12275': [1e-05, 0.99999], 'NA19198': [0.99999, 1e-05], 'NA18877': [0.99999, 1e-05], 'NA19146': [0.99999, 1e-05], 'NA12827': [1e-05, 0.99999], 'NA12045': [1e-05, 0.99999], 'NA10851': [1e-05, 0.99999], 'NA12843': [1e-05, 0.99999], 'NA12287': [1e-05, 0.99999], 'NA12777': [1e-05, 0.99999], 'NA19214': [0.99999, 1e-05], 'NA18488': [0.99999, 1e-05], 'NA07037': [1e-05, 0.99999], 'NA11992': [1e-05, 0.99999], 'NA12413': [1e-05, 0.99999], 'NA19239': [0.99999, 1e-05], 'NA12751': [1e-05, 0.99999], 'NA06984': [1e-05, 0.99999], 'NA12414': [1e-05, 0.99999], 'NA12546': [1e-05, 0.99999], 'NA18907': [0.99999, 1e-05], 'NA12828': [1e-05, 0.99999], 'NA18864': [0.99999, 1e-05], 'NA12815': [1e-05, 0.99999], 'NA12155': [1e-05, 0.99999], 'NA18507': [0.99999, 1e-05], 'NA12286': [1e-05, 0.99999], 'NA19225': [0.99999, 1e-05], 'NA12761': [1e-05, 0.99999], 'NA12005': [1e-05, 0.99999], 'NA12873': [1e-05, 0.99999], 'NA12400': [1e-05, 0.99999], 'NA18853': [0.99999, 1e-05], 'NA11931': [1e-05, 0.99999], 'NA19189': [0.99999, 1e-05], 'NA19108': [0.99999, 1e-05], 'NA18874': [0.99999, 1e-05], 'NA19102': [0.99999, 1e-05], 'NA07000': [1e-05, 0.99999], 'NA19149': [0.99999, 1e-05], 'NA11920': [1e-05, 0.99999], 'NA18873': [0.99999, 1e-05], 'NA12043': [1e-05, 0.99999], 'NA12762': [1e-05, 0.99999], 'NA10847': [1e-05, 0.99999], 'NA12763': [1e-05, 0.99999], 'NA19201': [0.99999, 1e-05], 'NA11831': [1e-05, 0.99999], 'NA12874': [1e-05, 0.99999], 'NA19206': [0.99999, 1e-05], 'NA12154': [1e-05, 0.99999], 'NA18865': [0.99999, 1e-05], 'NA12889': [1e-05, 0.99999], 'NA18933': [0.99999, 1e-05], 'NA19213': [0.99999, 1e-05], 'NA07056': [1e-05, 0.99999], 'NA19131': [0.99999, 1e-05], 'NA07051': [1e-05, 0.99999], 'NA19107': [0.99999, 1e-05], 'NA07357': [1e-05, 0.99999], 'NA19190': [0.99999, 1e-05], 'NA11892': [1e-05, 0.99999], 'NA18915': [0.99999, 1e-05], 'NA19256': [0.99999, 1e-05], 'NA11918': [1e-05, 0.99999], 'NA12249': [1e-05, 0.99999], 'NA11832': [1e-05, 0.99999], 'NA12341': [1e-05, 0.99999], 'NA12775': [1e-05, 0.99999], 'NA11893': [1e-05, 0.99999], 'NA12234': [1e-05, 0.99999], 'NA19171': [0.99999, 1e-05], 'NA19129': [0.99999, 1e-05], 'NA19130': [0.99999, 1e-05], 'NA12812': [1e-05, 0.99999], 'NA19200': [0.99999, 1e-05], 'NA12273': [1e-05, 0.99999], 'NA12489': [1e-05, 0.99999], 'NA12749': [1e-05, 0.99999], 'NA19119': [0.99999, 1e-05], 'NA18486': [0.99999, 1e-05], 'NA18517': [0.99999, 1e-05], 'NA18508': [0.99999, 1e-05], 'NA19118': [0.99999, 1e-05], 'NA12006': [1e-05, 0.99999], 'NA11995': [1e-05, 0.99999], 'NA19210': [0.99999, 1e-05], 'NA19152': [0.99999, 1e-05], 'NA11843': [1e-05, 0.99999], 'NA11881': [1e-05, 0.99999], 'NA12348': [1e-05, 0.99999], 'NA12044': [1e-05, 0.99999], 'NA19144': [0.99999, 1e-05], 'NA12144': [1e-05, 0.99999], 'NA11994': [1e-05, 0.99999], 'NA07048': [1e-05, 0.99999], 'NA12842': [1e-05, 0.99999], 'NA18917': [0.99999, 1e-05], 'NA11829': [1e-05, 0.99999], 'NA18870': [0.99999, 1e-05], 'NA19092': [0.99999, 1e-05], 'NA19153': [0.99999, 1e-05], 'NA19121': [0.99999, 1e-05], 'NA19172': [0.99999, 1e-05], 'NA07347': [1e-05, 0.99999], 'NA12776': [1e-05, 0.99999], 'NA19185': [0.99999, 1e-05], 'NA12156': [1e-05, 0.99999], 'NA19247': [0.99999, 1e-05], 'NA18878': [0.99999, 1e-05], 'NA12272': [1e-05, 0.99999], 'NA12829': [1e-05, 0.99999], 'NA12282': [1e-05, 0.99999], 'NA12813': [1e-05, 0.99999], 'NA12347': [1e-05, 0.99999], 'NA18871': [0.99999, 1e-05], 'NA19223': [0.99999, 1e-05], 'NA18923': [0.99999, 1e-05], 'NA06989': [1e-05, 0.99999], 'NA18511': [0.99999, 1e-05], 'NA06986': [1e-05, 0.99999], 'NA19257': [0.99999, 1e-05], 'NA11894': [1e-05, 0.99999], 'NA19238': [0.99999, 1e-05], 'NA19137': [0.99999, 1e-05], 'NA19113': [0.99999, 1e-05], 'NA18516': [0.99999, 1e-05], 'NA12878': [1e-05, 0.99999], 'NA18856': [0.99999, 1e-05], 'NA12814': [1e-05, 0.99999], 'NA12046': [1e-05, 0.99999], 'NA11830': [1e-05, 0.99999]}
[1, 0]
