ID            CEU     YRI
NWD163203  0.0031  0.9969
NWD838454   0.004   0.996
NWD447217  0.1399  0.8601
NWD506902  0.5636  0.4364
NWD516805   0.005   0.995
NWD598769  0.0568  0.9432
NWD276731  0.1852  0.8148
NWD857305   0.244   0.756
NWD573145  0.3634  0.6366
NWD378807  0.0085  0.9915
NWD773408  0.1333  0.8667
NWD862131  0.3707  0.6293
NWD696182  0.0965  0.9035
NWD601219  0.1942  0.8058
NWD445484  0.3807  0.6193
NWD245122  0.1133  0.8867
NWD574025  0.1066  0.8934
NWD962792  0.1603  0.8397
NWD140824   0.211   0.789
NWD347140  0.5646  0.4354
NWD388542   0.383   0.617
NWD409874  0.0234  0.9766
NWD641240  0.4839  0.5161
NWD620567  0.3343  0.6657
NWD754070  0.0134  0.9866
NWD338378  0.1016  0.8984
NWD660071  0.3294  0.6706
NWD452926  0.1821  0.8179
NWD233967  0.3102  0.6898
NWD878543  0.3559  0.6441
...           ...     ...
NWD907433  0.1943  0.8057
NWD712032  0.1143  0.8857
NWD677776  0.5244  0.4756
NWD599306  0.2333  0.7667
NWD684484     0.0     1.0
NWD826684  0.0507  0.9493
NWD428381  0.2112  0.7888
NWD174966  0.1494  0.8506
NWD938526  0.0642  0.9358
NWD328083  0.0446  0.9554
NWD318497  0.3282  0.6718
NWD731252  0.0166  0.9834
NWD412116  0.6347  0.3653
NWD640560  0.2558  0.7442
NWD639242  0.4234  0.5766
NWD599371     0.0     1.0
NWD720391  0.1115  0.8885
NWD431959     0.5     0.5
NWD584394     0.0     1.0
NWD344310  0.0204  0.9796
NWD517673  0.2425  0.7575
NWD527323  0.3702  0.6298
NWD418773  0.3307  0.6693
NWD857221  0.0593  0.9407
NWD836765     0.0     1.0
NWD396724     0.0     1.0
NWD125656  0.0191  0.9809
NWD912070  0.4281  0.5719
NWD597815  0.0405  0.9595
NWD512818  0.1382  0.8618

[201 rows x 2 columns]
{'NWD212434': [0.852196, 0.147804], 'NWD584394': [0.989919, 0.010081], 'NWD164446': [0.903254, 0.096746], 'NWD862869': [0.88999, 0.11001], 'NWD378807': [0.99999, 1e-05], 'NWD174966': [0.795062, 0.204938], 'NWD344310': [0.975993, 0.024007], 'NWD484275': [0.716587, 0.283413], 'NWD677387': [0.903648, 0.096352], 'NWD428381': [0.797444, 0.202556], 'NWD479314': [0.998814, 0.001186], 'NWD220560': [0.713954, 0.286046], 'NWD449948': [0.937779, 0.062221], 'NWD170091': [0.778406, 0.221594], 'NWD138795': [0.972434, 0.027566], 'NWD328083': [0.951419, 0.048581], 'NWD390054': [0.998125, 0.001875], 'NWD419692': [0.812135, 0.187865], 'NWD671182': [0.919912, 0.080088], 'NWD828733': [0.776311, 0.223689], 'NWD362144': [0.938559, 0.061441], 'NWD639242': [0.612051, 0.387949], 'NWD574916': [0.998396, 0.001604], 'NWD293024': [0.965756, 0.034244], 'NWD487726': [0.852822, 0.147178], 'NWD521616': [0.999631, 0.000369], 'NWD574025': [0.883733, 0.116267], 'NWD938526': [0.934445, 0.065555], 'NWD685703': [0.74837, 0.25163], 'NWD857221': [0.957124, 0.042876], 'NWD862131': [0.652295, 0.347705], 'NWD346975': [0.762517, 0.237483], 'NWD177635': [0.314728, 0.685272], 'NWD233967': [0.690488, 0.309512], 'NWD731252': [0.967946, 0.032054], 'NWD597815': [0.913568, 0.086432], 'NWD479130': [0.56021, 0.43979], 'NWD826684': [0.95547, 0.04453], 'NWD816583': [0.99999, 1e-05], 'NWD975921': [0.897432, 0.102568], 'NWD158237': [0.797724, 0.202276], 'NWD347140': [0.456973, 0.543027], 'NWD524336': [0.940663, 0.059337], 'NWD661828': [0.598308, 0.401692], 'NWD506902': [0.438816, 0.561184], 'NWD797979': [0.586107, 0.413893], 'NWD652755': [0.943307, 0.056693], 'NWD576327': [0.973385, 0.026615], 'NWD149502': [0.689042, 0.310958], 'NWD133198': [0.661817, 0.338183], 'NWD263184': [0.525863, 0.474137], 'NWD452926': [0.797208, 0.202792], 'NWD752087': [0.99999, 1e-05], 'NWD913991': [0.826718, 0.173282], 'NWD962792': [0.811815, 0.188185], 'NWD388542': [0.643589, 0.356411], 'NWD712674': [0.517866, 0.482134], 'NWD418773': [0.667286, 0.332714], 'NWD902298': [0.820377, 0.179623], 'NWD945886': [0.888608, 0.111392], 'NWD912070': [0.580699, 0.419301], 'NWD677776': [0.534777, 0.465223], 'NWD773408': [0.812525, 0.187475], 'NWD426008': [0.994933, 0.005067], 'NWD404517': [0.905555, 0.094445], 'NWD345273': [0.936081, 0.063919], 'NWD687323': [0.953173, 0.046827], 'NWD478709': [0.731408, 0.268592], 'NWD490768': [0.791698, 0.208302], 'NWD363273': [0.866521, 0.133479], 'NWD640560': [0.759846, 0.240154], 'NWD890143': [0.878411, 0.121589], 'NWD210347': [0.98477, 0.01523], 'NWD311932': [0.997138, 0.002862], 'NWD467083': [0.780839, 0.219161], 'NWD598769': [0.911056, 0.088944], 'NWD599371': [0.99999, 1e-05], 'NWD959607': [0.949053, 0.050947], 'NWD657624': [0.198411, 0.801589], 'NWD969537': [0.568292, 0.431708], 'NWD256042': [0.803193, 0.196807], 'NWD901710': [0.88933, 0.11067], 'NWD546564': [0.805058, 0.194942], 'NWD998609': [0.797176, 0.202824], 'NWD108116': [0.847019, 0.152981], 'NWD245122': [0.907391, 0.092609], 'NWD606337': [0.790725, 0.209275], 'NWD720391': [0.930764, 0.069236], 'NWD462712': [0.934085, 0.065915], 'NWD781750': [0.808905, 0.191095], 'NWD262638': [0.771564, 0.228436], 'NWD684484': [0.99999, 1e-05], 'NWD419335': [0.607674, 0.392326], 'NWD519039': [0.65263, 0.34737], 'NWD838454': [0.963173, 0.036827], 'NWD141713': [0.672801, 0.327199], 'NWD168541': [0.818002, 0.181998], 'NWD547021': [0.96133, 0.03867], 'NWD716470': [0.849021, 0.150979], 'NWD878543': [0.644934, 0.355066], 'NWD523161': [0.778931, 0.221069], 'NWD787458': [0.59826, 0.40174], 'NWD857305': [0.759166, 0.240834], 'NWD822723': [0.98448, 0.01552], 'NWD512818': [0.884655, 0.115345], 'NWD587844': [0.603341, 0.396659], 'NWD678520': [0.849764, 0.150236], 'NWD486871': [0.86751, 0.13249], 'NWD571531': [0.928281, 0.071719], 'NWD754070': [0.99999, 1e-05], 'NWD630602': [0.870503, 0.129497], 'NWD643775': [0.793254, 0.206746], 'NWD163203': [0.986451, 0.013549], 'NWD916599': [0.873912, 0.126088], 'NWD950794': [0.927972, 0.072028], 'NWD782813': [0.924712, 0.075288], 'NWD836765': [0.99999, 1e-05], 'NWD447217': [0.875954, 0.124046], 'NWD288321': [0.693595, 0.306405], 'NWD392992': [0.75072, 0.24928], 'NWD856383': [0.599564, 0.400436], 'NWD314678': [0.91788, 0.08212], 'NWD445484': [0.66684, 0.33316], 'NWD125656': [0.959274, 0.040726], 'NWD276731': [0.812074, 0.187926], 'NWD527323': [0.653475, 0.346525], 'NWD140824': [0.799788, 0.200212], 'NWD251680': [0.431767, 0.568233], 'NWD318497': [0.73047, 0.26953], 'NWD337903': [0.99999, 1e-05], 'NWD815786': [1e-05, 0.99999], 'NWD737180': [0.861113, 0.138887], 'NWD774561': [0.922936, 0.077064], 'NWD866219': [0.511613, 0.488387], 'NWD944827': [0.884524, 0.115476], 'NWD993659': [0.774086, 0.225914], 'NWD105648': [0.794154, 0.205846], 'NWD516805': [0.990606, 0.009394], 'NWD600992': [0.643891, 0.356109], 'NWD610801': [0.847518, 0.152482], 'NWD730299': [0.711204, 0.288796], 'NWD998816': [0.768879, 0.231121], 'NWD865962': [0.667862, 0.332138], 'NWD710489': [0.949362, 0.050638], 'NWD268401': [0.981918, 0.018082], 'NWD879683': [0.99999, 1e-05], 'NWD412116': [0.402521, 0.597479], 'NWD517673': [0.756426, 0.243574], 'NWD402569': [0.99999, 1e-05], 'NWD930303': [0.686715, 0.313285], 'NWD660071': [0.658495, 0.341505], 'NWD159679': [0.923064, 0.076936], 'NWD338378': [0.865488, 0.134512], 'NWD381518': [0.840291, 0.159709], 'NWD299581': [0.967128, 0.032872], 'NWD453328': [0.970661, 0.029339], 'NWD542871': [0.761249, 0.238751], 'NWD716639': [0.857258, 0.142742], 'NWD601219': [0.772252, 0.227748], 'NWD346624': [0.882542, 0.117458], 'NWD599306': [0.731463, 0.268537], 'NWD242199': [0.771049, 0.228951], 'NWD620567': [0.707644, 0.292356], 'NWD993431': [0.659818, 0.340182], 'NWD573145': [0.631681, 0.368319], 'NWD557722': [0.938574, 0.061426], 'NWD158184': [0.611575, 0.388425], 'NWD431959': [0.499616, 0.500384], 'NWD788130': [0.99999, 1e-05], 'NWD396724': [0.97941, 0.02059], 'NWD343349': [0.860495, 0.139505], 'NWD712032': [0.860454, 0.139546], 'NWD612175': [0.493981, 0.506019], 'NWD417668': [0.99999, 1e-05], 'NWD409874': [0.971887, 0.028113], 'NWD563349': [0.641887, 0.358113], 'NWD457909': [0.468231, 0.531769], 'NWD135441': [0.614185, 0.385815], 'NWD878668': [0.978108, 0.021892], 'NWD728777': [0.582537, 0.417463], 'NWD609750': [0.453995, 0.546005], 'NWD641240': [0.518382, 0.481618], 'NWD171365': [0.940362, 0.059638], 'NWD281909': [0.8238, 0.1762], 'NWD897019': [0.845244, 0.154756], 'NWD687607': [0.99999, 1e-05], 'NWD626329': [0.868212, 0.131788], 'NWD681170': [0.631921, 0.368079], 'NWD696182': [0.946163, 0.053837], 'NWD559886': [0.99065, 0.00935], 'NWD730873': [0.778391, 0.221609], 'NWD462567': [0.943113, 0.056887], 'NWD795057': [0.935791, 0.064209], 'NWD352494': [0.978812, 0.021188], 'NWD553021': [0.694221, 0.305779], 'NWD847600': [0.692746, 0.307254], 'NWD181781': [0.752326, 0.247674], 'NWD640412': [0.854101, 0.145899], 'NWD907433': [0.764001, 0.235999], 'NWD795363': [0.971523, 0.028477], 'NWD353250': [0.780867, 0.219133], 'NA18498': [0.99999, 1e-05], 'NA19143': [0.99999, 1e-05], 'NA19159': [0.99999, 1e-05], 'NA19209': [0.99999, 1e-05], 'NA19117': [0.99999, 1e-05], 'NA18858': [0.99999, 1e-05], 'NA18505': [0.99999, 1e-05], 'NA12399': [1e-05, 0.99999], 'NA18924': [0.99999, 1e-05], 'NA19093': [0.99999, 1e-05], 'NA11840': [1e-05, 0.99999], 'NA18868': [0.99999, 1e-05], 'NA18908': [0.99999, 1e-05], 'NA19099': [0.99999, 1e-05], 'NA18881': [0.99999, 1e-05], 'NA12283': [1e-05, 0.99999], 'NA18916': [0.99999, 1e-05], 'NA12748': [1e-05, 0.99999], 'NA19175': [0.99999, 1e-05], 'NA18861': [0.99999, 1e-05], 'NA06985': [1e-05, 0.99999], 'NA18501': [0.99999, 1e-05], 'NA12750': [1e-05, 0.99999], 'NA19114': [0.99999, 1e-05], 'NA19141': [0.99999, 1e-05], 'NA18876': [0.99999, 1e-05], 'NA18879': [0.99999, 1e-05], 'NA11932': [1e-05, 0.99999], 'NA19235': [0.99999, 1e-05], 'NA19248': [0.99999, 1e-05], 'NA12383': [1e-05, 0.99999], 'NA18519': [0.99999, 1e-05], 'NA19197': [0.99999, 1e-05], 'NA19236': [0.99999, 1e-05], 'NA18499': [0.99999, 1e-05], 'NA12718': [1e-05, 0.99999], 'NA12890': [1e-05, 0.99999], 'NA19207': [0.99999, 1e-05], 'NA19160': [0.99999, 1e-05], 'NA12872': [1e-05, 0.99999], 'NA19116': [0.99999, 1e-05], 'NA18867': [0.99999, 1e-05], 'NA12340': [1e-05, 0.99999], 'NA19138': [0.99999, 1e-05], 'NA19222': [0.99999, 1e-05], 'NA18510': [0.99999, 1e-05], 'NA12004': [1e-05, 0.99999], 'NA18522': [0.99999, 1e-05], 'NA19184': [0.99999, 1e-05], 'NA11930': [1e-05, 0.99999], 'NA12058': [1e-05, 0.99999], 'NA18489': [0.99999, 1e-05], 'NA11933': [1e-05, 0.99999], 'NA12716': [1e-05, 0.99999], 'NA12342': [1e-05, 0.99999], 'NA19098': [0.99999, 1e-05], 'NA11919': [1e-05, 0.99999], 'NA06994': [1e-05, 0.99999], 'NA18912': [0.99999, 1e-05], 'NA19147': [0.99999, 1e-05], 'NA18934': [0.99999, 1e-05], 'NA19095': [0.99999, 1e-05], 'NA19204': [0.99999, 1e-05], 'NA18504': [0.99999, 1e-05], 'NA18523': [0.99999, 1e-05], 'NA12830': [1e-05, 0.99999], 'NA12760': [1e-05, 0.99999], 'NA18520': [0.99999, 1e-05], 'NA18909': [0.99999, 1e-05], 'NA12717': [1e-05, 0.99999], 'NA12778': [1e-05, 0.99999], 'NA18502': [0.99999, 1e-05], 'NA19096': [0.99999, 1e-05], 'NA18910': [0.99999, 1e-05], 'NA12003': [1e-05, 0.99999], 'NA12275': [1e-05, 0.99999], 'NA19198': [0.99999, 1e-05], 'NA18877': [0.99999, 1e-05], 'NA19146': [0.99999, 1e-05], 'NA12827': [1e-05, 0.99999], 'NA12045': [1e-05, 0.99999], 'NA10851': [1e-05, 0.99999], 'NA12843': [1e-05, 0.99999], 'NA12287': [1e-05, 0.99999], 'NA12777': [1e-05, 0.99999], 'NA19214': [0.99999, 1e-05], 'NA18488': [0.99999, 1e-05], 'NA07037': [1e-05, 0.99999], 'NA11992': [1e-05, 0.99999], 'NA12413': [1e-05, 0.99999], 'NA19239': [0.99999, 1e-05], 'NA12751': [1e-05, 0.99999], 'NA06984': [1e-05, 0.99999], 'NA12414': [1e-05, 0.99999], 'NA12546': [1e-05, 0.99999], 'NA18907': [0.99999, 1e-05], 'NA12828': [1e-05, 0.99999], 'NA18864': [0.99999, 1e-05], 'NA12815': [1e-05, 0.99999], 'NA12155': [1e-05, 0.99999], 'NA18507': [0.99999, 1e-05], 'NA12286': [1e-05, 0.99999], 'NA19225': [0.99999, 1e-05], 'NA12761': [1e-05, 0.99999], 'NA12005': [1e-05, 0.99999], 'NA12873': [1e-05, 0.99999], 'NA12400': [1e-05, 0.99999], 'NA18853': [0.99999, 1e-05], 'NA11931': [1e-05, 0.99999], 'NA19189': [0.99999, 1e-05], 'NA19108': [0.99999, 1e-05], 'NA18874': [0.99999, 1e-05], 'NA19102': [0.99999, 1e-05], 'NA07000': [1e-05, 0.99999], 'NA19149': [0.99999, 1e-05], 'NA11920': [1e-05, 0.99999], 'NA18873': [0.99999, 1e-05], 'NA12043': [1e-05, 0.99999], 'NA12762': [1e-05, 0.99999], 'NA10847': [1e-05, 0.99999], 'NA12763': [1e-05, 0.99999], 'NA19201': [0.99999, 1e-05], 'NA11831': [1e-05, 0.99999], 'NA12874': [1e-05, 0.99999], 'NA19206': [0.99999, 1e-05], 'NA12154': [1e-05, 0.99999], 'NA18865': [0.99999, 1e-05], 'NA12889': [1e-05, 0.99999], 'NA18933': [0.99999, 1e-05], 'NA19213': [0.99999, 1e-05], 'NA07056': [1e-05, 0.99999], 'NA19131': [0.99999, 1e-05], 'NA07051': [1e-05, 0.99999], 'NA19107': [0.99999, 1e-05], 'NA07357': [1e-05, 0.99999], 'NA19190': [0.99999, 1e-05], 'NA11892': [1e-05, 0.99999], 'NA18915': [0.99999, 1e-05], 'NA19256': [0.99999, 1e-05], 'NA11918': [1e-05, 0.99999], 'NA12249': [1e-05, 0.99999], 'NA11832': [1e-05, 0.99999], 'NA12341': [1e-05, 0.99999], 'NA12775': [1e-05, 0.99999], 'NA11893': [1e-05, 0.99999], 'NA12234': [1e-05, 0.99999], 'NA19171': [0.99999, 1e-05], 'NA19129': [0.99999, 1e-05], 'NA19130': [0.99999, 1e-05], 'NA12812': [1e-05, 0.99999], 'NA19200': [0.99999, 1e-05], 'NA12273': [1e-05, 0.99999], 'NA12489': [1e-05, 0.99999], 'NA12749': [1e-05, 0.99999], 'NA19119': [0.99999, 1e-05], 'NA18486': [0.99999, 1e-05], 'NA18517': [0.99999, 1e-05], 'NA18508': [0.99999, 1e-05], 'NA19118': [0.99999, 1e-05], 'NA12006': [1e-05, 0.99999], 'NA11995': [1e-05, 0.99999], 'NA19210': [0.99999, 1e-05], 'NA19152': [0.99999, 1e-05], 'NA11843': [1e-05, 0.99999], 'NA11881': [1e-05, 0.99999], 'NA12348': [1e-05, 0.99999], 'NA12044': [1e-05, 0.99999], 'NA19144': [0.99999, 1e-05], 'NA12144': [1e-05, 0.99999], 'NA11994': [1e-05, 0.99999], 'NA07048': [1e-05, 0.99999], 'NA12842': [1e-05, 0.99999], 'NA18917': [0.99999, 1e-05], 'NA11829': [1e-05, 0.99999], 'NA18870': [0.99999, 1e-05], 'NA19092': [0.99999, 1e-05], 'NA19153': [0.99999, 1e-05], 'NA19121': [0.99999, 1e-05], 'NA19172': [0.99999, 1e-05], 'NA07347': [1e-05, 0.99999], 'NA12776': [1e-05, 0.99999], 'NA19185': [0.99999, 1e-05], 'NA12156': [1e-05, 0.99999], 'NA19247': [0.99999, 1e-05], 'NA18878': [0.99999, 1e-05], 'NA12272': [1e-05, 0.99999], 'NA12829': [1e-05, 0.99999], 'NA12282': [1e-05, 0.99999], 'NA12813': [1e-05, 0.99999], 'NA12347': [1e-05, 0.99999], 'NA18871': [0.99999, 1e-05], 'NA19223': [0.99999, 1e-05], 'NA18923': [0.99999, 1e-05], 'NA06989': [1e-05, 0.99999], 'NA18511': [0.99999, 1e-05], 'NA06986': [1e-05, 0.99999], 'NA19257': [0.99999, 1e-05], 'NA11894': [1e-05, 0.99999], 'NA19238': [0.99999, 1e-05], 'NA19137': [0.99999, 1e-05], 'NA19113': [0.99999, 1e-05], 'NA18516': [0.99999, 1e-05], 'NA12878': [1e-05, 0.99999], 'NA18856': [0.99999, 1e-05], 'NA12814': [1e-05, 0.99999], 'NA12046': [1e-05, 0.99999], 'NA11830': [1e-05, 0.99999]}
[1, 0]
