ID            CEU     YRI
NWD163203     0.0     1.0
NWD838454     0.0     1.0
NWD447217  0.2382  0.7618
NWD506902  0.7217  0.2783
NWD516805     0.0     1.0
NWD598769  0.0394  0.9606
NWD276731  0.2946  0.7054
NWD857305  0.0669  0.9331
NWD573145  0.4755  0.5245
NWD378807     0.0     1.0
NWD773408     0.5     0.5
NWD862131  0.6187  0.3813
NWD696182     0.0     1.0
NWD601219  0.2507  0.7493
NWD445484  0.2813  0.7187
NWD245122     0.0     1.0
NWD574025  0.4711  0.5289
NWD962792  0.0658  0.9342
NWD140824  0.4861  0.5139
NWD347140  0.8043  0.1957
NWD388542  0.3772  0.6228
NWD409874  0.2571  0.7429
NWD641240  0.3236  0.6764
NWD620567  0.0616  0.9384
NWD754070     0.0     1.0
NWD338378     0.0     1.0
NWD660071  0.5457  0.4543
NWD452926  0.4025  0.5975
NWD233967   0.439   0.561
NWD878543  0.4627  0.5373
...           ...     ...
NWD907433     0.0     1.0
NWD712032  0.3508  0.6492
NWD677776  0.1116  0.8884
NWD599306  0.3643  0.6357
NWD684484     0.0     1.0
NWD826684     0.0     1.0
NWD428381  0.0858  0.9142
NWD174966  0.1484  0.8516
NWD938526  0.3912  0.6088
NWD328083   0.018   0.982
NWD318497  0.1686  0.8314
NWD731252  0.0855  0.9145
NWD412116  0.5426  0.4574
NWD640560  0.1762  0.8238
NWD639242  0.1209  0.8791
NWD599371  0.1348  0.8652
NWD720391  0.3002  0.6998
NWD431959  0.2066  0.7934
NWD584394     0.0     1.0
NWD344310  0.0029  0.9971
NWD517673  0.0043  0.9957
NWD527323  0.0361  0.9639
NWD418773     0.0     1.0
NWD857221  0.0455  0.9545
NWD836765     0.0     1.0
NWD396724     0.0     1.0
NWD125656  0.1234  0.8766
NWD912070  0.1168  0.8832
NWD597815  0.0713  0.9287
NWD512818  0.5958  0.4042

[201 rows x 2 columns]
{'NWD212434': [0.550324, 0.449676], 'NWD584394': [0.99999, 1e-05], 'NWD164446': [0.557805, 0.442195], 'NWD862869': [0.322244, 0.677756], 'NWD378807': [0.97181, 0.02819], 'NWD174966': [0.813233, 0.186767], 'NWD344310': [0.996601, 0.003399], 'NWD484275': [0.873342, 0.126658], 'NWD677387': [0.872054, 0.127946], 'NWD428381': [0.936231, 0.063769], 'NWD479314': [0.957797, 0.042203], 'NWD220560': [0.051458, 0.948542], 'NWD449948': [0.99999, 1e-05], 'NWD170091': [0.514531, 0.485469], 'NWD138795': [0.993714, 0.006286], 'NWD328083': [0.99999, 1e-05], 'NWD390054': [0.786952, 0.213048], 'NWD419692': [0.912771, 0.087229], 'NWD671182': [0.68693, 0.31307], 'NWD828733': [0.458137, 0.541863], 'NWD362144': [0.99999, 1e-05], 'NWD639242': [0.840538, 0.159462], 'NWD574916': [0.99999, 1e-05], 'NWD293024': [0.981299, 0.018701], 'NWD487726': [0.857629, 0.142371], 'NWD521616': [0.767021, 0.232979], 'NWD574025': [0.594495, 0.405505], 'NWD938526': [0.557683, 0.442317], 'NWD685703': [0.825934, 0.174066], 'NWD857221': [0.926935, 0.073065], 'NWD862131': [0.378086, 0.621914], 'NWD346975': [0.856742, 0.143258], 'NWD177635': [0.987368, 0.012632], 'NWD233967': [0.535217, 0.464783], 'NWD731252': [0.887075, 0.112925], 'NWD597815': [0.835035, 0.164965], 'NWD479130': [0.418124, 0.581876], 'NWD826684': [0.982059, 0.017941], 'NWD816583': [0.911789, 0.088211], 'NWD975921': [0.779157, 0.220843], 'NWD158237': [0.793543, 0.206457], 'NWD347140': [0.23815, 0.76185], 'NWD524336': [0.990995, 0.009005], 'NWD661828': [0.563655, 0.436345], 'NWD506902': [0.261256, 0.738744], 'NWD797979': [0.895313, 0.104687], 'NWD652755': [0.787675, 0.212325], 'NWD576327': [0.95534, 0.04466], 'NWD149502': [0.940718, 0.059282], 'NWD133198': [0.57587, 0.42413], 'NWD263184': [0.393096, 0.606904], 'NWD452926': [0.616458, 0.383542], 'NWD752087': [0.90739, 0.09261], 'NWD913991': [0.98176, 0.01824], 'NWD962792': [0.938378, 0.061622], 'NWD388542': [0.624387, 0.375613], 'NWD712674': [0.516777, 0.483223], 'NWD418773': [0.99999, 1e-05], 'NWD902298': [0.957452, 0.042548], 'NWD945886': [0.567175, 0.432825], 'NWD912070': [0.870411, 0.129589], 'NWD677776': [0.891181, 0.108819], 'NWD773408': [0.462841, 0.537159], 'NWD426008': [0.99999, 1e-05], 'NWD404517': [0.620543, 0.379457], 'NWD345273': [0.7955, 0.2045], 'NWD687323': [0.890777, 0.109223], 'NWD478709': [0.99999, 1e-05], 'NWD490768': [0.664456, 0.335544], 'NWD363273': [0.681336, 0.318664], 'NWD640560': [0.832621, 0.167379], 'NWD890143': [0.78584, 0.21416], 'NWD210347': [0.996808, 0.003192], 'NWD311932': [0.99999, 1e-05], 'NWD467083': [0.253968, 0.746032], 'NWD598769': [0.969966, 0.030034], 'NWD599371': [0.884984, 0.115016], 'NWD959607': [0.963775, 0.036225], 'NWD657624': [0.256642, 0.743358], 'NWD969537': [0.766839, 0.233161], 'NWD256042': [0.986745, 0.013255], 'NWD901710': [0.99999, 1e-05], 'NWD546564': [0.825119, 0.174881], 'NWD998609': [0.711966, 0.288034], 'NWD108116': [0.937208, 0.062792], 'NWD245122': [0.99999, 1e-05], 'NWD606337': [0.562287, 0.437713], 'NWD720391': [0.721681, 0.278319], 'NWD462712': [0.986159, 0.013841], 'NWD781750': [0.905719, 0.094281], 'NWD262638': [0.749639, 0.250361], 'NWD684484': [0.99999, 1e-05], 'NWD419335': [0.322973, 0.677027], 'NWD519039': [0.501355, 0.498645], 'NWD838454': [0.932915, 0.067085], 'NWD141713': [0.532036, 0.467964], 'NWD168541': [0.99999, 1e-05], 'NWD547021': [0.981604, 0.018396], 'NWD716470': [0.689327, 0.310673], 'NWD878543': [0.540717, 0.459283], 'NWD523161': [0.778299, 0.221701], 'NWD787458': [0.420988, 0.579012], 'NWD857305': [0.85692, 0.14308], 'NWD822723': [0.99999, 1e-05], 'NWD512818': [0.454101, 0.545899], 'NWD587844': [0.99361, 0.00639], 'NWD678520': [0.996218, 0.003782], 'NWD486871': [0.351783, 0.648217], 'NWD571531': [0.823755, 0.176245], 'NWD754070': [0.99999, 1e-05], 'NWD630602': [0.743489, 0.256511], 'NWD643775': [0.557031, 0.442969], 'NWD163203': [0.99999, 1e-05], 'NWD916599': [0.905936, 0.094064], 'NWD950794': [0.579055, 0.420945], 'NWD782813': [0.875262, 0.124738], 'NWD836765': [0.985642, 0.014358], 'NWD447217': [0.87422, 0.12578], 'NWD288321': [0.764276, 0.235724], 'NWD392992': [0.81893, 0.18107], 'NWD856383': [0.562172, 0.437828], 'NWD314678': [0.960673, 0.039327], 'NWD445484': [0.739519, 0.260481], 'NWD125656': [0.886598, 0.113402], 'NWD276731': [0.756399, 0.243601], 'NWD527323': [0.96545, 0.03455], 'NWD140824': [0.447729, 0.552271], 'NWD251680': [0.920271, 0.079729], 'NWD318497': [0.870332, 0.129668], 'NWD337903': [0.842442, 0.157558], 'NWD815786': [0.006357, 0.993643], 'NWD737180': [0.850839, 0.149161], 'NWD774561': [0.97531, 0.02469], 'NWD866219': [0.60512, 0.39488], 'NWD944827': [0.950005, 0.049995], 'NWD993659': [0.605517, 0.394483], 'NWD105648': [0.651684, 0.348316], 'NWD516805': [0.997633, 0.002367], 'NWD600992': [0.938086, 0.061914], 'NWD610801': [0.994966, 0.005034], 'NWD730299': [0.742869, 0.257131], 'NWD998816': [0.99999, 1e-05], 'NWD865962': [0.80997, 0.19003], 'NWD710489': [0.955822, 0.044178], 'NWD268401': [0.997089, 0.002911], 'NWD879683': [0.932802, 0.067198], 'NWD412116': [0.490779, 0.509221], 'NWD517673': [0.956815, 0.043185], 'NWD402569': [0.99999, 1e-05], 'NWD930303': [0.99999, 1e-05], 'NWD660071': [0.41008, 0.58992], 'NWD159679': [0.972342, 0.027658], 'NWD338378': [0.99999, 1e-05], 'NWD381518': [0.909148, 0.090852], 'NWD299581': [0.72867, 0.27133], 'NWD453328': [0.98697, 0.01303], 'NWD542871': [0.818493, 0.181507], 'NWD716639': [0.95428, 0.04572], 'NWD601219': [0.78362, 0.21638], 'NWD346624': [0.942676, 0.057324], 'NWD599306': [0.66457, 0.33543], 'NWD242199': [0.449463, 0.550537], 'NWD620567': [0.884973, 0.115027], 'NWD993431': [0.984827, 0.015173], 'NWD573145': [0.597622, 0.402378], 'NWD557722': [0.822088, 0.177912], 'NWD158184': [0.904703, 0.095297], 'NWD431959': [0.842653, 0.157347], 'NWD788130': [0.99999, 1e-05], 'NWD396724': [0.99999, 1e-05], 'NWD343349': [0.761626, 0.238374], 'NWD712032': [0.607418, 0.392582], 'NWD612175': [0.790488, 0.209512], 'NWD417668': [0.99999, 1e-05], 'NWD409874': [0.734902, 0.265098], 'NWD563349': [0.892364, 0.107636], 'NWD457909': [0.596433, 0.403567], 'NWD135441': [0.59175, 0.40825], 'NWD878668': [0.99999, 1e-05], 'NWD728777': [0.246875, 0.753125], 'NWD609750': [0.186864, 0.813136], 'NWD641240': [0.634804, 0.365196], 'NWD171365': [0.99999, 1e-05], 'NWD281909': [0.808, 0.192], 'NWD897019': [0.737736, 0.262264], 'NWD687607': [0.918107, 0.081893], 'NWD626329': [0.938973, 0.061027], 'NWD681170': [0.765426, 0.234574], 'NWD696182': [0.991556, 0.008444], 'NWD559886': [0.875583, 0.124417], 'NWD730873': [0.546865, 0.453135], 'NWD462567': [0.952818, 0.047182], 'NWD795057': [0.907378, 0.092622], 'NWD352494': [0.96478, 0.03522], 'NWD553021': [0.993735, 0.006265], 'NWD847600': [0.842241, 0.157759], 'NWD181781': [0.680124, 0.319876], 'NWD640412': [0.725786, 0.274214], 'NWD907433': [0.983186, 0.016814], 'NWD795363': [0.995614, 0.004386], 'NWD353250': [0.414978, 0.585022], 'NA18498': [0.99999, 1e-05], 'NA19143': [0.99999, 1e-05], 'NA19159': [0.99999, 1e-05], 'NA19209': [0.99999, 1e-05], 'NA19117': [0.99999, 1e-05], 'NA18858': [0.99999, 1e-05], 'NA18505': [0.99999, 1e-05], 'NA12399': [1e-05, 0.99999], 'NA18924': [0.99999, 1e-05], 'NA19093': [0.99999, 1e-05], 'NA11840': [1e-05, 0.99999], 'NA18868': [0.99999, 1e-05], 'NA18908': [0.99999, 1e-05], 'NA19099': [0.99999, 1e-05], 'NA18881': [0.99999, 1e-05], 'NA12283': [1e-05, 0.99999], 'NA18916': [0.99999, 1e-05], 'NA12748': [1e-05, 0.99999], 'NA19175': [0.99999, 1e-05], 'NA18861': [0.99999, 1e-05], 'NA06985': [1e-05, 0.99999], 'NA18501': [0.99999, 1e-05], 'NA12750': [1e-05, 0.99999], 'NA19114': [0.99999, 1e-05], 'NA19141': [0.99999, 1e-05], 'NA18876': [0.99999, 1e-05], 'NA18879': [0.99999, 1e-05], 'NA11932': [1e-05, 0.99999], 'NA19235': [0.99999, 1e-05], 'NA19248': [0.99999, 1e-05], 'NA12383': [1e-05, 0.99999], 'NA18519': [0.99999, 1e-05], 'NA19197': [0.99999, 1e-05], 'NA19236': [0.99999, 1e-05], 'NA18499': [0.99999, 1e-05], 'NA12718': [1e-05, 0.99999], 'NA12890': [1e-05, 0.99999], 'NA19207': [0.99999, 1e-05], 'NA19160': [0.99999, 1e-05], 'NA12872': [1e-05, 0.99999], 'NA19116': [0.99999, 1e-05], 'NA18867': [0.99999, 1e-05], 'NA12340': [1e-05, 0.99999], 'NA19138': [0.99999, 1e-05], 'NA19222': [0.99999, 1e-05], 'NA18510': [0.99999, 1e-05], 'NA12004': [1e-05, 0.99999], 'NA18522': [0.99999, 1e-05], 'NA19184': [0.99999, 1e-05], 'NA11930': [1e-05, 0.99999], 'NA12058': [1e-05, 0.99999], 'NA18489': [0.99999, 1e-05], 'NA11933': [1e-05, 0.99999], 'NA12716': [1e-05, 0.99999], 'NA12342': [1e-05, 0.99999], 'NA19098': [0.99999, 1e-05], 'NA11919': [1e-05, 0.99999], 'NA06994': [1e-05, 0.99999], 'NA18912': [0.99999, 1e-05], 'NA19147': [0.99999, 1e-05], 'NA18934': [0.99999, 1e-05], 'NA19095': [0.99999, 1e-05], 'NA19204': [0.99999, 1e-05], 'NA18504': [0.99999, 1e-05], 'NA18523': [0.99999, 1e-05], 'NA12830': [1e-05, 0.99999], 'NA12760': [1e-05, 0.99999], 'NA18520': [0.99999, 1e-05], 'NA18909': [0.99999, 1e-05], 'NA12717': [1e-05, 0.99999], 'NA12778': [1e-05, 0.99999], 'NA18502': [0.99999, 1e-05], 'NA19096': [0.99999, 1e-05], 'NA18910': [0.99999, 1e-05], 'NA12003': [1e-05, 0.99999], 'NA12275': [1e-05, 0.99999], 'NA19198': [0.99999, 1e-05], 'NA18877': [0.99999, 1e-05], 'NA19146': [0.99999, 1e-05], 'NA12827': [1e-05, 0.99999], 'NA12045': [1e-05, 0.99999], 'NA10851': [1e-05, 0.99999], 'NA12843': [1e-05, 0.99999], 'NA12287': [1e-05, 0.99999], 'NA12777': [1e-05, 0.99999], 'NA19214': [0.99999, 1e-05], 'NA18488': [0.99999, 1e-05], 'NA07037': [1e-05, 0.99999], 'NA11992': [1e-05, 0.99999], 'NA12413': [1e-05, 0.99999], 'NA19239': [0.99999, 1e-05], 'NA12751': [1e-05, 0.99999], 'NA06984': [1e-05, 0.99999], 'NA12414': [1e-05, 0.99999], 'NA12546': [1e-05, 0.99999], 'NA18907': [0.99999, 1e-05], 'NA12828': [1e-05, 0.99999], 'NA18864': [0.99999, 1e-05], 'NA12815': [1e-05, 0.99999], 'NA12155': [1e-05, 0.99999], 'NA18507': [0.99999, 1e-05], 'NA12286': [1e-05, 0.99999], 'NA19225': [0.99999, 1e-05], 'NA12761': [1e-05, 0.99999], 'NA12005': [1e-05, 0.99999], 'NA12873': [1e-05, 0.99999], 'NA12400': [1e-05, 0.99999], 'NA18853': [0.99999, 1e-05], 'NA11931': [1e-05, 0.99999], 'NA19189': [0.99999, 1e-05], 'NA19108': [0.99999, 1e-05], 'NA18874': [0.99999, 1e-05], 'NA19102': [0.99999, 1e-05], 'NA07000': [1e-05, 0.99999], 'NA19149': [0.99999, 1e-05], 'NA11920': [1e-05, 0.99999], 'NA18873': [0.99999, 1e-05], 'NA12043': [1e-05, 0.99999], 'NA12762': [1e-05, 0.99999], 'NA10847': [1e-05, 0.99999], 'NA12763': [1e-05, 0.99999], 'NA19201': [0.99999, 1e-05], 'NA11831': [1e-05, 0.99999], 'NA12874': [1e-05, 0.99999], 'NA19206': [0.99999, 1e-05], 'NA12154': [1e-05, 0.99999], 'NA18865': [0.99999, 1e-05], 'NA12889': [1e-05, 0.99999], 'NA18933': [0.99999, 1e-05], 'NA19213': [0.99999, 1e-05], 'NA07056': [1e-05, 0.99999], 'NA19131': [0.99999, 1e-05], 'NA07051': [1e-05, 0.99999], 'NA19107': [0.99999, 1e-05], 'NA07357': [1e-05, 0.99999], 'NA19190': [0.99999, 1e-05], 'NA11892': [1e-05, 0.99999], 'NA18915': [0.99999, 1e-05], 'NA19256': [0.99999, 1e-05], 'NA11918': [1e-05, 0.99999], 'NA12249': [1e-05, 0.99999], 'NA11832': [1e-05, 0.99999], 'NA12341': [1e-05, 0.99999], 'NA12775': [1e-05, 0.99999], 'NA11893': [1e-05, 0.99999], 'NA12234': [1e-05, 0.99999], 'NA19171': [0.99999, 1e-05], 'NA19129': [0.99999, 1e-05], 'NA19130': [0.99999, 1e-05], 'NA12812': [1e-05, 0.99999], 'NA19200': [0.99999, 1e-05], 'NA12273': [1e-05, 0.99999], 'NA12489': [1e-05, 0.99999], 'NA12749': [1e-05, 0.99999], 'NA19119': [0.99999, 1e-05], 'NA18486': [0.99999, 1e-05], 'NA18517': [0.99999, 1e-05], 'NA18508': [0.99999, 1e-05], 'NA19118': [0.99999, 1e-05], 'NA12006': [1e-05, 0.99999], 'NA11995': [1e-05, 0.99999], 'NA19210': [0.99999, 1e-05], 'NA19152': [0.99999, 1e-05], 'NA11843': [1e-05, 0.99999], 'NA11881': [1e-05, 0.99999], 'NA12348': [1e-05, 0.99999], 'NA12044': [1e-05, 0.99999], 'NA19144': [0.99999, 1e-05], 'NA12144': [1e-05, 0.99999], 'NA11994': [1e-05, 0.99999], 'NA07048': [1e-05, 0.99999], 'NA12842': [1e-05, 0.99999], 'NA18917': [0.99999, 1e-05], 'NA11829': [1e-05, 0.99999], 'NA18870': [0.99999, 1e-05], 'NA19092': [0.99999, 1e-05], 'NA19153': [0.99999, 1e-05], 'NA19121': [0.99999, 1e-05], 'NA19172': [0.99999, 1e-05], 'NA07347': [1e-05, 0.99999], 'NA12776': [1e-05, 0.99999], 'NA19185': [0.99999, 1e-05], 'NA12156': [1e-05, 0.99999], 'NA19247': [0.99999, 1e-05], 'NA18878': [0.99999, 1e-05], 'NA12272': [1e-05, 0.99999], 'NA12829': [1e-05, 0.99999], 'NA12282': [1e-05, 0.99999], 'NA12813': [1e-05, 0.99999], 'NA12347': [1e-05, 0.99999], 'NA18871': [0.99999, 1e-05], 'NA19223': [0.99999, 1e-05], 'NA18923': [0.99999, 1e-05], 'NA06989': [1e-05, 0.99999], 'NA18511': [0.99999, 1e-05], 'NA06986': [1e-05, 0.99999], 'NA19257': [0.99999, 1e-05], 'NA11894': [1e-05, 0.99999], 'NA19238': [0.99999, 1e-05], 'NA19137': [0.99999, 1e-05], 'NA19113': [0.99999, 1e-05], 'NA18516': [0.99999, 1e-05], 'NA12878': [1e-05, 0.99999], 'NA18856': [0.99999, 1e-05], 'NA12814': [1e-05, 0.99999], 'NA12046': [1e-05, 0.99999], 'NA11830': [1e-05, 0.99999]}
[1, 0]
