ID            CEU     YRI
NWD163203     0.0     1.0
NWD838454  0.0425  0.9575
NWD447217  0.0878  0.9122
NWD506902  0.2129  0.7871
NWD516805  0.1097  0.8903
NWD598769     0.0     1.0
NWD276731  0.0645  0.9355
NWD857305  0.0158  0.9842
NWD573145  0.2078  0.7922
NWD378807  0.0208  0.9792
NWD773408  0.2006  0.7994
NWD862131  0.3648  0.6352
NWD696182  0.2912  0.7088
NWD601219  0.1104  0.8896
NWD445484  0.5026  0.4974
NWD245122  0.0978  0.9022
NWD574025  0.2516  0.7484
NWD962792  0.1593  0.8407
NWD140824  0.3961  0.6039
NWD347140   0.527   0.473
NWD388542  0.2254  0.7746
NWD409874  0.2018  0.7982
NWD641240  0.1268  0.8732
NWD620567    0.53    0.47
NWD754070  0.0088  0.9912
NWD338378     0.0     1.0
NWD660071  0.3327  0.6673
NWD452926    0.24    0.76
NWD233967   0.254   0.746
NWD878543  0.2385  0.7615
...           ...     ...
NWD907433  0.0497  0.9503
NWD712032   0.321   0.679
NWD677776  0.3301  0.6699
NWD599306   0.011   0.989
NWD684484     0.0     1.0
NWD826684   0.023   0.977
NWD428381  0.5621  0.4379
NWD174966  0.6667  0.3333
NWD938526  0.1653  0.8347
NWD328083  0.0573  0.9427
NWD318497  0.1933  0.8067
NWD731252  0.0234  0.9766
NWD412116  0.3536  0.6464
NWD640560  0.6291  0.3709
NWD639242  0.1426  0.8574
NWD599371  0.1207  0.8793
NWD720391  0.0044  0.9956
NWD431959  0.5113  0.4887
NWD584394     0.0     1.0
NWD344310  0.0052  0.9948
NWD517673  0.0853  0.9147
NWD527323  0.5096  0.4904
NWD418773  0.4058  0.5942
NWD857221  0.3535  0.6465
NWD836765     0.0     1.0
NWD396724  0.0126  0.9874
NWD125656  0.1149  0.8851
NWD912070  0.1353  0.8647
NWD597815  0.1286  0.8714
NWD512818  0.0876  0.9124

[201 rows x 2 columns]
{'NWD212434': [0.962753, 0.037247], 'NWD584394': [0.999707, 0.000293], 'NWD164446': [0.518329, 0.481671], 'NWD862869': [0.375632, 0.624368], 'NWD378807': [0.963415, 0.036585], 'NWD174966': [0.455632, 0.544368], 'NWD344310': [0.99999, 1e-05], 'NWD484275': [0.611776, 0.388224], 'NWD677387': [0.836494, 0.163506], 'NWD428381': [0.454431, 0.545569], 'NWD479314': [0.79563, 0.20437], 'NWD220560': [0.660909, 0.339091], 'NWD449948': [0.965026, 0.034974], 'NWD170091': [0.896539, 0.103461], 'NWD138795': [0.815115, 0.184885], 'NWD328083': [0.930909, 0.069091], 'NWD390054': [0.988623, 0.011377], 'NWD419692': [0.761241, 0.238759], 'NWD671182': [0.79967, 0.20033], 'NWD828733': [0.697646, 0.302354], 'NWD362144': [0.99999, 1e-05], 'NWD639242': [0.817116, 0.182884], 'NWD574916': [0.996052, 0.003948], 'NWD293024': [0.99999, 1e-05], 'NWD487726': [0.937068, 0.062932], 'NWD521616': [0.99355, 0.00645], 'NWD574025': [0.795629, 0.204371], 'NWD938526': [0.925323, 0.074677], 'NWD685703': [0.784618, 0.215382], 'NWD857221': [0.737842, 0.262158], 'NWD862131': [0.601503, 0.398497], 'NWD346975': [0.800985, 0.199015], 'NWD177635': [0.558117, 0.441883], 'NWD233967': [0.636584, 0.363416], 'NWD731252': [0.966897, 0.033103], 'NWD597815': [0.870773, 0.129227], 'NWD479130': [0.676978, 0.323022], 'NWD826684': [0.96219, 0.03781], 'NWD816583': [0.836329, 0.163671], 'NWD975921': [0.764967, 0.235033], 'NWD158237': [0.664772, 0.335228], 'NWD347140': [0.503761, 0.496239], 'NWD524336': [0.978767, 0.021233], 'NWD661828': [0.82651, 0.17349], 'NWD506902': [0.735654, 0.264346], 'NWD797979': [0.760353, 0.239647], 'NWD652755': [0.916428, 0.083572], 'NWD576327': [0.99199, 0.00801], 'NWD149502': [0.500157, 0.499843], 'NWD133198': [0.978565, 0.021435], 'NWD263184': [0.89919, 0.10081], 'NWD452926': [0.788053, 0.211947], 'NWD752087': [0.788315, 0.211685], 'NWD913991': [0.76377, 0.23623], 'NWD962792': [0.824511, 0.175489], 'NWD388542': [0.729663, 0.270337], 'NWD712674': [0.808931, 0.191069], 'NWD418773': [0.560834, 0.439166], 'NWD902298': [0.865732, 0.134268], 'NWD945886': [0.626516, 0.373484], 'NWD912070': [0.823956, 0.176044], 'NWD677776': [0.681981, 0.318019], 'NWD773408': [0.848574, 0.151426], 'NWD426008': [0.99999, 1e-05], 'NWD404517': [0.625041, 0.374959], 'NWD345273': [0.97466, 0.02534], 'NWD687323': [0.824168, 0.175832], 'NWD478709': [0.358789, 0.641211], 'NWD490768': [0.855257, 0.144743], 'NWD363273': [0.740238, 0.259762], 'NWD640560': [0.452578, 0.547422], 'NWD890143': [0.989192, 0.010808], 'NWD210347': [0.689252, 0.310748], 'NWD311932': [0.99999, 1e-05], 'NWD467083': [0.352517, 0.647483], 'NWD598769': [0.99999, 1e-05], 'NWD599371': [0.863465, 0.136535], 'NWD959607': [0.811382, 0.188618], 'NWD657624': [0.472396, 0.527604], 'NWD969537': [0.916385, 0.083615], 'NWD256042': [0.337019, 0.662981], 'NWD901710': [0.888872, 0.111128], 'NWD546564': [0.958193, 0.041807], 'NWD998609': [0.530259, 0.469741], 'NWD108116': [0.855751, 0.144249], 'NWD245122': [0.892942, 0.107058], 'NWD606337': [0.94642, 0.05358], 'NWD720391': [0.995182, 0.004818], 'NWD462712': [0.92701, 0.07299], 'NWD781750': [0.655889, 0.344111], 'NWD262638': [0.943469, 0.056531], 'NWD684484': [0.975724, 0.024276], 'NWD419335': [0.640351, 0.359649], 'NWD519039': [0.663234, 0.336766], 'NWD838454': [0.909969, 0.090031], 'NWD141713': [0.925776, 0.074224], 'NWD168541': [0.791908, 0.208092], 'NWD547021': [0.967419, 0.032581], 'NWD716470': [0.973479, 0.026521], 'NWD878543': [0.845683, 0.154317], 'NWD523161': [0.886883, 0.113117], 'NWD787458': [0.53934, 0.46066], 'NWD857305': [0.99999, 1e-05], 'NWD822723': [0.857174, 0.142826], 'NWD512818': [0.890114, 0.109886], 'NWD587844': [0.930639, 0.069361], 'NWD678520': [0.820149, 0.179851], 'NWD486871': [0.858888, 0.141112], 'NWD571531': [0.655248, 0.344752], 'NWD754070': [0.965537, 0.034463], 'NWD630602': [0.823803, 0.176197], 'NWD643775': [0.958842, 0.041158], 'NWD163203': [0.951316, 0.048684], 'NWD916599': [0.91591, 0.08409], 'NWD950794': [0.563789, 0.436211], 'NWD782813': [0.97411, 0.02589], 'NWD836765': [0.991988, 0.008012], 'NWD447217': [0.890472, 0.109528], 'NWD288321': [0.734072, 0.265928], 'NWD392992': [0.949408, 0.050592], 'NWD856383': [0.67272, 0.32728], 'NWD314678': [0.908568, 0.091432], 'NWD445484': [0.651567, 0.348433], 'NWD125656': [0.865265, 0.134735], 'NWD276731': [0.892158, 0.107842], 'NWD527323': [0.411086, 0.588914], 'NWD140824': [0.61258, 0.38742], 'NWD251680': [0.766391, 0.233609], 'NWD318497': [0.812161, 0.187839], 'NWD337903': [0.798464, 0.201536], 'NWD815786': [1e-05, 0.99999], 'NWD737180': [0.921888, 0.078112], 'NWD774561': [0.840219, 0.159781], 'NWD866219': [0.377956, 0.622044], 'NWD944827': [0.965145, 0.034855], 'NWD993659': [0.745798, 0.254202], 'NWD105648': [0.939286, 0.060714], 'NWD516805': [0.817338, 0.182662], 'NWD600992': [0.836467, 0.163533], 'NWD610801': [0.814872, 0.185128], 'NWD730299': [0.903172, 0.096828], 'NWD998816': [0.857009, 0.142991], 'NWD865962': [0.736943, 0.263057], 'NWD710489': [0.982243, 0.017757], 'NWD268401': [0.99999, 1e-05], 'NWD879683': [0.964164, 0.035836], 'NWD412116': [0.680024, 0.319976], 'NWD517673': [0.853367, 0.146633], 'NWD402569': [0.937381, 0.062619], 'NWD930303': [0.623429, 0.376571], 'NWD660071': [0.716866, 0.283134], 'NWD159679': [0.99999, 1e-05], 'NWD338378': [0.988415, 0.011585], 'NWD381518': [0.785101, 0.214899], 'NWD299581': [0.822036, 0.177964], 'NWD453328': [0.99999, 1e-05], 'NWD542871': [0.789099, 0.210901], 'NWD716639': [0.960487, 0.039513], 'NWD601219': [0.830424, 0.169576], 'NWD346624': [0.953431, 0.046569], 'NWD599306': [0.99999, 1e-05], 'NWD242199': [0.657567, 0.342433], 'NWD620567': [0.421905, 0.578095], 'NWD993431': [0.907931, 0.092069], 'NWD573145': [0.7392, 0.2608], 'NWD557722': [0.95665, 0.04335], 'NWD158184': [0.811153, 0.188847], 'NWD431959': [0.345907, 0.654093], 'NWD788130': [0.99999, 1e-05], 'NWD396724': [0.99999, 1e-05], 'NWD343349': [0.67259, 0.32741], 'NWD712032': [0.642434, 0.357566], 'NWD612175': [0.546449, 0.453551], 'NWD417668': [0.99999, 1e-05], 'NWD409874': [0.79891, 0.20109], 'NWD563349': [0.629022, 0.370978], 'NWD457909': [0.569815, 0.430185], 'NWD135441': [0.474501, 0.525499], 'NWD878668': [0.967329, 0.032671], 'NWD728777': [0.590305, 0.409695], 'NWD609750': [0.646522, 0.353478], 'NWD641240': [0.82492, 0.17508], 'NWD171365': [0.94645, 0.05355], 'NWD281909': [0.765154, 0.234846], 'NWD897019': [0.873181, 0.126819], 'NWD687607': [0.986388, 0.013612], 'NWD626329': [0.221235, 0.778765], 'NWD681170': [0.495081, 0.504919], 'NWD696182': [0.771914, 0.228086], 'NWD559886': [0.720064, 0.279936], 'NWD730873': [0.948774, 0.051226], 'NWD462567': [0.846556, 0.153444], 'NWD795057': [0.848928, 0.151072], 'NWD352494': [0.896336, 0.103664], 'NWD553021': [0.796706, 0.203294], 'NWD847600': [0.821695, 0.178305], 'NWD181781': [0.858439, 0.141561], 'NWD640412': [0.896983, 0.103017], 'NWD907433': [0.93678, 0.06322], 'NWD795363': [0.98413, 0.01587], 'NWD353250': [0.464624, 0.535376], 'NA18498': [0.99999, 1e-05], 'NA19143': [0.99999, 1e-05], 'NA19159': [0.99999, 1e-05], 'NA19209': [0.99999, 1e-05], 'NA19117': [0.99999, 1e-05], 'NA18858': [0.99999, 1e-05], 'NA18505': [0.99999, 1e-05], 'NA12399': [1e-05, 0.99999], 'NA18924': [0.99999, 1e-05], 'NA19093': [0.99999, 1e-05], 'NA11840': [1e-05, 0.99999], 'NA18868': [0.99999, 1e-05], 'NA18908': [0.99999, 1e-05], 'NA19099': [0.99999, 1e-05], 'NA18881': [0.99999, 1e-05], 'NA12283': [1e-05, 0.99999], 'NA18916': [0.99999, 1e-05], 'NA12748': [1e-05, 0.99999], 'NA19175': [0.99999, 1e-05], 'NA18861': [0.99999, 1e-05], 'NA06985': [1e-05, 0.99999], 'NA18501': [0.99999, 1e-05], 'NA12750': [1e-05, 0.99999], 'NA19114': [0.99999, 1e-05], 'NA19141': [0.99999, 1e-05], 'NA18876': [0.99999, 1e-05], 'NA18879': [0.99999, 1e-05], 'NA11932': [1e-05, 0.99999], 'NA19235': [0.99999, 1e-05], 'NA19248': [0.99999, 1e-05], 'NA12383': [1e-05, 0.99999], 'NA18519': [0.99999, 1e-05], 'NA19197': [0.99999, 1e-05], 'NA19236': [0.99999, 1e-05], 'NA18499': [0.99999, 1e-05], 'NA12718': [1e-05, 0.99999], 'NA12890': [1e-05, 0.99999], 'NA19207': [0.99999, 1e-05], 'NA19160': [0.99999, 1e-05], 'NA12872': [1e-05, 0.99999], 'NA19116': [0.99999, 1e-05], 'NA18867': [0.99999, 1e-05], 'NA12340': [1e-05, 0.99999], 'NA19138': [0.99999, 1e-05], 'NA19222': [0.99999, 1e-05], 'NA18510': [0.99999, 1e-05], 'NA12004': [1e-05, 0.99999], 'NA18522': [0.99999, 1e-05], 'NA19184': [0.99999, 1e-05], 'NA11930': [1e-05, 0.99999], 'NA12058': [1e-05, 0.99999], 'NA18489': [0.99999, 1e-05], 'NA11933': [1e-05, 0.99999], 'NA12716': [1e-05, 0.99999], 'NA12342': [1e-05, 0.99999], 'NA19098': [0.99999, 1e-05], 'NA11919': [1e-05, 0.99999], 'NA06994': [1e-05, 0.99999], 'NA18912': [0.99999, 1e-05], 'NA19147': [0.99999, 1e-05], 'NA18934': [0.99999, 1e-05], 'NA19095': [0.99999, 1e-05], 'NA19204': [0.99999, 1e-05], 'NA18504': [0.99999, 1e-05], 'NA18523': [0.99999, 1e-05], 'NA12830': [1e-05, 0.99999], 'NA12760': [1e-05, 0.99999], 'NA18520': [0.99999, 1e-05], 'NA18909': [0.99999, 1e-05], 'NA12717': [1e-05, 0.99999], 'NA12778': [1e-05, 0.99999], 'NA18502': [0.99999, 1e-05], 'NA19096': [0.99999, 1e-05], 'NA18910': [0.99999, 1e-05], 'NA12003': [1e-05, 0.99999], 'NA12275': [1e-05, 0.99999], 'NA19198': [0.99999, 1e-05], 'NA18877': [0.99999, 1e-05], 'NA19146': [0.99999, 1e-05], 'NA12827': [1e-05, 0.99999], 'NA12045': [1e-05, 0.99999], 'NA10851': [1e-05, 0.99999], 'NA12843': [1e-05, 0.99999], 'NA12287': [1e-05, 0.99999], 'NA12777': [1e-05, 0.99999], 'NA19214': [0.99999, 1e-05], 'NA18488': [0.99999, 1e-05], 'NA07037': [1e-05, 0.99999], 'NA11992': [1e-05, 0.99999], 'NA12413': [1e-05, 0.99999], 'NA19239': [0.99999, 1e-05], 'NA12751': [1e-05, 0.99999], 'NA06984': [1e-05, 0.99999], 'NA12414': [1e-05, 0.99999], 'NA12546': [1e-05, 0.99999], 'NA18907': [0.99999, 1e-05], 'NA12828': [1e-05, 0.99999], 'NA18864': [0.99999, 1e-05], 'NA12815': [1e-05, 0.99999], 'NA12155': [1e-05, 0.99999], 'NA18507': [0.99999, 1e-05], 'NA12286': [1e-05, 0.99999], 'NA19225': [0.99999, 1e-05], 'NA12761': [1e-05, 0.99999], 'NA12005': [1e-05, 0.99999], 'NA12873': [1e-05, 0.99999], 'NA12400': [1e-05, 0.99999], 'NA18853': [0.99999, 1e-05], 'NA11931': [1e-05, 0.99999], 'NA19189': [0.99999, 1e-05], 'NA19108': [0.99999, 1e-05], 'NA18874': [0.99999, 1e-05], 'NA19102': [0.99999, 1e-05], 'NA07000': [1e-05, 0.99999], 'NA19149': [0.99999, 1e-05], 'NA11920': [1e-05, 0.99999], 'NA18873': [0.99999, 1e-05], 'NA12043': [1e-05, 0.99999], 'NA12762': [1e-05, 0.99999], 'NA10847': [1e-05, 0.99999], 'NA12763': [1e-05, 0.99999], 'NA19201': [0.99999, 1e-05], 'NA11831': [1e-05, 0.99999], 'NA12874': [1e-05, 0.99999], 'NA19206': [0.99999, 1e-05], 'NA12154': [1e-05, 0.99999], 'NA18865': [0.99999, 1e-05], 'NA12889': [1e-05, 0.99999], 'NA18933': [0.99999, 1e-05], 'NA19213': [0.99999, 1e-05], 'NA07056': [1e-05, 0.99999], 'NA19131': [0.99999, 1e-05], 'NA07051': [1e-05, 0.99999], 'NA19107': [0.99999, 1e-05], 'NA07357': [1e-05, 0.99999], 'NA19190': [0.99999, 1e-05], 'NA11892': [1e-05, 0.99999], 'NA18915': [0.99999, 1e-05], 'NA19256': [0.99999, 1e-05], 'NA11918': [1e-05, 0.99999], 'NA12249': [1e-05, 0.99999], 'NA11832': [1e-05, 0.99999], 'NA12341': [1e-05, 0.99999], 'NA12775': [1e-05, 0.99999], 'NA11893': [1e-05, 0.99999], 'NA12234': [1e-05, 0.99999], 'NA19171': [0.99999, 1e-05], 'NA19129': [0.99999, 1e-05], 'NA19130': [0.99999, 1e-05], 'NA12812': [1e-05, 0.99999], 'NA19200': [0.99999, 1e-05], 'NA12273': [1e-05, 0.99999], 'NA12489': [1e-05, 0.99999], 'NA12749': [1e-05, 0.99999], 'NA19119': [0.99999, 1e-05], 'NA18486': [0.99999, 1e-05], 'NA18517': [0.99999, 1e-05], 'NA18508': [0.99999, 1e-05], 'NA19118': [0.99999, 1e-05], 'NA12006': [1e-05, 0.99999], 'NA11995': [1e-05, 0.99999], 'NA19210': [0.99999, 1e-05], 'NA19152': [0.99999, 1e-05], 'NA11843': [1e-05, 0.99999], 'NA11881': [1e-05, 0.99999], 'NA12348': [1e-05, 0.99999], 'NA12044': [1e-05, 0.99999], 'NA19144': [0.99999, 1e-05], 'NA12144': [1e-05, 0.99999], 'NA11994': [1e-05, 0.99999], 'NA07048': [1e-05, 0.99999], 'NA12842': [1e-05, 0.99999], 'NA18917': [0.99999, 1e-05], 'NA11829': [1e-05, 0.99999], 'NA18870': [0.99999, 1e-05], 'NA19092': [0.99999, 1e-05], 'NA19153': [0.99999, 1e-05], 'NA19121': [0.99999, 1e-05], 'NA19172': [0.99999, 1e-05], 'NA07347': [1e-05, 0.99999], 'NA12776': [1e-05, 0.99999], 'NA19185': [0.99999, 1e-05], 'NA12156': [1e-05, 0.99999], 'NA19247': [0.99999, 1e-05], 'NA18878': [0.99999, 1e-05], 'NA12272': [1e-05, 0.99999], 'NA12829': [1e-05, 0.99999], 'NA12282': [1e-05, 0.99999], 'NA12813': [1e-05, 0.99999], 'NA12347': [1e-05, 0.99999], 'NA18871': [0.99999, 1e-05], 'NA19223': [0.99999, 1e-05], 'NA18923': [0.99999, 1e-05], 'NA06989': [1e-05, 0.99999], 'NA18511': [0.99999, 1e-05], 'NA06986': [1e-05, 0.99999], 'NA19257': [0.99999, 1e-05], 'NA11894': [1e-05, 0.99999], 'NA19238': [0.99999, 1e-05], 'NA19137': [0.99999, 1e-05], 'NA19113': [0.99999, 1e-05], 'NA18516': [0.99999, 1e-05], 'NA12878': [1e-05, 0.99999], 'NA18856': [0.99999, 1e-05], 'NA12814': [1e-05, 0.99999], 'NA12046': [1e-05, 0.99999], 'NA11830': [1e-05, 0.99999]}
[1, 0]
