ID            CEU     YRI
NWD163203  0.0106  0.9894
NWD838454  0.2695  0.7305
NWD447217  0.1146  0.8854
NWD506902  0.5548  0.4452
NWD516805  0.0896  0.9104
NWD598769     0.0     1.0
NWD276731  0.0554  0.9446
NWD857305  0.2664  0.7336
NWD573145    0.43    0.57
NWD378807  0.0042  0.9958
NWD773408  0.3462  0.6538
NWD862131  0.1986  0.8014
NWD696182  0.0439  0.9561
NWD601219  0.1922  0.8078
NWD445484   0.081   0.919
NWD245122   0.033   0.967
NWD574025  0.1474  0.8526
NWD962792  0.0507  0.9493
NWD140824  0.0919  0.9081
NWD347140   0.535   0.465
NWD388542  0.4085  0.5915
NWD409874     0.0     1.0
NWD641240  0.0962  0.9038
NWD620567  0.7415  0.2585
NWD754070  0.0016  0.9984
NWD338378     0.0     1.0
NWD660071  0.2417  0.7583
NWD452926   0.272   0.728
NWD233967  0.7369  0.2631
NWD878543  0.4975  0.5025
...           ...     ...
NWD907433  0.2925  0.7075
NWD712032  0.5041  0.4959
NWD677776  0.0726  0.9274
NWD599306  0.0919  0.9081
NWD684484     0.0     1.0
NWD826684  0.0361  0.9639
NWD428381  0.4602  0.5398
NWD174966  0.6026  0.3974
NWD938526  0.1949  0.8051
NWD328083     0.0     1.0
NWD318497  0.2266  0.7734
NWD731252  0.0178  0.9822
NWD412116   0.448   0.552
NWD640560  0.5606  0.4394
NWD639242  0.2774  0.7226
NWD599371  0.0423  0.9577
NWD720391     0.0     1.0
NWD431959  0.5214  0.4786
NWD584394     0.0     1.0
NWD344310  0.0273  0.9727
NWD517673  0.2111  0.7889
NWD527323  0.6796  0.3204
NWD418773  0.1061  0.8939
NWD857221  0.1023  0.8977
NWD836765     0.0     1.0
NWD396724     0.0     1.0
NWD125656  0.0052  0.9948
NWD912070  0.1747  0.8253
NWD597815  0.2032  0.7968
NWD512818  0.2092  0.7908

[201 rows x 2 columns]
{'NWD212434': [0.798503, 0.201497], 'NWD584394': [0.99999, 1e-05], 'NWD164446': [0.817948, 0.182052], 'NWD862869': [0.442731, 0.557269], 'NWD378807': [0.943285, 0.056715], 'NWD174966': [0.456539, 0.543461], 'NWD344310': [0.994968, 0.005032], 'NWD484275': [0.45186, 0.54814], 'NWD677387': [0.991812, 0.008188], 'NWD428381': [0.586231, 0.413769], 'NWD479314': [0.879347, 0.120653], 'NWD220560': [0.815408, 0.184592], 'NWD449948': [0.695051, 0.304949], 'NWD170091': [0.947859, 0.052141], 'NWD138795': [0.921189, 0.078811], 'NWD328083': [0.99999, 1e-05], 'NWD390054': [0.99999, 1e-05], 'NWD419692': [0.29, 0.71], 'NWD671182': [0.837403, 0.162597], 'NWD828733': [0.817187, 0.182813], 'NWD362144': [0.996751, 0.003249], 'NWD639242': [0.719258, 0.280742], 'NWD574916': [0.99999, 1e-05], 'NWD293024': [0.989768, 0.010232], 'NWD487726': [0.951691, 0.048309], 'NWD521616': [0.842924, 0.157076], 'NWD574025': [0.806061, 0.193939], 'NWD938526': [0.832786, 0.167214], 'NWD685703': [0.786253, 0.213747], 'NWD857221': [0.887507, 0.112493], 'NWD862131': [0.731782, 0.268218], 'NWD346975': [0.77866, 0.22134], 'NWD177635': [0.360097, 0.639903], 'NWD233967': [0.198307, 0.801693], 'NWD731252': [0.966435, 0.033565], 'NWD597815': [0.787859, 0.212141], 'NWD479130': [0.609003, 0.390997], 'NWD826684': [0.961789, 0.038211], 'NWD816583': [0.897321, 0.102679], 'NWD975921': [0.759409, 0.240591], 'NWD158237': [0.919879, 0.080121], 'NWD347140': [0.462197, 0.537803], 'NWD524336': [0.846239, 0.153761], 'NWD661828': [0.914954, 0.085046], 'NWD506902': [0.404236, 0.595764], 'NWD797979': [0.890859, 0.109141], 'NWD652755': [0.575565, 0.424435], 'NWD576327': [0.985024, 0.014976], 'NWD149502': [0.862568, 0.137432], 'NWD133198': [0.738089, 0.261911], 'NWD263184': [0.899713, 0.100287], 'NWD452926': [0.698094, 0.301906], 'NWD752087': [0.941172, 0.058828], 'NWD913991': [0.989447, 0.010553], 'NWD962792': [0.8985, 0.1015], 'NWD388542': [0.561682, 0.438318], 'NWD712674': [0.706683, 0.293317], 'NWD418773': [0.87305, 0.12695], 'NWD902298': [0.878671, 0.121329], 'NWD945886': [0.66549, 0.33451], 'NWD912070': [0.83751, 0.16249], 'NWD677776': [0.884339, 0.115661], 'NWD773408': [0.642946, 0.357054], 'NWD426008': [0.99999, 1e-05], 'NWD404517': [0.627776, 0.372224], 'NWD345273': [0.895577, 0.104423], 'NWD687323': [0.715188, 0.284812], 'NWD478709': [0.503786, 0.496214], 'NWD490768': [0.556181, 0.443819], 'NWD363273': [0.861798, 0.138202], 'NWD640560': [0.457581, 0.542419], 'NWD890143': [0.878891, 0.121109], 'NWD210347': [0.771421, 0.228579], 'NWD311932': [0.942314, 0.057686], 'NWD467083': [0.483667, 0.516333], 'NWD598769': [0.99999, 1e-05], 'NWD599371': [0.93036, 0.06964], 'NWD959607': [0.800169, 0.199831], 'NWD657624': [0.320172, 0.679828], 'NWD969537': [0.680209, 0.319791], 'NWD256042': [0.987702, 0.012298], 'NWD901710': [0.885796, 0.114204], 'NWD546564': [0.689333, 0.310667], 'NWD998609': [0.616618, 0.383382], 'NWD108116': [0.968647, 0.031353], 'NWD245122': [0.934911, 0.065089], 'NWD606337': [0.813414, 0.186586], 'NWD720391': [0.997413, 0.002587], 'NWD462712': [0.970131, 0.029869], 'NWD781750': [0.707999, 0.292001], 'NWD262638': [0.79086, 0.20914], 'NWD684484': [0.978107, 0.021893], 'NWD419335': [0.608041, 0.391959], 'NWD519039': [0.83072, 0.16928], 'NWD838454': [0.739514, 0.260486], 'NWD141713': [0.604362, 0.395638], 'NWD168541': [0.826669, 0.173331], 'NWD547021': [0.900259, 0.099741], 'NWD716470': [0.644202, 0.355798], 'NWD878543': [0.564045, 0.435955], 'NWD523161': [0.549329, 0.450671], 'NWD787458': [0.451293, 0.548707], 'NWD857305': [0.789308, 0.210692], 'NWD822723': [0.953099, 0.046901], 'NWD512818': [0.834746, 0.165254], 'NWD587844': [0.970047, 0.029953], 'NWD678520': [0.673372, 0.326628], 'NWD486871': [0.522412, 0.477588], 'NWD571531': [0.717632, 0.282368], 'NWD754070': [0.99999, 1e-05], 'NWD630602': [0.626684, 0.373316], 'NWD643775': [0.965838, 0.034162], 'NWD163203': [0.989032, 0.010968], 'NWD916599': [0.99999, 1e-05], 'NWD950794': [0.776627, 0.223373], 'NWD782813': [0.982107, 0.017893], 'NWD836765': [0.992583, 0.007417], 'NWD447217': [0.827662, 0.172338], 'NWD288321': [0.731096, 0.268904], 'NWD392992': [0.892065, 0.107935], 'NWD856383': [0.618634, 0.381366], 'NWD314678': [0.970894, 0.029106], 'NWD445484': [0.876928, 0.123072], 'NWD125656': [0.994797, 0.005203], 'NWD276731': [0.92558, 0.07442], 'NWD527323': [0.412361, 0.587639], 'NWD140824': [0.873665, 0.126335], 'NWD251680': [0.763855, 0.236145], 'NWD318497': [0.698217, 0.301783], 'NWD337903': [0.923105, 0.076895], 'NWD815786': [0.015506, 0.984494], 'NWD737180': [0.96127, 0.03873], 'NWD774561': [0.889653, 0.110347], 'NWD866219': [0.842379, 0.157621], 'NWD944827': [0.956404, 0.043596], 'NWD993659': [0.949438, 0.050562], 'NWD105648': [0.824261, 0.175739], 'NWD516805': [0.934204, 0.065796], 'NWD600992': [0.611819, 0.388181], 'NWD610801': [0.736172, 0.263828], 'NWD730299': [0.779434, 0.220566], 'NWD998816': [0.947232, 0.052768], 'NWD865962': [0.692663, 0.307337], 'NWD710489': [0.982938, 0.017062], 'NWD268401': [0.970324, 0.029676], 'NWD879683': [0.927315, 0.072685], 'NWD412116': [0.539436, 0.460564], 'NWD517673': [0.830409, 0.169591], 'NWD402569': [0.975247, 0.024753], 'NWD930303': [0.589325, 0.410675], 'NWD660071': [0.728062, 0.271938], 'NWD159679': [0.929803, 0.070197], 'NWD338378': [0.961895, 0.038105], 'NWD381518': [0.468317, 0.531683], 'NWD299581': [0.670927, 0.329073], 'NWD453328': [0.829915, 0.170085], 'NWD542871': [0.472782, 0.527218], 'NWD716639': [0.95188, 0.04812], 'NWD601219': [0.813768, 0.186232], 'NWD346624': [0.639752, 0.360248], 'NWD599306': [0.858951, 0.141049], 'NWD242199': [0.68093, 0.31907], 'NWD620567': [0.363483, 0.636517], 'NWD993431': [0.975372, 0.024628], 'NWD573145': [0.613347, 0.386653], 'NWD557722': [0.881839, 0.118161], 'NWD158184': [0.809886, 0.190114], 'NWD431959': [0.53203, 0.46797], 'NWD788130': [0.99999, 1e-05], 'NWD396724': [0.949194, 0.050806], 'NWD343349': [0.828973, 0.171027], 'NWD712032': [0.587784, 0.412216], 'NWD612175': [0.649584, 0.350416], 'NWD417668': [0.99999, 1e-05], 'NWD409874': [0.998586, 0.001414], 'NWD563349': [0.69155, 0.30845], 'NWD457909': [0.472829, 0.527171], 'NWD135441': [0.536706, 0.463294], 'NWD878668': [0.760575, 0.239425], 'NWD728777': [0.31926, 0.68074], 'NWD609750': [0.252869, 0.747131], 'NWD641240': [0.81617, 0.18383], 'NWD171365': [0.973561, 0.026439], 'NWD281909': [0.922823, 0.077177], 'NWD897019': [0.947431, 0.052569], 'NWD687607': [0.967496, 0.032504], 'NWD626329': [0.595567, 0.404433], 'NWD681170': [0.625462, 0.374538], 'NWD696182': [0.959221, 0.040779], 'NWD559886': [0.912089, 0.087911], 'NWD730873': [0.784762, 0.215238], 'NWD462567': [0.713423, 0.286577], 'NWD795057': [0.943407, 0.056593], 'NWD352494': [0.888353, 0.111647], 'NWD553021': [0.381396, 0.618604], 'NWD847600': [0.982898, 0.017102], 'NWD181781': [0.698753, 0.301247], 'NWD640412': [0.837993, 0.162007], 'NWD907433': [0.767712, 0.232288], 'NWD795363': [0.99999, 1e-05], 'NWD353250': [0.822684, 0.177316], 'NA18498': [0.99999, 1e-05], 'NA19143': [0.99999, 1e-05], 'NA19159': [0.99999, 1e-05], 'NA19209': [0.99999, 1e-05], 'NA19117': [0.99999, 1e-05], 'NA18858': [0.99999, 1e-05], 'NA18505': [0.99999, 1e-05], 'NA12399': [1e-05, 0.99999], 'NA18924': [0.99999, 1e-05], 'NA19093': [0.99999, 1e-05], 'NA11840': [1e-05, 0.99999], 'NA18868': [0.99999, 1e-05], 'NA18908': [0.99999, 1e-05], 'NA19099': [0.99999, 1e-05], 'NA18881': [0.99999, 1e-05], 'NA12283': [1e-05, 0.99999], 'NA18916': [0.99999, 1e-05], 'NA12748': [1e-05, 0.99999], 'NA19175': [0.99999, 1e-05], 'NA18861': [0.99999, 1e-05], 'NA06985': [1e-05, 0.99999], 'NA18501': [0.99999, 1e-05], 'NA12750': [1e-05, 0.99999], 'NA19114': [0.99999, 1e-05], 'NA19141': [0.99999, 1e-05], 'NA18876': [0.99999, 1e-05], 'NA18879': [0.99999, 1e-05], 'NA11932': [1e-05, 0.99999], 'NA19235': [0.99999, 1e-05], 'NA19248': [0.99999, 1e-05], 'NA12383': [1e-05, 0.99999], 'NA18519': [0.99999, 1e-05], 'NA19197': [0.99999, 1e-05], 'NA19236': [0.99999, 1e-05], 'NA18499': [0.99999, 1e-05], 'NA12718': [1e-05, 0.99999], 'NA12890': [1e-05, 0.99999], 'NA19207': [0.99999, 1e-05], 'NA19160': [0.99999, 1e-05], 'NA12872': [1e-05, 0.99999], 'NA19116': [0.99999, 1e-05], 'NA18867': [0.99999, 1e-05], 'NA12340': [1e-05, 0.99999], 'NA19138': [0.99999, 1e-05], 'NA19222': [0.99999, 1e-05], 'NA18510': [0.99999, 1e-05], 'NA12004': [1e-05, 0.99999], 'NA18522': [0.99999, 1e-05], 'NA19184': [0.99999, 1e-05], 'NA11930': [1e-05, 0.99999], 'NA12058': [1e-05, 0.99999], 'NA18489': [0.99999, 1e-05], 'NA11933': [1e-05, 0.99999], 'NA12716': [1e-05, 0.99999], 'NA12342': [1e-05, 0.99999], 'NA19098': [0.99999, 1e-05], 'NA11919': [1e-05, 0.99999], 'NA06994': [1e-05, 0.99999], 'NA18912': [0.99999, 1e-05], 'NA19147': [0.99999, 1e-05], 'NA18934': [0.99999, 1e-05], 'NA19095': [0.99999, 1e-05], 'NA19204': [0.99999, 1e-05], 'NA18504': [0.99999, 1e-05], 'NA18523': [0.99999, 1e-05], 'NA12830': [1e-05, 0.99999], 'NA12760': [1e-05, 0.99999], 'NA18520': [0.99999, 1e-05], 'NA18909': [0.99999, 1e-05], 'NA12717': [1e-05, 0.99999], 'NA12778': [1e-05, 0.99999], 'NA18502': [0.99999, 1e-05], 'NA19096': [0.99999, 1e-05], 'NA18910': [0.99999, 1e-05], 'NA12003': [1e-05, 0.99999], 'NA12275': [1e-05, 0.99999], 'NA19198': [0.99999, 1e-05], 'NA18877': [0.99999, 1e-05], 'NA19146': [0.99999, 1e-05], 'NA12827': [1e-05, 0.99999], 'NA12045': [1e-05, 0.99999], 'NA10851': [1e-05, 0.99999], 'NA12843': [1e-05, 0.99999], 'NA12287': [1e-05, 0.99999], 'NA12777': [1e-05, 0.99999], 'NA19214': [0.99999, 1e-05], 'NA18488': [0.99999, 1e-05], 'NA07037': [1e-05, 0.99999], 'NA11992': [1e-05, 0.99999], 'NA12413': [1e-05, 0.99999], 'NA19239': [0.99999, 1e-05], 'NA12751': [1e-05, 0.99999], 'NA06984': [1e-05, 0.99999], 'NA12414': [1e-05, 0.99999], 'NA12546': [1e-05, 0.99999], 'NA18907': [0.99999, 1e-05], 'NA12828': [1e-05, 0.99999], 'NA18864': [0.99999, 1e-05], 'NA12815': [1e-05, 0.99999], 'NA12155': [1e-05, 0.99999], 'NA18507': [0.99999, 1e-05], 'NA12286': [1e-05, 0.99999], 'NA19225': [0.99999, 1e-05], 'NA12761': [1e-05, 0.99999], 'NA12005': [1e-05, 0.99999], 'NA12873': [1e-05, 0.99999], 'NA12400': [1e-05, 0.99999], 'NA18853': [0.99999, 1e-05], 'NA11931': [1e-05, 0.99999], 'NA19189': [0.99999, 1e-05], 'NA19108': [0.99999, 1e-05], 'NA18874': [0.99999, 1e-05], 'NA19102': [0.99999, 1e-05], 'NA07000': [1e-05, 0.99999], 'NA19149': [0.99999, 1e-05], 'NA11920': [1e-05, 0.99999], 'NA18873': [0.99999, 1e-05], 'NA12043': [1e-05, 0.99999], 'NA12762': [1e-05, 0.99999], 'NA10847': [1e-05, 0.99999], 'NA12763': [1e-05, 0.99999], 'NA19201': [0.99999, 1e-05], 'NA11831': [1e-05, 0.99999], 'NA12874': [1e-05, 0.99999], 'NA19206': [0.99999, 1e-05], 'NA12154': [1e-05, 0.99999], 'NA18865': [0.99999, 1e-05], 'NA12889': [1e-05, 0.99999], 'NA18933': [0.99999, 1e-05], 'NA19213': [0.99999, 1e-05], 'NA07056': [1e-05, 0.99999], 'NA19131': [0.99999, 1e-05], 'NA07051': [1e-05, 0.99999], 'NA19107': [0.99999, 1e-05], 'NA07357': [1e-05, 0.99999], 'NA19190': [0.99999, 1e-05], 'NA11892': [1e-05, 0.99999], 'NA18915': [0.99999, 1e-05], 'NA19256': [0.99999, 1e-05], 'NA11918': [1e-05, 0.99999], 'NA12249': [1e-05, 0.99999], 'NA11832': [1e-05, 0.99999], 'NA12341': [1e-05, 0.99999], 'NA12775': [1e-05, 0.99999], 'NA11893': [1e-05, 0.99999], 'NA12234': [1e-05, 0.99999], 'NA19171': [0.99999, 1e-05], 'NA19129': [0.99999, 1e-05], 'NA19130': [0.99999, 1e-05], 'NA12812': [1e-05, 0.99999], 'NA19200': [0.99999, 1e-05], 'NA12273': [1e-05, 0.99999], 'NA12489': [1e-05, 0.99999], 'NA12749': [1e-05, 0.99999], 'NA19119': [0.99999, 1e-05], 'NA18486': [0.99999, 1e-05], 'NA18517': [0.99999, 1e-05], 'NA18508': [0.99999, 1e-05], 'NA19118': [0.99999, 1e-05], 'NA12006': [1e-05, 0.99999], 'NA11995': [1e-05, 0.99999], 'NA19210': [0.99999, 1e-05], 'NA19152': [0.99999, 1e-05], 'NA11843': [1e-05, 0.99999], 'NA11881': [1e-05, 0.99999], 'NA12348': [1e-05, 0.99999], 'NA12044': [1e-05, 0.99999], 'NA19144': [0.99999, 1e-05], 'NA12144': [1e-05, 0.99999], 'NA11994': [1e-05, 0.99999], 'NA07048': [1e-05, 0.99999], 'NA12842': [1e-05, 0.99999], 'NA18917': [0.99999, 1e-05], 'NA11829': [1e-05, 0.99999], 'NA18870': [0.99999, 1e-05], 'NA19092': [0.99999, 1e-05], 'NA19153': [0.99999, 1e-05], 'NA19121': [0.99999, 1e-05], 'NA19172': [0.99999, 1e-05], 'NA07347': [1e-05, 0.99999], 'NA12776': [1e-05, 0.99999], 'NA19185': [0.99999, 1e-05], 'NA12156': [1e-05, 0.99999], 'NA19247': [0.99999, 1e-05], 'NA18878': [0.99999, 1e-05], 'NA12272': [1e-05, 0.99999], 'NA12829': [1e-05, 0.99999], 'NA12282': [1e-05, 0.99999], 'NA12813': [1e-05, 0.99999], 'NA12347': [1e-05, 0.99999], 'NA18871': [0.99999, 1e-05], 'NA19223': [0.99999, 1e-05], 'NA18923': [0.99999, 1e-05], 'NA06989': [1e-05, 0.99999], 'NA18511': [0.99999, 1e-05], 'NA06986': [1e-05, 0.99999], 'NA19257': [0.99999, 1e-05], 'NA11894': [1e-05, 0.99999], 'NA19238': [0.99999, 1e-05], 'NA19137': [0.99999, 1e-05], 'NA19113': [0.99999, 1e-05], 'NA18516': [0.99999, 1e-05], 'NA12878': [1e-05, 0.99999], 'NA18856': [0.99999, 1e-05], 'NA12814': [1e-05, 0.99999], 'NA12046': [1e-05, 0.99999], 'NA11830': [1e-05, 0.99999]}
[1, 0]
