ID            CEU     YRI
NWD163203  0.2905  0.7095
NWD838454  0.0026  0.9974
NWD447217  0.1311  0.8689
NWD506902  0.6799  0.3201
NWD516805  0.0716  0.9284
NWD598769  0.3425  0.6575
NWD276731  0.1664  0.8336
NWD857305  0.0398  0.9602
NWD573145  0.0085  0.9915
NWD378807  0.0545  0.9455
NWD773408  0.3763  0.6237
NWD862131  0.3349  0.6651
NWD696182  0.3699  0.6301
NWD601219  0.1906  0.8094
NWD445484  0.1125  0.8875
NWD245122  0.0437  0.9563
NWD574025  0.1212  0.8788
NWD962792   0.017   0.983
NWD140824  0.2037  0.7963
NWD347140  0.5384  0.4616
NWD388542  0.2422  0.7578
NWD409874  0.0401  0.9599
NWD641240  0.1374  0.8626
NWD620567  0.1618  0.8382
NWD754070  0.1405  0.8595
NWD338378  0.0637  0.9363
NWD660071  0.5143  0.4857
NWD452926  0.3992  0.6008
NWD233967   0.694   0.306
NWD878543    0.09    0.91
...           ...     ...
NWD907433   0.162   0.838
NWD712032  0.0286  0.9714
NWD677776     0.0     1.0
NWD599306  0.0844  0.9156
NWD684484     0.0     1.0
NWD826684  0.1155  0.8845
NWD428381  0.3031  0.6969
NWD174966  0.4159  0.5841
NWD938526  0.3474  0.6526
NWD328083  0.0339  0.9661
NWD318497  0.0915  0.9085
NWD731252  0.2985  0.7015
NWD412116  0.5894  0.4106
NWD640560  0.5296  0.4704
NWD639242  0.3805  0.6195
NWD599371     0.0     1.0
NWD720391     0.0     1.0
NWD431959  0.4775  0.5225
NWD584394  0.0028  0.9972
NWD344310  0.0877  0.9123
NWD517673  0.3121  0.6879
NWD527323  0.2463  0.7537
NWD418773   0.149   0.851
NWD857221  0.3206  0.6794
NWD836765     0.0     1.0
NWD396724  0.0122  0.9878
NWD125656  0.0791  0.9209
NWD912070  0.6584  0.3416
NWD597815   0.218   0.782
NWD512818  0.0352  0.9648

[201 rows x 2 columns]
{'NWD212434': [0.886232, 0.113768], 'NWD584394': [0.989721, 0.010279], 'NWD164446': [0.571709, 0.428291], 'NWD862869': [0.671638, 0.328362], 'NWD378807': [0.962956, 0.037044], 'NWD174966': [0.549994, 0.450006], 'NWD344310': [0.861269, 0.138731], 'NWD484275': [0.427322, 0.572678], 'NWD677387': [0.964607, 0.035393], 'NWD428381': [0.657494, 0.342506], 'NWD479314': [0.90379, 0.09621], 'NWD220560': [0.884353, 0.115647], 'NWD449948': [0.919091, 0.080909], 'NWD170091': [0.646856, 0.353144], 'NWD138795': [0.943765, 0.056235], 'NWD328083': [0.948194, 0.051806], 'NWD390054': [0.849185, 0.150815], 'NWD419692': [0.700881, 0.299119], 'NWD671182': [0.716584, 0.283416], 'NWD828733': [0.8777, 0.1223], 'NWD362144': [0.967928, 0.032072], 'NWD639242': [0.6368, 0.3632], 'NWD574916': [0.99999, 1e-05], 'NWD293024': [0.977899, 0.022101], 'NWD487726': [0.909229, 0.090771], 'NWD521616': [0.984807, 0.015193], 'NWD574025': [0.857625, 0.142375], 'NWD938526': [0.664454, 0.335546], 'NWD685703': [0.559453, 0.440547], 'NWD857221': [0.674444, 0.325556], 'NWD862131': [0.651109, 0.348891], 'NWD346975': [0.661746, 0.338254], 'NWD177635': [0.419314, 0.580686], 'NWD233967': [0.289629, 0.710371], 'NWD731252': [0.67164, 0.32836], 'NWD597815': [0.778008, 0.221992], 'NWD479130': [0.917631, 0.082369], 'NWD826684': [0.85989, 0.14011], 'NWD816583': [0.822151, 0.177849], 'NWD975921': [0.910079, 0.089921], 'NWD158237': [0.727807, 0.272193], 'NWD347140': [0.452241, 0.547759], 'NWD524336': [0.892595, 0.107405], 'NWD661828': [0.73429, 0.26571], 'NWD506902': [0.300331, 0.699669], 'NWD797979': [0.690028, 0.309972], 'NWD652755': [0.664345, 0.335655], 'NWD576327': [0.983235, 0.016765], 'NWD149502': [0.70462, 0.29538], 'NWD133198': [0.944078, 0.055922], 'NWD263184': [0.362127, 0.637873], 'NWD452926': [0.657396, 0.342604], 'NWD752087': [0.852205, 0.147795], 'NWD913991': [0.922941, 0.077059], 'NWD962792': [0.953529, 0.046471], 'NWD388542': [0.740527, 0.259473], 'NWD712674': [0.940709, 0.059291], 'NWD418773': [0.919244, 0.080756], 'NWD902298': [0.812696, 0.187304], 'NWD945886': [0.853863, 0.146137], 'NWD912070': [0.418671, 0.581329], 'NWD677776': [0.99999, 1e-05], 'NWD773408': [0.651275, 0.348725], 'NWD426008': [0.99999, 1e-05], 'NWD404517': [0.55499, 0.44501], 'NWD345273': [0.929852, 0.070148], 'NWD687323': [0.957409, 0.042591], 'NWD478709': [0.692387, 0.307613], 'NWD490768': [0.754677, 0.245323], 'NWD363273': [0.99999, 1e-05], 'NWD640560': [0.492106, 0.507894], 'NWD890143': [0.975197, 0.024803], 'NWD210347': [0.924772, 0.075228], 'NWD311932': [0.991172, 0.008828], 'NWD467083': [0.839244, 0.160756], 'NWD598769': [0.660002, 0.339998], 'NWD599371': [0.985373, 0.014627], 'NWD959607': [0.757611, 0.242389], 'NWD657624': [0.503649, 0.496351], 'NWD969537': [0.637729, 0.362271], 'NWD256042': [0.677737, 0.322263], 'NWD901710': [0.843054, 0.156946], 'NWD546564': [0.849351, 0.150649], 'NWD998609': [0.563796, 0.436204], 'NWD108116': [0.897734, 0.102266], 'NWD245122': [0.967431, 0.032569], 'NWD606337': [0.911888, 0.088112], 'NWD720391': [0.998392, 0.001608], 'NWD462712': [0.734824, 0.265176], 'NWD781750': [0.708244, 0.291756], 'NWD262638': [0.981641, 0.018359], 'NWD684484': [0.99999, 1e-05], 'NWD419335': [0.558401, 0.441599], 'NWD519039': [0.531418, 0.468582], 'NWD838454': [0.975752, 0.024248], 'NWD141713': [0.938257, 0.061743], 'NWD168541': [0.952452, 0.047548], 'NWD547021': [0.839234, 0.160766], 'NWD716470': [0.818442, 0.181558], 'NWD878543': [0.849591, 0.150409], 'NWD523161': [0.567978, 0.432022], 'NWD787458': [0.709685, 0.290315], 'NWD857305': [0.966147, 0.033853], 'NWD822723': [0.943377, 0.056623], 'NWD512818': [0.956605, 0.043395], 'NWD587844': [0.677344, 0.322656], 'NWD678520': [0.821323, 0.178677], 'NWD486871': [0.683281, 0.316719], 'NWD571531': [0.944347, 0.055653], 'NWD754070': [0.907108, 0.092892], 'NWD630602': [0.919297, 0.080703], 'NWD643775': [0.965388, 0.034612], 'NWD163203': [0.77491, 0.22509], 'NWD916599': [0.952782, 0.047218], 'NWD950794': [0.64896, 0.35104], 'NWD782813': [0.968424, 0.031576], 'NWD836765': [0.966915, 0.033085], 'NWD447217': [0.861179, 0.138821], 'NWD288321': [0.679328, 0.320672], 'NWD392992': [0.815417, 0.184583], 'NWD856383': [0.751555, 0.248445], 'NWD314678': [0.921237, 0.078763], 'NWD445484': [0.903416, 0.096584], 'NWD125656': [0.922135, 0.077865], 'NWD276731': [0.903177, 0.096823], 'NWD527323': [0.705245, 0.294755], 'NWD140824': [0.817708, 0.182292], 'NWD251680': [0.916943, 0.083057], 'NWD318497': [0.891895, 0.108105], 'NWD337903': [0.522862, 0.477138], 'NWD815786': [0.008169, 0.991831], 'NWD737180': [0.589859, 0.410141], 'NWD774561': [0.915322, 0.084678], 'NWD866219': [0.508233, 0.491767], 'NWD944827': [0.914747, 0.085253], 'NWD993659': [0.929971, 0.070029], 'NWD105648': [0.984124, 0.015876], 'NWD516805': [0.911571, 0.088429], 'NWD600992': [0.966213, 0.033787], 'NWD610801': [0.840851, 0.159149], 'NWD730299': [0.463382, 0.536618], 'NWD998816': [0.99999, 1e-05], 'NWD865962': [0.661167, 0.338833], 'NWD710489': [0.975734, 0.024266], 'NWD268401': [0.972354, 0.027646], 'NWD879683': [0.998504, 0.001496], 'NWD412116': [0.454798, 0.545202], 'NWD517673': [0.691615, 0.308385], 'NWD402569': [0.99999, 1e-05], 'NWD930303': [0.300788, 0.699212], 'NWD660071': [0.523557, 0.476443], 'NWD159679': [0.99999, 1e-05], 'NWD338378': [0.938631, 0.061369], 'NWD381518': [0.765509, 0.234491], 'NWD299581': [0.922637, 0.077363], 'NWD453328': [0.977432, 0.022568], 'NWD542871': [0.240978, 0.759022], 'NWD716639': [0.956583, 0.043417], 'NWD601219': [0.821403, 0.178597], 'NWD346624': [0.945271, 0.054729], 'NWD599306': [0.864529, 0.135471], 'NWD242199': [0.679682, 0.320318], 'NWD620567': [0.818456, 0.181544], 'NWD993431': [0.806841, 0.193159], 'NWD573145': [0.99999, 1e-05], 'NWD557722': [0.978146, 0.021854], 'NWD158184': [0.591569, 0.408431], 'NWD431959': [0.596287, 0.403713], 'NWD788130': [0.994331, 0.005669], 'NWD396724': [0.998239, 0.001761], 'NWD343349': [0.598823, 0.401177], 'NWD712032': [0.99999, 1e-05], 'NWD612175': [0.57046, 0.42954], 'NWD417668': [0.995989, 0.004011], 'NWD409874': [0.915113, 0.084887], 'NWD563349': [0.519455, 0.480545], 'NWD457909': [0.355619, 0.644381], 'NWD135441': [0.403159, 0.596841], 'NWD878668': [0.778727, 0.221273], 'NWD728777': [0.462054, 0.537946], 'NWD609750': [0.258326, 0.741674], 'NWD641240': [0.883015, 0.116985], 'NWD171365': [0.892138, 0.107862], 'NWD281909': [0.676643, 0.323357], 'NWD897019': [0.926115, 0.073885], 'NWD687607': [0.795539, 0.204461], 'NWD626329': [0.78808, 0.21192], 'NWD681170': [0.662718, 0.337282], 'NWD696182': [0.660177, 0.339823], 'NWD559886': [0.841414, 0.158586], 'NWD730873': [0.861776, 0.138224], 'NWD462567': [0.858573, 0.141427], 'NWD795057': [0.981523, 0.018477], 'NWD352494': [0.970613, 0.029387], 'NWD553021': [0.42978, 0.57022], 'NWD847600': [0.941303, 0.058697], 'NWD181781': [0.932148, 0.067852], 'NWD640412': [0.500658, 0.499342], 'NWD907433': [0.838426, 0.161574], 'NWD795363': [0.99999, 1e-05], 'NWD353250': [0.743789, 0.256211], 'NA18498': [0.99999, 1e-05], 'NA19143': [0.99999, 1e-05], 'NA19159': [0.99999, 1e-05], 'NA19209': [0.99999, 1e-05], 'NA19117': [0.99999, 1e-05], 'NA18858': [0.99999, 1e-05], 'NA18505': [0.99999, 1e-05], 'NA12399': [1e-05, 0.99999], 'NA18924': [0.99999, 1e-05], 'NA19093': [0.99999, 1e-05], 'NA11840': [1e-05, 0.99999], 'NA18868': [0.99999, 1e-05], 'NA18908': [0.99999, 1e-05], 'NA19099': [0.99999, 1e-05], 'NA18881': [0.99999, 1e-05], 'NA12283': [1e-05, 0.99999], 'NA18916': [0.99999, 1e-05], 'NA12748': [1e-05, 0.99999], 'NA19175': [0.99999, 1e-05], 'NA18861': [0.99999, 1e-05], 'NA06985': [1e-05, 0.99999], 'NA18501': [0.99999, 1e-05], 'NA12750': [1e-05, 0.99999], 'NA19114': [0.99999, 1e-05], 'NA19141': [0.99999, 1e-05], 'NA18876': [0.99999, 1e-05], 'NA18879': [0.99999, 1e-05], 'NA11932': [1e-05, 0.99999], 'NA19235': [0.99999, 1e-05], 'NA19248': [0.99999, 1e-05], 'NA12383': [1e-05, 0.99999], 'NA18519': [0.99999, 1e-05], 'NA19197': [0.99999, 1e-05], 'NA19236': [0.99999, 1e-05], 'NA18499': [0.99999, 1e-05], 'NA12718': [1e-05, 0.99999], 'NA12890': [1e-05, 0.99999], 'NA19207': [0.99999, 1e-05], 'NA19160': [0.99999, 1e-05], 'NA12872': [1e-05, 0.99999], 'NA19116': [0.99999, 1e-05], 'NA18867': [0.99999, 1e-05], 'NA12340': [1e-05, 0.99999], 'NA19138': [0.99999, 1e-05], 'NA19222': [0.99999, 1e-05], 'NA18510': [0.99999, 1e-05], 'NA12004': [1e-05, 0.99999], 'NA18522': [0.99999, 1e-05], 'NA19184': [0.99999, 1e-05], 'NA11930': [1e-05, 0.99999], 'NA12058': [1e-05, 0.99999], 'NA18489': [0.99999, 1e-05], 'NA11933': [1e-05, 0.99999], 'NA12716': [1e-05, 0.99999], 'NA12342': [1e-05, 0.99999], 'NA19098': [0.99999, 1e-05], 'NA11919': [1e-05, 0.99999], 'NA06994': [1e-05, 0.99999], 'NA18912': [0.99999, 1e-05], 'NA19147': [0.99999, 1e-05], 'NA18934': [0.99999, 1e-05], 'NA19095': [0.99999, 1e-05], 'NA19204': [0.99999, 1e-05], 'NA18504': [0.99999, 1e-05], 'NA18523': [0.99999, 1e-05], 'NA12830': [1e-05, 0.99999], 'NA12760': [1e-05, 0.99999], 'NA18520': [0.99999, 1e-05], 'NA18909': [0.99999, 1e-05], 'NA12717': [1e-05, 0.99999], 'NA12778': [1e-05, 0.99999], 'NA18502': [0.99999, 1e-05], 'NA19096': [0.99999, 1e-05], 'NA18910': [0.99999, 1e-05], 'NA12003': [1e-05, 0.99999], 'NA12275': [1e-05, 0.99999], 'NA19198': [0.99999, 1e-05], 'NA18877': [0.99999, 1e-05], 'NA19146': [0.99999, 1e-05], 'NA12827': [1e-05, 0.99999], 'NA12045': [1e-05, 0.99999], 'NA10851': [1e-05, 0.99999], 'NA12843': [1e-05, 0.99999], 'NA12287': [1e-05, 0.99999], 'NA12777': [1e-05, 0.99999], 'NA19214': [0.99999, 1e-05], 'NA18488': [0.99999, 1e-05], 'NA07037': [1e-05, 0.99999], 'NA11992': [1e-05, 0.99999], 'NA12413': [1e-05, 0.99999], 'NA19239': [0.99999, 1e-05], 'NA12751': [1e-05, 0.99999], 'NA06984': [1e-05, 0.99999], 'NA12414': [1e-05, 0.99999], 'NA12546': [1e-05, 0.99999], 'NA18907': [0.99999, 1e-05], 'NA12828': [1e-05, 0.99999], 'NA18864': [0.99999, 1e-05], 'NA12815': [1e-05, 0.99999], 'NA12155': [1e-05, 0.99999], 'NA18507': [0.99999, 1e-05], 'NA12286': [1e-05, 0.99999], 'NA19225': [0.99999, 1e-05], 'NA12761': [1e-05, 0.99999], 'NA12005': [1e-05, 0.99999], 'NA12873': [1e-05, 0.99999], 'NA12400': [1e-05, 0.99999], 'NA18853': [0.99999, 1e-05], 'NA11931': [1e-05, 0.99999], 'NA19189': [0.99999, 1e-05], 'NA19108': [0.99999, 1e-05], 'NA18874': [0.99999, 1e-05], 'NA19102': [0.99999, 1e-05], 'NA07000': [1e-05, 0.99999], 'NA19149': [0.99999, 1e-05], 'NA11920': [1e-05, 0.99999], 'NA18873': [0.99999, 1e-05], 'NA12043': [1e-05, 0.99999], 'NA12762': [1e-05, 0.99999], 'NA10847': [1e-05, 0.99999], 'NA12763': [1e-05, 0.99999], 'NA19201': [0.99999, 1e-05], 'NA11831': [1e-05, 0.99999], 'NA12874': [1e-05, 0.99999], 'NA19206': [0.99999, 1e-05], 'NA12154': [1e-05, 0.99999], 'NA18865': [0.99999, 1e-05], 'NA12889': [1e-05, 0.99999], 'NA18933': [0.99999, 1e-05], 'NA19213': [0.99999, 1e-05], 'NA07056': [1e-05, 0.99999], 'NA19131': [0.99999, 1e-05], 'NA07051': [1e-05, 0.99999], 'NA19107': [0.99999, 1e-05], 'NA07357': [1e-05, 0.99999], 'NA19190': [0.99999, 1e-05], 'NA11892': [1e-05, 0.99999], 'NA18915': [0.99999, 1e-05], 'NA19256': [0.99999, 1e-05], 'NA11918': [1e-05, 0.99999], 'NA12249': [1e-05, 0.99999], 'NA11832': [1e-05, 0.99999], 'NA12341': [1e-05, 0.99999], 'NA12775': [1e-05, 0.99999], 'NA11893': [1e-05, 0.99999], 'NA12234': [1e-05, 0.99999], 'NA19171': [0.99999, 1e-05], 'NA19129': [0.99999, 1e-05], 'NA19130': [0.99999, 1e-05], 'NA12812': [1e-05, 0.99999], 'NA19200': [0.99999, 1e-05], 'NA12273': [1e-05, 0.99999], 'NA12489': [1e-05, 0.99999], 'NA12749': [1e-05, 0.99999], 'NA19119': [0.99999, 1e-05], 'NA18486': [0.99999, 1e-05], 'NA18517': [0.99999, 1e-05], 'NA18508': [0.99999, 1e-05], 'NA19118': [0.99999, 1e-05], 'NA12006': [1e-05, 0.99999], 'NA11995': [1e-05, 0.99999], 'NA19210': [0.99999, 1e-05], 'NA19152': [0.99999, 1e-05], 'NA11843': [1e-05, 0.99999], 'NA11881': [1e-05, 0.99999], 'NA12348': [1e-05, 0.99999], 'NA12044': [1e-05, 0.99999], 'NA19144': [0.99999, 1e-05], 'NA12144': [1e-05, 0.99999], 'NA11994': [1e-05, 0.99999], 'NA07048': [1e-05, 0.99999], 'NA12842': [1e-05, 0.99999], 'NA18917': [0.99999, 1e-05], 'NA11829': [1e-05, 0.99999], 'NA18870': [0.99999, 1e-05], 'NA19092': [0.99999, 1e-05], 'NA19153': [0.99999, 1e-05], 'NA19121': [0.99999, 1e-05], 'NA19172': [0.99999, 1e-05], 'NA07347': [1e-05, 0.99999], 'NA12776': [1e-05, 0.99999], 'NA19185': [0.99999, 1e-05], 'NA12156': [1e-05, 0.99999], 'NA19247': [0.99999, 1e-05], 'NA18878': [0.99999, 1e-05], 'NA12272': [1e-05, 0.99999], 'NA12829': [1e-05, 0.99999], 'NA12282': [1e-05, 0.99999], 'NA12813': [1e-05, 0.99999], 'NA12347': [1e-05, 0.99999], 'NA18871': [0.99999, 1e-05], 'NA19223': [0.99999, 1e-05], 'NA18923': [0.99999, 1e-05], 'NA06989': [1e-05, 0.99999], 'NA18511': [0.99999, 1e-05], 'NA06986': [1e-05, 0.99999], 'NA19257': [0.99999, 1e-05], 'NA11894': [1e-05, 0.99999], 'NA19238': [0.99999, 1e-05], 'NA19137': [0.99999, 1e-05], 'NA19113': [0.99999, 1e-05], 'NA18516': [0.99999, 1e-05], 'NA12878': [1e-05, 0.99999], 'NA18856': [0.99999, 1e-05], 'NA12814': [1e-05, 0.99999], 'NA12046': [1e-05, 0.99999], 'NA11830': [1e-05, 0.99999]}
[1, 0]
