ID            CEU     YRI
NWD163203  0.1439  0.8561
NWD838454  0.0012  0.9988
NWD447217  0.1669  0.8331
NWD506902  0.3072  0.6928
NWD516805  0.1839  0.8161
NWD598769  0.1048  0.8952
NWD276731  0.6025  0.3975
NWD857305  0.0569  0.9431
NWD573145  0.3378  0.6622
NWD378807  0.0256  0.9744
NWD773408  0.2476  0.7524
NWD862131  0.1223  0.8777
NWD696182  0.0725  0.9275
NWD601219  0.0893  0.9107
NWD445484  0.3058  0.6942
NWD245122   0.003   0.997
NWD574025  0.3712  0.6288
NWD962792  0.1908  0.8092
NWD140824  0.1848  0.8152
NWD347140  0.4848  0.5152
NWD388542  0.3748  0.6252
NWD409874  0.0696  0.9304
NWD641240  0.3456  0.6544
NWD620567  0.5008  0.4992
NWD754070  0.0144  0.9856
NWD338378  0.0736  0.9264
NWD660071  0.3934  0.6066
NWD452926  0.1157  0.8843
NWD233967    0.77    0.23
NWD878543  0.1776  0.8224
...           ...     ...
NWD907433  0.4093  0.5907
NWD712032  0.2893  0.7107
NWD677776  0.1813  0.8187
NWD599306  0.0032  0.9968
NWD684484     0.0     1.0
NWD826684     0.0     1.0
NWD428381  0.2547  0.7453
NWD174966  0.3665  0.6335
NWD938526  0.4697  0.5303
NWD328083  0.2655  0.7345
NWD318497  0.4906  0.5094
NWD731252  0.1178  0.8822
NWD412116  0.5086  0.4914
NWD640560  0.2929  0.7071
NWD639242   0.334   0.666
NWD599371  0.0015  0.9985
NWD720391  0.2153  0.7847
NWD431959  0.5141  0.4859
NWD584394     0.0     1.0
NWD344310  0.0338  0.9662
NWD517673  0.0676  0.9324
NWD527323  0.5466  0.4534
NWD418773  0.3312  0.6688
NWD857221  0.0713  0.9287
NWD836765     0.0     1.0
NWD396724  0.0484  0.9516
NWD125656  0.0007  0.9993
NWD912070  0.1724  0.8276
NWD597815  0.0311  0.9689
NWD512818  0.2303  0.7697

[201 rows x 2 columns]
{'NWD212434': [0.950808, 0.049192], 'NWD584394': [0.99999, 1e-05], 'NWD164446': [0.836938, 0.163062], 'NWD862869': [0.497145, 0.502855], 'NWD378807': [0.966952, 0.033048], 'NWD174966': [0.660456, 0.339544], 'NWD344310': [0.978382, 0.021618], 'NWD484275': [0.98614, 0.01386], 'NWD677387': [0.99999, 1e-05], 'NWD428381': [0.778665, 0.221335], 'NWD479314': [0.940368, 0.059632], 'NWD220560': [0.884859, 0.115141], 'NWD449948': [0.855697, 0.144303], 'NWD170091': [0.703003, 0.296997], 'NWD138795': [0.933353, 0.066647], 'NWD328083': [0.748047, 0.251953], 'NWD390054': [0.967262, 0.032738], 'NWD419692': [0.865542, 0.134458], 'NWD671182': [0.77804, 0.22196], 'NWD828733': [0.712779, 0.287221], 'NWD362144': [0.976265, 0.023735], 'NWD639242': [0.657112, 0.342888], 'NWD574916': [0.985014, 0.014986], 'NWD293024': [0.99999, 1e-05], 'NWD487726': [0.843423, 0.156577], 'NWD521616': [0.823266, 0.176734], 'NWD574025': [0.67429, 0.32571], 'NWD938526': [0.573894, 0.426106], 'NWD685703': [0.863331, 0.136669], 'NWD857221': [0.905956, 0.094044], 'NWD862131': [0.849088, 0.150912], 'NWD346975': [0.722886, 0.277114], 'NWD177635': [0.343399, 0.656601], 'NWD233967': [0.259552, 0.740448], 'NWD731252': [0.894655, 0.105345], 'NWD597815': [0.969548, 0.030452], 'NWD479130': [0.77069, 0.22931], 'NWD826684': [0.997968, 0.002032], 'NWD816583': [0.878167, 0.121833], 'NWD975921': [0.850812, 0.149188], 'NWD158237': [0.869081, 0.130919], 'NWD347140': [0.497311, 0.502689], 'NWD524336': [0.912263, 0.087737], 'NWD661828': [0.762705, 0.237295], 'NWD506902': [0.684865, 0.315135], 'NWD797979': [0.804019, 0.195981], 'NWD652755': [0.873187, 0.126813], 'NWD576327': [0.976118, 0.023882], 'NWD149502': [0.773387, 0.226613], 'NWD133198': [0.929522, 0.070478], 'NWD263184': [0.485815, 0.514185], 'NWD452926': [0.870651, 0.129349], 'NWD752087': [0.966115, 0.033885], 'NWD913991': [0.836786, 0.163214], 'NWD962792': [0.790791, 0.209209], 'NWD388542': [0.671969, 0.328031], 'NWD712674': [0.591194, 0.408806], 'NWD418773': [0.708119, 0.291881], 'NWD902298': [0.795621, 0.204379], 'NWD945886': [0.875805, 0.124195], 'NWD912070': [0.803197, 0.196803], 'NWD677776': [0.821472, 0.178528], 'NWD773408': [0.733785, 0.266215], 'NWD426008': [0.981054, 0.018946], 'NWD404517': [0.532647, 0.467353], 'NWD345273': [0.956665, 0.043335], 'NWD687323': [0.811584, 0.188416], 'NWD478709': [0.544319, 0.455681], 'NWD490768': [0.739237, 0.260763], 'NWD363273': [0.587878, 0.412122], 'NWD640560': [0.700563, 0.299437], 'NWD890143': [0.820276, 0.179724], 'NWD210347': [0.758382, 0.241618], 'NWD311932': [0.981214, 0.018786], 'NWD467083': [0.677487, 0.322513], 'NWD598769': [0.907188, 0.092812], 'NWD599371': [0.997247, 0.002753], 'NWD959607': [0.783851, 0.216149], 'NWD657624': [0.383055, 0.616945], 'NWD969537': [0.754412, 0.245588], 'NWD256042': [0.616424, 0.383576], 'NWD901710': [0.890246, 0.109754], 'NWD546564': [0.803486, 0.196514], 'NWD998609': [0.66185, 0.33815], 'NWD108116': [0.93825, 0.06175], 'NWD245122': [0.999263, 0.000737], 'NWD606337': [0.958145, 0.041855], 'NWD720391': [0.767816, 0.232184], 'NWD462712': [0.981141, 0.018859], 'NWD781750': [0.809575, 0.190425], 'NWD262638': [0.823086, 0.176914], 'NWD684484': [0.99999, 1e-05], 'NWD419335': [0.604084, 0.395916], 'NWD519039': [0.789652, 0.210348], 'NWD838454': [0.968855, 0.031145], 'NWD141713': [0.740656, 0.259344], 'NWD168541': [0.848761, 0.151239], 'NWD547021': [0.87208, 0.12792], 'NWD716470': [0.755896, 0.244104], 'NWD878543': [0.835775, 0.164225], 'NWD523161': [0.629309, 0.370691], 'NWD787458': [0.730919, 0.269081], 'NWD857305': [0.976649, 0.023351], 'NWD822723': [0.867839, 0.132161], 'NWD512818': [0.758315, 0.241685], 'NWD587844': [0.885338, 0.114662], 'NWD678520': [0.909456, 0.090544], 'NWD486871': [0.655284, 0.344716], 'NWD571531': [0.959373, 0.040627], 'NWD754070': [0.996347, 0.003653], 'NWD630602': [0.926756, 0.073244], 'NWD643775': [0.759176, 0.240824], 'NWD163203': [0.845339, 0.154661], 'NWD916599': [0.867631, 0.132369], 'NWD950794': [0.711611, 0.288389], 'NWD782813': [0.99999, 1e-05], 'NWD836765': [0.99999, 1e-05], 'NWD447217': [0.838739, 0.161261], 'NWD288321': [0.553834, 0.446166], 'NWD392992': [0.797072, 0.202928], 'NWD856383': [0.462035, 0.537965], 'NWD314678': [0.961073, 0.038927], 'NWD445484': [0.685132, 0.314868], 'NWD125656': [0.995613, 0.004387], 'NWD276731': [0.460082, 0.539918], 'NWD527323': [0.473045, 0.526955], 'NWD140824': [0.825536, 0.174464], 'NWD251680': [0.790026, 0.209974], 'NWD318497': [0.566102, 0.433898], 'NWD337903': [0.843538, 0.156462], 'NWD815786': [1e-05, 0.99999], 'NWD737180': [0.735242, 0.264758], 'NWD774561': [0.908537, 0.091463], 'NWD866219': [0.542881, 0.457119], 'NWD944827': [0.898376, 0.101624], 'NWD993659': [0.943901, 0.056099], 'NWD105648': [0.955724, 0.044276], 'NWD516805': [0.851565, 0.148435], 'NWD600992': [0.785223, 0.214777], 'NWD610801': [0.928553, 0.071447], 'NWD730299': [0.650662, 0.349338], 'NWD998816': [0.724778, 0.275222], 'NWD865962': [0.946467, 0.053533], 'NWD710489': [0.973823, 0.026177], 'NWD268401': [0.99999, 1e-05], 'NWD879683': [0.882363, 0.117637], 'NWD412116': [0.483684, 0.516316], 'NWD517673': [0.91779, 0.08221], 'NWD402569': [0.756978, 0.243022], 'NWD930303': [0.630351, 0.369649], 'NWD660071': [0.590438, 0.409562], 'NWD159679': [0.981116, 0.018884], 'NWD338378': [0.907013, 0.092987], 'NWD381518': [0.720688, 0.279312], 'NWD299581': [0.96691, 0.03309], 'NWD453328': [0.944159, 0.055841], 'NWD542871': [0.55795, 0.44205], 'NWD716639': [0.88598, 0.11402], 'NWD601219': [0.890892, 0.109108], 'NWD346624': [0.888849, 0.111151], 'NWD599306': [0.978534, 0.021466], 'NWD242199': [0.883995, 0.116005], 'NWD620567': [0.502898, 0.497102], 'NWD993431': [0.930328, 0.069672], 'NWD573145': [0.706633, 0.293367], 'NWD557722': [0.892506, 0.107494], 'NWD158184': [0.633839, 0.366161], 'NWD431959': [0.53334, 0.46666], 'NWD788130': [0.99999, 1e-05], 'NWD396724': [0.943372, 0.056628], 'NWD343349': [0.68878, 0.31122], 'NWD712032': [0.692816, 0.307184], 'NWD612175': [0.728111, 0.271889], 'NWD417668': [0.999245, 0.000755], 'NWD409874': [0.941521, 0.058479], 'NWD563349': [0.719349, 0.280651], 'NWD457909': [0.401417, 0.598583], 'NWD135441': [0.501508, 0.498492], 'NWD878668': [0.863597, 0.136403], 'NWD728777': [0.266665, 0.733335], 'NWD609750': [0.674204, 0.325796], 'NWD641240': [0.617533, 0.382467], 'NWD171365': [0.815686, 0.184314], 'NWD281909': [0.844426, 0.155574], 'NWD897019': [0.952697, 0.047303], 'NWD687607': [0.970024, 0.029976], 'NWD626329': [0.711014, 0.288986], 'NWD681170': [0.676522, 0.323478], 'NWD696182': [0.913541, 0.086459], 'NWD559886': [0.914156, 0.085844], 'NWD730873': [0.887262, 0.112738], 'NWD462567': [0.869966, 0.130034], 'NWD795057': [0.99999, 1e-05], 'NWD352494': [0.905512, 0.094488], 'NWD553021': [0.831525, 0.168475], 'NWD847600': [0.852849, 0.147151], 'NWD181781': [0.796907, 0.203093], 'NWD640412': [0.700044, 0.299956], 'NWD907433': [0.627372, 0.372628], 'NWD795363': [0.99999, 1e-05], 'NWD353250': [0.777275, 0.222725], 'NA18498': [0.99999, 1e-05], 'NA19143': [0.99999, 1e-05], 'NA19159': [0.99999, 1e-05], 'NA19209': [0.99999, 1e-05], 'NA19117': [0.99999, 1e-05], 'NA18858': [0.99999, 1e-05], 'NA18505': [0.99999, 1e-05], 'NA12399': [1e-05, 0.99999], 'NA18924': [0.99999, 1e-05], 'NA19093': [0.99999, 1e-05], 'NA11840': [1e-05, 0.99999], 'NA18868': [0.99999, 1e-05], 'NA18908': [0.99999, 1e-05], 'NA19099': [0.99999, 1e-05], 'NA18881': [0.99999, 1e-05], 'NA12283': [1e-05, 0.99999], 'NA18916': [0.99999, 1e-05], 'NA12748': [1e-05, 0.99999], 'NA19175': [0.99999, 1e-05], 'NA18861': [0.99999, 1e-05], 'NA06985': [1e-05, 0.99999], 'NA18501': [0.99999, 1e-05], 'NA12750': [1e-05, 0.99999], 'NA19114': [0.99999, 1e-05], 'NA19141': [0.99999, 1e-05], 'NA18876': [0.99999, 1e-05], 'NA18879': [0.99999, 1e-05], 'NA11932': [1e-05, 0.99999], 'NA19235': [0.99999, 1e-05], 'NA19248': [0.99999, 1e-05], 'NA12383': [1e-05, 0.99999], 'NA18519': [0.99999, 1e-05], 'NA19197': [0.99999, 1e-05], 'NA19236': [0.99999, 1e-05], 'NA18499': [0.99999, 1e-05], 'NA12718': [1e-05, 0.99999], 'NA12890': [1e-05, 0.99999], 'NA19207': [0.99999, 1e-05], 'NA19160': [0.99999, 1e-05], 'NA12872': [1e-05, 0.99999], 'NA19116': [0.99999, 1e-05], 'NA18867': [0.99999, 1e-05], 'NA12340': [1e-05, 0.99999], 'NA19138': [0.99999, 1e-05], 'NA19222': [0.99999, 1e-05], 'NA18510': [0.99999, 1e-05], 'NA12004': [1e-05, 0.99999], 'NA18522': [0.99999, 1e-05], 'NA19184': [0.99999, 1e-05], 'NA11930': [1e-05, 0.99999], 'NA12058': [1e-05, 0.99999], 'NA18489': [0.99999, 1e-05], 'NA11933': [1e-05, 0.99999], 'NA12716': [1e-05, 0.99999], 'NA12342': [1e-05, 0.99999], 'NA19098': [0.99999, 1e-05], 'NA11919': [1e-05, 0.99999], 'NA06994': [1e-05, 0.99999], 'NA18912': [0.99999, 1e-05], 'NA19147': [0.99999, 1e-05], 'NA18934': [0.99999, 1e-05], 'NA19095': [0.99999, 1e-05], 'NA19204': [0.99999, 1e-05], 'NA18504': [0.99999, 1e-05], 'NA18523': [0.99999, 1e-05], 'NA12830': [1e-05, 0.99999], 'NA12760': [1e-05, 0.99999], 'NA18520': [0.99999, 1e-05], 'NA18909': [0.99999, 1e-05], 'NA12717': [1e-05, 0.99999], 'NA12778': [1e-05, 0.99999], 'NA18502': [0.99999, 1e-05], 'NA19096': [0.99999, 1e-05], 'NA18910': [0.99999, 1e-05], 'NA12003': [1e-05, 0.99999], 'NA12275': [1e-05, 0.99999], 'NA19198': [0.99999, 1e-05], 'NA18877': [0.99999, 1e-05], 'NA19146': [0.99999, 1e-05], 'NA12827': [1e-05, 0.99999], 'NA12045': [1e-05, 0.99999], 'NA10851': [1e-05, 0.99999], 'NA12843': [1e-05, 0.99999], 'NA12287': [1e-05, 0.99999], 'NA12777': [1e-05, 0.99999], 'NA19214': [0.99999, 1e-05], 'NA18488': [0.99999, 1e-05], 'NA07037': [1e-05, 0.99999], 'NA11992': [1e-05, 0.99999], 'NA12413': [1e-05, 0.99999], 'NA19239': [0.99999, 1e-05], 'NA12751': [1e-05, 0.99999], 'NA06984': [1e-05, 0.99999], 'NA12414': [1e-05, 0.99999], 'NA12546': [1e-05, 0.99999], 'NA18907': [0.99999, 1e-05], 'NA12828': [1e-05, 0.99999], 'NA18864': [0.99999, 1e-05], 'NA12815': [1e-05, 0.99999], 'NA12155': [1e-05, 0.99999], 'NA18507': [0.99999, 1e-05], 'NA12286': [1e-05, 0.99999], 'NA19225': [0.99999, 1e-05], 'NA12761': [1e-05, 0.99999], 'NA12005': [1e-05, 0.99999], 'NA12873': [1e-05, 0.99999], 'NA12400': [1e-05, 0.99999], 'NA18853': [0.99999, 1e-05], 'NA11931': [1e-05, 0.99999], 'NA19189': [0.99999, 1e-05], 'NA19108': [0.99999, 1e-05], 'NA18874': [0.99999, 1e-05], 'NA19102': [0.99999, 1e-05], 'NA07000': [1e-05, 0.99999], 'NA19149': [0.99999, 1e-05], 'NA11920': [1e-05, 0.99999], 'NA18873': [0.99999, 1e-05], 'NA12043': [1e-05, 0.99999], 'NA12762': [1e-05, 0.99999], 'NA10847': [1e-05, 0.99999], 'NA12763': [1e-05, 0.99999], 'NA19201': [0.99999, 1e-05], 'NA11831': [1e-05, 0.99999], 'NA12874': [1e-05, 0.99999], 'NA19206': [0.99999, 1e-05], 'NA12154': [1e-05, 0.99999], 'NA18865': [0.99999, 1e-05], 'NA12889': [1e-05, 0.99999], 'NA18933': [0.99999, 1e-05], 'NA19213': [0.99999, 1e-05], 'NA07056': [1e-05, 0.99999], 'NA19131': [0.99999, 1e-05], 'NA07051': [1e-05, 0.99999], 'NA19107': [0.99999, 1e-05], 'NA07357': [1e-05, 0.99999], 'NA19190': [0.99999, 1e-05], 'NA11892': [1e-05, 0.99999], 'NA18915': [0.99999, 1e-05], 'NA19256': [0.99999, 1e-05], 'NA11918': [1e-05, 0.99999], 'NA12249': [1e-05, 0.99999], 'NA11832': [1e-05, 0.99999], 'NA12341': [1e-05, 0.99999], 'NA12775': [1e-05, 0.99999], 'NA11893': [1e-05, 0.99999], 'NA12234': [1e-05, 0.99999], 'NA19171': [0.99999, 1e-05], 'NA19129': [0.99999, 1e-05], 'NA19130': [0.99999, 1e-05], 'NA12812': [1e-05, 0.99999], 'NA19200': [0.99999, 1e-05], 'NA12273': [1e-05, 0.99999], 'NA12489': [1e-05, 0.99999], 'NA12749': [1e-05, 0.99999], 'NA19119': [0.99999, 1e-05], 'NA18486': [0.99999, 1e-05], 'NA18517': [0.99999, 1e-05], 'NA18508': [0.99999, 1e-05], 'NA19118': [0.99999, 1e-05], 'NA12006': [1e-05, 0.99999], 'NA11995': [1e-05, 0.99999], 'NA19210': [0.99999, 1e-05], 'NA19152': [0.99999, 1e-05], 'NA11843': [1e-05, 0.99999], 'NA11881': [1e-05, 0.99999], 'NA12348': [1e-05, 0.99999], 'NA12044': [1e-05, 0.99999], 'NA19144': [0.99999, 1e-05], 'NA12144': [1e-05, 0.99999], 'NA11994': [1e-05, 0.99999], 'NA07048': [1e-05, 0.99999], 'NA12842': [1e-05, 0.99999], 'NA18917': [0.99999, 1e-05], 'NA11829': [1e-05, 0.99999], 'NA18870': [0.99999, 1e-05], 'NA19092': [0.99999, 1e-05], 'NA19153': [0.99999, 1e-05], 'NA19121': [0.99999, 1e-05], 'NA19172': [0.99999, 1e-05], 'NA07347': [1e-05, 0.99999], 'NA12776': [1e-05, 0.99999], 'NA19185': [0.99999, 1e-05], 'NA12156': [1e-05, 0.99999], 'NA19247': [0.99999, 1e-05], 'NA18878': [0.99999, 1e-05], 'NA12272': [1e-05, 0.99999], 'NA12829': [1e-05, 0.99999], 'NA12282': [1e-05, 0.99999], 'NA12813': [1e-05, 0.99999], 'NA12347': [1e-05, 0.99999], 'NA18871': [0.99999, 1e-05], 'NA19223': [0.99999, 1e-05], 'NA18923': [0.99999, 1e-05], 'NA06989': [1e-05, 0.99999], 'NA18511': [0.99999, 1e-05], 'NA06986': [1e-05, 0.99999], 'NA19257': [0.99999, 1e-05], 'NA11894': [1e-05, 0.99999], 'NA19238': [0.99999, 1e-05], 'NA19137': [0.99999, 1e-05], 'NA19113': [0.99999, 1e-05], 'NA18516': [0.99999, 1e-05], 'NA12878': [1e-05, 0.99999], 'NA18856': [0.99999, 1e-05], 'NA12814': [1e-05, 0.99999], 'NA12046': [1e-05, 0.99999], 'NA11830': [1e-05, 0.99999]}
[1, 0]
