ID            CEU     YRI
NWD163203     0.0     1.0
NWD838454  0.0968  0.9032
NWD447217     0.0     1.0
NWD506902  0.6965  0.3035
NWD516805  0.0451  0.9549
NWD598769   0.058   0.942
NWD276731     0.0     1.0
NWD857305     0.0     1.0
NWD573145  0.4946  0.5054
NWD378807  0.2976  0.7024
NWD773408   0.305   0.695
NWD862131  0.5503  0.4497
NWD696182   0.272   0.728
NWD601219  0.0641  0.9359
NWD445484  0.1009  0.8991
NWD245122     0.0     1.0
NWD574025  0.2071  0.7929
NWD962792  0.0199  0.9801
NWD140824  0.4091  0.5909
NWD347140  0.9958  0.0042
NWD388542  0.0096  0.9904
NWD409874  0.2435  0.7565
NWD641240  0.7256  0.2744
NWD620567  0.3529  0.6471
NWD754070     0.0     1.0
NWD338378  0.1777  0.8223
NWD660071  0.2075  0.7925
NWD452926  0.2052  0.7948
NWD233967  0.2888  0.7112
NWD878543  0.7225  0.2775
...           ...     ...
NWD907433  0.0829  0.9171
NWD712032  0.1579  0.8421
NWD677776  0.1627  0.8373
NWD599306  0.0274  0.9726
NWD684484     0.0     1.0
NWD826684     0.0     1.0
NWD428381  0.0635  0.9365
NWD174966  0.0868  0.9132
NWD938526  0.0627  0.9373
NWD328083  0.5875  0.4125
NWD318497  0.0315  0.9685
NWD731252  0.0096  0.9904
NWD412116  0.2563  0.7437
NWD640560  0.1185  0.8815
NWD639242  0.2544  0.7456
NWD599371  0.0977  0.9023
NWD720391  0.2114  0.7886
NWD431959  0.6732  0.3268
NWD584394     0.0     1.0
NWD344310  0.1415  0.8585
NWD517673     0.0     1.0
NWD527323  0.2322  0.7678
NWD418773   0.316   0.684
NWD857221  0.3129  0.6871
NWD836765     0.0     1.0
NWD396724  0.0452  0.9548
NWD125656   0.109   0.891
NWD912070  0.2542  0.7458
NWD597815  0.2583  0.7417
NWD512818  0.0285  0.9715

[201 rows x 2 columns]
{'NWD212434': [0.997872, 0.002128], 'NWD584394': [0.949603, 0.050397], 'NWD164446': [0.473543, 0.526457], 'NWD862869': [0.415028, 0.584972], 'NWD378807': [0.646253, 0.353747], 'NWD174966': [0.96374, 0.03626], 'NWD344310': [0.844786, 0.155214], 'NWD484275': [0.623586, 0.376414], 'NWD677387': [0.691205, 0.308795], 'NWD428381': [0.877849, 0.122151], 'NWD479314': [0.998838, 0.001162], 'NWD220560': [0.74767, 0.25233], 'NWD449948': [0.938144, 0.061856], 'NWD170091': [0.985911, 0.014089], 'NWD138795': [0.961512, 0.038488], 'NWD328083': [0.377019, 0.622981], 'NWD390054': [0.723591, 0.276409], 'NWD419692': [0.601867, 0.398133], 'NWD671182': [0.394888, 0.605112], 'NWD828733': [0.977817, 0.022183], 'NWD362144': [0.999547, 0.000453], 'NWD639242': [0.736238, 0.263762], 'NWD574916': [0.975193, 0.024807], 'NWD293024': [0.980607, 0.019393], 'NWD487726': [0.975438, 0.024562], 'NWD521616': [0.94054, 0.05946], 'NWD574025': [0.750938, 0.249062], 'NWD938526': [0.902545, 0.097455], 'NWD685703': [0.590486, 0.409514], 'NWD857221': [0.644722, 0.355278], 'NWD862131': [0.446636, 0.553364], 'NWD346975': [0.723641, 0.276359], 'NWD177635': [0.651308, 0.348692], 'NWD233967': [0.639892, 0.360108], 'NWD731252': [0.984952, 0.015048], 'NWD597815': [0.760591, 0.239409], 'NWD479130': [0.727591, 0.272409], 'NWD826684': [0.99999, 1e-05], 'NWD816583': [0.99999, 1e-05], 'NWD975921': [0.975159, 0.024841], 'NWD158237': [0.928843, 0.071157], 'NWD347140': [1e-05, 0.99999], 'NWD524336': [0.982845, 0.017155], 'NWD661828': [0.497595, 0.502405], 'NWD506902': [0.230261, 0.769739], 'NWD797979': [0.800836, 0.199164], 'NWD652755': [0.941127, 0.058873], 'NWD576327': [0.945588, 0.054412], 'NWD149502': [0.673348, 0.326652], 'NWD133198': [0.705684, 0.294316], 'NWD263184': [0.517565, 0.482435], 'NWD452926': [0.786194, 0.213806], 'NWD752087': [0.99999, 1e-05], 'NWD913991': [0.933562, 0.066438], 'NWD962792': [0.93233, 0.06767], 'NWD388542': [0.978588, 0.021412], 'NWD712674': [0.473332, 0.526668], 'NWD418773': [0.633652, 0.366348], 'NWD902298': [0.971749, 0.028251], 'NWD945886': [0.643239, 0.356761], 'NWD912070': [0.686173, 0.313827], 'NWD677776': [0.779542, 0.220458], 'NWD773408': [0.672494, 0.327506], 'NWD426008': [0.99999, 1e-05], 'NWD404517': [0.99999, 1e-05], 'NWD345273': [0.905665, 0.094335], 'NWD687323': [0.945645, 0.054355], 'NWD478709': [0.633537, 0.366463], 'NWD490768': [0.698519, 0.301481], 'NWD363273': [0.911512, 0.088488], 'NWD640560': [0.858277, 0.141723], 'NWD890143': [0.928192, 0.071808], 'NWD210347': [0.99999, 1e-05], 'NWD311932': [0.99999, 1e-05], 'NWD467083': [0.889494, 0.110506], 'NWD598769': [0.89334, 0.10666], 'NWD599371': [0.850204, 0.149796], 'NWD959607': [0.650247, 0.349753], 'NWD657624': [0.40622, 0.59378], 'NWD969537': [0.426577, 0.573423], 'NWD256042': [0.679072, 0.320928], 'NWD901710': [0.88832, 0.11168], 'NWD546564': [0.99999, 1e-05], 'NWD998609': [0.80206, 0.19794], 'NWD108116': [0.87253, 0.12747], 'NWD245122': [0.991399, 0.008601], 'NWD606337': [0.841307, 0.158693], 'NWD720391': [0.813576, 0.186424], 'NWD462712': [0.99999, 1e-05], 'NWD781750': [0.472696, 0.527304], 'NWD262638': [0.660053, 0.339947], 'NWD684484': [0.99999, 1e-05], 'NWD419335': [0.503857, 0.496143], 'NWD519039': [0.509024, 0.490976], 'NWD838454': [0.930584, 0.069416], 'NWD141713': [0.67195, 0.32805], 'NWD168541': [0.705457, 0.294543], 'NWD547021': [0.955807, 0.044193], 'NWD716470': [0.93603, 0.06397], 'NWD878543': [0.229372, 0.770628], 'NWD523161': [0.494828, 0.505172], 'NWD787458': [0.361945, 0.638055], 'NWD857305': [0.99999, 1e-05], 'NWD822723': [0.791325, 0.208675], 'NWD512818': [0.941677, 0.058323], 'NWD587844': [0.472634, 0.527366], 'NWD678520': [0.497171, 0.502829], 'NWD486871': [0.697748, 0.302252], 'NWD571531': [0.745914, 0.254086], 'NWD754070': [0.99999, 1e-05], 'NWD630602': [0.799362, 0.200638], 'NWD643775': [0.56281, 0.43719], 'NWD163203': [0.958978, 0.041022], 'NWD916599': [0.99999, 1e-05], 'NWD950794': [0.706256, 0.293744], 'NWD782813': [0.912219, 0.087781], 'NWD836765': [0.99999, 1e-05], 'NWD447217': [0.99999, 1e-05], 'NWD288321': [0.538944, 0.461056], 'NWD392992': [0.991745, 0.008255], 'NWD856383': [0.907641, 0.092359], 'NWD314678': [0.99999, 1e-05], 'NWD445484': [0.914977, 0.085023], 'NWD125656': [0.839257, 0.160743], 'NWD276731': [0.99999, 1e-05], 'NWD527323': [0.719834, 0.280166], 'NWD140824': [0.574427, 0.425573], 'NWD251680': [0.656038, 0.343962], 'NWD318497': [0.970849, 0.029151], 'NWD337903': [0.99999, 1e-05], 'NWD815786': [0.004105, 0.995895], 'NWD737180': [0.891263, 0.108737], 'NWD774561': [0.537715, 0.462285], 'NWD866219': [0.590465, 0.409535], 'NWD944827': [0.757247, 0.242753], 'NWD993659': [0.944723, 0.055277], 'NWD105648': [0.973296, 0.026704], 'NWD516805': [0.954873, 0.045127], 'NWD600992': [0.67814, 0.32186], 'NWD610801': [0.99999, 1e-05], 'NWD730299': [0.928463, 0.071537], 'NWD998816': [0.918126, 0.081874], 'NWD865962': [0.809185, 0.190815], 'NWD710489': [0.99999, 1e-05], 'NWD268401': [0.974914, 0.025086], 'NWD879683': [0.504019, 0.495981], 'NWD412116': [0.758839, 0.241161], 'NWD517673': [0.961981, 0.038019], 'NWD402569': [0.99999, 1e-05], 'NWD930303': [0.563744, 0.436256], 'NWD660071': [0.689693, 0.310307], 'NWD159679': [0.970439, 0.029561], 'NWD338378': [0.86168, 0.13832], 'NWD381518': [0.99999, 1e-05], 'NWD299581': [0.896717, 0.103283], 'NWD453328': [0.89986, 0.10014], 'NWD542871': [0.604736, 0.395264], 'NWD716639': [0.462317, 0.537683], 'NWD601219': [0.89204, 0.10796], 'NWD346624': [0.616283, 0.383717], 'NWD599306': [0.994762, 0.005238], 'NWD242199': [0.488091, 0.511909], 'NWD620567': [0.664573, 0.335427], 'NWD993431': [0.948125, 0.051875], 'NWD573145': [0.55324, 0.44676], 'NWD557722': [0.978834, 0.021166], 'NWD158184': [0.81622, 0.18378], 'NWD431959': [0.347696, 0.652304], 'NWD788130': [0.96866, 0.03134], 'NWD396724': [0.938521, 0.061479], 'NWD343349': [0.642379, 0.357621], 'NWD712032': [0.811316, 0.188684], 'NWD612175': [0.802857, 0.197143], 'NWD417668': [0.905658, 0.094342], 'NWD409874': [0.677482, 0.322518], 'NWD563349': [0.962704, 0.037296], 'NWD457909': [0.378089, 0.621911], 'NWD135441': [0.948136, 0.051864], 'NWD878668': [0.962079, 0.037921], 'NWD728777': [0.505216, 0.494784], 'NWD609750': [0.516383, 0.483617], 'NWD641240': [0.219834, 0.780166], 'NWD171365': [0.726984, 0.273016], 'NWD281909': [0.99999, 1e-05], 'NWD897019': [0.584873, 0.415127], 'NWD687607': [0.999483, 0.000517], 'NWD626329': [0.601373, 0.398627], 'NWD681170': [0.411991, 0.588009], 'NWD696182': [0.681198, 0.318802], 'NWD559886': [0.491634, 0.508366], 'NWD730873': [0.645822, 0.354178], 'NWD462567': [0.440835, 0.559165], 'NWD795057': [0.888275, 0.111725], 'NWD352494': [0.990877, 0.009123], 'NWD553021': [0.760368, 0.239632], 'NWD847600': [0.762801, 0.237199], 'NWD181781': [0.986608, 0.013392], 'NWD640412': [0.804694, 0.195306], 'NWD907433': [0.972214, 0.027786], 'NWD795363': [0.99999, 1e-05], 'NWD353250': [0.954279, 0.045721], 'NA18498': [0.99999, 1e-05], 'NA19143': [0.99999, 1e-05], 'NA19159': [0.99999, 1e-05], 'NA19209': [0.99999, 1e-05], 'NA19117': [0.99999, 1e-05], 'NA18858': [0.99999, 1e-05], 'NA18505': [0.99999, 1e-05], 'NA12399': [1e-05, 0.99999], 'NA18924': [0.99999, 1e-05], 'NA19093': [0.99999, 1e-05], 'NA11840': [1e-05, 0.99999], 'NA18868': [0.99999, 1e-05], 'NA18908': [0.99999, 1e-05], 'NA19099': [0.99999, 1e-05], 'NA18881': [0.99999, 1e-05], 'NA12283': [1e-05, 0.99999], 'NA18916': [0.99999, 1e-05], 'NA12748': [1e-05, 0.99999], 'NA19175': [0.99999, 1e-05], 'NA18861': [0.99999, 1e-05], 'NA06985': [1e-05, 0.99999], 'NA18501': [0.99999, 1e-05], 'NA12750': [1e-05, 0.99999], 'NA19114': [0.99999, 1e-05], 'NA19141': [0.99999, 1e-05], 'NA18876': [0.99999, 1e-05], 'NA18879': [0.99999, 1e-05], 'NA11932': [1e-05, 0.99999], 'NA19235': [0.99999, 1e-05], 'NA19248': [0.99999, 1e-05], 'NA12383': [1e-05, 0.99999], 'NA18519': [0.99999, 1e-05], 'NA19197': [0.99999, 1e-05], 'NA19236': [0.99999, 1e-05], 'NA18499': [0.99999, 1e-05], 'NA12718': [1e-05, 0.99999], 'NA12890': [1e-05, 0.99999], 'NA19207': [0.99999, 1e-05], 'NA19160': [0.99999, 1e-05], 'NA12872': [1e-05, 0.99999], 'NA19116': [0.99999, 1e-05], 'NA18867': [0.99999, 1e-05], 'NA12340': [1e-05, 0.99999], 'NA19138': [0.99999, 1e-05], 'NA19222': [0.99999, 1e-05], 'NA18510': [0.99999, 1e-05], 'NA12004': [1e-05, 0.99999], 'NA18522': [0.99999, 1e-05], 'NA19184': [0.99999, 1e-05], 'NA11930': [1e-05, 0.99999], 'NA12058': [1e-05, 0.99999], 'NA18489': [0.99999, 1e-05], 'NA11933': [1e-05, 0.99999], 'NA12716': [1e-05, 0.99999], 'NA12342': [1e-05, 0.99999], 'NA19098': [0.99999, 1e-05], 'NA11919': [1e-05, 0.99999], 'NA06994': [1e-05, 0.99999], 'NA18912': [0.99999, 1e-05], 'NA19147': [0.99999, 1e-05], 'NA18934': [0.99999, 1e-05], 'NA19095': [0.99999, 1e-05], 'NA19204': [0.99999, 1e-05], 'NA18504': [0.99999, 1e-05], 'NA18523': [0.99999, 1e-05], 'NA12830': [1e-05, 0.99999], 'NA12760': [1e-05, 0.99999], 'NA18520': [0.99999, 1e-05], 'NA18909': [0.99999, 1e-05], 'NA12717': [1e-05, 0.99999], 'NA12778': [1e-05, 0.99999], 'NA18502': [0.99999, 1e-05], 'NA19096': [0.99999, 1e-05], 'NA18910': [0.99999, 1e-05], 'NA12003': [1e-05, 0.99999], 'NA12275': [1e-05, 0.99999], 'NA19198': [0.99999, 1e-05], 'NA18877': [0.99999, 1e-05], 'NA19146': [0.99999, 1e-05], 'NA12827': [1e-05, 0.99999], 'NA12045': [1e-05, 0.99999], 'NA10851': [1e-05, 0.99999], 'NA12843': [1e-05, 0.99999], 'NA12287': [1e-05, 0.99999], 'NA12777': [1e-05, 0.99999], 'NA19214': [0.99999, 1e-05], 'NA18488': [0.99999, 1e-05], 'NA07037': [1e-05, 0.99999], 'NA11992': [1e-05, 0.99999], 'NA12413': [1e-05, 0.99999], 'NA19239': [0.99999, 1e-05], 'NA12751': [1e-05, 0.99999], 'NA06984': [1e-05, 0.99999], 'NA12414': [1e-05, 0.99999], 'NA12546': [1e-05, 0.99999], 'NA18907': [0.99999, 1e-05], 'NA12828': [1e-05, 0.99999], 'NA18864': [0.99999, 1e-05], 'NA12815': [1e-05, 0.99999], 'NA12155': [1e-05, 0.99999], 'NA18507': [0.99999, 1e-05], 'NA12286': [1e-05, 0.99999], 'NA19225': [0.99999, 1e-05], 'NA12761': [1e-05, 0.99999], 'NA12005': [1e-05, 0.99999], 'NA12873': [1e-05, 0.99999], 'NA12400': [1e-05, 0.99999], 'NA18853': [0.99999, 1e-05], 'NA11931': [1e-05, 0.99999], 'NA19189': [0.99999, 1e-05], 'NA19108': [0.99999, 1e-05], 'NA18874': [0.99999, 1e-05], 'NA19102': [0.99999, 1e-05], 'NA07000': [1e-05, 0.99999], 'NA19149': [0.99999, 1e-05], 'NA11920': [1e-05, 0.99999], 'NA18873': [0.99999, 1e-05], 'NA12043': [1e-05, 0.99999], 'NA12762': [1e-05, 0.99999], 'NA10847': [1e-05, 0.99999], 'NA12763': [1e-05, 0.99999], 'NA19201': [0.99999, 1e-05], 'NA11831': [1e-05, 0.99999], 'NA12874': [1e-05, 0.99999], 'NA19206': [0.99999, 1e-05], 'NA12154': [1e-05, 0.99999], 'NA18865': [0.99999, 1e-05], 'NA12889': [1e-05, 0.99999], 'NA18933': [0.99999, 1e-05], 'NA19213': [0.99999, 1e-05], 'NA07056': [1e-05, 0.99999], 'NA19131': [0.99999, 1e-05], 'NA07051': [1e-05, 0.99999], 'NA19107': [0.99999, 1e-05], 'NA07357': [1e-05, 0.99999], 'NA19190': [0.99999, 1e-05], 'NA11892': [1e-05, 0.99999], 'NA18915': [0.99999, 1e-05], 'NA19256': [0.99999, 1e-05], 'NA11918': [1e-05, 0.99999], 'NA12249': [1e-05, 0.99999], 'NA11832': [1e-05, 0.99999], 'NA12341': [1e-05, 0.99999], 'NA12775': [1e-05, 0.99999], 'NA11893': [1e-05, 0.99999], 'NA12234': [1e-05, 0.99999], 'NA19171': [0.99999, 1e-05], 'NA19129': [0.99999, 1e-05], 'NA19130': [0.99999, 1e-05], 'NA12812': [1e-05, 0.99999], 'NA19200': [0.99999, 1e-05], 'NA12273': [1e-05, 0.99999], 'NA12489': [1e-05, 0.99999], 'NA12749': [1e-05, 0.99999], 'NA19119': [0.99999, 1e-05], 'NA18486': [0.99999, 1e-05], 'NA18517': [0.99999, 1e-05], 'NA18508': [0.99999, 1e-05], 'NA19118': [0.99999, 1e-05], 'NA12006': [1e-05, 0.99999], 'NA11995': [1e-05, 0.99999], 'NA19210': [0.99999, 1e-05], 'NA19152': [0.99999, 1e-05], 'NA11843': [1e-05, 0.99999], 'NA11881': [1e-05, 0.99999], 'NA12348': [1e-05, 0.99999], 'NA12044': [1e-05, 0.99999], 'NA19144': [0.99999, 1e-05], 'NA12144': [1e-05, 0.99999], 'NA11994': [1e-05, 0.99999], 'NA07048': [1e-05, 0.99999], 'NA12842': [1e-05, 0.99999], 'NA18917': [0.99999, 1e-05], 'NA11829': [1e-05, 0.99999], 'NA18870': [0.99999, 1e-05], 'NA19092': [0.99999, 1e-05], 'NA19153': [0.99999, 1e-05], 'NA19121': [0.99999, 1e-05], 'NA19172': [0.99999, 1e-05], 'NA07347': [1e-05, 0.99999], 'NA12776': [1e-05, 0.99999], 'NA19185': [0.99999, 1e-05], 'NA12156': [1e-05, 0.99999], 'NA19247': [0.99999, 1e-05], 'NA18878': [0.99999, 1e-05], 'NA12272': [1e-05, 0.99999], 'NA12829': [1e-05, 0.99999], 'NA12282': [1e-05, 0.99999], 'NA12813': [1e-05, 0.99999], 'NA12347': [1e-05, 0.99999], 'NA18871': [0.99999, 1e-05], 'NA19223': [0.99999, 1e-05], 'NA18923': [0.99999, 1e-05], 'NA06989': [1e-05, 0.99999], 'NA18511': [0.99999, 1e-05], 'NA06986': [1e-05, 0.99999], 'NA19257': [0.99999, 1e-05], 'NA11894': [1e-05, 0.99999], 'NA19238': [0.99999, 1e-05], 'NA19137': [0.99999, 1e-05], 'NA19113': [0.99999, 1e-05], 'NA18516': [0.99999, 1e-05], 'NA12878': [1e-05, 0.99999], 'NA18856': [0.99999, 1e-05], 'NA12814': [1e-05, 0.99999], 'NA12046': [1e-05, 0.99999], 'NA11830': [1e-05, 0.99999]}
[1, 0]
