ID            CEU     YRI
NWD163203  0.1095  0.8905
NWD838454  0.2641  0.7359
NWD447217   0.172   0.828
NWD506902  0.3677  0.6323
NWD516805  0.0289  0.9711
NWD598769  0.0015  0.9985
NWD276731  0.0759  0.9241
NWD857305   0.122   0.878
NWD573145  0.4698  0.5302
NWD378807  0.0024  0.9976
NWD773408  0.2019  0.7981
NWD862131  0.6795  0.3205
NWD696182  0.1368  0.8632
NWD601219   0.204   0.796
NWD445484  0.4311  0.5689
NWD245122   0.124   0.876
NWD574025  0.6673  0.3327
NWD962792  0.2986  0.7014
NWD140824  0.3463  0.6537
NWD347140  0.9656  0.0344
NWD388542  0.3986  0.6014
NWD409874  0.1218  0.8782
NWD641240  0.3283  0.6717
NWD620567  0.5005  0.4995
NWD754070  0.0127  0.9873
NWD338378   0.209   0.791
NWD660071  0.6475  0.3525
NWD452926  0.1405  0.8595
NWD233967  0.5672  0.4328
NWD878543   0.379   0.621
...           ...     ...
NWD907433  0.0069  0.9931
NWD712032  0.1221  0.8779
NWD677776  0.1422  0.8578
NWD599306  0.0805  0.9195
NWD684484     0.0     1.0
NWD826684  0.0515  0.9485
NWD428381  0.2332  0.7668
NWD174966  0.3198  0.6802
NWD938526  0.1458  0.8542
NWD328083  0.1373  0.8627
NWD318497  0.3158  0.6842
NWD731252  0.1366  0.8634
NWD412116  0.1402  0.8598
NWD640560  0.1653  0.8347
NWD639242  0.2652  0.7348
NWD599371   0.053   0.947
NWD720391   0.007   0.993
NWD431959  0.2985  0.7015
NWD584394     0.0     1.0
NWD344310  0.0713  0.9287
NWD517673  0.0068  0.9932
NWD527323  0.4459  0.5541
NWD418773  0.3295  0.6705
NWD857221  0.0279  0.9721
NWD836765     0.0     1.0
NWD396724  0.3046  0.6954
NWD125656  0.0076  0.9924
NWD912070  0.2527  0.7473
NWD597815   0.029   0.971
NWD512818  0.1603  0.8397

[201 rows x 2 columns]
{'NWD212434': [0.692949, 0.307051], 'NWD584394': [0.955325, 0.044675], 'NWD164446': [0.84629, 0.15371], 'NWD862869': [0.584126, 0.415874], 'NWD378807': [0.982129, 0.017871], 'NWD174966': [0.703835, 0.296165], 'NWD344310': [0.915873, 0.084127], 'NWD484275': [0.824342, 0.175658], 'NWD677387': [0.870716, 0.129284], 'NWD428381': [0.766233, 0.233767], 'NWD479314': [0.99999, 1e-05], 'NWD220560': [0.409295, 0.590705], 'NWD449948': [0.953338, 0.046662], 'NWD170091': [0.943832, 0.056168], 'NWD138795': [0.985064, 0.014936], 'NWD328083': [0.854892, 0.145108], 'NWD390054': [0.974555, 0.025445], 'NWD419692': [0.764895, 0.235105], 'NWD671182': [0.911601, 0.088399], 'NWD828733': [0.798983, 0.201017], 'NWD362144': [0.993731, 0.006269], 'NWD639242': [0.722372, 0.277628], 'NWD574916': [0.999644, 0.000356], 'NWD293024': [0.785528, 0.214472], 'NWD487726': [0.758462, 0.241538], 'NWD521616': [0.952331, 0.047669], 'NWD574025': [0.39879, 0.60121], 'NWD938526': [0.782886, 0.217114], 'NWD685703': [0.642593, 0.357407], 'NWD857221': [0.946643, 0.053357], 'NWD862131': [0.324833, 0.675167], 'NWD346975': [0.741352, 0.258648], 'NWD177635': [0.363642, 0.636358], 'NWD233967': [0.439387, 0.560613], 'NWD731252': [0.875339, 0.124661], 'NWD597815': [0.949491, 0.050509], 'NWD479130': [0.802373, 0.197627], 'NWD826684': [0.94718, 0.05282], 'NWD816583': [0.656722, 0.343278], 'NWD975921': [0.582211, 0.417789], 'NWD158237': [0.79321, 0.20679], 'NWD347140': [0.044157, 0.955843], 'NWD524336': [0.807693, 0.192307], 'NWD661828': [0.671276, 0.328724], 'NWD506902': [0.653066, 0.346934], 'NWD797979': [0.909328, 0.090672], 'NWD652755': [0.841193, 0.158807], 'NWD576327': [0.99999, 1e-05], 'NWD149502': [0.511548, 0.488452], 'NWD133198': [0.89196, 0.10804], 'NWD263184': [0.59476, 0.40524], 'NWD452926': [0.868801, 0.131199], 'NWD752087': [0.855268, 0.144732], 'NWD913991': [0.959142, 0.040858], 'NWD962792': [0.691435, 0.308565], 'NWD388542': [0.569542, 0.430458], 'NWD712674': [0.672506, 0.327494], 'NWD418773': [0.666657, 0.333343], 'NWD902298': [0.840931, 0.159069], 'NWD945886': [0.627242, 0.372758], 'NWD912070': [0.753219, 0.246781], 'NWD677776': [0.837914, 0.162086], 'NWD773408': [0.784058, 0.215942], 'NWD426008': [0.978393, 0.021607], 'NWD404517': [0.365698, 0.634302], 'NWD345273': [0.970426, 0.029574], 'NWD687323': [0.73883, 0.26117], 'NWD478709': [0.854899, 0.145101], 'NWD490768': [0.799658, 0.200342], 'NWD363273': [0.294957, 0.705043], 'NWD640560': [0.795492, 0.204508], 'NWD890143': [0.741306, 0.258694], 'NWD210347': [0.692137, 0.307863], 'NWD311932': [0.979596, 0.020404], 'NWD467083': [0.486632, 0.513368], 'NWD598769': [0.954828, 0.045172], 'NWD599371': [0.945266, 0.054734], 'NWD959607': [0.754897, 0.245103], 'NWD657624': [0.276674, 0.723326], 'NWD969537': [0.770654, 0.229346], 'NWD256042': [0.755576, 0.244424], 'NWD901710': [0.949241, 0.050759], 'NWD546564': [0.658057, 0.341943], 'NWD998609': [0.69533, 0.30467], 'NWD108116': [0.919659, 0.080341], 'NWD245122': [0.877372, 0.122628], 'NWD606337': [0.956421, 0.043579], 'NWD720391': [0.996116, 0.003884], 'NWD462712': [0.9781, 0.0219], 'NWD781750': [0.814602, 0.185398], 'NWD262638': [0.870322, 0.129678], 'NWD684484': [0.976585, 0.023415], 'NWD419335': [0.528581, 0.471419], 'NWD519039': [0.403061, 0.596939], 'NWD838454': [0.75103, 0.24897], 'NWD141713': [0.646453, 0.353547], 'NWD168541': [0.934905, 0.065095], 'NWD547021': [0.99999, 1e-05], 'NWD716470': [0.924165, 0.075835], 'NWD878543': [0.625802, 0.374198], 'NWD523161': [0.665959, 0.334041], 'NWD787458': [0.539344, 0.460656], 'NWD857305': [0.855031, 0.144969], 'NWD822723': [0.900008, 0.099992], 'NWD512818': [0.823448, 0.176552], 'NWD587844': [0.90187, 0.09813], 'NWD678520': [0.916, 0.084], 'NWD486871': [0.626416, 0.373584], 'NWD571531': [0.88127, 0.11873], 'NWD754070': [0.995458, 0.004542], 'NWD630602': [0.541238, 0.458762], 'NWD643775': [0.835116, 0.164884], 'NWD163203': [0.820989, 0.179011], 'NWD916599': [0.919084, 0.080916], 'NWD950794': [0.806828, 0.193172], 'NWD782813': [0.984817, 0.015183], 'NWD836765': [0.99999, 1e-05], 'NWD447217': [0.840897, 0.159103], 'NWD288321': [0.79155, 0.20845], 'NWD392992': [0.840317, 0.159683], 'NWD856383': [0.392247, 0.607753], 'NWD314678': [0.920619, 0.079381], 'NWD445484': [0.585001, 0.414999], 'NWD125656': [0.99999, 1e-05], 'NWD276731': [0.914904, 0.085096], 'NWD527323': [0.621835, 0.378165], 'NWD140824': [0.616507, 0.383493], 'NWD251680': [0.853501, 0.146499], 'NWD318497': [0.738054, 0.261946], 'NWD337903': [0.717368, 0.282632], 'NWD815786': [1e-05, 0.99999], 'NWD737180': [0.683791, 0.316209], 'NWD774561': [0.795775, 0.204225], 'NWD866219': [0.704428, 0.295572], 'NWD944827': [0.911632, 0.088368], 'NWD993659': [0.99999, 1e-05], 'NWD105648': [0.981764, 0.018236], 'NWD516805': [0.951798, 0.048202], 'NWD600992': [0.78789, 0.21211], 'NWD610801': [0.921053, 0.078947], 'NWD730299': [0.62961, 0.37039], 'NWD998816': [0.855311, 0.144689], 'NWD865962': [0.637043, 0.362957], 'NWD710489': [0.983438, 0.016562], 'NWD268401': [0.99999, 1e-05], 'NWD879683': [0.916103, 0.083897], 'NWD412116': [0.850275, 0.149725], 'NWD517673': [0.979328, 0.020672], 'NWD402569': [0.863939, 0.136061], 'NWD930303': [0.744678, 0.255322], 'NWD660071': [0.429754, 0.570246], 'NWD159679': [0.975715, 0.024285], 'NWD338378': [0.750719, 0.249281], 'NWD381518': [0.705529, 0.294471], 'NWD299581': [0.794045, 0.205955], 'NWD453328': [0.862703, 0.137297], 'NWD542871': [0.288527, 0.711473], 'NWD716639': [0.914952, 0.085048], 'NWD601219': [0.771507, 0.228493], 'NWD346624': [0.735886, 0.264114], 'NWD599306': [0.956385, 0.043615], 'NWD242199': [0.598029, 0.401971], 'NWD620567': [0.532741, 0.467259], 'NWD993431': [0.933508, 0.066492], 'NWD573145': [0.531241, 0.468759], 'NWD557722': [0.983761, 0.016239], 'NWD158184': [0.718882, 0.281118], 'NWD431959': [0.718443, 0.281557], 'NWD788130': [0.999238, 0.000762], 'NWD396724': [0.716312, 0.283688], 'NWD343349': [0.846536, 0.153464], 'NWD712032': [0.85741, 0.14259], 'NWD612175': [0.741736, 0.258264], 'NWD417668': [0.99999, 1e-05], 'NWD409874': [0.86196, 0.13804], 'NWD563349': [0.699227, 0.300773], 'NWD457909': [0.28866, 0.71134], 'NWD135441': [0.72884, 0.27116], 'NWD878668': [0.97183, 0.02817], 'NWD728777': [0.588635, 0.411365], 'NWD609750': [0.441248, 0.558752], 'NWD641240': [0.635269, 0.364731], 'NWD171365': [0.9372, 0.0628], 'NWD281909': [0.80435, 0.19565], 'NWD897019': [0.924891, 0.075109], 'NWD687607': [0.896126, 0.103874], 'NWD626329': [0.842995, 0.157005], 'NWD681170': [0.555205, 0.444795], 'NWD696182': [0.826348, 0.173652], 'NWD559886': [0.757742, 0.242258], 'NWD730873': [0.529221, 0.470779], 'NWD462567': [0.906604, 0.093396], 'NWD795057': [0.959383, 0.040617], 'NWD352494': [0.956118, 0.043882], 'NWD553021': [0.413207, 0.586793], 'NWD847600': [0.803627, 0.196373], 'NWD181781': [0.99999, 1e-05], 'NWD640412': [0.755079, 0.244921], 'NWD907433': [0.959145, 0.040855], 'NWD795363': [0.99999, 1e-05], 'NWD353250': [0.803445, 0.196555], 'NA18498': [0.99999, 1e-05], 'NA19143': [0.99999, 1e-05], 'NA19159': [0.99999, 1e-05], 'NA19209': [0.99999, 1e-05], 'NA19117': [0.99999, 1e-05], 'NA18858': [0.99999, 1e-05], 'NA18505': [0.99999, 1e-05], 'NA12399': [1e-05, 0.99999], 'NA18924': [0.99999, 1e-05], 'NA19093': [0.99999, 1e-05], 'NA11840': [1e-05, 0.99999], 'NA18868': [0.99999, 1e-05], 'NA18908': [0.99999, 1e-05], 'NA19099': [0.99999, 1e-05], 'NA18881': [0.99999, 1e-05], 'NA12283': [1e-05, 0.99999], 'NA18916': [0.99999, 1e-05], 'NA12748': [1e-05, 0.99999], 'NA19175': [0.99999, 1e-05], 'NA18861': [0.99999, 1e-05], 'NA06985': [1e-05, 0.99999], 'NA18501': [0.99999, 1e-05], 'NA12750': [1e-05, 0.99999], 'NA19114': [0.99999, 1e-05], 'NA19141': [0.99999, 1e-05], 'NA18876': [0.99999, 1e-05], 'NA18879': [0.99999, 1e-05], 'NA11932': [1e-05, 0.99999], 'NA19235': [0.99999, 1e-05], 'NA19248': [0.99999, 1e-05], 'NA12383': [1e-05, 0.99999], 'NA18519': [0.99999, 1e-05], 'NA19197': [0.99999, 1e-05], 'NA19236': [0.99999, 1e-05], 'NA18499': [0.99999, 1e-05], 'NA12718': [1e-05, 0.99999], 'NA12890': [1e-05, 0.99999], 'NA19207': [0.99999, 1e-05], 'NA19160': [0.99999, 1e-05], 'NA12872': [1e-05, 0.99999], 'NA19116': [0.99999, 1e-05], 'NA18867': [0.99999, 1e-05], 'NA12340': [1e-05, 0.99999], 'NA19138': [0.99999, 1e-05], 'NA19222': [0.99999, 1e-05], 'NA18510': [0.99999, 1e-05], 'NA12004': [1e-05, 0.99999], 'NA18522': [0.99999, 1e-05], 'NA19184': [0.99999, 1e-05], 'NA11930': [1e-05, 0.99999], 'NA12058': [1e-05, 0.99999], 'NA18489': [0.99999, 1e-05], 'NA11933': [1e-05, 0.99999], 'NA12716': [1e-05, 0.99999], 'NA12342': [1e-05, 0.99999], 'NA19098': [0.99999, 1e-05], 'NA11919': [1e-05, 0.99999], 'NA06994': [1e-05, 0.99999], 'NA18912': [0.99999, 1e-05], 'NA19147': [0.99999, 1e-05], 'NA18934': [0.99999, 1e-05], 'NA19095': [0.99999, 1e-05], 'NA19204': [0.99999, 1e-05], 'NA18504': [0.99999, 1e-05], 'NA18523': [0.99999, 1e-05], 'NA12830': [1e-05, 0.99999], 'NA12760': [1e-05, 0.99999], 'NA18520': [0.99999, 1e-05], 'NA18909': [0.99999, 1e-05], 'NA12717': [1e-05, 0.99999], 'NA12778': [1e-05, 0.99999], 'NA18502': [0.99999, 1e-05], 'NA19096': [0.99999, 1e-05], 'NA18910': [0.99999, 1e-05], 'NA12003': [1e-05, 0.99999], 'NA12275': [1e-05, 0.99999], 'NA19198': [0.99999, 1e-05], 'NA18877': [0.99999, 1e-05], 'NA19146': [0.99999, 1e-05], 'NA12827': [1e-05, 0.99999], 'NA12045': [1e-05, 0.99999], 'NA10851': [1e-05, 0.99999], 'NA12843': [1e-05, 0.99999], 'NA12287': [1e-05, 0.99999], 'NA12777': [1e-05, 0.99999], 'NA19214': [0.99999, 1e-05], 'NA18488': [0.99999, 1e-05], 'NA07037': [1e-05, 0.99999], 'NA11992': [1e-05, 0.99999], 'NA12413': [1e-05, 0.99999], 'NA19239': [0.99999, 1e-05], 'NA12751': [1e-05, 0.99999], 'NA06984': [1e-05, 0.99999], 'NA12414': [1e-05, 0.99999], 'NA12546': [1e-05, 0.99999], 'NA18907': [0.99999, 1e-05], 'NA12828': [1e-05, 0.99999], 'NA18864': [0.99999, 1e-05], 'NA12815': [1e-05, 0.99999], 'NA12155': [1e-05, 0.99999], 'NA18507': [0.99999, 1e-05], 'NA12286': [1e-05, 0.99999], 'NA19225': [0.99999, 1e-05], 'NA12761': [1e-05, 0.99999], 'NA12005': [1e-05, 0.99999], 'NA12873': [1e-05, 0.99999], 'NA12400': [1e-05, 0.99999], 'NA18853': [0.99999, 1e-05], 'NA11931': [1e-05, 0.99999], 'NA19189': [0.99999, 1e-05], 'NA19108': [0.99999, 1e-05], 'NA18874': [0.99999, 1e-05], 'NA19102': [0.99999, 1e-05], 'NA07000': [1e-05, 0.99999], 'NA19149': [0.99999, 1e-05], 'NA11920': [1e-05, 0.99999], 'NA18873': [0.99999, 1e-05], 'NA12043': [1e-05, 0.99999], 'NA12762': [1e-05, 0.99999], 'NA10847': [1e-05, 0.99999], 'NA12763': [1e-05, 0.99999], 'NA19201': [0.99999, 1e-05], 'NA11831': [1e-05, 0.99999], 'NA12874': [1e-05, 0.99999], 'NA19206': [0.99999, 1e-05], 'NA12154': [1e-05, 0.99999], 'NA18865': [0.99999, 1e-05], 'NA12889': [1e-05, 0.99999], 'NA18933': [0.99999, 1e-05], 'NA19213': [0.99999, 1e-05], 'NA07056': [1e-05, 0.99999], 'NA19131': [0.99999, 1e-05], 'NA07051': [1e-05, 0.99999], 'NA19107': [0.99999, 1e-05], 'NA07357': [1e-05, 0.99999], 'NA19190': [0.99999, 1e-05], 'NA11892': [1e-05, 0.99999], 'NA18915': [0.99999, 1e-05], 'NA19256': [0.99999, 1e-05], 'NA11918': [1e-05, 0.99999], 'NA12249': [1e-05, 0.99999], 'NA11832': [1e-05, 0.99999], 'NA12341': [1e-05, 0.99999], 'NA12775': [1e-05, 0.99999], 'NA11893': [1e-05, 0.99999], 'NA12234': [1e-05, 0.99999], 'NA19171': [0.99999, 1e-05], 'NA19129': [0.99999, 1e-05], 'NA19130': [0.99999, 1e-05], 'NA12812': [1e-05, 0.99999], 'NA19200': [0.99999, 1e-05], 'NA12273': [1e-05, 0.99999], 'NA12489': [1e-05, 0.99999], 'NA12749': [1e-05, 0.99999], 'NA19119': [0.99999, 1e-05], 'NA18486': [0.99999, 1e-05], 'NA18517': [0.99999, 1e-05], 'NA18508': [0.99999, 1e-05], 'NA19118': [0.99999, 1e-05], 'NA12006': [1e-05, 0.99999], 'NA11995': [1e-05, 0.99999], 'NA19210': [0.99999, 1e-05], 'NA19152': [0.99999, 1e-05], 'NA11843': [1e-05, 0.99999], 'NA11881': [1e-05, 0.99999], 'NA12348': [1e-05, 0.99999], 'NA12044': [1e-05, 0.99999], 'NA19144': [0.99999, 1e-05], 'NA12144': [1e-05, 0.99999], 'NA11994': [1e-05, 0.99999], 'NA07048': [1e-05, 0.99999], 'NA12842': [1e-05, 0.99999], 'NA18917': [0.99999, 1e-05], 'NA11829': [1e-05, 0.99999], 'NA18870': [0.99999, 1e-05], 'NA19092': [0.99999, 1e-05], 'NA19153': [0.99999, 1e-05], 'NA19121': [0.99999, 1e-05], 'NA19172': [0.99999, 1e-05], 'NA07347': [1e-05, 0.99999], 'NA12776': [1e-05, 0.99999], 'NA19185': [0.99999, 1e-05], 'NA12156': [1e-05, 0.99999], 'NA19247': [0.99999, 1e-05], 'NA18878': [0.99999, 1e-05], 'NA12272': [1e-05, 0.99999], 'NA12829': [1e-05, 0.99999], 'NA12282': [1e-05, 0.99999], 'NA12813': [1e-05, 0.99999], 'NA12347': [1e-05, 0.99999], 'NA18871': [0.99999, 1e-05], 'NA19223': [0.99999, 1e-05], 'NA18923': [0.99999, 1e-05], 'NA06989': [1e-05, 0.99999], 'NA18511': [0.99999, 1e-05], 'NA06986': [1e-05, 0.99999], 'NA19257': [0.99999, 1e-05], 'NA11894': [1e-05, 0.99999], 'NA19238': [0.99999, 1e-05], 'NA19137': [0.99999, 1e-05], 'NA19113': [0.99999, 1e-05], 'NA18516': [0.99999, 1e-05], 'NA12878': [1e-05, 0.99999], 'NA18856': [0.99999, 1e-05], 'NA12814': [1e-05, 0.99999], 'NA12046': [1e-05, 0.99999], 'NA11830': [1e-05, 0.99999]}
[1, 0]
