ID            CEU     YRI
NWD163203  0.0654  0.9346
NWD838454   0.063   0.937
NWD447217     0.0     1.0
NWD506902   0.336   0.664
NWD516805  0.0205  0.9795
NWD598769  0.1171  0.8829
NWD276731  0.2252  0.7748
NWD857305  0.0105  0.9895
NWD573145  0.0377  0.9623
NWD378807  0.2958  0.7042
NWD773408   0.086   0.914
NWD862131  0.5106  0.4894
NWD696182  0.0391  0.9609
NWD601219  0.3034  0.6966
NWD445484  0.0258  0.9742
NWD245122     0.0     1.0
NWD574025  0.0297  0.9703
NWD962792  0.1612  0.8388
NWD140824  0.4142  0.5858
NWD347140  0.5513  0.4487
NWD388542   0.325   0.675
NWD409874  0.2143  0.7857
NWD641240  0.1604  0.8396
NWD620567  0.3977  0.6023
NWD754070  0.0135  0.9865
NWD338378  0.0734  0.9266
NWD660071  0.2774  0.7226
NWD452926     0.0     1.0
NWD233967  0.4194  0.5806
NWD878543  0.3882  0.6118
...           ...     ...
NWD907433     0.0     1.0
NWD712032  0.1652  0.8348
NWD677776  0.2832  0.7168
NWD599306  0.0577  0.9423
NWD684484  0.0079  0.9921
NWD826684  0.0615  0.9385
NWD428381  0.3734  0.6266
NWD174966     0.0     1.0
NWD938526  0.0933  0.9067
NWD328083  0.1038  0.8962
NWD318497  0.4192  0.5808
NWD731252  0.0407  0.9593
NWD412116  0.3231  0.6769
NWD640560  0.5545  0.4455
NWD639242  0.4044  0.5956
NWD599371  0.1824  0.8176
NWD720391  0.1233  0.8767
NWD431959  0.1568  0.8432
NWD584394     0.0     1.0
NWD344310     0.0     1.0
NWD517673  0.0802  0.9198
NWD527323  0.1751  0.8249
NWD418773  0.0485  0.9515
NWD857221  0.0679  0.9321
NWD836765     0.0     1.0
NWD396724     0.0     1.0
NWD125656  0.1364  0.8636
NWD912070  0.1628  0.8372
NWD597815  0.0958  0.9042
NWD512818  0.0282  0.9718

[201 rows x 2 columns]
{'NWD212434': [0.902978, 0.097022], 'NWD584394': [0.99999, 1e-05], 'NWD164446': [0.700791, 0.299209], 'NWD862869': [0.490232, 0.509768], 'NWD378807': [0.698115, 0.301885], 'NWD174966': [0.973771, 0.026229], 'NWD344310': [0.952659, 0.047341], 'NWD484275': [0.917854, 0.082146], 'NWD677387': [0.99999, 1e-05], 'NWD428381': [0.632671, 0.367329], 'NWD479314': [0.99999, 1e-05], 'NWD220560': [0.672193, 0.327807], 'NWD449948': [0.803147, 0.196853], 'NWD170091': [0.901524, 0.098476], 'NWD138795': [0.960408, 0.039592], 'NWD328083': [0.899435, 0.100565], 'NWD390054': [0.959525, 0.040475], 'NWD419692': [0.550087, 0.449913], 'NWD671182': [0.659395, 0.340605], 'NWD828733': [0.860783, 0.139217], 'NWD362144': [0.99999, 1e-05], 'NWD639242': [0.614086, 0.385914], 'NWD574916': [0.99999, 1e-05], 'NWD293024': [0.99999, 1e-05], 'NWD487726': [0.841303, 0.158697], 'NWD521616': [0.895644, 0.104356], 'NWD574025': [0.970452, 0.029548], 'NWD938526': [0.910937, 0.089063], 'NWD685703': [0.712453, 0.287547], 'NWD857221': [0.907422, 0.092578], 'NWD862131': [0.481949, 0.518051], 'NWD346975': [0.461811, 0.538189], 'NWD177635': [0.909361, 0.090639], 'NWD233967': [0.604529, 0.395471], 'NWD731252': [0.943831, 0.056169], 'NWD597815': [0.907582, 0.092418], 'NWD479130': [0.726234, 0.273766], 'NWD826684': [0.872163, 0.127837], 'NWD816583': [0.851113, 0.148887], 'NWD975921': [0.640494, 0.359506], 'NWD158237': [0.711931, 0.288069], 'NWD347140': [0.460016, 0.539984], 'NWD524336': [0.896634, 0.103366], 'NWD661828': [0.624125, 0.375875], 'NWD506902': [0.685292, 0.314708], 'NWD797979': [0.800214, 0.199786], 'NWD652755': [0.862574, 0.137426], 'NWD576327': [0.928596, 0.071404], 'NWD149502': [0.923734, 0.076266], 'NWD133198': [0.844897, 0.155103], 'NWD263184': [0.820366, 0.179634], 'NWD452926': [0.99999, 1e-05], 'NWD752087': [0.899871, 0.100129], 'NWD913991': [0.706408, 0.293592], 'NWD962792': [0.869599, 0.130401], 'NWD388542': [0.679177, 0.320823], 'NWD712674': [0.393239, 0.606761], 'NWD418773': [0.920803, 0.079197], 'NWD902298': [0.862616, 0.137384], 'NWD945886': [0.684904, 0.315096], 'NWD912070': [0.863404, 0.136596], 'NWD677776': [0.687558, 0.312442], 'NWD773408': [0.91948, 0.08052], 'NWD426008': [0.97552, 0.02448], 'NWD404517': [0.386513, 0.613487], 'NWD345273': [0.917422, 0.082578], 'NWD687323': [0.947403, 0.052597], 'NWD478709': [0.387985, 0.612015], 'NWD490768': [0.664282, 0.335718], 'NWD363273': [0.518243, 0.481757], 'NWD640560': [0.45461, 0.54539], 'NWD890143': [0.950084, 0.049916], 'NWD210347': [0.724154, 0.275846], 'NWD311932': [0.991781, 0.008219], 'NWD467083': [0.722032, 0.277968], 'NWD598769': [0.878669, 0.121331], 'NWD599371': [0.842481, 0.157519], 'NWD959607': [0.859704, 0.140296], 'NWD657624': [0.397542, 0.602458], 'NWD969537': [0.432799, 0.567201], 'NWD256042': [0.924594, 0.075406], 'NWD901710': [0.395954, 0.604046], 'NWD546564': [0.848297, 0.151703], 'NWD998609': [0.941683, 0.058317], 'NWD108116': [0.90161, 0.09839], 'NWD245122': [0.99999, 1e-05], 'NWD606337': [0.954759, 0.045241], 'NWD720391': [0.838257, 0.161743], 'NWD462712': [0.920506, 0.079494], 'NWD781750': [0.817823, 0.182177], 'NWD262638': [0.769591, 0.230409], 'NWD684484': [0.985983, 0.014017], 'NWD419335': [0.531622, 0.468378], 'NWD519039': [0.559247, 0.440753], 'NWD838454': [0.935469, 0.064531], 'NWD141713': [0.583485, 0.416515], 'NWD168541': [0.997863, 0.002137], 'NWD547021': [0.96046, 0.03954], 'NWD716470': [0.557572, 0.442428], 'NWD878543': [0.590796, 0.409204], 'NWD523161': [0.8071, 0.1929], 'NWD787458': [0.523034, 0.476966], 'NWD857305': [0.97694, 0.02306], 'NWD822723': [0.779574, 0.220426], 'NWD512818': [0.947331, 0.052669], 'NWD587844': [0.890199, 0.109801], 'NWD678520': [0.99999, 1e-05], 'NWD486871': [0.340174, 0.659826], 'NWD571531': [0.916072, 0.083928], 'NWD754070': [0.972048, 0.027952], 'NWD630602': [0.638034, 0.361966], 'NWD643775': [0.911332, 0.088668], 'NWD163203': [0.889017, 0.110983], 'NWD916599': [0.92863, 0.07137], 'NWD950794': [0.598557, 0.401443], 'NWD782813': [0.99999, 1e-05], 'NWD836765': [0.983746, 0.016254], 'NWD447217': [0.99999, 1e-05], 'NWD288321': [0.830212, 0.169788], 'NWD392992': [0.989988, 0.010012], 'NWD856383': [0.479508, 0.520492], 'NWD314678': [0.799911, 0.200089], 'NWD445484': [0.99999, 1e-05], 'NWD125656': [0.893777, 0.106223], 'NWD276731': [0.723649, 0.276351], 'NWD527323': [0.810375, 0.189625], 'NWD140824': [0.582952, 0.417048], 'NWD251680': [0.892102, 0.107898], 'NWD318497': [0.579073, 0.420927], 'NWD337903': [0.761137, 0.238863], 'NWD815786': [1e-05, 0.99999], 'NWD737180': [0.43799, 0.56201], 'NWD774561': [0.827568, 0.172432], 'NWD866219': [0.759186, 0.240814], 'NWD944827': [0.987461, 0.012539], 'NWD993659': [0.996868, 0.003132], 'NWD105648': [0.992604, 0.007396], 'NWD516805': [0.925193, 0.074807], 'NWD600992': [0.437088, 0.562912], 'NWD610801': [0.979382, 0.020618], 'NWD730299': [0.612691, 0.387309], 'NWD998816': [0.994252, 0.005748], 'NWD865962': [0.927029, 0.072971], 'NWD710489': [0.985355, 0.014645], 'NWD268401': [0.99999, 1e-05], 'NWD879683': [0.933942, 0.066058], 'NWD412116': [0.680939, 0.319061], 'NWD517673': [0.895699, 0.104301], 'NWD402569': [0.993592, 0.006408], 'NWD930303': [0.595632, 0.404368], 'NWD660071': [0.722523, 0.277477], 'NWD159679': [0.970993, 0.029007], 'NWD338378': [0.878654, 0.121346], 'NWD381518': [0.928131, 0.071869], 'NWD299581': [0.928132, 0.071868], 'NWD453328': [0.981211, 0.018789], 'NWD542871': [0.259587, 0.740413], 'NWD716639': [0.913674, 0.086326], 'NWD601219': [0.779411, 0.220589], 'NWD346624': [0.681972, 0.318028], 'NWD599306': [0.923289, 0.076711], 'NWD242199': [0.142411, 0.857589], 'NWD620567': [0.607183, 0.392817], 'NWD993431': [0.499429, 0.500571], 'NWD573145': [0.943464, 0.056536], 'NWD557722': [0.987865, 0.012135], 'NWD158184': [0.519465, 0.480535], 'NWD431959': [0.822565, 0.177435], 'NWD788130': [0.99999, 1e-05], 'NWD396724': [0.997371, 0.002629], 'NWD343349': [0.477698, 0.522302], 'NWD712032': [0.830033, 0.169967], 'NWD612175': [0.641288, 0.358712], 'NWD417668': [0.986799, 0.013201], 'NWD409874': [0.765892, 0.234108], 'NWD563349': [0.567066, 0.432934], 'NWD457909': [0.260957, 0.739043], 'NWD135441': [0.496193, 0.503807], 'NWD878668': [0.935461, 0.064539], 'NWD728777': [0.424759, 0.575241], 'NWD609750': [0.508892, 0.491108], 'NWD641240': [0.79774, 0.20226], 'NWD171365': [0.99999, 1e-05], 'NWD281909': [0.990193, 0.009807], 'NWD897019': [0.953756, 0.046244], 'NWD687607': [0.789162, 0.210838], 'NWD626329': [0.620941, 0.379059], 'NWD681170': [0.920203, 0.079797], 'NWD696182': [0.91957, 0.08043], 'NWD559886': [0.708647, 0.291353], 'NWD730873': [0.947809, 0.052191], 'NWD462567': [0.803686, 0.196314], 'NWD795057': [0.992451, 0.007549], 'NWD352494': [0.901512, 0.098488], 'NWD553021': [0.715566, 0.284434], 'NWD847600': [0.899453, 0.100547], 'NWD181781': [0.818456, 0.181544], 'NWD640412': [0.788329, 0.211671], 'NWD907433': [0.99999, 1e-05], 'NWD795363': [0.99999, 1e-05], 'NWD353250': [0.316656, 0.683344], 'NA18498': [0.99999, 1e-05], 'NA19143': [0.99999, 1e-05], 'NA19159': [0.99999, 1e-05], 'NA19209': [0.99999, 1e-05], 'NA19117': [0.99999, 1e-05], 'NA18858': [0.99999, 1e-05], 'NA18505': [0.99999, 1e-05], 'NA12399': [1e-05, 0.99999], 'NA18924': [0.99999, 1e-05], 'NA19093': [0.99999, 1e-05], 'NA11840': [1e-05, 0.99999], 'NA18868': [0.99999, 1e-05], 'NA18908': [0.99999, 1e-05], 'NA19099': [0.99999, 1e-05], 'NA18881': [0.99999, 1e-05], 'NA12283': [1e-05, 0.99999], 'NA18916': [0.99999, 1e-05], 'NA12748': [1e-05, 0.99999], 'NA19175': [0.99999, 1e-05], 'NA18861': [0.99999, 1e-05], 'NA06985': [1e-05, 0.99999], 'NA18501': [0.99999, 1e-05], 'NA12750': [1e-05, 0.99999], 'NA19114': [0.99999, 1e-05], 'NA19141': [0.99999, 1e-05], 'NA18876': [0.99999, 1e-05], 'NA18879': [0.99999, 1e-05], 'NA11932': [1e-05, 0.99999], 'NA19235': [0.99999, 1e-05], 'NA19248': [0.99999, 1e-05], 'NA12383': [1e-05, 0.99999], 'NA18519': [0.99999, 1e-05], 'NA19197': [0.99999, 1e-05], 'NA19236': [0.99999, 1e-05], 'NA18499': [0.99999, 1e-05], 'NA12718': [1e-05, 0.99999], 'NA12890': [1e-05, 0.99999], 'NA19207': [0.99999, 1e-05], 'NA19160': [0.99999, 1e-05], 'NA12872': [1e-05, 0.99999], 'NA19116': [0.99999, 1e-05], 'NA18867': [0.99999, 1e-05], 'NA12340': [1e-05, 0.99999], 'NA19138': [0.99999, 1e-05], 'NA19222': [0.99999, 1e-05], 'NA18510': [0.99999, 1e-05], 'NA12004': [1e-05, 0.99999], 'NA18522': [0.99999, 1e-05], 'NA19184': [0.99999, 1e-05], 'NA11930': [1e-05, 0.99999], 'NA12058': [1e-05, 0.99999], 'NA18489': [0.99999, 1e-05], 'NA11933': [1e-05, 0.99999], 'NA12716': [1e-05, 0.99999], 'NA12342': [1e-05, 0.99999], 'NA19098': [0.99999, 1e-05], 'NA11919': [1e-05, 0.99999], 'NA06994': [1e-05, 0.99999], 'NA18912': [0.99999, 1e-05], 'NA19147': [0.99999, 1e-05], 'NA18934': [0.99999, 1e-05], 'NA19095': [0.99999, 1e-05], 'NA19204': [0.99999, 1e-05], 'NA18504': [0.99999, 1e-05], 'NA18523': [0.99999, 1e-05], 'NA12830': [1e-05, 0.99999], 'NA12760': [1e-05, 0.99999], 'NA18520': [0.99999, 1e-05], 'NA18909': [0.99999, 1e-05], 'NA12717': [1e-05, 0.99999], 'NA12778': [1e-05, 0.99999], 'NA18502': [0.99999, 1e-05], 'NA19096': [0.99999, 1e-05], 'NA18910': [0.99999, 1e-05], 'NA12003': [1e-05, 0.99999], 'NA12275': [1e-05, 0.99999], 'NA19198': [0.99999, 1e-05], 'NA18877': [0.99999, 1e-05], 'NA19146': [0.99999, 1e-05], 'NA12827': [1e-05, 0.99999], 'NA12045': [1e-05, 0.99999], 'NA10851': [1e-05, 0.99999], 'NA12843': [1e-05, 0.99999], 'NA12287': [1e-05, 0.99999], 'NA12777': [1e-05, 0.99999], 'NA19214': [0.99999, 1e-05], 'NA18488': [0.99999, 1e-05], 'NA07037': [1e-05, 0.99999], 'NA11992': [1e-05, 0.99999], 'NA12413': [1e-05, 0.99999], 'NA19239': [0.99999, 1e-05], 'NA12751': [1e-05, 0.99999], 'NA06984': [1e-05, 0.99999], 'NA12414': [1e-05, 0.99999], 'NA12546': [1e-05, 0.99999], 'NA18907': [0.99999, 1e-05], 'NA12828': [1e-05, 0.99999], 'NA18864': [0.99999, 1e-05], 'NA12815': [1e-05, 0.99999], 'NA12155': [1e-05, 0.99999], 'NA18507': [0.99999, 1e-05], 'NA12286': [1e-05, 0.99999], 'NA19225': [0.99999, 1e-05], 'NA12761': [1e-05, 0.99999], 'NA12005': [1e-05, 0.99999], 'NA12873': [1e-05, 0.99999], 'NA12400': [1e-05, 0.99999], 'NA18853': [0.99999, 1e-05], 'NA11931': [1e-05, 0.99999], 'NA19189': [0.99999, 1e-05], 'NA19108': [0.99999, 1e-05], 'NA18874': [0.99999, 1e-05], 'NA19102': [0.99999, 1e-05], 'NA07000': [1e-05, 0.99999], 'NA19149': [0.99999, 1e-05], 'NA11920': [1e-05, 0.99999], 'NA18873': [0.99999, 1e-05], 'NA12043': [1e-05, 0.99999], 'NA12762': [1e-05, 0.99999], 'NA10847': [1e-05, 0.99999], 'NA12763': [1e-05, 0.99999], 'NA19201': [0.99999, 1e-05], 'NA11831': [1e-05, 0.99999], 'NA12874': [1e-05, 0.99999], 'NA19206': [0.99999, 1e-05], 'NA12154': [1e-05, 0.99999], 'NA18865': [0.99999, 1e-05], 'NA12889': [1e-05, 0.99999], 'NA18933': [0.99999, 1e-05], 'NA19213': [0.99999, 1e-05], 'NA07056': [1e-05, 0.99999], 'NA19131': [0.99999, 1e-05], 'NA07051': [1e-05, 0.99999], 'NA19107': [0.99999, 1e-05], 'NA07357': [1e-05, 0.99999], 'NA19190': [0.99999, 1e-05], 'NA11892': [1e-05, 0.99999], 'NA18915': [0.99999, 1e-05], 'NA19256': [0.99999, 1e-05], 'NA11918': [1e-05, 0.99999], 'NA12249': [1e-05, 0.99999], 'NA11832': [1e-05, 0.99999], 'NA12341': [1e-05, 0.99999], 'NA12775': [1e-05, 0.99999], 'NA11893': [1e-05, 0.99999], 'NA12234': [1e-05, 0.99999], 'NA19171': [0.99999, 1e-05], 'NA19129': [0.99999, 1e-05], 'NA19130': [0.99999, 1e-05], 'NA12812': [1e-05, 0.99999], 'NA19200': [0.99999, 1e-05], 'NA12273': [1e-05, 0.99999], 'NA12489': [1e-05, 0.99999], 'NA12749': [1e-05, 0.99999], 'NA19119': [0.99999, 1e-05], 'NA18486': [0.99999, 1e-05], 'NA18517': [0.99999, 1e-05], 'NA18508': [0.99999, 1e-05], 'NA19118': [0.99999, 1e-05], 'NA12006': [1e-05, 0.99999], 'NA11995': [1e-05, 0.99999], 'NA19210': [0.99999, 1e-05], 'NA19152': [0.99999, 1e-05], 'NA11843': [1e-05, 0.99999], 'NA11881': [1e-05, 0.99999], 'NA12348': [1e-05, 0.99999], 'NA12044': [1e-05, 0.99999], 'NA19144': [0.99999, 1e-05], 'NA12144': [1e-05, 0.99999], 'NA11994': [1e-05, 0.99999], 'NA07048': [1e-05, 0.99999], 'NA12842': [1e-05, 0.99999], 'NA18917': [0.99999, 1e-05], 'NA11829': [1e-05, 0.99999], 'NA18870': [0.99999, 1e-05], 'NA19092': [0.99999, 1e-05], 'NA19153': [0.99999, 1e-05], 'NA19121': [0.99999, 1e-05], 'NA19172': [0.99999, 1e-05], 'NA07347': [1e-05, 0.99999], 'NA12776': [1e-05, 0.99999], 'NA19185': [0.99999, 1e-05], 'NA12156': [1e-05, 0.99999], 'NA19247': [0.99999, 1e-05], 'NA18878': [0.99999, 1e-05], 'NA12272': [1e-05, 0.99999], 'NA12829': [1e-05, 0.99999], 'NA12282': [1e-05, 0.99999], 'NA12813': [1e-05, 0.99999], 'NA12347': [1e-05, 0.99999], 'NA18871': [0.99999, 1e-05], 'NA19223': [0.99999, 1e-05], 'NA18923': [0.99999, 1e-05], 'NA06989': [1e-05, 0.99999], 'NA18511': [0.99999, 1e-05], 'NA06986': [1e-05, 0.99999], 'NA19257': [0.99999, 1e-05], 'NA11894': [1e-05, 0.99999], 'NA19238': [0.99999, 1e-05], 'NA19137': [0.99999, 1e-05], 'NA19113': [0.99999, 1e-05], 'NA18516': [0.99999, 1e-05], 'NA12878': [1e-05, 0.99999], 'NA18856': [0.99999, 1e-05], 'NA12814': [1e-05, 0.99999], 'NA12046': [1e-05, 0.99999], 'NA11830': [1e-05, 0.99999]}
[1, 0]
