ID            CEU     YRI
NWD163203     0.0     1.0
NWD838454     0.0     1.0
NWD447217  0.1197  0.8803
NWD506902  0.7172  0.2828
NWD516805  0.0134  0.9866
NWD598769  0.0512  0.9488
NWD276731  0.2119  0.7881
NWD857305  0.0914  0.9086
NWD573145  0.4201  0.5799
NWD378807  0.0761  0.9239
NWD773408  0.1023  0.8977
NWD862131  0.1192  0.8808
NWD696182  0.0175  0.9825
NWD601219  0.1842  0.8158
NWD445484  0.2673  0.7327
NWD245122  0.0276  0.9724
NWD574025  0.3582  0.6418
NWD962792     0.0     1.0
NWD140824  0.3033  0.6967
NWD347140  0.9302  0.0698
NWD388542  0.2036  0.7964
NWD409874  0.0906  0.9094
NWD641240  0.5383  0.4617
NWD620567   0.133   0.867
NWD754070  0.1077  0.8923
NWD338378  0.1103  0.8897
NWD660071  0.4176  0.5824
NWD452926  0.1035  0.8965
NWD233967   0.866   0.134
NWD878543  0.4799  0.5201
...           ...     ...
NWD907433     0.0     1.0
NWD712032  0.4348  0.5652
NWD677776  0.2049  0.7951
NWD599306     0.0     1.0
NWD684484     0.0     1.0
NWD826684     0.0     1.0
NWD428381  0.2485  0.7515
NWD174966   0.194   0.806
NWD938526  0.2141  0.7859
NWD328083   0.443   0.557
NWD318497  0.1219  0.8781
NWD731252     0.0     1.0
NWD412116   0.006   0.994
NWD640560  0.6733  0.3267
NWD639242  0.1746  0.8254
NWD599371  0.0453  0.9547
NWD720391  0.2325  0.7675
NWD431959  0.6382  0.3618
NWD584394     0.0     1.0
NWD344310     0.0     1.0
NWD517673  0.2355  0.7645
NWD527323  0.0883  0.9117
NWD418773  0.0229  0.9771
NWD857221  0.0831  0.9169
NWD836765     0.0     1.0
NWD396724  0.2111  0.7889
NWD125656     0.0     1.0
NWD912070  0.2546  0.7454
NWD597815     0.0     1.0
NWD512818  0.1093  0.8907

[201 rows x 2 columns]
{'NWD212434': [0.934028, 0.065972], 'NWD584394': [0.99999, 1e-05], 'NWD164446': [0.586867, 0.413133], 'NWD862869': [0.841432, 0.158568], 'NWD378807': [0.932566, 0.067434], 'NWD174966': [0.806012, 0.193988], 'NWD344310': [0.99999, 1e-05], 'NWD484275': [0.424982, 0.575018], 'NWD677387': [0.794141, 0.205859], 'NWD428381': [0.652405, 0.347595], 'NWD479314': [0.991959, 0.008041], 'NWD220560': [0.866947, 0.133053], 'NWD449948': [0.670823, 0.329177], 'NWD170091': [0.762303, 0.237697], 'NWD138795': [0.99999, 1e-05], 'NWD328083': [0.583051, 0.416949], 'NWD390054': [0.980866, 0.019134], 'NWD419692': [0.546154, 0.453846], 'NWD671182': [0.624391, 0.375609], 'NWD828733': [0.465314, 0.534686], 'NWD362144': [0.99999, 1e-05], 'NWD639242': [0.818085, 0.181915], 'NWD574916': [0.99999, 1e-05], 'NWD293024': [0.985079, 0.014921], 'NWD487726': [0.811023, 0.188977], 'NWD521616': [0.892918, 0.107082], 'NWD574025': [0.672201, 0.327799], 'NWD938526': [0.825853, 0.174147], 'NWD685703': [0.895506, 0.104494], 'NWD857221': [0.892425, 0.107575], 'NWD862131': [0.882474, 0.117526], 'NWD346975': [0.786336, 0.213664], 'NWD177635': [0.59565, 0.40435], 'NWD233967': [0.16102, 0.83898], 'NWD731252': [0.99557, 0.00443], 'NWD597815': [0.966834, 0.033166], 'NWD479130': [0.530241, 0.469759], 'NWD826684': [0.99999, 1e-05], 'NWD816583': [0.720397, 0.279603], 'NWD975921': [0.906736, 0.093264], 'NWD158237': [0.920236, 0.079764], 'NWD347140': [0.130416, 0.869584], 'NWD524336': [0.93383, 0.06617], 'NWD661828': [0.908313, 0.091687], 'NWD506902': [0.333164, 0.666836], 'NWD797979': [0.998232, 0.001768], 'NWD652755': [0.948128, 0.051872], 'NWD576327': [0.99999, 1e-05], 'NWD149502': [0.655916, 0.344084], 'NWD133198': [0.674716, 0.325284], 'NWD263184': [0.955124, 0.044876], 'NWD452926': [0.871, 0.129], 'NWD752087': [0.983478, 0.016522], 'NWD913991': [0.877586, 0.122414], 'NWD962792': [0.99999, 1e-05], 'NWD388542': [0.864866, 0.135134], 'NWD712674': [0.927468, 0.072532], 'NWD418773': [0.931216, 0.068784], 'NWD902298': [0.952747, 0.047253], 'NWD945886': [0.53276, 0.46724], 'NWD912070': [0.748036, 0.251964], 'NWD677776': [0.699021, 0.300979], 'NWD773408': [0.900341, 0.099659], 'NWD426008': [0.978788, 0.021212], 'NWD404517': [0.598734, 0.401266], 'NWD345273': [0.99999, 1e-05], 'NWD687323': [0.8611, 0.1389], 'NWD478709': [0.847342, 0.152658], 'NWD490768': [0.537225, 0.462775], 'NWD363273': [0.971247, 0.028753], 'NWD640560': [0.341311, 0.658689], 'NWD890143': [0.830157, 0.169843], 'NWD210347': [0.53981, 0.46019], 'NWD311932': [0.988976, 0.011024], 'NWD467083': [0.542276, 0.457724], 'NWD598769': [0.922284, 0.077716], 'NWD599371': [0.917171, 0.082829], 'NWD959607': [0.90325, 0.09675], 'NWD657624': [0.415899, 0.584101], 'NWD969537': [0.837902, 0.162098], 'NWD256042': [0.853716, 0.146284], 'NWD901710': [0.94191, 0.05809], 'NWD546564': [0.904273, 0.095727], 'NWD998609': [0.656574, 0.343426], 'NWD108116': [0.85252, 0.14748], 'NWD245122': [0.97036, 0.02964], 'NWD606337': [0.99999, 1e-05], 'NWD720391': [0.715063, 0.284937], 'NWD462712': [0.957016, 0.042984], 'NWD781750': [0.665997, 0.334003], 'NWD262638': [0.72177, 0.27823], 'NWD684484': [0.99999, 1e-05], 'NWD419335': [0.617257, 0.382743], 'NWD519039': [0.739225, 0.260775], 'NWD838454': [0.983737, 0.016263], 'NWD141713': [0.506174, 0.493826], 'NWD168541': [0.589843, 0.410157], 'NWD547021': [0.99999, 1e-05], 'NWD716470': [0.779212, 0.220788], 'NWD878543': [0.545408, 0.454592], 'NWD523161': [0.658732, 0.341268], 'NWD787458': [0.565298, 0.434702], 'NWD857305': [0.920886, 0.079114], 'NWD822723': [0.98485, 0.01515], 'NWD512818': [0.872911, 0.127089], 'NWD587844': [0.916576, 0.083424], 'NWD678520': [0.99158, 0.00842], 'NWD486871': [0.772598, 0.227402], 'NWD571531': [0.822863, 0.177137], 'NWD754070': [0.85472, 0.14528], 'NWD630602': [0.823489, 0.176511], 'NWD643775': [0.896762, 0.103238], 'NWD163203': [0.99999, 1e-05], 'NWD916599': [0.99999, 1e-05], 'NWD950794': [0.160321, 0.839679], 'NWD782813': [0.854909, 0.145091], 'NWD836765': [0.996955, 0.003045], 'NWD447217': [0.803075, 0.196925], 'NWD288321': [0.885831, 0.114169], 'NWD392992': [0.972961, 0.027039], 'NWD856383': [0.477984, 0.522016], 'NWD314678': [0.98756, 0.01244], 'NWD445484': [0.645407, 0.354593], 'NWD125656': [0.99999, 1e-05], 'NWD276731': [0.837132, 0.162868], 'NWD527323': [0.909155, 0.090845], 'NWD140824': [0.684585, 0.315415], 'NWD251680': [0.79365, 0.20635], 'NWD318497': [0.869114, 0.130886], 'NWD337903': [0.707428, 0.292572], 'NWD815786': [0.013722, 0.986278], 'NWD737180': [0.956312, 0.043688], 'NWD774561': [0.854893, 0.145107], 'NWD866219': [0.584305, 0.415695], 'NWD944827': [0.714761, 0.285239], 'NWD993659': [0.640108, 0.359892], 'NWD105648': [0.867477, 0.132523], 'NWD516805': [0.917311, 0.082689], 'NWD600992': [0.7915, 0.2085], 'NWD610801': [0.735303, 0.264697], 'NWD730299': [0.664298, 0.335702], 'NWD998816': [0.926112, 0.073888], 'NWD865962': [0.572498, 0.427502], 'NWD710489': [0.893047, 0.106953], 'NWD268401': [0.991302, 0.008698], 'NWD879683': [0.875564, 0.124436], 'NWD412116': [0.968876, 0.031124], 'NWD517673': [0.794725, 0.205275], 'NWD402569': [0.855722, 0.144278], 'NWD930303': [0.776376, 0.223624], 'NWD660071': [0.623001, 0.376999], 'NWD159679': [0.972199, 0.027801], 'NWD338378': [0.887093, 0.112907], 'NWD381518': [0.48111, 0.51889], 'NWD299581': [0.964694, 0.035306], 'NWD453328': [0.985503, 0.014497], 'NWD542871': [0.845954, 0.154046], 'NWD716639': [0.672663, 0.327337], 'NWD601219': [0.798289, 0.201711], 'NWD346624': [0.97948, 0.02052], 'NWD599306': [0.983591, 0.016409], 'NWD242199': [0.558621, 0.441379], 'NWD620567': [0.79314, 0.20686], 'NWD993431': [0.89617, 0.10383], 'NWD573145': [0.510049, 0.489951], 'NWD557722': [0.972717, 0.027283], 'NWD158184': [0.735451, 0.264549], 'NWD431959': [0.320962, 0.679038], 'NWD788130': [0.993547, 0.006453], 'NWD396724': [0.726175, 0.273825], 'NWD343349': [0.558288, 0.441712], 'NWD712032': [0.62023, 0.37977], 'NWD612175': [0.87406, 0.12594], 'NWD417668': [0.99999, 1e-05], 'NWD409874': [0.899798, 0.100202], 'NWD563349': [0.643522, 0.356478], 'NWD457909': [0.301382, 0.698618], 'NWD135441': [0.779175, 0.220825], 'NWD878668': [0.965028, 0.034972], 'NWD728777': [0.574715, 0.425285], 'NWD609750': [0.363477, 0.636523], 'NWD641240': [0.458322, 0.541678], 'NWD171365': [0.960693, 0.039307], 'NWD281909': [0.917469, 0.082531], 'NWD897019': [0.897214, 0.102786], 'NWD687607': [0.650557, 0.349443], 'NWD626329': [0.351843, 0.648157], 'NWD681170': [0.887353, 0.112647], 'NWD696182': [0.99999, 1e-05], 'NWD559886': [0.95135, 0.04865], 'NWD730873': [0.90738, 0.09262], 'NWD462567': [0.99999, 1e-05], 'NWD795057': [0.919768, 0.080232], 'NWD352494': [0.676528, 0.323472], 'NWD553021': [0.481038, 0.518962], 'NWD847600': [0.863885, 0.136115], 'NWD181781': [0.674902, 0.325098], 'NWD640412': [0.97047, 0.02953], 'NWD907433': [0.99647, 0.00353], 'NWD795363': [0.990979, 0.009021], 'NWD353250': [0.852588, 0.147412], 'NA18498': [0.99999, 1e-05], 'NA19143': [0.99999, 1e-05], 'NA19159': [0.99999, 1e-05], 'NA19209': [0.99999, 1e-05], 'NA19117': [0.99999, 1e-05], 'NA18858': [0.99999, 1e-05], 'NA18505': [0.99999, 1e-05], 'NA12399': [1e-05, 0.99999], 'NA18924': [0.99999, 1e-05], 'NA19093': [0.99999, 1e-05], 'NA11840': [1e-05, 0.99999], 'NA18868': [0.99999, 1e-05], 'NA18908': [0.99999, 1e-05], 'NA19099': [0.99999, 1e-05], 'NA18881': [0.99999, 1e-05], 'NA12283': [1e-05, 0.99999], 'NA18916': [0.99999, 1e-05], 'NA12748': [1e-05, 0.99999], 'NA19175': [0.99999, 1e-05], 'NA18861': [0.99999, 1e-05], 'NA06985': [1e-05, 0.99999], 'NA18501': [0.99999, 1e-05], 'NA12750': [1e-05, 0.99999], 'NA19114': [0.99999, 1e-05], 'NA19141': [0.99999, 1e-05], 'NA18876': [0.99999, 1e-05], 'NA18879': [0.99999, 1e-05], 'NA11932': [1e-05, 0.99999], 'NA19235': [0.99999, 1e-05], 'NA19248': [0.99999, 1e-05], 'NA12383': [1e-05, 0.99999], 'NA18519': [0.99999, 1e-05], 'NA19197': [0.99999, 1e-05], 'NA19236': [0.99999, 1e-05], 'NA18499': [0.99999, 1e-05], 'NA12718': [1e-05, 0.99999], 'NA12890': [1e-05, 0.99999], 'NA19207': [0.99999, 1e-05], 'NA19160': [0.99999, 1e-05], 'NA12872': [1e-05, 0.99999], 'NA19116': [0.99999, 1e-05], 'NA18867': [0.99999, 1e-05], 'NA12340': [1e-05, 0.99999], 'NA19138': [0.99999, 1e-05], 'NA19222': [0.99999, 1e-05], 'NA18510': [0.99999, 1e-05], 'NA12004': [1e-05, 0.99999], 'NA18522': [0.99999, 1e-05], 'NA19184': [0.99999, 1e-05], 'NA11930': [1e-05, 0.99999], 'NA12058': [1e-05, 0.99999], 'NA18489': [0.99999, 1e-05], 'NA11933': [1e-05, 0.99999], 'NA12716': [1e-05, 0.99999], 'NA12342': [1e-05, 0.99999], 'NA19098': [0.99999, 1e-05], 'NA11919': [1e-05, 0.99999], 'NA06994': [1e-05, 0.99999], 'NA18912': [0.99999, 1e-05], 'NA19147': [0.99999, 1e-05], 'NA18934': [0.99999, 1e-05], 'NA19095': [0.99999, 1e-05], 'NA19204': [0.99999, 1e-05], 'NA18504': [0.99999, 1e-05], 'NA18523': [0.99999, 1e-05], 'NA12830': [1e-05, 0.99999], 'NA12760': [1e-05, 0.99999], 'NA18520': [0.99999, 1e-05], 'NA18909': [0.99999, 1e-05], 'NA12717': [1e-05, 0.99999], 'NA12778': [1e-05, 0.99999], 'NA18502': [0.99999, 1e-05], 'NA19096': [0.99999, 1e-05], 'NA18910': [0.99999, 1e-05], 'NA12003': [1e-05, 0.99999], 'NA12275': [1e-05, 0.99999], 'NA19198': [0.99999, 1e-05], 'NA18877': [0.99999, 1e-05], 'NA19146': [0.99999, 1e-05], 'NA12827': [1e-05, 0.99999], 'NA12045': [1e-05, 0.99999], 'NA10851': [1e-05, 0.99999], 'NA12843': [1e-05, 0.99999], 'NA12287': [1e-05, 0.99999], 'NA12777': [1e-05, 0.99999], 'NA19214': [0.99999, 1e-05], 'NA18488': [0.99999, 1e-05], 'NA07037': [1e-05, 0.99999], 'NA11992': [1e-05, 0.99999], 'NA12413': [1e-05, 0.99999], 'NA19239': [0.99999, 1e-05], 'NA12751': [1e-05, 0.99999], 'NA06984': [1e-05, 0.99999], 'NA12414': [1e-05, 0.99999], 'NA12546': [1e-05, 0.99999], 'NA18907': [0.99999, 1e-05], 'NA12828': [1e-05, 0.99999], 'NA18864': [0.99999, 1e-05], 'NA12815': [1e-05, 0.99999], 'NA12155': [1e-05, 0.99999], 'NA18507': [0.99999, 1e-05], 'NA12286': [1e-05, 0.99999], 'NA19225': [0.99999, 1e-05], 'NA12761': [1e-05, 0.99999], 'NA12005': [1e-05, 0.99999], 'NA12873': [1e-05, 0.99999], 'NA12400': [1e-05, 0.99999], 'NA18853': [0.99999, 1e-05], 'NA11931': [1e-05, 0.99999], 'NA19189': [0.99999, 1e-05], 'NA19108': [0.99999, 1e-05], 'NA18874': [0.99999, 1e-05], 'NA19102': [0.99999, 1e-05], 'NA07000': [1e-05, 0.99999], 'NA19149': [0.99999, 1e-05], 'NA11920': [1e-05, 0.99999], 'NA18873': [0.99999, 1e-05], 'NA12043': [1e-05, 0.99999], 'NA12762': [1e-05, 0.99999], 'NA10847': [1e-05, 0.99999], 'NA12763': [1e-05, 0.99999], 'NA19201': [0.99999, 1e-05], 'NA11831': [1e-05, 0.99999], 'NA12874': [1e-05, 0.99999], 'NA19206': [0.99999, 1e-05], 'NA12154': [1e-05, 0.99999], 'NA18865': [0.99999, 1e-05], 'NA12889': [1e-05, 0.99999], 'NA18933': [0.99999, 1e-05], 'NA19213': [0.99999, 1e-05], 'NA07056': [1e-05, 0.99999], 'NA19131': [0.99999, 1e-05], 'NA07051': [1e-05, 0.99999], 'NA19107': [0.99999, 1e-05], 'NA07357': [1e-05, 0.99999], 'NA19190': [0.99999, 1e-05], 'NA11892': [1e-05, 0.99999], 'NA18915': [0.99999, 1e-05], 'NA19256': [0.99999, 1e-05], 'NA11918': [1e-05, 0.99999], 'NA12249': [1e-05, 0.99999], 'NA11832': [1e-05, 0.99999], 'NA12341': [1e-05, 0.99999], 'NA12775': [1e-05, 0.99999], 'NA11893': [1e-05, 0.99999], 'NA12234': [1e-05, 0.99999], 'NA19171': [0.99999, 1e-05], 'NA19129': [0.99999, 1e-05], 'NA19130': [0.99999, 1e-05], 'NA12812': [1e-05, 0.99999], 'NA19200': [0.99999, 1e-05], 'NA12273': [1e-05, 0.99999], 'NA12489': [1e-05, 0.99999], 'NA12749': [1e-05, 0.99999], 'NA19119': [0.99999, 1e-05], 'NA18486': [0.99999, 1e-05], 'NA18517': [0.99999, 1e-05], 'NA18508': [0.99999, 1e-05], 'NA19118': [0.99999, 1e-05], 'NA12006': [1e-05, 0.99999], 'NA11995': [1e-05, 0.99999], 'NA19210': [0.99999, 1e-05], 'NA19152': [0.99999, 1e-05], 'NA11843': [1e-05, 0.99999], 'NA11881': [1e-05, 0.99999], 'NA12348': [1e-05, 0.99999], 'NA12044': [1e-05, 0.99999], 'NA19144': [0.99999, 1e-05], 'NA12144': [1e-05, 0.99999], 'NA11994': [1e-05, 0.99999], 'NA07048': [1e-05, 0.99999], 'NA12842': [1e-05, 0.99999], 'NA18917': [0.99999, 1e-05], 'NA11829': [1e-05, 0.99999], 'NA18870': [0.99999, 1e-05], 'NA19092': [0.99999, 1e-05], 'NA19153': [0.99999, 1e-05], 'NA19121': [0.99999, 1e-05], 'NA19172': [0.99999, 1e-05], 'NA07347': [1e-05, 0.99999], 'NA12776': [1e-05, 0.99999], 'NA19185': [0.99999, 1e-05], 'NA12156': [1e-05, 0.99999], 'NA19247': [0.99999, 1e-05], 'NA18878': [0.99999, 1e-05], 'NA12272': [1e-05, 0.99999], 'NA12829': [1e-05, 0.99999], 'NA12282': [1e-05, 0.99999], 'NA12813': [1e-05, 0.99999], 'NA12347': [1e-05, 0.99999], 'NA18871': [0.99999, 1e-05], 'NA19223': [0.99999, 1e-05], 'NA18923': [0.99999, 1e-05], 'NA06989': [1e-05, 0.99999], 'NA18511': [0.99999, 1e-05], 'NA06986': [1e-05, 0.99999], 'NA19257': [0.99999, 1e-05], 'NA11894': [1e-05, 0.99999], 'NA19238': [0.99999, 1e-05], 'NA19137': [0.99999, 1e-05], 'NA19113': [0.99999, 1e-05], 'NA18516': [0.99999, 1e-05], 'NA12878': [1e-05, 0.99999], 'NA18856': [0.99999, 1e-05], 'NA12814': [1e-05, 0.99999], 'NA12046': [1e-05, 0.99999], 'NA11830': [1e-05, 0.99999]}
[1, 0]
