ID            CEU     YRI
NWD163203  0.0074  0.9926
NWD838454     0.0     1.0
NWD447217  0.2187  0.7813
NWD506902  0.2883  0.7117
NWD516805  0.0522  0.9478
NWD598769     0.0     1.0
NWD276731  0.0387  0.9613
NWD857305  0.0233  0.9767
NWD573145  0.3404  0.6596
NWD378807   0.012   0.988
NWD773408  0.1253  0.8747
NWD862131    0.61    0.39
NWD696182  0.0714  0.9286
NWD601219  0.2734  0.7266
NWD445484  0.2172  0.7828
NWD245122  0.0177  0.9823
NWD574025    0.25    0.75
NWD962792  0.1322  0.8678
NWD140824  0.4594  0.5406
NWD347140  0.7447  0.2553
NWD388542  0.4029  0.5971
NWD409874  0.0896  0.9104
NWD641240  0.2236  0.7764
NWD620567  0.3629  0.6371
NWD754070  0.1034  0.8966
NWD338378  0.2121  0.7879
NWD660071  0.3422  0.6578
NWD452926  0.3065  0.6935
NWD233967  0.3971  0.6029
NWD878543  0.0931  0.9069
...           ...     ...
NWD907433  0.0954  0.9046
NWD712032   0.432   0.568
NWD677776  0.4501  0.5499
NWD599306  0.0039  0.9961
NWD684484     0.0     1.0
NWD826684  0.0862  0.9138
NWD428381  0.3836  0.6164
NWD174966   0.136   0.864
NWD938526  0.2335  0.7665
NWD328083  0.2535  0.7465
NWD318497  0.0718  0.9282
NWD731252  0.0067  0.9933
NWD412116  0.0311  0.9689
NWD640560  0.4518  0.5482
NWD639242  0.1227  0.8773
NWD599371   0.003   0.997
NWD720391  0.4102  0.5898
NWD431959  0.3651  0.6349
NWD584394     0.0     1.0
NWD344310     0.0     1.0
NWD517673  0.0324  0.9676
NWD527323  0.7825  0.2175
NWD418773  0.1015  0.8985
NWD857221  0.1246  0.8754
NWD836765   0.004   0.996
NWD396724   0.171   0.829
NWD125656  0.0074  0.9926
NWD912070  0.1018  0.8982
NWD597815  0.0754  0.9246
NWD512818   0.089   0.911

[201 rows x 2 columns]
{'NWD212434': [0.876039, 0.123961], 'NWD584394': [0.975064, 0.024936], 'NWD164446': [0.901585, 0.098415], 'NWD862869': [0.278368, 0.721632], 'NWD378807': [0.997701, 0.002299], 'NWD174966': [0.827004, 0.172996], 'NWD344310': [0.99999, 1e-05], 'NWD484275': [0.816245, 0.183755], 'NWD677387': [0.568035, 0.431965], 'NWD428381': [0.668903, 0.331097], 'NWD479314': [0.99999, 1e-05], 'NWD220560': [0.693295, 0.306705], 'NWD449948': [0.918925, 0.081075], 'NWD170091': [0.891636, 0.108364], 'NWD138795': [0.972172, 0.027828], 'NWD328083': [0.718902, 0.281098], 'NWD390054': [0.985739, 0.014261], 'NWD419692': [0.475914, 0.524086], 'NWD671182': [0.736321, 0.263679], 'NWD828733': [0.539547, 0.460453], 'NWD362144': [0.990688, 0.009312], 'NWD639242': [0.838031, 0.161969], 'NWD574916': [0.99999, 1e-05], 'NWD293024': [0.998375, 0.001625], 'NWD487726': [0.782459, 0.217541], 'NWD521616': [0.845831, 0.154169], 'NWD574025': [0.732228, 0.267772], 'NWD938526': [0.749117, 0.250883], 'NWD685703': [0.766558, 0.233442], 'NWD857221': [0.84808, 0.15192], 'NWD862131': [0.415431, 0.584569], 'NWD346975': [0.77022, 0.22978], 'NWD177635': [0.433209, 0.566791], 'NWD233967': [0.615441, 0.384559], 'NWD731252': [0.981845, 0.018155], 'NWD597815': [0.896254, 0.103746], 'NWD479130': [0.721232, 0.278768], 'NWD826684': [0.944086, 0.055914], 'NWD816583': [0.908744, 0.091256], 'NWD975921': [0.97406, 0.02594], 'NWD158237': [0.75338, 0.24662], 'NWD347140': [0.275956, 0.724044], 'NWD524336': [0.950256, 0.049744], 'NWD661828': [0.952329, 0.047671], 'NWD506902': [0.677366, 0.322634], 'NWD797979': [0.819821, 0.180179], 'NWD652755': [0.573733, 0.426267], 'NWD576327': [0.901906, 0.098094], 'NWD149502': [0.906837, 0.093163], 'NWD133198': [0.811171, 0.188829], 'NWD263184': [0.726342, 0.273658], 'NWD452926': [0.704694, 0.295306], 'NWD752087': [0.834536, 0.165464], 'NWD913991': [0.774483, 0.225517], 'NWD962792': [0.845078, 0.154922], 'NWD388542': [0.627816, 0.372184], 'NWD712674': [0.450029, 0.549971], 'NWD418773': [0.906265, 0.093735], 'NWD902298': [0.887903, 0.112097], 'NWD945886': [0.906144, 0.093856], 'NWD912070': [0.862459, 0.137541], 'NWD677776': [0.545742, 0.454258], 'NWD773408': [0.823602, 0.176398], 'NWD426008': [0.996299, 0.003701], 'NWD404517': [0.907813, 0.092187], 'NWD345273': [0.915446, 0.084554], 'NWD687323': [0.40276, 0.59724], 'NWD478709': [0.789025, 0.210975], 'NWD490768': [0.717153, 0.282847], 'NWD363273': [0.561567, 0.438433], 'NWD640560': [0.564441, 0.435559], 'NWD890143': [0.868893, 0.131107], 'NWD210347': [0.860182, 0.139818], 'NWD311932': [0.99999, 1e-05], 'NWD467083': [0.751067, 0.248933], 'NWD598769': [0.985338, 0.014662], 'NWD599371': [0.99999, 1e-05], 'NWD959607': [0.876542, 0.123458], 'NWD657624': [0.593445, 0.406555], 'NWD969537': [0.67357, 0.32643], 'NWD256042': [0.790148, 0.209852], 'NWD901710': [0.821171, 0.178829], 'NWD546564': [0.782199, 0.217801], 'NWD998609': [0.728041, 0.271959], 'NWD108116': [0.852832, 0.147168], 'NWD245122': [0.976958, 0.023042], 'NWD606337': [0.995434, 0.004566], 'NWD720391': [0.559652, 0.440348], 'NWD462712': [0.883932, 0.116068], 'NWD781750': [0.928061, 0.071939], 'NWD262638': [0.875981, 0.124019], 'NWD684484': [0.999609, 0.000391], 'NWD419335': [0.627478, 0.372522], 'NWD519039': [0.682596, 0.317404], 'NWD838454': [0.959316, 0.040684], 'NWD141713': [0.745695, 0.254305], 'NWD168541': [0.703286, 0.296714], 'NWD547021': [0.917774, 0.082226], 'NWD716470': [0.99999, 1e-05], 'NWD878543': [0.906277, 0.093723], 'NWD523161': [0.480327, 0.519673], 'NWD787458': [0.459482, 0.540518], 'NWD857305': [0.944644, 0.055356], 'NWD822723': [0.651606, 0.348394], 'NWD512818': [0.936775, 0.063225], 'NWD587844': [0.723294, 0.276706], 'NWD678520': [0.984076, 0.015924], 'NWD486871': [0.82205, 0.17795], 'NWD571531': [0.983739, 0.016261], 'NWD754070': [0.907032, 0.092968], 'NWD630602': [0.985908, 0.014092], 'NWD643775': [0.902295, 0.097705], 'NWD163203': [0.992293, 0.007707], 'NWD916599': [0.99999, 1e-05], 'NWD950794': [0.428685, 0.571315], 'NWD782813': [0.952331, 0.047669], 'NWD836765': [0.99999, 1e-05], 'NWD447217': [0.776616, 0.223384], 'NWD288321': [0.655868, 0.344132], 'NWD392992': [0.824919, 0.175081], 'NWD856383': [0.602264, 0.397736], 'NWD314678': [0.867077, 0.132923], 'NWD445484': [0.798605, 0.201395], 'NWD125656': [0.961843, 0.038157], 'NWD276731': [0.932587, 0.067413], 'NWD527323': [0.259833, 0.740167], 'NWD140824': [0.560602, 0.439398], 'NWD251680': [0.813802, 0.186198], 'NWD318497': [0.886989, 0.113011], 'NWD337903': [0.881384, 0.118616], 'NWD815786': [1e-05, 0.99999], 'NWD737180': [0.709505, 0.290495], 'NWD774561': [0.639098, 0.360902], 'NWD866219': [0.772974, 0.227026], 'NWD944827': [0.867977, 0.132023], 'NWD993659': [0.706592, 0.293408], 'NWD105648': [0.896325, 0.103675], 'NWD516805': [0.936089, 0.063911], 'NWD600992': [0.96621, 0.03379], 'NWD610801': [0.819276, 0.180724], 'NWD730299': [0.911278, 0.088722], 'NWD998816': [0.857304, 0.142696], 'NWD865962': [0.921945, 0.078055], 'NWD710489': [0.983971, 0.016029], 'NWD268401': [0.99999, 1e-05], 'NWD879683': [0.644434, 0.355566], 'NWD412116': [0.976832, 0.023168], 'NWD517673': [0.927665, 0.072335], 'NWD402569': [0.990266, 0.009734], 'NWD930303': [0.687692, 0.312308], 'NWD660071': [0.659755, 0.340245], 'NWD159679': [0.985257, 0.014743], 'NWD338378': [0.811997, 0.188003], 'NWD381518': [0.653883, 0.346117], 'NWD299581': [0.825247, 0.174753], 'NWD453328': [0.976166, 0.023834], 'NWD542871': [0.552003, 0.447997], 'NWD716639': [0.962517, 0.037483], 'NWD601219': [0.772828, 0.227172], 'NWD346624': [0.819958, 0.180042], 'NWD599306': [0.950279, 0.049721], 'NWD242199': [0.77128, 0.22872], 'NWD620567': [0.683505, 0.316495], 'NWD993431': [0.843126, 0.156874], 'NWD573145': [0.609132, 0.390868], 'NWD557722': [0.957515, 0.042485], 'NWD158184': [0.693681, 0.306319], 'NWD431959': [0.696977, 0.303023], 'NWD788130': [0.974726, 0.025274], 'NWD396724': [0.82615, 0.17385], 'NWD343349': [0.861145, 0.138855], 'NWD712032': [0.591815, 0.408185], 'NWD612175': [0.643641, 0.356359], 'NWD417668': [0.982583, 0.017417], 'NWD409874': [0.851075, 0.148925], 'NWD563349': [0.657598, 0.342402], 'NWD457909': [0.601562, 0.398438], 'NWD135441': [0.611412, 0.388588], 'NWD878668': [0.90468, 0.09532], 'NWD728777': [0.387745, 0.612255], 'NWD609750': [0.522273, 0.477727], 'NWD641240': [0.796227, 0.203773], 'NWD171365': [0.667393, 0.332607], 'NWD281909': [0.982409, 0.017591], 'NWD897019': [0.984409, 0.015591], 'NWD687607': [0.897632, 0.102368], 'NWD626329': [0.788898, 0.211102], 'NWD681170': [0.620273, 0.379727], 'NWD696182': [0.937838, 0.062162], 'NWD559886': [0.747091, 0.252909], 'NWD730873': [0.940491, 0.059509], 'NWD462567': [0.885754, 0.114246], 'NWD795057': [0.974761, 0.025239], 'NWD352494': [0.978763, 0.021237], 'NWD553021': [0.783064, 0.216936], 'NWD847600': [0.83415, 0.16585], 'NWD181781': [0.842267, 0.157733], 'NWD640412': [0.600121, 0.399879], 'NWD907433': [0.909795, 0.090205], 'NWD795363': [0.927825, 0.072175], 'NWD353250': [0.808606, 0.191394], 'NA18498': [0.99999, 1e-05], 'NA19143': [0.99999, 1e-05], 'NA19159': [0.99999, 1e-05], 'NA19209': [0.99999, 1e-05], 'NA19117': [0.99999, 1e-05], 'NA18858': [0.99999, 1e-05], 'NA18505': [0.99999, 1e-05], 'NA12399': [1e-05, 0.99999], 'NA18924': [0.99999, 1e-05], 'NA19093': [0.99999, 1e-05], 'NA11840': [1e-05, 0.99999], 'NA18868': [0.99999, 1e-05], 'NA18908': [0.99999, 1e-05], 'NA19099': [0.99999, 1e-05], 'NA18881': [0.99999, 1e-05], 'NA12283': [1e-05, 0.99999], 'NA18916': [0.99999, 1e-05], 'NA12748': [1e-05, 0.99999], 'NA19175': [0.99999, 1e-05], 'NA18861': [0.99999, 1e-05], 'NA06985': [1e-05, 0.99999], 'NA18501': [0.99999, 1e-05], 'NA12750': [1e-05, 0.99999], 'NA19114': [0.99999, 1e-05], 'NA19141': [0.99999, 1e-05], 'NA18876': [0.99999, 1e-05], 'NA18879': [0.99999, 1e-05], 'NA11932': [1e-05, 0.99999], 'NA19235': [0.99999, 1e-05], 'NA19248': [0.99999, 1e-05], 'NA12383': [1e-05, 0.99999], 'NA18519': [0.99999, 1e-05], 'NA19197': [0.99999, 1e-05], 'NA19236': [0.99999, 1e-05], 'NA18499': [0.99999, 1e-05], 'NA12718': [1e-05, 0.99999], 'NA12890': [1e-05, 0.99999], 'NA19207': [0.99999, 1e-05], 'NA19160': [0.99999, 1e-05], 'NA12872': [1e-05, 0.99999], 'NA19116': [0.99999, 1e-05], 'NA18867': [0.99999, 1e-05], 'NA12340': [1e-05, 0.99999], 'NA19138': [0.99999, 1e-05], 'NA19222': [0.99999, 1e-05], 'NA18510': [0.99999, 1e-05], 'NA12004': [1e-05, 0.99999], 'NA18522': [0.99999, 1e-05], 'NA19184': [0.99999, 1e-05], 'NA11930': [1e-05, 0.99999], 'NA12058': [1e-05, 0.99999], 'NA18489': [0.99999, 1e-05], 'NA11933': [1e-05, 0.99999], 'NA12716': [1e-05, 0.99999], 'NA12342': [1e-05, 0.99999], 'NA19098': [0.99999, 1e-05], 'NA11919': [1e-05, 0.99999], 'NA06994': [1e-05, 0.99999], 'NA18912': [0.99999, 1e-05], 'NA19147': [0.99999, 1e-05], 'NA18934': [0.99999, 1e-05], 'NA19095': [0.99999, 1e-05], 'NA19204': [0.99999, 1e-05], 'NA18504': [0.99999, 1e-05], 'NA18523': [0.99999, 1e-05], 'NA12830': [1e-05, 0.99999], 'NA12760': [1e-05, 0.99999], 'NA18520': [0.99999, 1e-05], 'NA18909': [0.99999, 1e-05], 'NA12717': [1e-05, 0.99999], 'NA12778': [1e-05, 0.99999], 'NA18502': [0.99999, 1e-05], 'NA19096': [0.99999, 1e-05], 'NA18910': [0.99999, 1e-05], 'NA12003': [1e-05, 0.99999], 'NA12275': [1e-05, 0.99999], 'NA19198': [0.99999, 1e-05], 'NA18877': [0.99999, 1e-05], 'NA19146': [0.99999, 1e-05], 'NA12827': [1e-05, 0.99999], 'NA12045': [1e-05, 0.99999], 'NA10851': [1e-05, 0.99999], 'NA12843': [1e-05, 0.99999], 'NA12287': [1e-05, 0.99999], 'NA12777': [1e-05, 0.99999], 'NA19214': [0.99999, 1e-05], 'NA18488': [0.99999, 1e-05], 'NA07037': [1e-05, 0.99999], 'NA11992': [1e-05, 0.99999], 'NA12413': [1e-05, 0.99999], 'NA19239': [0.99999, 1e-05], 'NA12751': [1e-05, 0.99999], 'NA06984': [1e-05, 0.99999], 'NA12414': [1e-05, 0.99999], 'NA12546': [1e-05, 0.99999], 'NA18907': [0.99999, 1e-05], 'NA12828': [1e-05, 0.99999], 'NA18864': [0.99999, 1e-05], 'NA12815': [1e-05, 0.99999], 'NA12155': [1e-05, 0.99999], 'NA18507': [0.99999, 1e-05], 'NA12286': [1e-05, 0.99999], 'NA19225': [0.99999, 1e-05], 'NA12761': [1e-05, 0.99999], 'NA12005': [1e-05, 0.99999], 'NA12873': [1e-05, 0.99999], 'NA12400': [1e-05, 0.99999], 'NA18853': [0.99999, 1e-05], 'NA11931': [1e-05, 0.99999], 'NA19189': [0.99999, 1e-05], 'NA19108': [0.99999, 1e-05], 'NA18874': [0.99999, 1e-05], 'NA19102': [0.99999, 1e-05], 'NA07000': [1e-05, 0.99999], 'NA19149': [0.99999, 1e-05], 'NA11920': [1e-05, 0.99999], 'NA18873': [0.99999, 1e-05], 'NA12043': [1e-05, 0.99999], 'NA12762': [1e-05, 0.99999], 'NA10847': [1e-05, 0.99999], 'NA12763': [1e-05, 0.99999], 'NA19201': [0.99999, 1e-05], 'NA11831': [1e-05, 0.99999], 'NA12874': [1e-05, 0.99999], 'NA19206': [0.99999, 1e-05], 'NA12154': [1e-05, 0.99999], 'NA18865': [0.99999, 1e-05], 'NA12889': [1e-05, 0.99999], 'NA18933': [0.99999, 1e-05], 'NA19213': [0.99999, 1e-05], 'NA07056': [1e-05, 0.99999], 'NA19131': [0.99999, 1e-05], 'NA07051': [1e-05, 0.99999], 'NA19107': [0.99999, 1e-05], 'NA07357': [1e-05, 0.99999], 'NA19190': [0.99999, 1e-05], 'NA11892': [1e-05, 0.99999], 'NA18915': [0.99999, 1e-05], 'NA19256': [0.99999, 1e-05], 'NA11918': [1e-05, 0.99999], 'NA12249': [1e-05, 0.99999], 'NA11832': [1e-05, 0.99999], 'NA12341': [1e-05, 0.99999], 'NA12775': [1e-05, 0.99999], 'NA11893': [1e-05, 0.99999], 'NA12234': [1e-05, 0.99999], 'NA19171': [0.99999, 1e-05], 'NA19129': [0.99999, 1e-05], 'NA19130': [0.99999, 1e-05], 'NA12812': [1e-05, 0.99999], 'NA19200': [0.99999, 1e-05], 'NA12273': [1e-05, 0.99999], 'NA12489': [1e-05, 0.99999], 'NA12749': [1e-05, 0.99999], 'NA19119': [0.99999, 1e-05], 'NA18486': [0.99999, 1e-05], 'NA18517': [0.99999, 1e-05], 'NA18508': [0.99999, 1e-05], 'NA19118': [0.99999, 1e-05], 'NA12006': [1e-05, 0.99999], 'NA11995': [1e-05, 0.99999], 'NA19210': [0.99999, 1e-05], 'NA19152': [0.99999, 1e-05], 'NA11843': [1e-05, 0.99999], 'NA11881': [1e-05, 0.99999], 'NA12348': [1e-05, 0.99999], 'NA12044': [1e-05, 0.99999], 'NA19144': [0.99999, 1e-05], 'NA12144': [1e-05, 0.99999], 'NA11994': [1e-05, 0.99999], 'NA07048': [1e-05, 0.99999], 'NA12842': [1e-05, 0.99999], 'NA18917': [0.99999, 1e-05], 'NA11829': [1e-05, 0.99999], 'NA18870': [0.99999, 1e-05], 'NA19092': [0.99999, 1e-05], 'NA19153': [0.99999, 1e-05], 'NA19121': [0.99999, 1e-05], 'NA19172': [0.99999, 1e-05], 'NA07347': [1e-05, 0.99999], 'NA12776': [1e-05, 0.99999], 'NA19185': [0.99999, 1e-05], 'NA12156': [1e-05, 0.99999], 'NA19247': [0.99999, 1e-05], 'NA18878': [0.99999, 1e-05], 'NA12272': [1e-05, 0.99999], 'NA12829': [1e-05, 0.99999], 'NA12282': [1e-05, 0.99999], 'NA12813': [1e-05, 0.99999], 'NA12347': [1e-05, 0.99999], 'NA18871': [0.99999, 1e-05], 'NA19223': [0.99999, 1e-05], 'NA18923': [0.99999, 1e-05], 'NA06989': [1e-05, 0.99999], 'NA18511': [0.99999, 1e-05], 'NA06986': [1e-05, 0.99999], 'NA19257': [0.99999, 1e-05], 'NA11894': [1e-05, 0.99999], 'NA19238': [0.99999, 1e-05], 'NA19137': [0.99999, 1e-05], 'NA19113': [0.99999, 1e-05], 'NA18516': [0.99999, 1e-05], 'NA12878': [1e-05, 0.99999], 'NA18856': [0.99999, 1e-05], 'NA12814': [1e-05, 0.99999], 'NA12046': [1e-05, 0.99999], 'NA11830': [1e-05, 0.99999]}
[1, 0]
