ID            CEU     YRI
NWD163203  0.0029  0.9971
NWD838454  0.0118  0.9882
NWD447217  0.2234  0.7766
NWD506902  0.3753  0.6247
NWD516805  0.0685  0.9315
NWD598769  0.0434  0.9566
NWD276731  0.0875  0.9125
NWD857305  0.0305  0.9695
NWD573145  0.2187  0.7813
NWD378807  0.0875  0.9125
NWD773408   0.147   0.853
NWD862131  0.2318  0.7682
NWD696182  0.1117  0.8883
NWD601219  0.6148  0.3852
NWD445484  0.3543  0.6457
NWD245122  0.0945  0.9055
NWD574025  0.3243  0.6757
NWD962792  0.1447  0.8553
NWD140824  0.3759  0.6241
NWD347140  0.5588  0.4412
NWD388542  0.1686  0.8314
NWD409874  0.1197  0.8803
NWD641240  0.0631  0.9369
NWD620567  0.6683  0.3317
NWD754070  0.0263  0.9737
NWD338378  0.2539  0.7461
NWD660071  0.4136  0.5864
NWD452926   0.285   0.715
NWD233967  0.6585  0.3415
NWD878543  0.2162  0.7838
...           ...     ...
NWD907433  0.0823  0.9177
NWD712032  0.4239  0.5761
NWD677776  0.0745  0.9255
NWD599306  0.5705  0.4295
NWD684484     0.0     1.0
NWD826684  0.0789  0.9211
NWD428381  0.2504  0.7496
NWD174966  0.6091  0.3909
NWD938526  0.1107  0.8893
NWD328083  0.3933  0.6067
NWD318497  0.0728  0.9272
NWD731252  0.0014  0.9986
NWD412116  0.4386  0.5614
NWD640560  0.4059  0.5941
NWD639242  0.2877  0.7123
NWD599371     0.0     1.0
NWD720391  0.2154  0.7846
NWD431959  0.5686  0.4314
NWD584394     0.0     1.0
NWD344310     0.0     1.0
NWD517673   0.047   0.953
NWD527323  0.2488  0.7512
NWD418773  0.3803  0.6197
NWD857221  0.0446  0.9554
NWD836765     0.0     1.0
NWD396724   0.404   0.596
NWD125656  0.0448  0.9552
NWD912070   0.504   0.496
NWD597815  0.0018  0.9982
NWD512818  0.1791  0.8209

[201 rows x 2 columns]
ID            CEU     YRI
NWD163203     0.0     1.0
NWD838454  0.0592  0.9408
NWD447217  0.0072  0.9928
NWD506902  0.4138  0.5862
NWD516805   0.016   0.984
NWD598769   0.097   0.903
NWD276731  0.0103  0.9897
NWD857305  0.2578  0.7422
NWD573145  0.4285  0.5715
NWD378807  0.0742  0.9258
NWD773408  0.1683  0.8317
NWD862131  0.3756  0.6244
NWD696182  0.0261  0.9739
NWD601219  0.3391  0.6609
NWD445484  0.0545  0.9455
NWD245122  0.0124  0.9876
NWD574025  0.0871  0.9129
NWD962792  0.0031  0.9969
NWD140824  0.3069  0.6931
NWD347140  0.6429  0.3571
NWD388542  0.0939  0.9061
NWD409874  0.0266  0.9734
NWD641240  0.1116  0.8884
NWD620567     0.5     0.5
NWD754070  0.0611  0.9389
NWD338378  0.0033  0.9967
NWD660071  0.4183  0.5817
NWD452926  0.0177  0.9823
NWD233967  0.7727  0.2273
NWD878543  0.3006  0.6994
...           ...     ...
NWD907433  0.0038  0.9962
NWD712032  0.3979  0.6021
NWD677776  0.2505  0.7495
NWD599306  0.0849  0.9151
NWD684484  0.0235  0.9765
NWD826684  0.0516  0.9484
NWD428381  0.0882  0.9118
NWD174966  0.3829  0.6171
NWD938526  0.1247  0.8753
NWD328083  0.1783  0.8217
NWD318497   0.003   0.997
NWD731252  0.0138  0.9862
NWD412116  0.1954  0.8046
NWD640560  0.3735  0.6265
NWD639242  0.2283  0.7717
NWD599371  0.0726  0.9274
NWD720391     0.0     1.0
NWD431959   0.715   0.285
NWD584394     0.0     1.0
NWD344310  0.0048  0.9952
NWD517673  0.1909  0.8091
NWD527323  0.1808  0.8192
NWD418773  0.3459  0.6541
NWD857221  0.0906  0.9094
NWD836765  0.0103  0.9897
NWD396724     0.0     1.0
NWD125656  0.0938  0.9062
NWD912070  0.4131  0.5869
NWD597815  0.0365  0.9635
NWD512818  0.3282  0.6718

[201 rows x 2 columns]
ID            CEU     YRI
NWD163203  0.0074  0.9926
NWD838454     0.0     1.0
NWD447217  0.2187  0.7813
NWD506902  0.2883  0.7117
NWD516805  0.0522  0.9478
NWD598769     0.0     1.0
NWD276731  0.0387  0.9613
NWD857305  0.0233  0.9767
NWD573145  0.3404  0.6596
NWD378807   0.012   0.988
NWD773408  0.1253  0.8747
NWD862131    0.61    0.39
NWD696182  0.0714  0.9286
NWD601219  0.2734  0.7266
NWD445484  0.2172  0.7828
NWD245122  0.0177  0.9823
NWD574025    0.25    0.75
NWD962792  0.1322  0.8678
NWD140824  0.4594  0.5406
NWD347140  0.7447  0.2553
NWD388542  0.4029  0.5971
NWD409874  0.0896  0.9104
NWD641240  0.2236  0.7764
NWD620567  0.3629  0.6371
NWD754070  0.1034  0.8966
NWD338378  0.2121  0.7879
NWD660071  0.3422  0.6578
NWD452926  0.3065  0.6935
NWD233967  0.3971  0.6029
NWD878543  0.0931  0.9069
...           ...     ...
NWD907433  0.0954  0.9046
NWD712032   0.432   0.568
NWD677776  0.4501  0.5499
NWD599306  0.0039  0.9961
NWD684484     0.0     1.0
NWD826684  0.0862  0.9138
NWD428381  0.3836  0.6164
NWD174966   0.136   0.864
NWD938526  0.2335  0.7665
NWD328083  0.2535  0.7465
NWD318497  0.0718  0.9282
NWD731252  0.0067  0.9933
NWD412116  0.0311  0.9689
NWD640560  0.4518  0.5482
NWD639242  0.1227  0.8773
NWD599371   0.003   0.997
NWD720391  0.4102  0.5898
NWD431959  0.3651  0.6349
NWD584394     0.0     1.0
NWD344310     0.0     1.0
NWD517673  0.0324  0.9676
NWD527323  0.7825  0.2175
NWD418773  0.1015  0.8985
NWD857221  0.1246  0.8754
NWD836765   0.004   0.996
NWD396724   0.171   0.829
NWD125656  0.0074  0.9926
NWD912070  0.1018  0.8982
NWD597815  0.0754  0.9246
NWD512818   0.089   0.911

[201 rows x 2 columns]
ID            CEU     YRI
NWD163203  0.0333  0.9667
NWD838454     0.0     1.0
NWD447217   0.126   0.874
NWD506902  0.6487  0.3513
NWD516805  0.0945  0.9055
NWD598769  0.0114  0.9886
NWD276731  0.3493  0.6507
NWD857305  0.0498  0.9502
NWD573145  0.1488  0.8512
NWD378807  0.0921  0.9079
NWD773408  0.1373  0.8627
NWD862131  0.2141  0.7859
NWD696182  0.0232  0.9768
NWD601219  0.1086  0.8914
NWD445484  0.1551  0.8449
NWD245122     0.0     1.0
NWD574025  0.5182  0.4818
NWD962792  0.0317  0.9683
NWD140824  0.0431  0.9569
NWD347140  0.6003  0.3997
NWD388542  0.3832  0.6168
NWD409874  0.3267  0.6733
NWD641240  0.4916  0.5084
NWD620567  0.8443  0.1557
NWD754070  0.0014  0.9986
NWD338378  0.0244  0.9756
NWD660071  0.3778  0.6222
NWD452926  0.0817  0.9183
NWD233967  0.1936  0.8064
NWD878543  0.2032  0.7968
...           ...     ...
NWD907433  0.3634  0.6366
NWD712032  0.2286  0.7714
NWD677776  0.4485  0.5515
NWD599306   0.009   0.991
NWD684484  0.0133  0.9867
NWD826684  0.1267  0.8733
NWD428381   0.639   0.361
NWD174966  0.6087  0.3913
NWD938526  0.4141  0.5859
NWD328083  0.4447  0.5553
NWD318497  0.6646  0.3354
NWD731252  0.0099  0.9901
NWD412116  0.1404  0.8596
NWD640560  0.0407  0.9593
NWD639242  0.2345  0.7655
NWD599371  0.0338  0.9662
NWD720391  0.0137  0.9863
NWD431959  0.5091  0.4909
NWD584394     0.0     1.0
NWD344310  0.0085  0.9915
NWD517673  0.0012  0.9988
NWD527323  0.3413  0.6587
NWD418773  0.1524  0.8476
NWD857221  0.0391  0.9609
NWD836765     0.0     1.0
NWD396724  0.2665  0.7335
NWD125656     0.0     1.0
NWD912070  0.4061  0.5939
NWD597815  0.0613  0.9387
NWD512818  0.3573  0.6427

[201 rows x 2 columns]
ID            CEU     YRI
NWD163203  0.1439  0.8561
NWD838454  0.0012  0.9988
NWD447217  0.1669  0.8331
NWD506902  0.3072  0.6928
NWD516805  0.1839  0.8161
NWD598769  0.1048  0.8952
NWD276731  0.6025  0.3975
NWD857305  0.0569  0.9431
NWD573145  0.3378  0.6622
NWD378807  0.0256  0.9744
NWD773408  0.2476  0.7524
NWD862131  0.1223  0.8777
NWD696182  0.0725  0.9275
NWD601219  0.0893  0.9107
NWD445484  0.3058  0.6942
NWD245122   0.003   0.997
NWD574025  0.3712  0.6288
NWD962792  0.1908  0.8092
NWD140824  0.1848  0.8152
NWD347140  0.4848  0.5152
NWD388542  0.3748  0.6252
NWD409874  0.0696  0.9304
NWD641240  0.3456  0.6544
NWD620567  0.5008  0.4992
NWD754070  0.0144  0.9856
NWD338378  0.0736  0.9264
NWD660071  0.3934  0.6066
NWD452926  0.1157  0.8843
NWD233967    0.77    0.23
NWD878543  0.1776  0.8224
...           ...     ...
NWD907433  0.4093  0.5907
NWD712032  0.2893  0.7107
NWD677776  0.1813  0.8187
NWD599306  0.0032  0.9968
NWD684484     0.0     1.0
NWD826684     0.0     1.0
NWD428381  0.2547  0.7453
NWD174966  0.3665  0.6335
NWD938526  0.4697  0.5303
NWD328083  0.2655  0.7345
NWD318497  0.4906  0.5094
NWD731252  0.1178  0.8822
NWD412116  0.5086  0.4914
NWD640560  0.2929  0.7071
NWD639242   0.334   0.666
NWD599371  0.0015  0.9985
NWD720391  0.2153  0.7847
NWD431959  0.5141  0.4859
NWD584394     0.0     1.0
NWD344310  0.0338  0.9662
NWD517673  0.0676  0.9324
NWD527323  0.5466  0.4534
NWD418773  0.3312  0.6688
NWD857221  0.0713  0.9287
NWD836765     0.0     1.0
NWD396724  0.0484  0.9516
NWD125656  0.0007  0.9993
NWD912070  0.1724  0.8276
NWD597815  0.0311  0.9689
NWD512818  0.2303  0.7697

[201 rows x 2 columns]
ID            CEU     YRI
NWD163203  0.0479  0.9521
NWD838454  0.0632  0.9368
NWD447217  0.0777  0.9223
NWD506902   0.348   0.652
NWD516805  0.0827  0.9173
NWD598769  0.1091  0.8909
NWD276731  0.0534  0.9466
NWD857305     0.1     0.9
NWD573145  0.5804  0.4196
NWD378807  0.0961  0.9039
NWD773408   0.312   0.688
NWD862131  0.2855  0.7145
NWD696182  0.0818  0.9182
NWD601219   0.201   0.799
NWD445484  0.3762  0.6238
NWD245122  0.0556  0.9444
NWD574025  0.0787  0.9213
NWD962792  0.1209  0.8791
NWD140824  0.4841  0.5159
NWD347140  0.6956  0.3044
NWD388542  0.4397  0.5603
NWD409874  0.3466  0.6534
NWD641240  0.3859  0.6141
NWD620567  0.4181  0.5819
NWD754070  0.0171  0.9829
NWD338378  0.0006  0.9994
NWD660071  0.2266  0.7734
NWD452926  0.2938  0.7062
NWD233967  0.5973  0.4027
NWD878543  0.0272  0.9728
...           ...     ...
NWD907433  0.1194  0.8806
NWD712032  0.2392  0.7608
NWD677776  0.4695  0.5305
NWD599306  0.1279  0.8721
NWD684484     0.0     1.0
NWD826684  0.0469  0.9531
NWD428381   0.292   0.708
NWD174966  0.3242  0.6758
NWD938526  0.0344  0.9656
NWD328083  0.1485  0.8515
NWD318497  0.0783  0.9217
NWD731252  0.0693  0.9307
NWD412116  0.1297  0.8703
NWD640560  0.3866  0.6134
NWD639242  0.1977  0.8023
NWD599371  0.0319  0.9681
NWD720391  0.0178  0.9822
NWD431959  0.6624  0.3376
NWD584394     0.0     1.0
NWD344310  0.0788  0.9212
NWD517673  0.2543  0.7457
NWD527323  0.3109  0.6891
NWD418773  0.1616  0.8384
NWD857221  0.0576  0.9424
NWD836765     0.0     1.0
NWD396724   0.404   0.596
NWD125656  0.1738  0.8262
NWD912070  0.4516  0.5484
NWD597815  0.0715  0.9285
NWD512818  0.2354  0.7646

[201 rows x 2 columns]
ID            CEU     YRI
NWD163203  0.0085  0.9915
NWD838454     0.0     1.0
NWD447217   0.034   0.966
NWD506902  0.2809  0.7191
NWD516805  0.2195  0.7805
NWD598769  0.0666  0.9334
NWD276731  0.1757  0.8243
NWD857305  0.1004  0.8996
NWD573145  0.4983  0.5017
NWD378807  0.1609  0.8391
NWD773408  0.0487  0.9513
NWD862131  0.3534  0.6466
NWD696182  0.0365  0.9635
NWD601219  0.1316  0.8684
NWD445484  0.2899  0.7101
NWD245122     0.0     1.0
NWD574025  0.3552  0.6448
NWD962792  0.0489  0.9511
NWD140824  0.1284  0.8716
NWD347140  0.5198  0.4802
NWD388542  0.1788  0.8212
NWD409874  0.0182  0.9818
NWD641240  0.0258  0.9742
NWD620567  0.6317  0.3683
NWD754070     0.0     1.0
NWD338378  0.0415  0.9585
NWD660071  0.0972  0.9028
NWD452926     0.0     1.0
NWD233967  0.4674  0.5326
NWD878543  0.4643  0.5357
...           ...     ...
NWD907433  0.0162  0.9838
NWD712032  0.2753  0.7247
NWD677776  0.1034  0.8966
NWD599306  0.0041  0.9959
NWD684484  0.0028  0.9972
NWD826684   0.019   0.981
NWD428381   0.203   0.797
NWD174966  0.1796  0.8204
NWD938526  0.1528  0.8472
NWD328083   0.304   0.696
NWD318497  0.0781  0.9219
NWD731252  0.1478  0.8522
NWD412116  0.1388  0.8612
NWD640560   0.125   0.875
NWD639242   0.454   0.546
NWD599371  0.0064  0.9936
NWD720391  0.1342  0.8658
NWD431959  0.6236  0.3764
NWD584394     0.0     1.0
NWD344310     0.0     1.0
NWD517673  0.0115  0.9885
NWD527323     0.0     1.0
NWD418773  0.2309  0.7691
NWD857221  0.0956  0.9044
NWD836765     0.0     1.0
NWD396724  0.1522  0.8478
NWD125656  0.0309  0.9691
NWD912070  0.3728  0.6272
NWD597815  0.0494  0.9506
NWD512818  0.0356  0.9644

[201 rows x 2 columns]
ID            CEU     YRI
NWD163203  0.0154  0.9846
NWD838454     0.0     1.0
NWD447217  0.0111  0.9889
NWD506902  0.6487  0.3513
NWD516805  0.0231  0.9769
NWD598769   0.112   0.888
NWD276731  0.1003  0.8997
NWD857305  0.0811  0.9189
NWD573145  0.2929  0.7071
NWD378807  0.1519  0.8481
NWD773408  0.3115  0.6885
NWD862131  0.3694  0.6306
NWD696182  0.1658  0.8342
NWD601219  0.3178  0.6822
NWD445484  0.3097  0.6903
NWD245122  0.0684  0.9316
NWD574025  0.4359  0.5641
NWD962792  0.1472  0.8528
NWD140824  0.5088  0.4912
NWD347140  0.8051  0.1949
NWD388542  0.4638  0.5362
NWD409874  0.1516  0.8484
NWD641240  0.3555  0.6445
NWD620567  0.3845  0.6155
NWD754070   0.054   0.946
NWD338378  0.0016  0.9984
NWD660071  0.3889  0.6111
NWD452926  0.1723  0.8277
NWD233967  0.3959  0.6041
NWD878543  0.3439  0.6561
...           ...     ...
NWD907433     0.0     1.0
NWD712032  0.0317  0.9683
NWD677776  0.2387  0.7613
NWD599306  0.2323  0.7677
NWD684484  0.0024  0.9976
NWD826684  0.1308  0.8692
NWD428381  0.1449  0.8551
NWD174966  0.2094  0.7906
NWD938526  0.1066  0.8934
NWD328083  0.3273  0.6727
NWD318497  0.1709  0.8291
NWD731252  0.2235  0.7765
NWD412116  0.3751  0.6249
NWD640560  0.0983  0.9017
NWD639242  0.2288  0.7712
NWD599371  0.0555  0.9445
NWD720391   0.022   0.978
NWD431959  0.3156  0.6844
NWD584394  0.0023  0.9977
NWD344310  0.1454  0.8546
NWD517673  0.0025  0.9975
NWD527323  0.4819  0.5181
NWD418773  0.0899  0.9101
NWD857221  0.0933  0.9067
NWD836765     0.0     1.0
NWD396724  0.0623  0.9377
NWD125656  0.0682  0.9318
NWD912070  0.1811  0.8189
NWD597815  0.0884  0.9116
NWD512818  0.2342  0.7658

[201 rows x 2 columns]
ID            CEU     YRI
NWD163203  0.0615  0.9385
NWD838454  0.0069  0.9931
NWD447217  0.1759  0.8241
NWD506902  0.6423  0.3577
NWD516805  0.0389  0.9611
NWD598769   0.029   0.971
NWD276731  0.1566  0.8434
NWD857305   0.196   0.804
NWD573145   0.008   0.992
NWD378807  0.1601  0.8399
NWD773408  0.4403  0.5597
NWD862131  0.4837  0.5163
NWD696182  0.1887  0.8113
NWD601219  0.2494  0.7506
NWD445484  0.4859  0.5141
NWD245122  0.0935  0.9065
NWD574025  0.2066  0.7934
NWD962792  0.2322  0.7678
NWD140824   0.259   0.741
NWD347140  0.7218  0.2782
NWD388542  0.3719  0.6281
NWD409874  0.1087  0.8913
NWD641240  0.1284  0.8716
NWD620567  0.4008  0.5992
NWD754070  0.0167  0.9833
NWD338378  0.0175  0.9825
NWD660071  0.0726  0.9274
NWD452926  0.2691  0.7309
NWD233967  0.9532  0.0468
NWD878543  0.2287  0.7713
...           ...     ...
NWD907433  0.0489  0.9511
NWD712032    0.28    0.72
NWD677776  0.0922  0.9078
NWD599306     0.0     1.0
NWD684484     0.0     1.0
NWD826684  0.1209  0.8791
NWD428381  0.4915  0.5085
NWD174966  0.4641  0.5359
NWD938526  0.3636  0.6364
NWD328083  0.2246  0.7754
NWD318497   0.155   0.845
NWD731252  0.0175  0.9825
NWD412116  0.4685  0.5315
NWD640560  0.1564  0.8436
NWD639242  0.2094  0.7906
NWD599371  0.0443  0.9557
NWD720391  0.1112  0.8888
NWD431959  0.5054  0.4946
NWD584394     0.0     1.0
NWD344310  0.0238  0.9762
NWD517673  0.1389  0.8611
NWD527323  0.1851  0.8149
NWD418773  0.0937  0.9063
NWD857221  0.1172  0.8828
NWD836765     0.0     1.0
NWD396724  0.0058  0.9942
NWD125656  0.0866  0.9134
NWD912070  0.0274  0.9726
NWD597815   0.111   0.889
NWD512818  0.2313  0.7687

[201 rows x 2 columns]
ID            CEU     YRI
NWD163203  0.0654  0.9346
NWD838454   0.063   0.937
NWD447217     0.0     1.0
NWD506902   0.336   0.664
NWD516805  0.0205  0.9795
NWD598769  0.1171  0.8829
NWD276731  0.2252  0.7748
NWD857305  0.0105  0.9895
NWD573145  0.0377  0.9623
NWD378807  0.2958  0.7042
NWD773408   0.086   0.914
NWD862131  0.5106  0.4894
NWD696182  0.0391  0.9609
NWD601219  0.3034  0.6966
NWD445484  0.0258  0.9742
NWD245122     0.0     1.0
NWD574025  0.0297  0.9703
NWD962792  0.1612  0.8388
NWD140824  0.4142  0.5858
NWD347140  0.5513  0.4487
NWD388542   0.325   0.675
NWD409874  0.2143  0.7857
NWD641240  0.1604  0.8396
NWD620567  0.3977  0.6023
NWD754070  0.0135  0.9865
NWD338378  0.0734  0.9266
NWD660071  0.2774  0.7226
NWD452926     0.0     1.0
NWD233967  0.4194  0.5806
NWD878543  0.3882  0.6118
...           ...     ...
NWD907433     0.0     1.0
NWD712032  0.1652  0.8348
NWD677776  0.2832  0.7168
NWD599306  0.0577  0.9423
NWD684484  0.0079  0.9921
NWD826684  0.0615  0.9385
NWD428381  0.3734  0.6266
NWD174966     0.0     1.0
NWD938526  0.0933  0.9067
NWD328083  0.1038  0.8962
NWD318497  0.4192  0.5808
NWD731252  0.0407  0.9593
NWD412116  0.3231  0.6769
NWD640560  0.5545  0.4455
NWD639242  0.4044  0.5956
NWD599371  0.1824  0.8176
NWD720391  0.1233  0.8767
NWD431959  0.1568  0.8432
NWD584394     0.0     1.0
NWD344310     0.0     1.0
NWD517673  0.0802  0.9198
NWD527323  0.1751  0.8249
NWD418773  0.0485  0.9515
NWD857221  0.0679  0.9321
NWD836765     0.0     1.0
NWD396724     0.0     1.0
NWD125656  0.1364  0.8636
NWD912070  0.1628  0.8372
NWD597815  0.0958  0.9042
NWD512818  0.0282  0.9718

[201 rows x 2 columns]
ID            CEU     YRI
NWD163203  0.0031  0.9969
NWD838454   0.004   0.996
NWD447217  0.1399  0.8601
NWD506902  0.5636  0.4364
NWD516805   0.005   0.995
NWD598769  0.0568  0.9432
NWD276731  0.1852  0.8148
NWD857305   0.244   0.756
NWD573145  0.3634  0.6366
NWD378807  0.0085  0.9915
NWD773408  0.1333  0.8667
NWD862131  0.3707  0.6293
NWD696182  0.0965  0.9035
NWD601219  0.1942  0.8058
NWD445484  0.3807  0.6193
NWD245122  0.1133  0.8867
NWD574025  0.1066  0.8934
NWD962792  0.1603  0.8397
NWD140824   0.211   0.789
NWD347140  0.5646  0.4354
NWD388542   0.383   0.617
NWD409874  0.0234  0.9766
NWD641240  0.4839  0.5161
NWD620567  0.3343  0.6657
NWD754070  0.0134  0.9866
NWD338378  0.1016  0.8984
NWD660071  0.3294  0.6706
NWD452926  0.1821  0.8179
NWD233967  0.3102  0.6898
NWD878543  0.3559  0.6441
...           ...     ...
NWD907433  0.1943  0.8057
NWD712032  0.1143  0.8857
NWD677776  0.5244  0.4756
NWD599306  0.2333  0.7667
NWD684484     0.0     1.0
NWD826684  0.0507  0.9493
NWD428381  0.2112  0.7888
NWD174966  0.1494  0.8506
NWD938526  0.0642  0.9358
NWD328083  0.0446  0.9554
NWD318497  0.3282  0.6718
NWD731252  0.0166  0.9834
NWD412116  0.6347  0.3653
NWD640560  0.2558  0.7442
NWD639242  0.4234  0.5766
NWD599371     0.0     1.0
NWD720391  0.1115  0.8885
NWD431959     0.5     0.5
NWD584394     0.0     1.0
NWD344310  0.0204  0.9796
NWD517673  0.2425  0.7575
NWD527323  0.3702  0.6298
NWD418773  0.3307  0.6693
NWD857221  0.0593  0.9407
NWD836765     0.0     1.0
NWD396724     0.0     1.0
NWD125656  0.0191  0.9809
NWD912070  0.4281  0.5719
NWD597815  0.0405  0.9595
NWD512818  0.1382  0.8618

[201 rows x 2 columns]
ID            CEU     YRI
NWD163203     0.0     1.0
NWD838454  0.0425  0.9575
NWD447217  0.0878  0.9122
NWD506902  0.2129  0.7871
NWD516805  0.1097  0.8903
NWD598769     0.0     1.0
NWD276731  0.0645  0.9355
NWD857305  0.0158  0.9842
NWD573145  0.2078  0.7922
NWD378807  0.0208  0.9792
NWD773408  0.2006  0.7994
NWD862131  0.3648  0.6352
NWD696182  0.2912  0.7088
NWD601219  0.1104  0.8896
NWD445484  0.5026  0.4974
NWD245122  0.0978  0.9022
NWD574025  0.2516  0.7484
NWD962792  0.1593  0.8407
NWD140824  0.3961  0.6039
NWD347140   0.527   0.473
NWD388542  0.2254  0.7746
NWD409874  0.2018  0.7982
NWD641240  0.1268  0.8732
NWD620567    0.53    0.47
NWD754070  0.0088  0.9912
NWD338378     0.0     1.0
NWD660071  0.3327  0.6673
NWD452926    0.24    0.76
NWD233967   0.254   0.746
NWD878543  0.2385  0.7615
...           ...     ...
NWD907433  0.0497  0.9503
NWD712032   0.321   0.679
NWD677776  0.3301  0.6699
NWD599306   0.011   0.989
NWD684484     0.0     1.0
NWD826684   0.023   0.977
NWD428381  0.5621  0.4379
NWD174966  0.6667  0.3333
NWD938526  0.1653  0.8347
NWD328083  0.0573  0.9427
NWD318497  0.1933  0.8067
NWD731252  0.0234  0.9766
NWD412116  0.3536  0.6464
NWD640560  0.6291  0.3709
NWD639242  0.1426  0.8574
NWD599371  0.1207  0.8793
NWD720391  0.0044  0.9956
NWD431959  0.5113  0.4887
NWD584394     0.0     1.0
NWD344310  0.0052  0.9948
NWD517673  0.0853  0.9147
NWD527323  0.5096  0.4904
NWD418773  0.4058  0.5942
NWD857221  0.3535  0.6465
NWD836765     0.0     1.0
NWD396724  0.0126  0.9874
NWD125656  0.1149  0.8851
NWD912070  0.1353  0.8647
NWD597815  0.1286  0.8714
NWD512818  0.0876  0.9124

[201 rows x 2 columns]
ID            CEU     YRI
NWD163203     0.0     1.0
NWD838454  0.0135  0.9865
NWD447217  0.1459  0.8541
NWD506902  0.3285  0.6715
NWD516805  0.1848  0.8152
NWD598769  0.1051  0.8949
NWD276731  0.0882  0.9118
NWD857305    0.19    0.81
NWD573145  0.3304  0.6696
NWD378807  0.0939  0.9061
NWD773408  0.1426  0.8574
NWD862131  0.4393  0.5607
NWD696182  0.1098  0.8902
NWD601219  0.2456  0.7544
NWD445484  0.7559  0.2441
NWD245122  0.0295  0.9705
NWD574025     0.0     1.0
NWD962792     0.0     1.0
NWD140824  0.4791  0.5209
NWD347140  0.8048  0.1952
NWD388542  0.5194  0.4806
NWD409874  0.7396  0.2604
NWD641240  0.0864  0.9136
NWD620567  0.4636  0.5364
NWD754070  0.0188  0.9812
NWD338378  0.0839  0.9161
NWD660071  0.3313  0.6687
NWD452926  0.1583  0.8417
NWD233967  0.5733  0.4267
NWD878543  0.1703  0.8297
...           ...     ...
NWD907433  0.0711  0.9289
NWD712032  0.2635  0.7365
NWD677776  0.3909  0.6091
NWD599306     0.0     1.0
NWD684484     0.0     1.0
NWD826684  0.0252  0.9748
NWD428381  0.1095  0.8905
NWD174966  0.5791  0.4209
NWD938526  0.0106  0.9894
NWD328083  0.2289  0.7711
NWD318497  0.4482  0.5518
NWD731252     0.0     1.0
NWD412116  0.5964  0.4036
NWD640560  0.7427  0.2573
NWD639242  0.4055  0.5945
NWD599371     0.0     1.0
NWD720391  0.0415  0.9585
NWD431959  0.5889  0.4111
NWD584394     0.0     1.0
NWD344310  0.0205  0.9795
NWD517673     0.0     1.0
NWD527323  0.2491  0.7509
NWD418773  0.5291  0.4709
NWD857221  0.0012  0.9988
NWD836765     0.0     1.0
NWD396724  0.0269  0.9731
NWD125656  0.0651  0.9349
NWD912070  0.0352  0.9648
NWD597815  0.0073  0.9927
NWD512818     0.0     1.0

[201 rows x 2 columns]
ID            CEU     YRI
NWD163203  0.0106  0.9894
NWD838454  0.2695  0.7305
NWD447217  0.1146  0.8854
NWD506902  0.5548  0.4452
NWD516805  0.0896  0.9104
NWD598769     0.0     1.0
NWD276731  0.0554  0.9446
NWD857305  0.2664  0.7336
NWD573145    0.43    0.57
NWD378807  0.0042  0.9958
NWD773408  0.3462  0.6538
NWD862131  0.1986  0.8014
NWD696182  0.0439  0.9561
NWD601219  0.1922  0.8078
NWD445484   0.081   0.919
NWD245122   0.033   0.967
NWD574025  0.1474  0.8526
NWD962792  0.0507  0.9493
NWD140824  0.0919  0.9081
NWD347140   0.535   0.465
NWD388542  0.4085  0.5915
NWD409874     0.0     1.0
NWD641240  0.0962  0.9038
NWD620567  0.7415  0.2585
NWD754070  0.0016  0.9984
NWD338378     0.0     1.0
NWD660071  0.2417  0.7583
NWD452926   0.272   0.728
NWD233967  0.7369  0.2631
NWD878543  0.4975  0.5025
...           ...     ...
NWD907433  0.2925  0.7075
NWD712032  0.5041  0.4959
NWD677776  0.0726  0.9274
NWD599306  0.0919  0.9081
NWD684484     0.0     1.0
NWD826684  0.0361  0.9639
NWD428381  0.4602  0.5398
NWD174966  0.6026  0.3974
NWD938526  0.1949  0.8051
NWD328083     0.0     1.0
NWD318497  0.2266  0.7734
NWD731252  0.0178  0.9822
NWD412116   0.448   0.552
NWD640560  0.5606  0.4394
NWD639242  0.2774  0.7226
NWD599371  0.0423  0.9577
NWD720391     0.0     1.0
NWD431959  0.5214  0.4786
NWD584394     0.0     1.0
NWD344310  0.0273  0.9727
NWD517673  0.2111  0.7889
NWD527323  0.6796  0.3204
NWD418773  0.1061  0.8939
NWD857221  0.1023  0.8977
NWD836765     0.0     1.0
NWD396724     0.0     1.0
NWD125656  0.0052  0.9948
NWD912070  0.1747  0.8253
NWD597815  0.2032  0.7968
NWD512818  0.2092  0.7908

[201 rows x 2 columns]
ID            CEU     YRI
NWD163203     0.0     1.0
NWD838454  0.0205  0.9795
NWD447217  0.1468  0.8532
NWD506902  0.5714  0.4286
NWD516805     0.0     1.0
NWD598769  0.1113  0.8887
NWD276731   0.072   0.928
NWD857305   0.337   0.663
NWD573145  0.4653  0.5347
NWD378807  0.2034  0.7966
NWD773408  0.2372  0.7628
NWD862131  0.3794  0.6206
NWD696182  0.1425  0.8575
NWD601219  0.2818  0.7182
NWD445484  0.2293  0.7707
NWD245122     0.0     1.0
NWD574025  0.4141  0.5859
NWD962792  0.1902  0.8098
NWD140824  0.3616  0.6384
NWD347140  0.7801  0.2199
NWD388542  0.5928  0.4072
NWD409874  0.0881  0.9119
NWD641240  0.4192  0.5808
NWD620567  0.7976  0.2024
NWD754070  0.0393  0.9607
NWD338378     0.0     1.0
NWD660071  0.1001  0.8999
NWD452926  0.0647  0.9353
NWD233967  0.7786  0.2214
NWD878543  0.1236  0.8764
...           ...     ...
NWD907433     0.0     1.0
NWD712032   0.297   0.703
NWD677776  0.5124  0.4876
NWD599306     0.0     1.0
NWD684484     0.0     1.0
NWD826684  0.0387  0.9613
NWD428381  0.5523  0.4477
NWD174966  0.3985  0.6015
NWD938526  0.1961  0.8039
NWD328083    0.16    0.84
NWD318497  0.1566  0.8434
NWD731252     0.0     1.0
NWD412116  0.1072  0.8928
NWD640560  0.5543  0.4457
NWD639242  0.2635  0.7365
NWD599371     0.0     1.0
NWD720391  0.2787  0.7213
NWD431959  0.5557  0.4443
NWD584394     0.0     1.0
NWD344310  0.2045  0.7955
NWD517673  0.0062  0.9938
NWD527323  0.1599  0.8401
NWD418773  0.1274  0.8726
NWD857221   0.165   0.835
NWD836765  0.0091  0.9909
NWD396724  0.2264  0.7736
NWD125656  0.0046  0.9954
NWD912070  0.3156  0.6844
NWD597815     0.0     1.0
NWD512818  0.0975  0.9025

[201 rows x 2 columns]
ID            CEU     YRI
NWD163203  0.1095  0.8905
NWD838454  0.2641  0.7359
NWD447217   0.172   0.828
NWD506902  0.3677  0.6323
NWD516805  0.0289  0.9711
NWD598769  0.0015  0.9985
NWD276731  0.0759  0.9241
NWD857305   0.122   0.878
NWD573145  0.4698  0.5302
NWD378807  0.0024  0.9976
NWD773408  0.2019  0.7981
NWD862131  0.6795  0.3205
NWD696182  0.1368  0.8632
NWD601219   0.204   0.796
NWD445484  0.4311  0.5689
NWD245122   0.124   0.876
NWD574025  0.6673  0.3327
NWD962792  0.2986  0.7014
NWD140824  0.3463  0.6537
NWD347140  0.9656  0.0344
NWD388542  0.3986  0.6014
NWD409874  0.1218  0.8782
NWD641240  0.3283  0.6717
NWD620567  0.5005  0.4995
NWD754070  0.0127  0.9873
NWD338378   0.209   0.791
NWD660071  0.6475  0.3525
NWD452926  0.1405  0.8595
NWD233967  0.5672  0.4328
NWD878543   0.379   0.621
...           ...     ...
NWD907433  0.0069  0.9931
NWD712032  0.1221  0.8779
NWD677776  0.1422  0.8578
NWD599306  0.0805  0.9195
NWD684484     0.0     1.0
NWD826684  0.0515  0.9485
NWD428381  0.2332  0.7668
NWD174966  0.3198  0.6802
NWD938526  0.1458  0.8542
NWD328083  0.1373  0.8627
NWD318497  0.3158  0.6842
NWD731252  0.1366  0.8634
NWD412116  0.1402  0.8598
NWD640560  0.1653  0.8347
NWD639242  0.2652  0.7348
NWD599371   0.053   0.947
NWD720391   0.007   0.993
NWD431959  0.2985  0.7015
NWD584394     0.0     1.0
NWD344310  0.0713  0.9287
NWD517673  0.0068  0.9932
NWD527323  0.4459  0.5541
NWD418773  0.3295  0.6705
NWD857221  0.0279  0.9721
NWD836765     0.0     1.0
NWD396724  0.3046  0.6954
NWD125656  0.0076  0.9924
NWD912070  0.2527  0.7473
NWD597815   0.029   0.971
NWD512818  0.1603  0.8397

[201 rows x 2 columns]
ID            CEU     YRI
NWD163203  0.0094  0.9906
NWD838454  0.0183  0.9817
NWD447217   0.185   0.815
NWD506902  0.9172  0.0828
NWD516805  0.0142  0.9858
NWD598769  0.1878  0.8122
NWD276731  0.1128  0.8872
NWD857305  0.2956  0.7044
NWD573145  0.2141  0.7859
NWD378807     0.2     0.8
NWD773408  0.2171  0.7829
NWD862131  0.4319  0.5681
NWD696182  0.3868  0.6132
NWD601219  0.2849  0.7151
NWD445484  0.3711  0.6289
NWD245122  0.0665  0.9335
NWD574025  0.3456  0.6544
NWD962792  0.1472  0.8528
NWD140824  0.2695  0.7305
NWD347140  0.8372  0.1628
NWD388542  0.3358  0.6642
NWD409874  0.0603  0.9397
NWD641240  0.5677  0.4323
NWD620567  0.2444  0.7556
NWD754070  0.0258  0.9742
NWD338378  0.0133  0.9867
NWD660071  0.4728  0.5272
NWD452926  0.0428  0.9572
NWD233967  0.6741  0.3259
NWD878543  0.1405  0.8595
...           ...     ...
NWD907433  0.0364  0.9636
NWD712032  0.2756  0.7244
NWD677776  0.2781  0.7219
NWD599306  0.2992  0.7008
NWD684484     0.0     1.0
NWD826684  0.0998  0.9002
NWD428381  0.5296  0.4704
NWD174966  0.3842  0.6158
NWD938526   0.076   0.924
NWD328083  0.5284  0.4716
NWD318497  0.0018  0.9982
NWD731252  0.0267  0.9733
NWD412116   0.255   0.745
NWD640560  0.2893  0.7107
NWD639242  0.2062  0.7938
NWD599371  0.0334  0.9666
NWD720391   0.006   0.994
NWD431959  0.4746  0.5254
NWD584394     0.0     1.0
NWD344310  0.0064  0.9936
NWD517673  0.0394  0.9606
NWD527323  0.2798  0.7202
NWD418773  0.1774  0.8226
NWD857221   0.094   0.906
NWD836765     0.0     1.0
NWD396724     0.0     1.0
NWD125656  0.1326  0.8674
NWD912070  0.4238  0.5762
NWD597815  0.0758  0.9242
NWD512818  0.3011  0.6989

[201 rows x 2 columns]
ID            CEU     YRI
NWD163203     0.0     1.0
NWD838454     0.0     1.0
NWD447217  0.1631  0.8369
NWD506902  0.3075  0.6925
NWD516805  0.0538  0.9462
NWD598769  0.1471  0.8529
NWD276731  0.0203  0.9797
NWD857305  0.1105  0.8895
NWD573145  0.3766  0.6234
NWD378807  0.1772  0.8228
NWD773408  0.1325  0.8675
NWD862131  0.5213  0.4787
NWD696182  0.0109  0.9891
NWD601219  0.4488  0.5512
NWD445484  0.1724  0.8276
NWD245122  0.1902  0.8098
NWD574025  0.4951  0.5049
NWD962792  0.0802  0.9198
NWD140824   0.074   0.926
NWD347140  0.7182  0.2818
NWD388542  0.3669  0.6331
NWD409874  0.1511  0.8489
NWD641240  0.5165  0.4835
NWD620567  0.7409  0.2591
NWD754070  0.0374  0.9626
NWD338378     0.0     1.0
NWD660071  0.2939  0.7061
NWD452926  0.3544  0.6456
NWD233967  0.7364  0.2636
NWD878543  0.2206  0.7794
...           ...     ...
NWD907433  0.0218  0.9782
NWD712032  0.1926  0.8074
NWD677776  0.1407  0.8593
NWD599306  0.1726  0.8274
NWD684484     0.0     1.0
NWD826684     0.0     1.0
NWD428381  0.3456  0.6544
NWD174966  0.1389  0.8611
NWD938526  0.2471  0.7529
NWD328083  0.1576  0.8424
NWD318497   0.361   0.639
NWD731252  0.1238  0.8762
NWD412116  0.2346  0.7654
NWD640560  0.6329  0.3671
NWD639242  0.1999  0.8001
NWD599371  0.0669  0.9331
NWD720391   0.265   0.735
NWD431959  0.5389  0.4611
NWD584394     0.0     1.0
NWD344310   0.017   0.983
NWD517673   0.121   0.879
NWD527323  0.2732  0.7268
NWD418773  0.6142  0.3858
NWD857221  0.1236  0.8764
NWD836765  0.0024  0.9976
NWD396724  0.0158  0.9842
NWD125656  0.0047  0.9953
NWD912070  0.2863  0.7137
NWD597815  0.0574  0.9426
NWD512818  0.4031  0.5969

[201 rows x 2 columns]
ID            CEU     YRI
NWD163203     0.0     1.0
NWD838454     0.0     1.0
NWD447217  0.1197  0.8803
NWD506902  0.7172  0.2828
NWD516805  0.0134  0.9866
NWD598769  0.0512  0.9488
NWD276731  0.2119  0.7881
NWD857305  0.0914  0.9086
NWD573145  0.4201  0.5799
NWD378807  0.0761  0.9239
NWD773408  0.1023  0.8977
NWD862131  0.1192  0.8808
NWD696182  0.0175  0.9825
NWD601219  0.1842  0.8158
NWD445484  0.2673  0.7327
NWD245122  0.0276  0.9724
NWD574025  0.3582  0.6418
NWD962792     0.0     1.0
NWD140824  0.3033  0.6967
NWD347140  0.9302  0.0698
NWD388542  0.2036  0.7964
NWD409874  0.0906  0.9094
NWD641240  0.5383  0.4617
NWD620567   0.133   0.867
NWD754070  0.1077  0.8923
NWD338378  0.1103  0.8897
NWD660071  0.4176  0.5824
NWD452926  0.1035  0.8965
NWD233967   0.866   0.134
NWD878543  0.4799  0.5201
...           ...     ...
NWD907433     0.0     1.0
NWD712032  0.4348  0.5652
NWD677776  0.2049  0.7951
NWD599306     0.0     1.0
NWD684484     0.0     1.0
NWD826684     0.0     1.0
NWD428381  0.2485  0.7515
NWD174966   0.194   0.806
NWD938526  0.2141  0.7859
NWD328083   0.443   0.557
NWD318497  0.1219  0.8781
NWD731252     0.0     1.0
NWD412116   0.006   0.994
NWD640560  0.6733  0.3267
NWD639242  0.1746  0.8254
NWD599371  0.0453  0.9547
NWD720391  0.2325  0.7675
NWD431959  0.6382  0.3618
NWD584394     0.0     1.0
NWD344310     0.0     1.0
NWD517673  0.2355  0.7645
NWD527323  0.0883  0.9117
NWD418773  0.0229  0.9771
NWD857221  0.0831  0.9169
NWD836765     0.0     1.0
NWD396724  0.2111  0.7889
NWD125656     0.0     1.0
NWD912070  0.2546  0.7454
NWD597815     0.0     1.0
NWD512818  0.1093  0.8907

[201 rows x 2 columns]
ID            CEU     YRI
NWD163203  0.2905  0.7095
NWD838454  0.0026  0.9974
NWD447217  0.1311  0.8689
NWD506902  0.6799  0.3201
NWD516805  0.0716  0.9284
NWD598769  0.3425  0.6575
NWD276731  0.1664  0.8336
NWD857305  0.0398  0.9602
NWD573145  0.0085  0.9915
NWD378807  0.0545  0.9455
NWD773408  0.3763  0.6237
NWD862131  0.3349  0.6651
NWD696182  0.3699  0.6301
NWD601219  0.1906  0.8094
NWD445484  0.1125  0.8875
NWD245122  0.0437  0.9563
NWD574025  0.1212  0.8788
NWD962792   0.017   0.983
NWD140824  0.2037  0.7963
NWD347140  0.5384  0.4616
NWD388542  0.2422  0.7578
NWD409874  0.0401  0.9599
NWD641240  0.1374  0.8626
NWD620567  0.1618  0.8382
NWD754070  0.1405  0.8595
NWD338378  0.0637  0.9363
NWD660071  0.5143  0.4857
NWD452926  0.3992  0.6008
NWD233967   0.694   0.306
NWD878543    0.09    0.91
...           ...     ...
NWD907433   0.162   0.838
NWD712032  0.0286  0.9714
NWD677776     0.0     1.0
NWD599306  0.0844  0.9156
NWD684484     0.0     1.0
NWD826684  0.1155  0.8845
NWD428381  0.3031  0.6969
NWD174966  0.4159  0.5841
NWD938526  0.3474  0.6526
NWD328083  0.0339  0.9661
NWD318497  0.0915  0.9085
NWD731252  0.2985  0.7015
NWD412116  0.5894  0.4106
NWD640560  0.5296  0.4704
NWD639242  0.3805  0.6195
NWD599371     0.0     1.0
NWD720391     0.0     1.0
NWD431959  0.4775  0.5225
NWD584394  0.0028  0.9972
NWD344310  0.0877  0.9123
NWD517673  0.3121  0.6879
NWD527323  0.2463  0.7537
NWD418773   0.149   0.851
NWD857221  0.3206  0.6794
NWD836765     0.0     1.0
NWD396724  0.0122  0.9878
NWD125656  0.0791  0.9209
NWD912070  0.6584  0.3416
NWD597815   0.218   0.782
NWD512818  0.0352  0.9648

[201 rows x 2 columns]
