ID            CEU     YRI
NWD163203  0.0154  0.9846
NWD838454     0.0     1.0
NWD447217  0.0111  0.9889
NWD506902  0.6487  0.3513
NWD516805  0.0231  0.9769
NWD598769   0.112   0.888
NWD276731  0.1003  0.8997
NWD857305  0.0811  0.9189
NWD573145  0.2929  0.7071
NWD378807  0.1519  0.8481
NWD773408  0.3115  0.6885
NWD862131  0.3694  0.6306
NWD696182  0.1658  0.8342
NWD601219  0.3178  0.6822
NWD445484  0.3097  0.6903
NWD245122  0.0684  0.9316
NWD574025  0.4359  0.5641
NWD962792  0.1472  0.8528
NWD140824  0.5088  0.4912
NWD347140  0.8051  0.1949
NWD388542  0.4638  0.5362
NWD409874  0.1516  0.8484
NWD641240  0.3555  0.6445
NWD620567  0.3845  0.6155
NWD754070   0.054   0.946
NWD338378  0.0016  0.9984
NWD660071  0.3889  0.6111
NWD452926  0.1723  0.8277
NWD233967  0.3959  0.6041
NWD878543  0.3439  0.6561
...           ...     ...
NWD907433     0.0     1.0
NWD712032  0.0317  0.9683
NWD677776  0.2387  0.7613
NWD599306  0.2323  0.7677
NWD684484  0.0024  0.9976
NWD826684  0.1308  0.8692
NWD428381  0.1449  0.8551
NWD174966  0.2094  0.7906
NWD938526  0.1066  0.8934
NWD328083  0.3273  0.6727
NWD318497  0.1709  0.8291
NWD731252  0.2235  0.7765
NWD412116  0.3751  0.6249
NWD640560  0.0983  0.9017
NWD639242  0.2288  0.7712
NWD599371  0.0555  0.9445
NWD720391   0.022   0.978
NWD431959  0.3156  0.6844
NWD584394  0.0023  0.9977
NWD344310  0.1454  0.8546
NWD517673  0.0025  0.9975
NWD527323  0.4819  0.5181
NWD418773  0.0899  0.9101
NWD857221  0.0933  0.9067
NWD836765     0.0     1.0
NWD396724  0.0623  0.9377
NWD125656  0.0682  0.9318
NWD912070  0.1811  0.8189
NWD597815  0.0884  0.9116
NWD512818  0.2342  0.7658

[201 rows x 2 columns]
{'NWD212434': [0.826604, 0.173396], 'NWD584394': [0.98798, 0.01202], 'NWD164446': [0.567049, 0.432951], 'NWD862869': [0.696386, 0.303614], 'NWD378807': [0.862534, 0.137466], 'NWD174966': [0.755257, 0.244743], 'NWD344310': [0.870097, 0.129903], 'NWD484275': [0.563982, 0.436018], 'NWD677387': [0.991351, 0.008649], 'NWD428381': [0.898148, 0.101852], 'NWD479314': [0.991339, 0.008661], 'NWD220560': [0.652793, 0.347207], 'NWD449948': [0.935457, 0.064543], 'NWD170091': [0.980417, 0.019583], 'NWD138795': [0.969912, 0.030088], 'NWD328083': [0.747352, 0.252648], 'NWD390054': [0.919053, 0.080947], 'NWD419692': [0.518026, 0.481974], 'NWD671182': [0.50939, 0.49061], 'NWD828733': [0.671606, 0.328394], 'NWD362144': [0.986599, 0.013401], 'NWD639242': [0.762649, 0.237351], 'NWD574916': [0.976936, 0.023064], 'NWD293024': [0.994369, 0.005631], 'NWD487726': [0.943845, 0.056155], 'NWD521616': [0.76151, 0.23849], 'NWD574025': [0.566715, 0.433285], 'NWD938526': [0.904902, 0.095098], 'NWD685703': [0.78126, 0.21874], 'NWD857221': [0.902858, 0.097142], 'NWD862131': [0.755973, 0.244027], 'NWD346975': [0.852034, 0.147966], 'NWD177635': [0.703168, 0.296832], 'NWD233967': [0.561048, 0.438952], 'NWD731252': [0.830192, 0.169808], 'NWD597815': [0.931972, 0.068028], 'NWD479130': [0.686915, 0.313085], 'NWD826684': [0.850943, 0.149057], 'NWD816583': [0.928635, 0.071365], 'NWD975921': [0.730385, 0.269615], 'NWD158237': [0.876547, 0.123453], 'NWD347140': [0.244361, 0.755639], 'NWD524336': [0.995331, 0.004669], 'NWD661828': [0.798704, 0.201296], 'NWD506902': [0.356892, 0.643108], 'NWD797979': [0.804181, 0.195819], 'NWD652755': [0.927873, 0.072127], 'NWD576327': [0.955439, 0.044561], 'NWD149502': [0.901246, 0.098754], 'NWD133198': [0.626242, 0.373758], 'NWD263184': [0.758502, 0.241498], 'NWD452926': [0.869436, 0.130564], 'NWD752087': [0.99999, 1e-05], 'NWD913991': [0.961639, 0.038361], 'NWD962792': [0.840213, 0.159787], 'NWD388542': [0.554786, 0.445214], 'NWD712674': [0.715128, 0.284872], 'NWD418773': [0.895652, 0.104348], 'NWD902298': [0.852508, 0.147492], 'NWD945886': [0.792233, 0.207767], 'NWD912070': [0.848127, 0.151873], 'NWD677776': [0.707933, 0.292067], 'NWD773408': [0.70999, 0.29001], 'NWD426008': [0.980789, 0.019211], 'NWD404517': [0.884436, 0.115564], 'NWD345273': [0.885596, 0.114404], 'NWD687323': [0.637858, 0.362142], 'NWD478709': [0.570727, 0.429273], 'NWD490768': [0.647941, 0.352059], 'NWD363273': [0.85661, 0.14339], 'NWD640560': [0.886949, 0.113051], 'NWD890143': [0.984213, 0.015787], 'NWD210347': [0.815878, 0.184122], 'NWD311932': [0.99999, 1e-05], 'NWD467083': [0.565716, 0.434284], 'NWD598769': [0.871071, 0.128929], 'NWD599371': [0.946553, 0.053447], 'NWD959607': [0.941321, 0.058679], 'NWD657624': [0.431865, 0.568135], 'NWD969537': [0.537991, 0.462009], 'NWD256042': [0.667252, 0.332748], 'NWD901710': [0.884552, 0.115448], 'NWD546564': [0.845738, 0.154262], 'NWD998609': [0.654077, 0.345923], 'NWD108116': [0.924214, 0.075786], 'NWD245122': [0.9062, 0.0938], 'NWD606337': [0.795187, 0.204813], 'NWD720391': [0.971643, 0.028357], 'NWD462712': [0.985232, 0.014768], 'NWD781750': [0.821395, 0.178605], 'NWD262638': [0.883969, 0.116031], 'NWD684484': [0.99999, 1e-05], 'NWD419335': [0.603106, 0.396894], 'NWD519039': [0.623658, 0.376342], 'NWD838454': [0.997489, 0.002511], 'NWD141713': [0.541971, 0.458029], 'NWD168541': [0.939262, 0.060738], 'NWD547021': [0.932868, 0.067132], 'NWD716470': [0.839262, 0.160738], 'NWD878543': [0.647198, 0.352802], 'NWD523161': [0.781311, 0.218689], 'NWD787458': [0.367397, 0.632603], 'NWD857305': [0.895518, 0.104482], 'NWD822723': [0.920111, 0.079889], 'NWD512818': [0.803756, 0.196244], 'NWD587844': [0.68384, 0.31616], 'NWD678520': [0.834978, 0.165022], 'NWD486871': [0.573164, 0.426836], 'NWD571531': [0.727838, 0.272162], 'NWD754070': [0.934799, 0.065201], 'NWD630602': [0.918861, 0.081139], 'NWD643775': [0.96131, 0.03869], 'NWD163203': [0.970567, 0.029433], 'NWD916599': [0.890082, 0.109918], 'NWD950794': [0.772878, 0.227122], 'NWD782813': [0.959497, 0.040503], 'NWD836765': [0.99999, 1e-05], 'NWD447217': [0.979792, 0.020208], 'NWD288321': [0.673461, 0.326539], 'NWD392992': [0.99999, 1e-05], 'NWD856383': [0.510513, 0.489487], 'NWD314678': [0.844797, 0.155203], 'NWD445484': [0.654311, 0.345689], 'NWD125656': [0.908478, 0.091522], 'NWD276731': [0.905072, 0.094928], 'NWD527323': [0.576018, 0.423982], 'NWD140824': [0.530413, 0.469587], 'NWD251680': [0.873202, 0.126798], 'NWD318497': [0.826837, 0.173163], 'NWD337903': [0.914554, 0.085446], 'NWD815786': [0.000323, 0.999677], 'NWD737180': [0.864221, 0.135779], 'NWD774561': [0.692332, 0.307668], 'NWD866219': [0.592397, 0.407603], 'NWD944827': [0.9107, 0.0893], 'NWD993659': [0.88566, 0.11434], 'NWD105648': [0.841831, 0.158169], 'NWD516805': [0.979944, 0.020056], 'NWD600992': [0.875106, 0.124894], 'NWD610801': [0.980898, 0.019102], 'NWD730299': [0.7811, 0.2189], 'NWD998816': [0.933137, 0.066863], 'NWD865962': [0.725887, 0.274113], 'NWD710489': [0.99999, 1e-05], 'NWD268401': [0.99999, 1e-05], 'NWD879683': [0.814441, 0.185559], 'NWD412116': [0.673882, 0.326118], 'NWD517673': [0.99999, 1e-05], 'NWD402569': [0.963925, 0.036075], 'NWD930303': [0.603894, 0.396106], 'NWD660071': [0.65365, 0.34635], 'NWD159679': [0.906922, 0.093078], 'NWD338378': [0.992626, 0.007374], 'NWD381518': [0.8935, 0.1065], 'NWD299581': [0.802132, 0.197868], 'NWD453328': [0.910581, 0.089419], 'NWD542871': [0.801378, 0.198622], 'NWD716639': [0.947914, 0.052086], 'NWD601219': [0.731335, 0.268665], 'NWD346624': [0.909358, 0.090642], 'NWD599306': [0.802622, 0.197378], 'NWD242199': [0.530526, 0.469474], 'NWD620567': [0.548591, 0.451409], 'NWD993431': [0.597278, 0.402722], 'NWD573145': [0.680181, 0.319819], 'NWD557722': [0.994913, 0.005087], 'NWD158184': [0.76726, 0.23274], 'NWD431959': [0.737272, 0.262728], 'NWD788130': [0.99999, 1e-05], 'NWD396724': [0.913644, 0.086356], 'NWD343349': [0.759874, 0.240126], 'NWD712032': [0.963338, 0.036662], 'NWD612175': [0.619398, 0.380602], 'NWD417668': [0.982111, 0.017889], 'NWD409874': [0.858911, 0.141089], 'NWD563349': [0.792877, 0.207123], 'NWD457909': [0.419583, 0.580417], 'NWD135441': [0.654661, 0.345339], 'NWD878668': [0.858677, 0.141323], 'NWD728777': [0.478703, 0.521297], 'NWD609750': [0.438962, 0.561038], 'NWD641240': [0.641932, 0.358068], 'NWD171365': [0.873934, 0.126066], 'NWD281909': [0.871278, 0.128722], 'NWD897019': [0.908941, 0.091059], 'NWD687607': [0.875009, 0.124991], 'NWD626329': [0.778177, 0.221823], 'NWD681170': [0.898792, 0.101208], 'NWD696182': [0.89892, 0.10108], 'NWD559886': [0.91214, 0.08786], 'NWD730873': [0.846077, 0.153923], 'NWD462567': [0.782095, 0.217905], 'NWD795057': [0.987362, 0.012638], 'NWD352494': [0.82297, 0.17703], 'NWD553021': [0.619352, 0.380648], 'NWD847600': [0.939199, 0.060801], 'NWD181781': [0.891863, 0.108137], 'NWD640412': [0.767052, 0.232948], 'NWD907433': [0.99999, 1e-05], 'NWD795363': [0.987412, 0.012588], 'NWD353250': [0.690275, 0.309725], 'NA18498': [0.99999, 1e-05], 'NA19143': [0.99999, 1e-05], 'NA19159': [0.99999, 1e-05], 'NA19209': [0.99999, 1e-05], 'NA19117': [0.99999, 1e-05], 'NA18858': [0.99999, 1e-05], 'NA18505': [0.99999, 1e-05], 'NA12399': [1e-05, 0.99999], 'NA18924': [0.99999, 1e-05], 'NA19093': [0.99999, 1e-05], 'NA11840': [1e-05, 0.99999], 'NA18868': [0.99999, 1e-05], 'NA18908': [0.99999, 1e-05], 'NA19099': [0.99999, 1e-05], 'NA18881': [0.99999, 1e-05], 'NA12283': [1e-05, 0.99999], 'NA18916': [0.99999, 1e-05], 'NA12748': [1e-05, 0.99999], 'NA19175': [0.99999, 1e-05], 'NA18861': [0.99999, 1e-05], 'NA06985': [1e-05, 0.99999], 'NA18501': [0.99999, 1e-05], 'NA12750': [1e-05, 0.99999], 'NA19114': [0.99999, 1e-05], 'NA19141': [0.99999, 1e-05], 'NA18876': [0.99999, 1e-05], 'NA18879': [0.99999, 1e-05], 'NA11932': [1e-05, 0.99999], 'NA19235': [0.99999, 1e-05], 'NA19248': [0.99999, 1e-05], 'NA12383': [1e-05, 0.99999], 'NA18519': [0.99999, 1e-05], 'NA19197': [0.99999, 1e-05], 'NA19236': [0.99999, 1e-05], 'NA18499': [0.99999, 1e-05], 'NA12718': [1e-05, 0.99999], 'NA12890': [1e-05, 0.99999], 'NA19207': [0.99999, 1e-05], 'NA19160': [0.99999, 1e-05], 'NA12872': [1e-05, 0.99999], 'NA19116': [0.99999, 1e-05], 'NA18867': [0.99999, 1e-05], 'NA12340': [1e-05, 0.99999], 'NA19138': [0.99999, 1e-05], 'NA19222': [0.99999, 1e-05], 'NA18510': [0.99999, 1e-05], 'NA12004': [1e-05, 0.99999], 'NA18522': [0.99999, 1e-05], 'NA19184': [0.99999, 1e-05], 'NA11930': [1e-05, 0.99999], 'NA12058': [1e-05, 0.99999], 'NA18489': [0.99999, 1e-05], 'NA11933': [1e-05, 0.99999], 'NA12716': [1e-05, 0.99999], 'NA12342': [1e-05, 0.99999], 'NA19098': [0.99999, 1e-05], 'NA11919': [1e-05, 0.99999], 'NA06994': [1e-05, 0.99999], 'NA18912': [0.99999, 1e-05], 'NA19147': [0.99999, 1e-05], 'NA18934': [0.99999, 1e-05], 'NA19095': [0.99999, 1e-05], 'NA19204': [0.99999, 1e-05], 'NA18504': [0.99999, 1e-05], 'NA18523': [0.99999, 1e-05], 'NA12830': [1e-05, 0.99999], 'NA12760': [1e-05, 0.99999], 'NA18520': [0.99999, 1e-05], 'NA18909': [0.99999, 1e-05], 'NA12717': [1e-05, 0.99999], 'NA12778': [1e-05, 0.99999], 'NA18502': [0.99999, 1e-05], 'NA19096': [0.99999, 1e-05], 'NA18910': [0.99999, 1e-05], 'NA12003': [1e-05, 0.99999], 'NA12275': [1e-05, 0.99999], 'NA19198': [0.99999, 1e-05], 'NA18877': [0.99999, 1e-05], 'NA19146': [0.99999, 1e-05], 'NA12827': [1e-05, 0.99999], 'NA12045': [1e-05, 0.99999], 'NA10851': [1e-05, 0.99999], 'NA12843': [1e-05, 0.99999], 'NA12287': [1e-05, 0.99999], 'NA12777': [1e-05, 0.99999], 'NA19214': [0.99999, 1e-05], 'NA18488': [0.99999, 1e-05], 'NA07037': [1e-05, 0.99999], 'NA11992': [1e-05, 0.99999], 'NA12413': [1e-05, 0.99999], 'NA19239': [0.99999, 1e-05], 'NA12751': [1e-05, 0.99999], 'NA06984': [1e-05, 0.99999], 'NA12414': [1e-05, 0.99999], 'NA12546': [1e-05, 0.99999], 'NA18907': [0.99999, 1e-05], 'NA12828': [1e-05, 0.99999], 'NA18864': [0.99999, 1e-05], 'NA12815': [1e-05, 0.99999], 'NA12155': [1e-05, 0.99999], 'NA18507': [0.99999, 1e-05], 'NA12286': [1e-05, 0.99999], 'NA19225': [0.99999, 1e-05], 'NA12761': [1e-05, 0.99999], 'NA12005': [1e-05, 0.99999], 'NA12873': [1e-05, 0.99999], 'NA12400': [1e-05, 0.99999], 'NA18853': [0.99999, 1e-05], 'NA11931': [1e-05, 0.99999], 'NA19189': [0.99999, 1e-05], 'NA19108': [0.99999, 1e-05], 'NA18874': [0.99999, 1e-05], 'NA19102': [0.99999, 1e-05], 'NA07000': [1e-05, 0.99999], 'NA19149': [0.99999, 1e-05], 'NA11920': [1e-05, 0.99999], 'NA18873': [0.99999, 1e-05], 'NA12043': [1e-05, 0.99999], 'NA12762': [1e-05, 0.99999], 'NA10847': [1e-05, 0.99999], 'NA12763': [1e-05, 0.99999], 'NA19201': [0.99999, 1e-05], 'NA11831': [1e-05, 0.99999], 'NA12874': [1e-05, 0.99999], 'NA19206': [0.99999, 1e-05], 'NA12154': [1e-05, 0.99999], 'NA18865': [0.99999, 1e-05], 'NA12889': [1e-05, 0.99999], 'NA18933': [0.99999, 1e-05], 'NA19213': [0.99999, 1e-05], 'NA07056': [1e-05, 0.99999], 'NA19131': [0.99999, 1e-05], 'NA07051': [1e-05, 0.99999], 'NA19107': [0.99999, 1e-05], 'NA07357': [1e-05, 0.99999], 'NA19190': [0.99999, 1e-05], 'NA11892': [1e-05, 0.99999], 'NA18915': [0.99999, 1e-05], 'NA19256': [0.99999, 1e-05], 'NA11918': [1e-05, 0.99999], 'NA12249': [1e-05, 0.99999], 'NA11832': [1e-05, 0.99999], 'NA12341': [1e-05, 0.99999], 'NA12775': [1e-05, 0.99999], 'NA11893': [1e-05, 0.99999], 'NA12234': [1e-05, 0.99999], 'NA19171': [0.99999, 1e-05], 'NA19129': [0.99999, 1e-05], 'NA19130': [0.99999, 1e-05], 'NA12812': [1e-05, 0.99999], 'NA19200': [0.99999, 1e-05], 'NA12273': [1e-05, 0.99999], 'NA12489': [1e-05, 0.99999], 'NA12749': [1e-05, 0.99999], 'NA19119': [0.99999, 1e-05], 'NA18486': [0.99999, 1e-05], 'NA18517': [0.99999, 1e-05], 'NA18508': [0.99999, 1e-05], 'NA19118': [0.99999, 1e-05], 'NA12006': [1e-05, 0.99999], 'NA11995': [1e-05, 0.99999], 'NA19210': [0.99999, 1e-05], 'NA19152': [0.99999, 1e-05], 'NA11843': [1e-05, 0.99999], 'NA11881': [1e-05, 0.99999], 'NA12348': [1e-05, 0.99999], 'NA12044': [1e-05, 0.99999], 'NA19144': [0.99999, 1e-05], 'NA12144': [1e-05, 0.99999], 'NA11994': [1e-05, 0.99999], 'NA07048': [1e-05, 0.99999], 'NA12842': [1e-05, 0.99999], 'NA18917': [0.99999, 1e-05], 'NA11829': [1e-05, 0.99999], 'NA18870': [0.99999, 1e-05], 'NA19092': [0.99999, 1e-05], 'NA19153': [0.99999, 1e-05], 'NA19121': [0.99999, 1e-05], 'NA19172': [0.99999, 1e-05], 'NA07347': [1e-05, 0.99999], 'NA12776': [1e-05, 0.99999], 'NA19185': [0.99999, 1e-05], 'NA12156': [1e-05, 0.99999], 'NA19247': [0.99999, 1e-05], 'NA18878': [0.99999, 1e-05], 'NA12272': [1e-05, 0.99999], 'NA12829': [1e-05, 0.99999], 'NA12282': [1e-05, 0.99999], 'NA12813': [1e-05, 0.99999], 'NA12347': [1e-05, 0.99999], 'NA18871': [0.99999, 1e-05], 'NA19223': [0.99999, 1e-05], 'NA18923': [0.99999, 1e-05], 'NA06989': [1e-05, 0.99999], 'NA18511': [0.99999, 1e-05], 'NA06986': [1e-05, 0.99999], 'NA19257': [0.99999, 1e-05], 'NA11894': [1e-05, 0.99999], 'NA19238': [0.99999, 1e-05], 'NA19137': [0.99999, 1e-05], 'NA19113': [0.99999, 1e-05], 'NA18516': [0.99999, 1e-05], 'NA12878': [1e-05, 0.99999], 'NA18856': [0.99999, 1e-05], 'NA12814': [1e-05, 0.99999], 'NA12046': [1e-05, 0.99999], 'NA11830': [1e-05, 0.99999]}
[1, 0]
