ID            CEU     YRI
NWD163203     0.0     1.0
NWD838454  0.0592  0.9408
NWD447217  0.0072  0.9928
NWD506902  0.4138  0.5862
NWD516805   0.016   0.984
NWD598769   0.097   0.903
NWD276731  0.0103  0.9897
NWD857305  0.2578  0.7422
NWD573145  0.4285  0.5715
NWD378807  0.0742  0.9258
NWD773408  0.1683  0.8317
NWD862131  0.3756  0.6244
NWD696182  0.0261  0.9739
NWD601219  0.3391  0.6609
NWD445484  0.0545  0.9455
NWD245122  0.0124  0.9876
NWD574025  0.0871  0.9129
NWD962792  0.0031  0.9969
NWD140824  0.3069  0.6931
NWD347140  0.6429  0.3571
NWD388542  0.0939  0.9061
NWD409874  0.0266  0.9734
NWD641240  0.1116  0.8884
NWD620567     0.5     0.5
NWD754070  0.0611  0.9389
NWD338378  0.0033  0.9967
NWD660071  0.4183  0.5817
NWD452926  0.0177  0.9823
NWD233967  0.7727  0.2273
NWD878543  0.3006  0.6994
...           ...     ...
NWD907433  0.0038  0.9962
NWD712032  0.3979  0.6021
NWD677776  0.2505  0.7495
NWD599306  0.0849  0.9151
NWD684484  0.0235  0.9765
NWD826684  0.0516  0.9484
NWD428381  0.0882  0.9118
NWD174966  0.3829  0.6171
NWD938526  0.1247  0.8753
NWD328083  0.1783  0.8217
NWD318497   0.003   0.997
NWD731252  0.0138  0.9862
NWD412116  0.1954  0.8046
NWD640560  0.3735  0.6265
NWD639242  0.2283  0.7717
NWD599371  0.0726  0.9274
NWD720391     0.0     1.0
NWD431959   0.715   0.285
NWD584394     0.0     1.0
NWD344310  0.0048  0.9952
NWD517673  0.1909  0.8091
NWD527323  0.1808  0.8192
NWD418773  0.3459  0.6541
NWD857221  0.0906  0.9094
NWD836765  0.0103  0.9897
NWD396724     0.0     1.0
NWD125656  0.0938  0.9062
NWD912070  0.4131  0.5869
NWD597815  0.0365  0.9635
NWD512818  0.3282  0.6718

[201 rows x 2 columns]
{'NWD212434': [0.734041, 0.265959], 'NWD584394': [0.973583, 0.026417], 'NWD164446': [0.503707, 0.496293], 'NWD862869': [0.434414, 0.565586], 'NWD378807': [0.87737, 0.12263], 'NWD174966': [0.595681, 0.404319], 'NWD344310': [0.976832, 0.023168], 'NWD484275': [0.83152, 0.16848], 'NWD677387': [0.709514, 0.290486], 'NWD428381': [0.925005, 0.074995], 'NWD479314': [0.98401, 0.01599], 'NWD220560': [0.624385, 0.375615], 'NWD449948': [0.996225, 0.003775], 'NWD170091': [0.622058, 0.377942], 'NWD138795': [0.977091, 0.022909], 'NWD328083': [0.820966, 0.179034], 'NWD390054': [0.99999, 1e-05], 'NWD419692': [0.329029, 0.670971], 'NWD671182': [0.676961, 0.323039], 'NWD828733': [0.742202, 0.257798], 'NWD362144': [0.986009, 0.013991], 'NWD639242': [0.683574, 0.316426], 'NWD574916': [0.99999, 1e-05], 'NWD293024': [0.99999, 1e-05], 'NWD487726': [0.780411, 0.219589], 'NWD521616': [0.848206, 0.151794], 'NWD574025': [0.909848, 0.090152], 'NWD938526': [0.890788, 0.109212], 'NWD685703': [0.64524, 0.35476], 'NWD857221': [0.89052, 0.10948], 'NWD862131': [0.645169, 0.354831], 'NWD346975': [0.729402, 0.270598], 'NWD177635': [0.506778, 0.493222], 'NWD233967': [0.286334, 0.713666], 'NWD731252': [0.994114, 0.005886], 'NWD597815': [0.901791, 0.098209], 'NWD479130': [0.910823, 0.089177], 'NWD826684': [0.972666, 0.027334], 'NWD816583': [0.512897, 0.487103], 'NWD975921': [0.788343, 0.211657], 'NWD158237': [0.971789, 0.028211], 'NWD347140': [0.428805, 0.571195], 'NWD524336': [0.663209, 0.336791], 'NWD661828': [0.681882, 0.318118], 'NWD506902': [0.620738, 0.379262], 'NWD797979': [0.739796, 0.260204], 'NWD652755': [0.808116, 0.191884], 'NWD576327': [0.9017, 0.0983], 'NWD149502': [0.444966, 0.555034], 'NWD133198': [0.855465, 0.144535], 'NWD263184': [0.72021, 0.27979], 'NWD452926': [0.993149, 0.006851], 'NWD752087': [0.810299, 0.189701], 'NWD913991': [0.815285, 0.184715], 'NWD962792': [0.998164, 0.001836], 'NWD388542': [0.839459, 0.160541], 'NWD712674': [0.53166, 0.46834], 'NWD418773': [0.722804, 0.277196], 'NWD902298': [0.621085, 0.378915], 'NWD945886': [0.715166, 0.284834], 'NWD912070': [0.603488, 0.396512], 'NWD677776': [0.678369, 0.321631], 'NWD773408': [0.791497, 0.208503], 'NWD426008': [0.98926, 0.01074], 'NWD404517': [0.513188, 0.486812], 'NWD345273': [0.995048, 0.004952], 'NWD687323': [0.816022, 0.183978], 'NWD478709': [0.927046, 0.072954], 'NWD490768': [0.62989, 0.37011], 'NWD363273': [0.856845, 0.143155], 'NWD640560': [0.668863, 0.331137], 'NWD890143': [0.833353, 0.166647], 'NWD210347': [0.987805, 0.012195], 'NWD311932': [0.944619, 0.055381], 'NWD467083': [0.621366, 0.378634], 'NWD598769': [0.913757, 0.086243], 'NWD599371': [0.926761, 0.073239], 'NWD959607': [0.685124, 0.314876], 'NWD657624': [0.37314, 0.62686], 'NWD969537': [0.983253, 0.016747], 'NWD256042': [0.711953, 0.288047], 'NWD901710': [0.939979, 0.060021], 'NWD546564': [0.911916, 0.088084], 'NWD998609': [0.594611, 0.405389], 'NWD108116': [0.966055, 0.033945], 'NWD245122': [0.99558, 0.00442], 'NWD606337': [0.754676, 0.245324], 'NWD720391': [0.956699, 0.043301], 'NWD462712': [0.958599, 0.041401], 'NWD781750': [0.911567, 0.088433], 'NWD262638': [0.762085, 0.237915], 'NWD684484': [0.990644, 0.009356], 'NWD419335': [0.339697, 0.660303], 'NWD519039': [0.878396, 0.121604], 'NWD838454': [0.885471, 0.114529], 'NWD141713': [0.601039, 0.398961], 'NWD168541': [0.826349, 0.173651], 'NWD547021': [0.993983, 0.006017], 'NWD716470': [0.91577, 0.08423], 'NWD878543': [0.71702, 0.28298], 'NWD523161': [0.359279, 0.640721], 'NWD787458': [0.567534, 0.432466], 'NWD857305': [0.787363, 0.212637], 'NWD822723': [0.966519, 0.033481], 'NWD512818': [0.688776, 0.311224], 'NWD587844': [0.565794, 0.434206], 'NWD678520': [0.911488, 0.088512], 'NWD486871': [0.670637, 0.329363], 'NWD571531': [0.871979, 0.128021], 'NWD754070': [0.913087, 0.086913], 'NWD630602': [0.692478, 0.307522], 'NWD643775': [0.99999, 1e-05], 'NWD163203': [0.968295, 0.031705], 'NWD916599': [0.974621, 0.025379], 'NWD950794': [0.926043, 0.073957], 'NWD782813': [0.973854, 0.026146], 'NWD836765': [0.98414, 0.01586], 'NWD447217': [0.99999, 1e-05], 'NWD288321': [0.865528, 0.134472], 'NWD392992': [0.908129, 0.091871], 'NWD856383': [0.779385, 0.220615], 'NWD314678': [0.832263, 0.167737], 'NWD445484': [0.917622, 0.082378], 'NWD125656': [0.87438, 0.12562], 'NWD276731': [0.985772, 0.014228], 'NWD527323': [0.78434, 0.21566], 'NWD140824': [0.750103, 0.249897], 'NWD251680': [0.883861, 0.116139], 'NWD318497': [0.99999, 1e-05], 'NWD337903': [0.786211, 0.213789], 'NWD815786': [0.008945, 0.991055], 'NWD737180': [0.983076, 0.016924], 'NWD774561': [0.849704, 0.150296], 'NWD866219': [0.68035, 0.31965], 'NWD944827': [0.954914, 0.045086], 'NWD993659': [0.984303, 0.015697], 'NWD105648': [0.975766, 0.024234], 'NWD516805': [0.980843, 0.019157], 'NWD600992': [0.886117, 0.113883], 'NWD610801': [0.757051, 0.242949], 'NWD730299': [0.879647, 0.120353], 'NWD998816': [0.899435, 0.100565], 'NWD865962': [0.630399, 0.369601], 'NWD710489': [0.99999, 1e-05], 'NWD268401': [0.99999, 1e-05], 'NWD879683': [0.985947, 0.014053], 'NWD412116': [0.843143, 0.156857], 'NWD517673': [0.875855, 0.124145], 'NWD402569': [0.883681, 0.116319], 'NWD930303': [0.545143, 0.454857], 'NWD660071': [0.629138, 0.370862], 'NWD159679': [0.99999, 1e-05], 'NWD338378': [0.981005, 0.018995], 'NWD381518': [0.845531, 0.154469], 'NWD299581': [0.99999, 1e-05], 'NWD453328': [0.99999, 1e-05], 'NWD542871': [0.843137, 0.156863], 'NWD716639': [0.793026, 0.206974], 'NWD601219': [0.786652, 0.213348], 'NWD346624': [0.9803, 0.0197], 'NWD599306': [0.948865, 0.051135], 'NWD242199': [0.601554, 0.398446], 'NWD620567': [0.528147, 0.471853], 'NWD993431': [0.975249, 0.024751], 'NWD573145': [0.570221, 0.429779], 'NWD557722': [0.799459, 0.200541], 'NWD158184': [0.609751, 0.390249], 'NWD431959': [0.358096, 0.641904], 'NWD788130': [0.99999, 1e-05], 'NWD396724': [0.99999, 1e-05], 'NWD343349': [0.533367, 0.466633], 'NWD712032': [0.626113, 0.373887], 'NWD612175': [0.596617, 0.403383], 'NWD417668': [0.99999, 1e-05], 'NWD409874': [0.965645, 0.034355], 'NWD563349': [0.479963, 0.520037], 'NWD457909': [0.401775, 0.598225], 'NWD135441': [0.295913, 0.704087], 'NWD878668': [0.918007, 0.081993], 'NWD728777': [0.704371, 0.295629], 'NWD609750': [0.304463, 0.695537], 'NWD641240': [0.868371, 0.131629], 'NWD171365': [0.937207, 0.062793], 'NWD281909': [0.843972, 0.156028], 'NWD897019': [0.913952, 0.086048], 'NWD687607': [0.834022, 0.165978], 'NWD626329': [0.686737, 0.313263], 'NWD681170': [0.792274, 0.207726], 'NWD696182': [0.971407, 0.028593], 'NWD559886': [0.827217, 0.172783], 'NWD730873': [0.938806, 0.061194], 'NWD462567': [0.89564, 0.10436], 'NWD795057': [0.986554, 0.013446], 'NWD352494': [0.89183, 0.10817], 'NWD553021': [0.975492, 0.024508], 'NWD847600': [0.805794, 0.194206], 'NWD181781': [0.942804, 0.057196], 'NWD640412': [0.474687, 0.525313], 'NWD907433': [0.973822, 0.026178], 'NWD795363': [0.940757, 0.059243], 'NWD353250': [0.208073, 0.791927], 'NA18498': [0.99999, 1e-05], 'NA19143': [0.99999, 1e-05], 'NA19159': [0.99999, 1e-05], 'NA19209': [0.99999, 1e-05], 'NA19117': [0.99999, 1e-05], 'NA18858': [0.99999, 1e-05], 'NA18505': [0.99999, 1e-05], 'NA12399': [1e-05, 0.99999], 'NA18924': [0.99999, 1e-05], 'NA19093': [0.99999, 1e-05], 'NA11840': [1e-05, 0.99999], 'NA18868': [0.99999, 1e-05], 'NA18908': [0.99999, 1e-05], 'NA19099': [0.99999, 1e-05], 'NA18881': [0.99999, 1e-05], 'NA12283': [1e-05, 0.99999], 'NA18916': [0.99999, 1e-05], 'NA12748': [1e-05, 0.99999], 'NA19175': [0.99999, 1e-05], 'NA18861': [0.99999, 1e-05], 'NA06985': [1e-05, 0.99999], 'NA18501': [0.99999, 1e-05], 'NA12750': [1e-05, 0.99999], 'NA19114': [0.99999, 1e-05], 'NA19141': [0.99999, 1e-05], 'NA18876': [0.99999, 1e-05], 'NA18879': [0.99999, 1e-05], 'NA11932': [1e-05, 0.99999], 'NA19235': [0.99999, 1e-05], 'NA19248': [0.99999, 1e-05], 'NA12383': [1e-05, 0.99999], 'NA18519': [0.99999, 1e-05], 'NA19197': [0.99999, 1e-05], 'NA19236': [0.99999, 1e-05], 'NA18499': [0.99999, 1e-05], 'NA12718': [1e-05, 0.99999], 'NA12890': [1e-05, 0.99999], 'NA19207': [0.99999, 1e-05], 'NA19160': [0.99999, 1e-05], 'NA12872': [1e-05, 0.99999], 'NA19116': [0.99999, 1e-05], 'NA18867': [0.99999, 1e-05], 'NA12340': [1e-05, 0.99999], 'NA19138': [0.99999, 1e-05], 'NA19222': [0.99999, 1e-05], 'NA18510': [0.99999, 1e-05], 'NA12004': [1e-05, 0.99999], 'NA18522': [0.99999, 1e-05], 'NA19184': [0.99999, 1e-05], 'NA11930': [1e-05, 0.99999], 'NA12058': [1e-05, 0.99999], 'NA18489': [0.99999, 1e-05], 'NA11933': [1e-05, 0.99999], 'NA12716': [1e-05, 0.99999], 'NA12342': [1e-05, 0.99999], 'NA19098': [0.99999, 1e-05], 'NA11919': [1e-05, 0.99999], 'NA06994': [1e-05, 0.99999], 'NA18912': [0.99999, 1e-05], 'NA19147': [0.99999, 1e-05], 'NA18934': [0.99999, 1e-05], 'NA19095': [0.99999, 1e-05], 'NA19204': [0.99999, 1e-05], 'NA18504': [0.99999, 1e-05], 'NA18523': [0.99999, 1e-05], 'NA12830': [1e-05, 0.99999], 'NA12760': [1e-05, 0.99999], 'NA18520': [0.99999, 1e-05], 'NA18909': [0.99999, 1e-05], 'NA12717': [1e-05, 0.99999], 'NA12778': [1e-05, 0.99999], 'NA18502': [0.99999, 1e-05], 'NA19096': [0.99999, 1e-05], 'NA18910': [0.99999, 1e-05], 'NA12003': [1e-05, 0.99999], 'NA12275': [1e-05, 0.99999], 'NA19198': [0.99999, 1e-05], 'NA18877': [0.99999, 1e-05], 'NA19146': [0.99999, 1e-05], 'NA12827': [1e-05, 0.99999], 'NA12045': [1e-05, 0.99999], 'NA10851': [1e-05, 0.99999], 'NA12843': [1e-05, 0.99999], 'NA12287': [1e-05, 0.99999], 'NA12777': [1e-05, 0.99999], 'NA19214': [0.99999, 1e-05], 'NA18488': [0.99999, 1e-05], 'NA07037': [1e-05, 0.99999], 'NA11992': [1e-05, 0.99999], 'NA12413': [1e-05, 0.99999], 'NA19239': [0.99999, 1e-05], 'NA12751': [1e-05, 0.99999], 'NA06984': [1e-05, 0.99999], 'NA12414': [1e-05, 0.99999], 'NA12546': [1e-05, 0.99999], 'NA18907': [0.99999, 1e-05], 'NA12828': [1e-05, 0.99999], 'NA18864': [0.99999, 1e-05], 'NA12815': [1e-05, 0.99999], 'NA12155': [1e-05, 0.99999], 'NA18507': [0.99999, 1e-05], 'NA12286': [1e-05, 0.99999], 'NA19225': [0.99999, 1e-05], 'NA12761': [1e-05, 0.99999], 'NA12005': [1e-05, 0.99999], 'NA12873': [1e-05, 0.99999], 'NA12400': [1e-05, 0.99999], 'NA18853': [0.99999, 1e-05], 'NA11931': [1e-05, 0.99999], 'NA19189': [0.99999, 1e-05], 'NA19108': [0.99999, 1e-05], 'NA18874': [0.99999, 1e-05], 'NA19102': [0.99999, 1e-05], 'NA07000': [1e-05, 0.99999], 'NA19149': [0.99999, 1e-05], 'NA11920': [1e-05, 0.99999], 'NA18873': [0.99999, 1e-05], 'NA12043': [1e-05, 0.99999], 'NA12762': [1e-05, 0.99999], 'NA10847': [1e-05, 0.99999], 'NA12763': [1e-05, 0.99999], 'NA19201': [0.99999, 1e-05], 'NA11831': [1e-05, 0.99999], 'NA12874': [1e-05, 0.99999], 'NA19206': [0.99999, 1e-05], 'NA12154': [1e-05, 0.99999], 'NA18865': [0.99999, 1e-05], 'NA12889': [1e-05, 0.99999], 'NA18933': [0.99999, 1e-05], 'NA19213': [0.99999, 1e-05], 'NA07056': [1e-05, 0.99999], 'NA19131': [0.99999, 1e-05], 'NA07051': [1e-05, 0.99999], 'NA19107': [0.99999, 1e-05], 'NA07357': [1e-05, 0.99999], 'NA19190': [0.99999, 1e-05], 'NA11892': [1e-05, 0.99999], 'NA18915': [0.99999, 1e-05], 'NA19256': [0.99999, 1e-05], 'NA11918': [1e-05, 0.99999], 'NA12249': [1e-05, 0.99999], 'NA11832': [1e-05, 0.99999], 'NA12341': [1e-05, 0.99999], 'NA12775': [1e-05, 0.99999], 'NA11893': [1e-05, 0.99999], 'NA12234': [1e-05, 0.99999], 'NA19171': [0.99999, 1e-05], 'NA19129': [0.99999, 1e-05], 'NA19130': [0.99999, 1e-05], 'NA12812': [1e-05, 0.99999], 'NA19200': [0.99999, 1e-05], 'NA12273': [1e-05, 0.99999], 'NA12489': [1e-05, 0.99999], 'NA12749': [1e-05, 0.99999], 'NA19119': [0.99999, 1e-05], 'NA18486': [0.99999, 1e-05], 'NA18517': [0.99999, 1e-05], 'NA18508': [0.99999, 1e-05], 'NA19118': [0.99999, 1e-05], 'NA12006': [1e-05, 0.99999], 'NA11995': [1e-05, 0.99999], 'NA19210': [0.99999, 1e-05], 'NA19152': [0.99999, 1e-05], 'NA11843': [1e-05, 0.99999], 'NA11881': [1e-05, 0.99999], 'NA12348': [1e-05, 0.99999], 'NA12044': [1e-05, 0.99999], 'NA19144': [0.99999, 1e-05], 'NA12144': [1e-05, 0.99999], 'NA11994': [1e-05, 0.99999], 'NA07048': [1e-05, 0.99999], 'NA12842': [1e-05, 0.99999], 'NA18917': [0.99999, 1e-05], 'NA11829': [1e-05, 0.99999], 'NA18870': [0.99999, 1e-05], 'NA19092': [0.99999, 1e-05], 'NA19153': [0.99999, 1e-05], 'NA19121': [0.99999, 1e-05], 'NA19172': [0.99999, 1e-05], 'NA07347': [1e-05, 0.99999], 'NA12776': [1e-05, 0.99999], 'NA19185': [0.99999, 1e-05], 'NA12156': [1e-05, 0.99999], 'NA19247': [0.99999, 1e-05], 'NA18878': [0.99999, 1e-05], 'NA12272': [1e-05, 0.99999], 'NA12829': [1e-05, 0.99999], 'NA12282': [1e-05, 0.99999], 'NA12813': [1e-05, 0.99999], 'NA12347': [1e-05, 0.99999], 'NA18871': [0.99999, 1e-05], 'NA19223': [0.99999, 1e-05], 'NA18923': [0.99999, 1e-05], 'NA06989': [1e-05, 0.99999], 'NA18511': [0.99999, 1e-05], 'NA06986': [1e-05, 0.99999], 'NA19257': [0.99999, 1e-05], 'NA11894': [1e-05, 0.99999], 'NA19238': [0.99999, 1e-05], 'NA19137': [0.99999, 1e-05], 'NA19113': [0.99999, 1e-05], 'NA18516': [0.99999, 1e-05], 'NA12878': [1e-05, 0.99999], 'NA18856': [0.99999, 1e-05], 'NA12814': [1e-05, 0.99999], 'NA12046': [1e-05, 0.99999], 'NA11830': [1e-05, 0.99999]}
[1, 0]
