ID            CEU     YRI
NWD163203     0.0     1.0
NWD838454  0.0205  0.9795
NWD447217  0.1468  0.8532
NWD506902  0.5714  0.4286
NWD516805     0.0     1.0
NWD598769  0.1113  0.8887
NWD276731   0.072   0.928
NWD857305   0.337   0.663
NWD573145  0.4653  0.5347
NWD378807  0.2034  0.7966
NWD773408  0.2372  0.7628
NWD862131  0.3794  0.6206
NWD696182  0.1425  0.8575
NWD601219  0.2818  0.7182
NWD445484  0.2293  0.7707
NWD245122     0.0     1.0
NWD574025  0.4141  0.5859
NWD962792  0.1902  0.8098
NWD140824  0.3616  0.6384
NWD347140  0.7801  0.2199
NWD388542  0.5928  0.4072
NWD409874  0.0881  0.9119
NWD641240  0.4192  0.5808
NWD620567  0.7976  0.2024
NWD754070  0.0393  0.9607
NWD338378     0.0     1.0
NWD660071  0.1001  0.8999
NWD452926  0.0647  0.9353
NWD233967  0.7786  0.2214
NWD878543  0.1236  0.8764
...           ...     ...
NWD907433     0.0     1.0
NWD712032   0.297   0.703
NWD677776  0.5124  0.4876
NWD599306     0.0     1.0
NWD684484     0.0     1.0
NWD826684  0.0387  0.9613
NWD428381  0.5523  0.4477
NWD174966  0.3985  0.6015
NWD938526  0.1961  0.8039
NWD328083    0.16    0.84
NWD318497  0.1566  0.8434
NWD731252     0.0     1.0
NWD412116  0.1072  0.8928
NWD640560  0.5543  0.4457
NWD639242  0.2635  0.7365
NWD599371     0.0     1.0
NWD720391  0.2787  0.7213
NWD431959  0.5557  0.4443
NWD584394     0.0     1.0
NWD344310  0.2045  0.7955
NWD517673  0.0062  0.9938
NWD527323  0.1599  0.8401
NWD418773  0.1274  0.8726
NWD857221   0.165   0.835
NWD836765  0.0091  0.9909
NWD396724  0.2264  0.7736
NWD125656  0.0046  0.9954
NWD912070  0.3156  0.6844
NWD597815     0.0     1.0
NWD512818  0.0975  0.9025

[201 rows x 2 columns]
{'NWD212434': [0.555374, 0.444626], 'NWD584394': [0.99999, 1e-05], 'NWD164446': [0.697903, 0.302097], 'NWD862869': [0.689794, 0.310206], 'NWD378807': [0.783796, 0.216204], 'NWD174966': [0.585054, 0.414946], 'NWD344310': [0.805411, 0.194589], 'NWD484275': [0.923068, 0.076932], 'NWD677387': [0.999468, 0.000532], 'NWD428381': [0.448342, 0.551658], 'NWD479314': [0.99999, 1e-05], 'NWD220560': [0.927252, 0.072748], 'NWD449948': [0.963517, 0.036483], 'NWD170091': [0.956407, 0.043593], 'NWD138795': [0.952691, 0.047309], 'NWD328083': [0.803304, 0.196696], 'NWD390054': [0.921342, 0.078658], 'NWD419692': [0.597065, 0.402935], 'NWD671182': [0.678934, 0.321066], 'NWD828733': [0.914394, 0.085606], 'NWD362144': [0.99999, 1e-05], 'NWD639242': [0.742303, 0.257697], 'NWD574916': [0.99999, 1e-05], 'NWD293024': [0.942571, 0.057429], 'NWD487726': [0.674161, 0.325839], 'NWD521616': [0.973147, 0.026853], 'NWD574025': [0.597205, 0.402795], 'NWD938526': [0.803928, 0.196072], 'NWD685703': [0.866707, 0.133293], 'NWD857221': [0.836191, 0.163809], 'NWD862131': [0.62866, 0.37134], 'NWD346975': [0.670321, 0.329679], 'NWD177635': [0.552159, 0.447841], 'NWD233967': [0.2238, 0.7762], 'NWD731252': [0.99999, 1e-05], 'NWD597815': [0.943894, 0.056106], 'NWD479130': [0.630795, 0.369205], 'NWD826684': [0.941154, 0.058846], 'NWD816583': [0.948285, 0.051715], 'NWD975921': [0.881402, 0.118598], 'NWD158237': [0.649088, 0.350912], 'NWD347140': [0.211273, 0.788727], 'NWD524336': [0.829387, 0.170613], 'NWD661828': [0.770955, 0.229045], 'NWD506902': [0.437019, 0.562981], 'NWD797979': [0.71727, 0.28273], 'NWD652755': [0.809194, 0.190806], 'NWD576327': [0.99999, 1e-05], 'NWD149502': [0.771118, 0.228882], 'NWD133198': [0.737487, 0.262513], 'NWD263184': [0.663936, 0.336064], 'NWD452926': [0.946119, 0.053881], 'NWD752087': [0.94641, 0.05359], 'NWD913991': [0.950946, 0.049054], 'NWD962792': [0.761296, 0.238704], 'NWD388542': [0.406654, 0.593346], 'NWD712674': [0.674947, 0.325053], 'NWD418773': [0.88668, 0.11332], 'NWD902298': [0.609488, 0.390512], 'NWD945886': [0.955264, 0.044736], 'NWD912070': [0.698859, 0.301141], 'NWD677776': [0.495568, 0.504432], 'NWD773408': [0.805663, 0.194337], 'NWD426008': [0.989606, 0.010394], 'NWD404517': [0.693177, 0.306823], 'NWD345273': [0.999267, 0.000733], 'NWD687323': [0.866988, 0.133012], 'NWD478709': [0.621723, 0.378277], 'NWD490768': [0.605508, 0.394492], 'NWD363273': [0.567216, 0.432784], 'NWD640560': [0.507587, 0.492413], 'NWD890143': [0.903147, 0.096853], 'NWD210347': [0.95034, 0.04966], 'NWD311932': [0.971263, 0.028737], 'NWD467083': [0.8872, 0.1128], 'NWD598769': [0.860692, 0.139308], 'NWD599371': [0.954631, 0.045369], 'NWD959607': [0.731281, 0.268719], 'NWD657624': [0.431971, 0.568029], 'NWD969537': [0.99698, 0.00302], 'NWD256042': [0.603742, 0.396258], 'NWD901710': [0.520636, 0.479364], 'NWD546564': [0.995592, 0.004408], 'NWD998609': [0.575173, 0.424827], 'NWD108116': [0.928041, 0.071959], 'NWD245122': [0.99999, 1e-05], 'NWD606337': [0.93707, 0.06293], 'NWD720391': [0.742572, 0.257428], 'NWD462712': [0.855545, 0.144455], 'NWD781750': [0.881446, 0.118554], 'NWD262638': [0.767776, 0.232224], 'NWD684484': [0.99999, 1e-05], 'NWD419335': [0.555622, 0.444378], 'NWD519039': [0.775789, 0.224211], 'NWD838454': [0.983907, 0.016093], 'NWD141713': [0.613021, 0.386979], 'NWD168541': [0.958502, 0.041498], 'NWD547021': [0.985572, 0.014428], 'NWD716470': [0.779591, 0.220409], 'NWD878543': [0.869354, 0.130646], 'NWD523161': [0.879405, 0.120595], 'NWD787458': [0.212425, 0.787575], 'NWD857305': [0.682308, 0.317692], 'NWD822723': [0.780647, 0.219353], 'NWD512818': [0.892725, 0.107275], 'NWD587844': [0.667734, 0.332266], 'NWD678520': [0.914409, 0.085591], 'NWD486871': [0.718074, 0.281926], 'NWD571531': [0.769833, 0.230167], 'NWD754070': [0.914794, 0.085206], 'NWD630602': [0.60261, 0.39739], 'NWD643775': [0.870214, 0.129786], 'NWD163203': [0.99999, 1e-05], 'NWD916599': [0.933469, 0.066531], 'NWD950794': [0.483119, 0.516881], 'NWD782813': [0.977699, 0.022301], 'NWD836765': [0.99999, 1e-05], 'NWD447217': [0.827732, 0.172268], 'NWD288321': [0.466828, 0.533172], 'NWD392992': [0.99999, 1e-05], 'NWD856383': [0.353622, 0.646378], 'NWD314678': [0.966799, 0.033201], 'NWD445484': [0.720858, 0.279142], 'NWD125656': [0.999618, 0.000382], 'NWD276731': [0.938934, 0.061066], 'NWD527323': [0.81124, 0.18876], 'NWD140824': [0.681729, 0.318271], 'NWD251680': [0.948763, 0.051237], 'NWD318497': [0.8689, 0.1311], 'NWD337903': [0.946428, 0.053572], 'NWD815786': [0.000667, 0.999333], 'NWD737180': [0.686268, 0.313732], 'NWD774561': [0.729254, 0.270746], 'NWD866219': [0.706664, 0.293336], 'NWD944827': [0.679731, 0.320269], 'NWD993659': [0.942951, 0.057049], 'NWD105648': [0.877845, 0.122155], 'NWD516805': [0.99999, 1e-05], 'NWD600992': [0.514159, 0.485841], 'NWD610801': [0.856579, 0.143421], 'NWD730299': [0.577959, 0.422041], 'NWD998816': [0.950103, 0.049897], 'NWD865962': [0.785213, 0.214787], 'NWD710489': [0.9901, 0.0099], 'NWD268401': [0.982287, 0.017713], 'NWD879683': [0.989387, 0.010613], 'NWD412116': [0.914993, 0.085007], 'NWD517673': [0.96785, 0.03215], 'NWD402569': [0.94843, 0.05157], 'NWD930303': [0.681348, 0.318652], 'NWD660071': [0.938698, 0.061302], 'NWD159679': [0.986708, 0.013292], 'NWD338378': [0.99999, 1e-05], 'NWD381518': [0.98438, 0.01562], 'NWD299581': [0.963988, 0.036012], 'NWD453328': [0.736746, 0.263254], 'NWD542871': [0.571938, 0.428062], 'NWD716639': [0.837838, 0.162162], 'NWD601219': [0.765546, 0.234454], 'NWD346624': [0.704645, 0.295355], 'NWD599306': [0.99999, 1e-05], 'NWD242199': [0.631345, 0.368655], 'NWD620567': [0.228797, 0.771203], 'NWD993431': [0.863825, 0.136175], 'NWD573145': [0.554467, 0.445533], 'NWD557722': [0.977726, 0.022274], 'NWD158184': [0.769408, 0.230592], 'NWD431959': [0.502355, 0.497645], 'NWD788130': [0.988705, 0.011295], 'NWD396724': [0.75853, 0.24147], 'NWD343349': [0.646511, 0.353489], 'NWD712032': [0.741885, 0.258115], 'NWD612175': [0.560985, 0.439015], 'NWD417668': [0.983852, 0.016148], 'NWD409874': [0.875224, 0.124776], 'NWD563349': [0.542001, 0.457999], 'NWD457909': [0.249525, 0.750475], 'NWD135441': [0.541708, 0.458292], 'NWD878668': [0.944192, 0.055808], 'NWD728777': [0.432909, 0.567091], 'NWD609750': [0.488581, 0.511419], 'NWD641240': [0.597047, 0.402953], 'NWD171365': [0.636542, 0.363458], 'NWD281909': [0.99999, 1e-05], 'NWD897019': [0.95012, 0.04988], 'NWD687607': [0.983138, 0.016862], 'NWD626329': [0.616533, 0.383467], 'NWD681170': [0.358983, 0.641017], 'NWD696182': [0.829102, 0.170898], 'NWD559886': [0.985664, 0.014336], 'NWD730873': [0.666803, 0.333197], 'NWD462567': [0.855949, 0.144051], 'NWD795057': [0.853773, 0.146227], 'NWD352494': [0.989118, 0.010882], 'NWD553021': [0.486131, 0.513869], 'NWD847600': [0.77928, 0.22072], 'NWD181781': [0.802019, 0.197981], 'NWD640412': [0.623614, 0.376386], 'NWD907433': [0.994248, 0.005752], 'NWD795363': [0.99999, 1e-05], 'NWD353250': [0.746159, 0.253841], 'NA18498': [0.99999, 1e-05], 'NA19143': [0.99999, 1e-05], 'NA19159': [0.99999, 1e-05], 'NA19209': [0.99999, 1e-05], 'NA19117': [0.99999, 1e-05], 'NA18858': [0.99999, 1e-05], 'NA18505': [0.99999, 1e-05], 'NA12399': [1e-05, 0.99999], 'NA18924': [0.99999, 1e-05], 'NA19093': [0.99999, 1e-05], 'NA11840': [1e-05, 0.99999], 'NA18868': [0.99999, 1e-05], 'NA18908': [0.99999, 1e-05], 'NA19099': [0.99999, 1e-05], 'NA18881': [0.99999, 1e-05], 'NA12283': [1e-05, 0.99999], 'NA18916': [0.99999, 1e-05], 'NA12748': [1e-05, 0.99999], 'NA19175': [0.99999, 1e-05], 'NA18861': [0.99999, 1e-05], 'NA06985': [1e-05, 0.99999], 'NA18501': [0.99999, 1e-05], 'NA12750': [1e-05, 0.99999], 'NA19114': [0.99999, 1e-05], 'NA19141': [0.99999, 1e-05], 'NA18876': [0.99999, 1e-05], 'NA18879': [0.99999, 1e-05], 'NA11932': [1e-05, 0.99999], 'NA19235': [0.99999, 1e-05], 'NA19248': [0.99999, 1e-05], 'NA12383': [1e-05, 0.99999], 'NA18519': [0.99999, 1e-05], 'NA19197': [0.99999, 1e-05], 'NA19236': [0.99999, 1e-05], 'NA18499': [0.99999, 1e-05], 'NA12718': [1e-05, 0.99999], 'NA12890': [1e-05, 0.99999], 'NA19207': [0.99999, 1e-05], 'NA19160': [0.99999, 1e-05], 'NA12872': [1e-05, 0.99999], 'NA19116': [0.99999, 1e-05], 'NA18867': [0.99999, 1e-05], 'NA12340': [1e-05, 0.99999], 'NA19138': [0.99999, 1e-05], 'NA19222': [0.99999, 1e-05], 'NA18510': [0.99999, 1e-05], 'NA12004': [1e-05, 0.99999], 'NA18522': [0.99999, 1e-05], 'NA19184': [0.99999, 1e-05], 'NA11930': [1e-05, 0.99999], 'NA12058': [1e-05, 0.99999], 'NA18489': [0.99999, 1e-05], 'NA11933': [1e-05, 0.99999], 'NA12716': [1e-05, 0.99999], 'NA12342': [1e-05, 0.99999], 'NA19098': [0.99999, 1e-05], 'NA11919': [1e-05, 0.99999], 'NA06994': [1e-05, 0.99999], 'NA18912': [0.99999, 1e-05], 'NA19147': [0.99999, 1e-05], 'NA18934': [0.99999, 1e-05], 'NA19095': [0.99999, 1e-05], 'NA19204': [0.99999, 1e-05], 'NA18504': [0.99999, 1e-05], 'NA18523': [0.99999, 1e-05], 'NA12830': [1e-05, 0.99999], 'NA12760': [1e-05, 0.99999], 'NA18520': [0.99999, 1e-05], 'NA18909': [0.99999, 1e-05], 'NA12717': [1e-05, 0.99999], 'NA12778': [1e-05, 0.99999], 'NA18502': [0.99999, 1e-05], 'NA19096': [0.99999, 1e-05], 'NA18910': [0.99999, 1e-05], 'NA12003': [1e-05, 0.99999], 'NA12275': [1e-05, 0.99999], 'NA19198': [0.99999, 1e-05], 'NA18877': [0.99999, 1e-05], 'NA19146': [0.99999, 1e-05], 'NA12827': [1e-05, 0.99999], 'NA12045': [1e-05, 0.99999], 'NA10851': [1e-05, 0.99999], 'NA12843': [1e-05, 0.99999], 'NA12287': [1e-05, 0.99999], 'NA12777': [1e-05, 0.99999], 'NA19214': [0.99999, 1e-05], 'NA18488': [0.99999, 1e-05], 'NA07037': [1e-05, 0.99999], 'NA11992': [1e-05, 0.99999], 'NA12413': [1e-05, 0.99999], 'NA19239': [0.99999, 1e-05], 'NA12751': [1e-05, 0.99999], 'NA06984': [1e-05, 0.99999], 'NA12414': [1e-05, 0.99999], 'NA12546': [1e-05, 0.99999], 'NA18907': [0.99999, 1e-05], 'NA12828': [1e-05, 0.99999], 'NA18864': [0.99999, 1e-05], 'NA12815': [1e-05, 0.99999], 'NA12155': [1e-05, 0.99999], 'NA18507': [0.99999, 1e-05], 'NA12286': [1e-05, 0.99999], 'NA19225': [0.99999, 1e-05], 'NA12761': [1e-05, 0.99999], 'NA12005': [1e-05, 0.99999], 'NA12873': [1e-05, 0.99999], 'NA12400': [1e-05, 0.99999], 'NA18853': [0.99999, 1e-05], 'NA11931': [1e-05, 0.99999], 'NA19189': [0.99999, 1e-05], 'NA19108': [0.99999, 1e-05], 'NA18874': [0.99999, 1e-05], 'NA19102': [0.99999, 1e-05], 'NA07000': [1e-05, 0.99999], 'NA19149': [0.99999, 1e-05], 'NA11920': [1e-05, 0.99999], 'NA18873': [0.99999, 1e-05], 'NA12043': [1e-05, 0.99999], 'NA12762': [1e-05, 0.99999], 'NA10847': [1e-05, 0.99999], 'NA12763': [1e-05, 0.99999], 'NA19201': [0.99999, 1e-05], 'NA11831': [1e-05, 0.99999], 'NA12874': [1e-05, 0.99999], 'NA19206': [0.99999, 1e-05], 'NA12154': [1e-05, 0.99999], 'NA18865': [0.99999, 1e-05], 'NA12889': [1e-05, 0.99999], 'NA18933': [0.99999, 1e-05], 'NA19213': [0.99999, 1e-05], 'NA07056': [1e-05, 0.99999], 'NA19131': [0.99999, 1e-05], 'NA07051': [1e-05, 0.99999], 'NA19107': [0.99999, 1e-05], 'NA07357': [1e-05, 0.99999], 'NA19190': [0.99999, 1e-05], 'NA11892': [1e-05, 0.99999], 'NA18915': [0.99999, 1e-05], 'NA19256': [0.99999, 1e-05], 'NA11918': [1e-05, 0.99999], 'NA12249': [1e-05, 0.99999], 'NA11832': [1e-05, 0.99999], 'NA12341': [1e-05, 0.99999], 'NA12775': [1e-05, 0.99999], 'NA11893': [1e-05, 0.99999], 'NA12234': [1e-05, 0.99999], 'NA19171': [0.99999, 1e-05], 'NA19129': [0.99999, 1e-05], 'NA19130': [0.99999, 1e-05], 'NA12812': [1e-05, 0.99999], 'NA19200': [0.99999, 1e-05], 'NA12273': [1e-05, 0.99999], 'NA12489': [1e-05, 0.99999], 'NA12749': [1e-05, 0.99999], 'NA19119': [0.99999, 1e-05], 'NA18486': [0.99999, 1e-05], 'NA18517': [0.99999, 1e-05], 'NA18508': [0.99999, 1e-05], 'NA19118': [0.99999, 1e-05], 'NA12006': [1e-05, 0.99999], 'NA11995': [1e-05, 0.99999], 'NA19210': [0.99999, 1e-05], 'NA19152': [0.99999, 1e-05], 'NA11843': [1e-05, 0.99999], 'NA11881': [1e-05, 0.99999], 'NA12348': [1e-05, 0.99999], 'NA12044': [1e-05, 0.99999], 'NA19144': [0.99999, 1e-05], 'NA12144': [1e-05, 0.99999], 'NA11994': [1e-05, 0.99999], 'NA07048': [1e-05, 0.99999], 'NA12842': [1e-05, 0.99999], 'NA18917': [0.99999, 1e-05], 'NA11829': [1e-05, 0.99999], 'NA18870': [0.99999, 1e-05], 'NA19092': [0.99999, 1e-05], 'NA19153': [0.99999, 1e-05], 'NA19121': [0.99999, 1e-05], 'NA19172': [0.99999, 1e-05], 'NA07347': [1e-05, 0.99999], 'NA12776': [1e-05, 0.99999], 'NA19185': [0.99999, 1e-05], 'NA12156': [1e-05, 0.99999], 'NA19247': [0.99999, 1e-05], 'NA18878': [0.99999, 1e-05], 'NA12272': [1e-05, 0.99999], 'NA12829': [1e-05, 0.99999], 'NA12282': [1e-05, 0.99999], 'NA12813': [1e-05, 0.99999], 'NA12347': [1e-05, 0.99999], 'NA18871': [0.99999, 1e-05], 'NA19223': [0.99999, 1e-05], 'NA18923': [0.99999, 1e-05], 'NA06989': [1e-05, 0.99999], 'NA18511': [0.99999, 1e-05], 'NA06986': [1e-05, 0.99999], 'NA19257': [0.99999, 1e-05], 'NA11894': [1e-05, 0.99999], 'NA19238': [0.99999, 1e-05], 'NA19137': [0.99999, 1e-05], 'NA19113': [0.99999, 1e-05], 'NA18516': [0.99999, 1e-05], 'NA12878': [1e-05, 0.99999], 'NA18856': [0.99999, 1e-05], 'NA12814': [1e-05, 0.99999], 'NA12046': [1e-05, 0.99999], 'NA11830': [1e-05, 0.99999]}
[1, 0]
