ID            CEU     YRI
NWD163203     0.0     1.0
NWD838454     0.0     1.0
NWD447217  0.1631  0.8369
NWD506902  0.3075  0.6925
NWD516805  0.0538  0.9462
NWD598769  0.1471  0.8529
NWD276731  0.0203  0.9797
NWD857305  0.1105  0.8895
NWD573145  0.3766  0.6234
NWD378807  0.1772  0.8228
NWD773408  0.1325  0.8675
NWD862131  0.5213  0.4787
NWD696182  0.0109  0.9891
NWD601219  0.4488  0.5512
NWD445484  0.1724  0.8276
NWD245122  0.1902  0.8098
NWD574025  0.4951  0.5049
NWD962792  0.0802  0.9198
NWD140824   0.074   0.926
NWD347140  0.7182  0.2818
NWD388542  0.3669  0.6331
NWD409874  0.1511  0.8489
NWD641240  0.5165  0.4835
NWD620567  0.7409  0.2591
NWD754070  0.0374  0.9626
NWD338378     0.0     1.0
NWD660071  0.2939  0.7061
NWD452926  0.3544  0.6456
NWD233967  0.7364  0.2636
NWD878543  0.2206  0.7794
...           ...     ...
NWD907433  0.0218  0.9782
NWD712032  0.1926  0.8074
NWD677776  0.1407  0.8593
NWD599306  0.1726  0.8274
NWD684484     0.0     1.0
NWD826684     0.0     1.0
NWD428381  0.3456  0.6544
NWD174966  0.1389  0.8611
NWD938526  0.2471  0.7529
NWD328083  0.1576  0.8424
NWD318497   0.361   0.639
NWD731252  0.1238  0.8762
NWD412116  0.2346  0.7654
NWD640560  0.6329  0.3671
NWD639242  0.1999  0.8001
NWD599371  0.0669  0.9331
NWD720391   0.265   0.735
NWD431959  0.5389  0.4611
NWD584394     0.0     1.0
NWD344310   0.017   0.983
NWD517673   0.121   0.879
NWD527323  0.2732  0.7268
NWD418773  0.6142  0.3858
NWD857221  0.1236  0.8764
NWD836765  0.0024  0.9976
NWD396724  0.0158  0.9842
NWD125656  0.0047  0.9953
NWD912070  0.2863  0.7137
NWD597815  0.0574  0.9426
NWD512818  0.4031  0.5969

[201 rows x 2 columns]
{'NWD212434': [0.831619, 0.168381], 'NWD584394': [0.977912, 0.022088], 'NWD164446': [0.888645, 0.111355], 'NWD862869': [0.744444, 0.255556], 'NWD378807': [0.846703, 0.153297], 'NWD174966': [0.823519, 0.176481], 'NWD344310': [0.967225, 0.032775], 'NWD484275': [0.723301, 0.276699], 'NWD677387': [0.99999, 1e-05], 'NWD428381': [0.619039, 0.380961], 'NWD479314': [0.947549, 0.052451], 'NWD220560': [0.597555, 0.402445], 'NWD449948': [0.991234, 0.008766], 'NWD170091': [0.973947, 0.026053], 'NWD138795': [0.9669, 0.0331], 'NWD328083': [0.814829, 0.185171], 'NWD390054': [0.994749, 0.005251], 'NWD419692': [0.716968, 0.283032], 'NWD671182': [0.584257, 0.415743], 'NWD828733': [0.688823, 0.311177], 'NWD362144': [0.979171, 0.020829], 'NWD639242': [0.810206, 0.189794], 'NWD574916': [0.99999, 1e-05], 'NWD293024': [0.854642, 0.145358], 'NWD487726': [0.784312, 0.215688], 'NWD521616': [0.871158, 0.128842], 'NWD574025': [0.517167, 0.482833], 'NWD938526': [0.769038, 0.230962], 'NWD685703': [0.776232, 0.223768], 'NWD857221': [0.850636, 0.149364], 'NWD862131': [0.489005, 0.510995], 'NWD346975': [0.691091, 0.308909], 'NWD177635': [0.820837, 0.179163], 'NWD233967': [0.258795, 0.741205], 'NWD731252': [0.873568, 0.126432], 'NWD597815': [0.979593, 0.020407], 'NWD479130': [0.994659, 0.005341], 'NWD826684': [0.972088, 0.027912], 'NWD816583': [0.959292, 0.040708], 'NWD975921': [0.801428, 0.198572], 'NWD158237': [0.968152, 0.031848], 'NWD347140': [0.244844, 0.755156], 'NWD524336': [0.877383, 0.122617], 'NWD661828': [0.879535, 0.120465], 'NWD506902': [0.667344, 0.332656], 'NWD797979': [0.903406, 0.096594], 'NWD652755': [0.99999, 1e-05], 'NWD576327': [0.999625, 0.000375], 'NWD149502': [0.61415, 0.38585], 'NWD133198': [0.790256, 0.209744], 'NWD263184': [0.522424, 0.477576], 'NWD452926': [0.644565, 0.355435], 'NWD752087': [0.86053, 0.13947], 'NWD913991': [0.868212, 0.131788], 'NWD962792': [0.904961, 0.095039], 'NWD388542': [0.645469, 0.354531], 'NWD712674': [0.77396, 0.22604], 'NWD418773': [0.487272, 0.512728], 'NWD902298': [0.874051, 0.125949], 'NWD945886': [0.757588, 0.242412], 'NWD912070': [0.649774, 0.350226], 'NWD677776': [0.827872, 0.172128], 'NWD773408': [0.871405, 0.128595], 'NWD426008': [0.98984, 0.01016], 'NWD404517': [0.519259, 0.480741], 'NWD345273': [0.942353, 0.057647], 'NWD687323': [0.793856, 0.206144], 'NWD478709': [0.840383, 0.159617], 'NWD490768': [0.875679, 0.124321], 'NWD363273': [0.441027, 0.558973], 'NWD640560': [0.430496, 0.569504], 'NWD890143': [0.763797, 0.236203], 'NWD210347': [0.894362, 0.105638], 'NWD311932': [0.971447, 0.028553], 'NWD467083': [0.547392, 0.452608], 'NWD598769': [0.86487, 0.13513], 'NWD599371': [0.934381, 0.065619], 'NWD959607': [0.770661, 0.229339], 'NWD657624': [0.180711, 0.819289], 'NWD969537': [0.625256, 0.374744], 'NWD256042': [0.570111, 0.429889], 'NWD901710': [0.651791, 0.348209], 'NWD546564': [0.88187, 0.11813], 'NWD998609': [0.627514, 0.372486], 'NWD108116': [0.93884, 0.06116], 'NWD245122': [0.805083, 0.194917], 'NWD606337': [0.939086, 0.060914], 'NWD720391': [0.792247, 0.207753], 'NWD462712': [0.953123, 0.046877], 'NWD781750': [0.780436, 0.219564], 'NWD262638': [0.895802, 0.104198], 'NWD684484': [0.99999, 1e-05], 'NWD419335': [0.595462, 0.404538], 'NWD519039': [0.558656, 0.441344], 'NWD838454': [0.99999, 1e-05], 'NWD141713': [0.770441, 0.229559], 'NWD168541': [0.99999, 1e-05], 'NWD547021': [0.936228, 0.063772], 'NWD716470': [0.996453, 0.003547], 'NWD878543': [0.80142, 0.19858], 'NWD523161': [0.60463, 0.39537], 'NWD787458': [0.30993, 0.69007], 'NWD857305': [0.866933, 0.133067], 'NWD822723': [0.858364, 0.141636], 'NWD512818': [0.649794, 0.350206], 'NWD587844': [0.921218, 0.078782], 'NWD678520': [0.935859, 0.064141], 'NWD486871': [0.850031, 0.149969], 'NWD571531': [0.973531, 0.026469], 'NWD754070': [0.988627, 0.011373], 'NWD630602': [0.940439, 0.059561], 'NWD643775': [0.984734, 0.015266], 'NWD163203': [0.99999, 1e-05], 'NWD916599': [0.99999, 1e-05], 'NWD950794': [0.946906, 0.053094], 'NWD782813': [0.995878, 0.004122], 'NWD836765': [0.99999, 1e-05], 'NWD447217': [0.800544, 0.199456], 'NWD288321': [0.746249, 0.253751], 'NWD392992': [0.994147, 0.005853], 'NWD856383': [0.694767, 0.305233], 'NWD314678': [0.997761, 0.002239], 'NWD445484': [0.806165, 0.193835], 'NWD125656': [0.972812, 0.027188], 'NWD276731': [0.999374, 0.000626], 'NWD527323': [0.665068, 0.334932], 'NWD140824': [0.904924, 0.095076], 'NWD251680': [0.895493, 0.104507], 'NWD318497': [0.643618, 0.356382], 'NWD337903': [0.84672, 0.15328], 'NWD815786': [0.007677, 0.992323], 'NWD737180': [0.918003, 0.081997], 'NWD774561': [0.679734, 0.320266], 'NWD866219': [0.577214, 0.422786], 'NWD944827': [0.99999, 1e-05], 'NWD993659': [0.859778, 0.140222], 'NWD105648': [0.986124, 0.013876], 'NWD516805': [0.957997, 0.042003], 'NWD600992': [0.831426, 0.168574], 'NWD610801': [0.981989, 0.018011], 'NWD730299': [0.787491, 0.212509], 'NWD998816': [0.871051, 0.128949], 'NWD865962': [0.617223, 0.382777], 'NWD710489': [0.998746, 0.001254], 'NWD268401': [0.99999, 1e-05], 'NWD879683': [0.935285, 0.064715], 'NWD412116': [0.704927, 0.295073], 'NWD517673': [0.883958, 0.116042], 'NWD402569': [0.975733, 0.024267], 'NWD930303': [0.823605, 0.176395], 'NWD660071': [0.687088, 0.312912], 'NWD159679': [0.997088, 0.002912], 'NWD338378': [0.99999, 1e-05], 'NWD381518': [0.771756, 0.228244], 'NWD299581': [0.856919, 0.143081], 'NWD453328': [0.928575, 0.071425], 'NWD542871': [0.686323, 0.313677], 'NWD716639': [0.908779, 0.091221], 'NWD601219': [0.597349, 0.402651], 'NWD346624': [0.89485, 0.10515], 'NWD599306': [0.837223, 0.162777], 'NWD242199': [0.54856, 0.45144], 'NWD620567': [0.298394, 0.701606], 'NWD993431': [0.831721, 0.168279], 'NWD573145': [0.547807, 0.452193], 'NWD557722': [0.99999, 1e-05], 'NWD158184': [0.834018, 0.165982], 'NWD431959': [0.470094, 0.529906], 'NWD788130': [0.981356, 0.018644], 'NWD396724': [0.996379, 0.003621], 'NWD343349': [0.720336, 0.279664], 'NWD712032': [0.809861, 0.190139], 'NWD612175': [0.519158, 0.480842], 'NWD417668': [0.99999, 1e-05], 'NWD409874': [0.831062, 0.168938], 'NWD563349': [0.84288, 0.15712], 'NWD457909': [0.566088, 0.433912], 'NWD135441': [0.603175, 0.396825], 'NWD878668': [0.902361, 0.097639], 'NWD728777': [0.79911, 0.20089], 'NWD609750': [0.498522, 0.501478], 'NWD641240': [0.469547, 0.530453], 'NWD171365': [0.99999, 1e-05], 'NWD281909': [0.719603, 0.280397], 'NWD897019': [0.932354, 0.067646], 'NWD687607': [0.917084, 0.082916], 'NWD626329': [0.590734, 0.409266], 'NWD681170': [0.525354, 0.474646], 'NWD696182': [0.982572, 0.017428], 'NWD559886': [0.887497, 0.112503], 'NWD730873': [0.671404, 0.328596], 'NWD462567': [0.759431, 0.240569], 'NWD795057': [0.990643, 0.009357], 'NWD352494': [0.933952, 0.066048], 'NWD553021': [0.249971, 0.750029], 'NWD847600': [0.772399, 0.227601], 'NWD181781': [0.997229, 0.002771], 'NWD640412': [0.831027, 0.168973], 'NWD907433': [0.983773, 0.016227], 'NWD795363': [0.997672, 0.002328], 'NWD353250': [0.816866, 0.183134], 'NA18498': [0.99999, 1e-05], 'NA19143': [0.99999, 1e-05], 'NA19159': [0.99999, 1e-05], 'NA19209': [0.99999, 1e-05], 'NA19117': [0.99999, 1e-05], 'NA18858': [0.99999, 1e-05], 'NA18505': [0.99999, 1e-05], 'NA12399': [1e-05, 0.99999], 'NA18924': [0.99999, 1e-05], 'NA19093': [0.99999, 1e-05], 'NA11840': [1e-05, 0.99999], 'NA18868': [0.99999, 1e-05], 'NA18908': [0.99999, 1e-05], 'NA19099': [0.99999, 1e-05], 'NA18881': [0.99999, 1e-05], 'NA12283': [1e-05, 0.99999], 'NA18916': [0.99999, 1e-05], 'NA12748': [1e-05, 0.99999], 'NA19175': [0.99999, 1e-05], 'NA18861': [0.99999, 1e-05], 'NA06985': [1e-05, 0.99999], 'NA18501': [0.99999, 1e-05], 'NA12750': [1e-05, 0.99999], 'NA19114': [0.99999, 1e-05], 'NA19141': [0.99999, 1e-05], 'NA18876': [0.99999, 1e-05], 'NA18879': [0.99999, 1e-05], 'NA11932': [1e-05, 0.99999], 'NA19235': [0.99999, 1e-05], 'NA19248': [0.99999, 1e-05], 'NA12383': [1e-05, 0.99999], 'NA18519': [0.99999, 1e-05], 'NA19197': [0.99999, 1e-05], 'NA19236': [0.99999, 1e-05], 'NA18499': [0.99999, 1e-05], 'NA12718': [1e-05, 0.99999], 'NA12890': [1e-05, 0.99999], 'NA19207': [0.99999, 1e-05], 'NA19160': [0.99999, 1e-05], 'NA12872': [1e-05, 0.99999], 'NA19116': [0.99999, 1e-05], 'NA18867': [0.99999, 1e-05], 'NA12340': [1e-05, 0.99999], 'NA19138': [0.99999, 1e-05], 'NA19222': [0.99999, 1e-05], 'NA18510': [0.99999, 1e-05], 'NA12004': [1e-05, 0.99999], 'NA18522': [0.99999, 1e-05], 'NA19184': [0.99999, 1e-05], 'NA11930': [1e-05, 0.99999], 'NA12058': [1e-05, 0.99999], 'NA18489': [0.99999, 1e-05], 'NA11933': [1e-05, 0.99999], 'NA12716': [1e-05, 0.99999], 'NA12342': [1e-05, 0.99999], 'NA19098': [0.99999, 1e-05], 'NA11919': [1e-05, 0.99999], 'NA06994': [1e-05, 0.99999], 'NA18912': [0.99999, 1e-05], 'NA19147': [0.99999, 1e-05], 'NA18934': [0.99999, 1e-05], 'NA19095': [0.99999, 1e-05], 'NA19204': [0.99999, 1e-05], 'NA18504': [0.99999, 1e-05], 'NA18523': [0.99999, 1e-05], 'NA12830': [1e-05, 0.99999], 'NA12760': [1e-05, 0.99999], 'NA18520': [0.99999, 1e-05], 'NA18909': [0.99999, 1e-05], 'NA12717': [1e-05, 0.99999], 'NA12778': [1e-05, 0.99999], 'NA18502': [0.99999, 1e-05], 'NA19096': [0.99999, 1e-05], 'NA18910': [0.99999, 1e-05], 'NA12003': [1e-05, 0.99999], 'NA12275': [1e-05, 0.99999], 'NA19198': [0.99999, 1e-05], 'NA18877': [0.99999, 1e-05], 'NA19146': [0.99999, 1e-05], 'NA12827': [1e-05, 0.99999], 'NA12045': [1e-05, 0.99999], 'NA10851': [1e-05, 0.99999], 'NA12843': [1e-05, 0.99999], 'NA12287': [1e-05, 0.99999], 'NA12777': [1e-05, 0.99999], 'NA19214': [0.99999, 1e-05], 'NA18488': [0.99999, 1e-05], 'NA07037': [1e-05, 0.99999], 'NA11992': [1e-05, 0.99999], 'NA12413': [1e-05, 0.99999], 'NA19239': [0.99999, 1e-05], 'NA12751': [1e-05, 0.99999], 'NA06984': [1e-05, 0.99999], 'NA12414': [1e-05, 0.99999], 'NA12546': [1e-05, 0.99999], 'NA18907': [0.99999, 1e-05], 'NA12828': [1e-05, 0.99999], 'NA18864': [0.99999, 1e-05], 'NA12815': [1e-05, 0.99999], 'NA12155': [1e-05, 0.99999], 'NA18507': [0.99999, 1e-05], 'NA12286': [1e-05, 0.99999], 'NA19225': [0.99999, 1e-05], 'NA12761': [1e-05, 0.99999], 'NA12005': [1e-05, 0.99999], 'NA12873': [1e-05, 0.99999], 'NA12400': [1e-05, 0.99999], 'NA18853': [0.99999, 1e-05], 'NA11931': [1e-05, 0.99999], 'NA19189': [0.99999, 1e-05], 'NA19108': [0.99999, 1e-05], 'NA18874': [0.99999, 1e-05], 'NA19102': [0.99999, 1e-05], 'NA07000': [1e-05, 0.99999], 'NA19149': [0.99999, 1e-05], 'NA11920': [1e-05, 0.99999], 'NA18873': [0.99999, 1e-05], 'NA12043': [1e-05, 0.99999], 'NA12762': [1e-05, 0.99999], 'NA10847': [1e-05, 0.99999], 'NA12763': [1e-05, 0.99999], 'NA19201': [0.99999, 1e-05], 'NA11831': [1e-05, 0.99999], 'NA12874': [1e-05, 0.99999], 'NA19206': [0.99999, 1e-05], 'NA12154': [1e-05, 0.99999], 'NA18865': [0.99999, 1e-05], 'NA12889': [1e-05, 0.99999], 'NA18933': [0.99999, 1e-05], 'NA19213': [0.99999, 1e-05], 'NA07056': [1e-05, 0.99999], 'NA19131': [0.99999, 1e-05], 'NA07051': [1e-05, 0.99999], 'NA19107': [0.99999, 1e-05], 'NA07357': [1e-05, 0.99999], 'NA19190': [0.99999, 1e-05], 'NA11892': [1e-05, 0.99999], 'NA18915': [0.99999, 1e-05], 'NA19256': [0.99999, 1e-05], 'NA11918': [1e-05, 0.99999], 'NA12249': [1e-05, 0.99999], 'NA11832': [1e-05, 0.99999], 'NA12341': [1e-05, 0.99999], 'NA12775': [1e-05, 0.99999], 'NA11893': [1e-05, 0.99999], 'NA12234': [1e-05, 0.99999], 'NA19171': [0.99999, 1e-05], 'NA19129': [0.99999, 1e-05], 'NA19130': [0.99999, 1e-05], 'NA12812': [1e-05, 0.99999], 'NA19200': [0.99999, 1e-05], 'NA12273': [1e-05, 0.99999], 'NA12489': [1e-05, 0.99999], 'NA12749': [1e-05, 0.99999], 'NA19119': [0.99999, 1e-05], 'NA18486': [0.99999, 1e-05], 'NA18517': [0.99999, 1e-05], 'NA18508': [0.99999, 1e-05], 'NA19118': [0.99999, 1e-05], 'NA12006': [1e-05, 0.99999], 'NA11995': [1e-05, 0.99999], 'NA19210': [0.99999, 1e-05], 'NA19152': [0.99999, 1e-05], 'NA11843': [1e-05, 0.99999], 'NA11881': [1e-05, 0.99999], 'NA12348': [1e-05, 0.99999], 'NA12044': [1e-05, 0.99999], 'NA19144': [0.99999, 1e-05], 'NA12144': [1e-05, 0.99999], 'NA11994': [1e-05, 0.99999], 'NA07048': [1e-05, 0.99999], 'NA12842': [1e-05, 0.99999], 'NA18917': [0.99999, 1e-05], 'NA11829': [1e-05, 0.99999], 'NA18870': [0.99999, 1e-05], 'NA19092': [0.99999, 1e-05], 'NA19153': [0.99999, 1e-05], 'NA19121': [0.99999, 1e-05], 'NA19172': [0.99999, 1e-05], 'NA07347': [1e-05, 0.99999], 'NA12776': [1e-05, 0.99999], 'NA19185': [0.99999, 1e-05], 'NA12156': [1e-05, 0.99999], 'NA19247': [0.99999, 1e-05], 'NA18878': [0.99999, 1e-05], 'NA12272': [1e-05, 0.99999], 'NA12829': [1e-05, 0.99999], 'NA12282': [1e-05, 0.99999], 'NA12813': [1e-05, 0.99999], 'NA12347': [1e-05, 0.99999], 'NA18871': [0.99999, 1e-05], 'NA19223': [0.99999, 1e-05], 'NA18923': [0.99999, 1e-05], 'NA06989': [1e-05, 0.99999], 'NA18511': [0.99999, 1e-05], 'NA06986': [1e-05, 0.99999], 'NA19257': [0.99999, 1e-05], 'NA11894': [1e-05, 0.99999], 'NA19238': [0.99999, 1e-05], 'NA19137': [0.99999, 1e-05], 'NA19113': [0.99999, 1e-05], 'NA18516': [0.99999, 1e-05], 'NA12878': [1e-05, 0.99999], 'NA18856': [0.99999, 1e-05], 'NA12814': [1e-05, 0.99999], 'NA12046': [1e-05, 0.99999], 'NA11830': [1e-05, 0.99999]}
[1, 0]
