ID            CEU     YRI
NWD163203  0.0085  0.9915
NWD838454     0.0     1.0
NWD447217   0.034   0.966
NWD506902  0.2809  0.7191
NWD516805  0.2195  0.7805
NWD598769  0.0666  0.9334
NWD276731  0.1757  0.8243
NWD857305  0.1004  0.8996
NWD573145  0.4983  0.5017
NWD378807  0.1609  0.8391
NWD773408  0.0487  0.9513
NWD862131  0.3534  0.6466
NWD696182  0.0365  0.9635
NWD601219  0.1316  0.8684
NWD445484  0.2899  0.7101
NWD245122     0.0     1.0
NWD574025  0.3552  0.6448
NWD962792  0.0489  0.9511
NWD140824  0.1284  0.8716
NWD347140  0.5198  0.4802
NWD388542  0.1788  0.8212
NWD409874  0.0182  0.9818
NWD641240  0.0258  0.9742
NWD620567  0.6317  0.3683
NWD754070     0.0     1.0
NWD338378  0.0415  0.9585
NWD660071  0.0972  0.9028
NWD452926     0.0     1.0
NWD233967  0.4674  0.5326
NWD878543  0.4643  0.5357
...           ...     ...
NWD907433  0.0162  0.9838
NWD712032  0.2753  0.7247
NWD677776  0.1034  0.8966
NWD599306  0.0041  0.9959
NWD684484  0.0028  0.9972
NWD826684   0.019   0.981
NWD428381   0.203   0.797
NWD174966  0.1796  0.8204
NWD938526  0.1528  0.8472
NWD328083   0.304   0.696
NWD318497  0.0781  0.9219
NWD731252  0.1478  0.8522
NWD412116  0.1388  0.8612
NWD640560   0.125   0.875
NWD639242   0.454   0.546
NWD599371  0.0064  0.9936
NWD720391  0.1342  0.8658
NWD431959  0.6236  0.3764
NWD584394     0.0     1.0
NWD344310     0.0     1.0
NWD517673  0.0115  0.9885
NWD527323     0.0     1.0
NWD418773  0.2309  0.7691
NWD857221  0.0956  0.9044
NWD836765     0.0     1.0
NWD396724  0.1522  0.8478
NWD125656  0.0309  0.9691
NWD912070  0.3728  0.6272
NWD597815  0.0494  0.9506
NWD512818  0.0356  0.9644

[201 rows x 2 columns]
{'NWD212434': [0.668359, 0.331641], 'NWD584394': [0.99999, 1e-05], 'NWD164446': [0.466512, 0.533488], 'NWD862869': [0.551714, 0.448286], 'NWD378807': [0.838184, 0.161816], 'NWD174966': [0.805026, 0.194974], 'NWD344310': [0.99999, 1e-05], 'NWD484275': [0.556702, 0.443298], 'NWD677387': [0.95211, 0.04789], 'NWD428381': [0.686176, 0.313824], 'NWD479314': [0.995761, 0.004239], 'NWD220560': [0.957724, 0.042276], 'NWD449948': [0.983788, 0.016212], 'NWD170091': [0.947201, 0.052799], 'NWD138795': [0.939127, 0.060873], 'NWD328083': [0.712981, 0.287019], 'NWD390054': [0.982509, 0.017491], 'NWD419692': [0.979783, 0.020217], 'NWD671182': [0.806216, 0.193784], 'NWD828733': [0.958855, 0.041145], 'NWD362144': [0.93334, 0.06666], 'NWD639242': [0.510281, 0.489719], 'NWD574916': [0.992726, 0.007274], 'NWD293024': [0.987367, 0.012633], 'NWD487726': [0.990992, 0.009008], 'NWD521616': [0.913941, 0.086059], 'NWD574025': [0.690248, 0.309752], 'NWD938526': [0.880003, 0.119997], 'NWD685703': [0.600785, 0.399215], 'NWD857221': [0.871951, 0.128049], 'NWD862131': [0.596507, 0.403493], 'NWD346975': [0.758727, 0.241273], 'NWD177635': [0.394267, 0.605733], 'NWD233967': [0.531114, 0.468886], 'NWD731252': [0.833068, 0.166932], 'NWD597815': [0.930427, 0.069573], 'NWD479130': [0.468537, 0.531463], 'NWD826684': [0.978878, 0.021122], 'NWD816583': [0.617518, 0.382482], 'NWD975921': [0.627391, 0.372609], 'NWD158237': [0.950852, 0.049148], 'NWD347140': [0.457127, 0.542873], 'NWD524336': [0.99999, 1e-05], 'NWD661828': [0.930105, 0.069895], 'NWD506902': [0.725393, 0.274607], 'NWD797979': [0.722658, 0.277342], 'NWD652755': [0.680449, 0.319551], 'NWD576327': [0.979717, 0.020283], 'NWD149502': [0.665343, 0.334657], 'NWD133198': [0.857485, 0.142515], 'NWD263184': [0.506681, 0.493319], 'NWD452926': [0.99999, 1e-05], 'NWD752087': [0.491124, 0.508876], 'NWD913991': [0.885768, 0.114232], 'NWD962792': [0.923743, 0.076257], 'NWD388542': [0.77042, 0.22958], 'NWD712674': [0.863363, 0.136637], 'NWD418773': [0.7766, 0.2234], 'NWD902298': [0.9892, 0.0108], 'NWD945886': [0.82558, 0.17442], 'NWD912070': [0.672401, 0.327599], 'NWD677776': [0.826734, 0.173266], 'NWD773408': [0.978097, 0.021903], 'NWD426008': [0.99999, 1e-05], 'NWD404517': [0.484495, 0.515505], 'NWD345273': [0.926903, 0.073097], 'NWD687323': [0.969969, 0.030031], 'NWD478709': [0.813138, 0.186862], 'NWD490768': [0.764597, 0.235403], 'NWD363273': [0.800767, 0.199233], 'NWD640560': [0.851255, 0.148745], 'NWD890143': [0.910176, 0.089824], 'NWD210347': [0.728123, 0.271877], 'NWD311932': [0.979194, 0.020806], 'NWD467083': [0.836098, 0.163902], 'NWD598769': [0.892883, 0.107117], 'NWD599371': [0.99999, 1e-05], 'NWD959607': [0.715123, 0.284877], 'NWD657624': [0.295684, 0.704316], 'NWD969537': [0.807805, 0.192195], 'NWD256042': [0.61962, 0.38038], 'NWD901710': [0.896344, 0.103656], 'NWD546564': [0.953094, 0.046906], 'NWD998609': [0.718285, 0.281715], 'NWD108116': [0.934498, 0.065502], 'NWD245122': [0.996403, 0.003597], 'NWD606337': [0.912089, 0.087911], 'NWD720391': [0.849343, 0.150657], 'NWD462712': [0.947814, 0.052186], 'NWD781750': [0.880909, 0.119091], 'NWD262638': [0.951326, 0.048674], 'NWD684484': [0.969515, 0.030485], 'NWD419335': [0.411698, 0.588302], 'NWD519039': [0.65286, 0.34714], 'NWD838454': [0.99999, 1e-05], 'NWD141713': [0.509983, 0.490017], 'NWD168541': [0.713299, 0.286701], 'NWD547021': [0.99999, 1e-05], 'NWD716470': [0.589379, 0.410621], 'NWD878543': [0.614211, 0.385789], 'NWD523161': [0.834437, 0.165563], 'NWD787458': [0.34921, 0.65079], 'NWD857305': [0.888919, 0.111081], 'NWD822723': [0.705028, 0.294972], 'NWD512818': [0.981905, 0.018095], 'NWD587844': [0.797378, 0.202622], 'NWD678520': [0.971173, 0.028827], 'NWD486871': [0.561969, 0.438031], 'NWD571531': [0.821349, 0.178651], 'NWD754070': [0.99999, 1e-05], 'NWD630602': [0.690584, 0.309416], 'NWD643775': [0.903298, 0.096702], 'NWD163203': [0.960824, 0.039176], 'NWD916599': [0.924929, 0.075071], 'NWD950794': [0.810343, 0.189657], 'NWD782813': [0.863852, 0.136148], 'NWD836765': [0.968262, 0.031738], 'NWD447217': [0.959671, 0.040329], 'NWD288321': [0.675779, 0.324221], 'NWD392992': [0.943367, 0.056633], 'NWD856383': [0.501968, 0.498032], 'NWD314678': [0.939408, 0.060592], 'NWD445484': [0.728196, 0.271804], 'NWD125656': [0.977972, 0.022028], 'NWD276731': [0.808058, 0.191942], 'NWD527323': [0.983214, 0.016786], 'NWD140824': [0.914713, 0.085287], 'NWD251680': [0.599567, 0.400433], 'NWD318497': [0.924968, 0.075032], 'NWD337903': [0.875293, 0.124707], 'NWD815786': [1e-05, 0.99999], 'NWD737180': [0.893964, 0.106036], 'NWD774561': [0.909028, 0.090972], 'NWD866219': [0.436507, 0.563493], 'NWD944827': [0.99999, 1e-05], 'NWD993659': [0.714511, 0.285489], 'NWD105648': [0.960191, 0.039809], 'NWD516805': [0.831299, 0.168701], 'NWD600992': [0.558245, 0.441755], 'NWD610801': [0.83613, 0.16387], 'NWD730299': [0.825644, 0.174356], 'NWD998816': [0.640614, 0.359386], 'NWD865962': [0.844993, 0.155007], 'NWD710489': [0.975712, 0.024288], 'NWD268401': [0.99999, 1e-05], 'NWD879683': [0.928814, 0.071186], 'NWD412116': [0.84609, 0.15391], 'NWD517673': [0.96737, 0.03263], 'NWD402569': [0.99999, 1e-05], 'NWD930303': [0.652063, 0.347937], 'NWD660071': [0.905104, 0.094896], 'NWD159679': [0.924917, 0.075083], 'NWD338378': [0.946225, 0.053775], 'NWD381518': [0.557696, 0.442304], 'NWD299581': [0.79794, 0.20206], 'NWD453328': [0.903756, 0.096244], 'NWD542871': [0.719098, 0.280902], 'NWD716639': [0.8354, 0.1646], 'NWD601219': [0.888842, 0.111158], 'NWD346624': [0.91198, 0.08802], 'NWD599306': [0.99999, 1e-05], 'NWD242199': [0.633813, 0.366187], 'NWD620567': [0.42773, 0.57227], 'NWD993431': [0.95236, 0.04764], 'NWD573145': [0.528522, 0.471478], 'NWD557722': [0.94907, 0.05093], 'NWD158184': [0.699743, 0.300257], 'NWD431959': [0.407589, 0.592411], 'NWD788130': [0.988792, 0.011208], 'NWD396724': [0.878042, 0.121958], 'NWD343349': [0.541871, 0.458129], 'NWD712032': [0.78206, 0.21794], 'NWD612175': [0.721646, 0.278354], 'NWD417668': [0.909794, 0.090206], 'NWD409874': [0.953235, 0.046765], 'NWD563349': [0.667921, 0.332079], 'NWD457909': [0.552697, 0.447303], 'NWD135441': [0.66694, 0.33306], 'NWD878668': [0.981114, 0.018886], 'NWD728777': [0.506489, 0.493511], 'NWD609750': [0.608283, 0.391717], 'NWD641240': [0.935412, 0.064588], 'NWD171365': [0.746062, 0.253938], 'NWD281909': [0.968949, 0.031051], 'NWD897019': [0.983633, 0.016367], 'NWD687607': [0.99999, 1e-05], 'NWD626329': [0.70474, 0.29526], 'NWD681170': [0.617076, 0.382924], 'NWD696182': [0.972553, 0.027447], 'NWD559886': [0.960165, 0.039835], 'NWD730873': [0.832114, 0.167886], 'NWD462567': [0.78098, 0.21902], 'NWD795057': [0.975933, 0.024067], 'NWD352494': [0.966226, 0.033774], 'NWD553021': [0.958483, 0.041517], 'NWD847600': [0.690836, 0.309164], 'NWD181781': [0.949092, 0.050908], 'NWD640412': [0.904994, 0.095006], 'NWD907433': [0.96381, 0.03619], 'NWD795363': [0.99999, 1e-05], 'NWD353250': [0.99999, 1e-05], 'NA18498': [0.99999, 1e-05], 'NA19143': [0.99999, 1e-05], 'NA19159': [0.99999, 1e-05], 'NA19209': [0.99999, 1e-05], 'NA19117': [0.99999, 1e-05], 'NA18858': [0.99999, 1e-05], 'NA18505': [0.99999, 1e-05], 'NA12399': [1e-05, 0.99999], 'NA18924': [0.99999, 1e-05], 'NA19093': [0.99999, 1e-05], 'NA11840': [1e-05, 0.99999], 'NA18868': [0.99999, 1e-05], 'NA18908': [0.99999, 1e-05], 'NA19099': [0.99999, 1e-05], 'NA18881': [0.99999, 1e-05], 'NA12283': [1e-05, 0.99999], 'NA18916': [0.99999, 1e-05], 'NA12748': [1e-05, 0.99999], 'NA19175': [0.99999, 1e-05], 'NA18861': [0.99999, 1e-05], 'NA06985': [1e-05, 0.99999], 'NA18501': [0.99999, 1e-05], 'NA12750': [1e-05, 0.99999], 'NA19114': [0.99999, 1e-05], 'NA19141': [0.99999, 1e-05], 'NA18876': [0.99999, 1e-05], 'NA18879': [0.99999, 1e-05], 'NA11932': [1e-05, 0.99999], 'NA19235': [0.99999, 1e-05], 'NA19248': [0.99999, 1e-05], 'NA12383': [1e-05, 0.99999], 'NA18519': [0.99999, 1e-05], 'NA19197': [0.99999, 1e-05], 'NA19236': [0.99999, 1e-05], 'NA18499': [0.99999, 1e-05], 'NA12718': [1e-05, 0.99999], 'NA12890': [1e-05, 0.99999], 'NA19207': [0.99999, 1e-05], 'NA19160': [0.99999, 1e-05], 'NA12872': [1e-05, 0.99999], 'NA19116': [0.99999, 1e-05], 'NA18867': [0.99999, 1e-05], 'NA12340': [1e-05, 0.99999], 'NA19138': [0.99999, 1e-05], 'NA19222': [0.99999, 1e-05], 'NA18510': [0.99999, 1e-05], 'NA12004': [1e-05, 0.99999], 'NA18522': [0.99999, 1e-05], 'NA19184': [0.99999, 1e-05], 'NA11930': [1e-05, 0.99999], 'NA12058': [1e-05, 0.99999], 'NA18489': [0.99999, 1e-05], 'NA11933': [1e-05, 0.99999], 'NA12716': [1e-05, 0.99999], 'NA12342': [1e-05, 0.99999], 'NA19098': [0.99999, 1e-05], 'NA11919': [1e-05, 0.99999], 'NA06994': [1e-05, 0.99999], 'NA18912': [0.99999, 1e-05], 'NA19147': [0.99999, 1e-05], 'NA18934': [0.99999, 1e-05], 'NA19095': [0.99999, 1e-05], 'NA19204': [0.99999, 1e-05], 'NA18504': [0.99999, 1e-05], 'NA18523': [0.99999, 1e-05], 'NA12830': [1e-05, 0.99999], 'NA12760': [1e-05, 0.99999], 'NA18520': [0.99999, 1e-05], 'NA18909': [0.99999, 1e-05], 'NA12717': [1e-05, 0.99999], 'NA12778': [1e-05, 0.99999], 'NA18502': [0.99999, 1e-05], 'NA19096': [0.99999, 1e-05], 'NA18910': [0.99999, 1e-05], 'NA12003': [1e-05, 0.99999], 'NA12275': [1e-05, 0.99999], 'NA19198': [0.99999, 1e-05], 'NA18877': [0.99999, 1e-05], 'NA19146': [0.99999, 1e-05], 'NA12827': [1e-05, 0.99999], 'NA12045': [1e-05, 0.99999], 'NA10851': [1e-05, 0.99999], 'NA12843': [1e-05, 0.99999], 'NA12287': [1e-05, 0.99999], 'NA12777': [1e-05, 0.99999], 'NA19214': [0.99999, 1e-05], 'NA18488': [0.99999, 1e-05], 'NA07037': [1e-05, 0.99999], 'NA11992': [1e-05, 0.99999], 'NA12413': [1e-05, 0.99999], 'NA19239': [0.99999, 1e-05], 'NA12751': [1e-05, 0.99999], 'NA06984': [1e-05, 0.99999], 'NA12414': [1e-05, 0.99999], 'NA12546': [1e-05, 0.99999], 'NA18907': [0.99999, 1e-05], 'NA12828': [1e-05, 0.99999], 'NA18864': [0.99999, 1e-05], 'NA12815': [1e-05, 0.99999], 'NA12155': [1e-05, 0.99999], 'NA18507': [0.99999, 1e-05], 'NA12286': [1e-05, 0.99999], 'NA19225': [0.99999, 1e-05], 'NA12761': [1e-05, 0.99999], 'NA12005': [1e-05, 0.99999], 'NA12873': [1e-05, 0.99999], 'NA12400': [1e-05, 0.99999], 'NA18853': [0.99999, 1e-05], 'NA11931': [1e-05, 0.99999], 'NA19189': [0.99999, 1e-05], 'NA19108': [0.99999, 1e-05], 'NA18874': [0.99999, 1e-05], 'NA19102': [0.99999, 1e-05], 'NA07000': [1e-05, 0.99999], 'NA19149': [0.99999, 1e-05], 'NA11920': [1e-05, 0.99999], 'NA18873': [0.99999, 1e-05], 'NA12043': [1e-05, 0.99999], 'NA12762': [1e-05, 0.99999], 'NA10847': [1e-05, 0.99999], 'NA12763': [1e-05, 0.99999], 'NA19201': [0.99999, 1e-05], 'NA11831': [1e-05, 0.99999], 'NA12874': [1e-05, 0.99999], 'NA19206': [0.99999, 1e-05], 'NA12154': [1e-05, 0.99999], 'NA18865': [0.99999, 1e-05], 'NA12889': [1e-05, 0.99999], 'NA18933': [0.99999, 1e-05], 'NA19213': [0.99999, 1e-05], 'NA07056': [1e-05, 0.99999], 'NA19131': [0.99999, 1e-05], 'NA07051': [1e-05, 0.99999], 'NA19107': [0.99999, 1e-05], 'NA07357': [1e-05, 0.99999], 'NA19190': [0.99999, 1e-05], 'NA11892': [1e-05, 0.99999], 'NA18915': [0.99999, 1e-05], 'NA19256': [0.99999, 1e-05], 'NA11918': [1e-05, 0.99999], 'NA12249': [1e-05, 0.99999], 'NA11832': [1e-05, 0.99999], 'NA12341': [1e-05, 0.99999], 'NA12775': [1e-05, 0.99999], 'NA11893': [1e-05, 0.99999], 'NA12234': [1e-05, 0.99999], 'NA19171': [0.99999, 1e-05], 'NA19129': [0.99999, 1e-05], 'NA19130': [0.99999, 1e-05], 'NA12812': [1e-05, 0.99999], 'NA19200': [0.99999, 1e-05], 'NA12273': [1e-05, 0.99999], 'NA12489': [1e-05, 0.99999], 'NA12749': [1e-05, 0.99999], 'NA19119': [0.99999, 1e-05], 'NA18486': [0.99999, 1e-05], 'NA18517': [0.99999, 1e-05], 'NA18508': [0.99999, 1e-05], 'NA19118': [0.99999, 1e-05], 'NA12006': [1e-05, 0.99999], 'NA11995': [1e-05, 0.99999], 'NA19210': [0.99999, 1e-05], 'NA19152': [0.99999, 1e-05], 'NA11843': [1e-05, 0.99999], 'NA11881': [1e-05, 0.99999], 'NA12348': [1e-05, 0.99999], 'NA12044': [1e-05, 0.99999], 'NA19144': [0.99999, 1e-05], 'NA12144': [1e-05, 0.99999], 'NA11994': [1e-05, 0.99999], 'NA07048': [1e-05, 0.99999], 'NA12842': [1e-05, 0.99999], 'NA18917': [0.99999, 1e-05], 'NA11829': [1e-05, 0.99999], 'NA18870': [0.99999, 1e-05], 'NA19092': [0.99999, 1e-05], 'NA19153': [0.99999, 1e-05], 'NA19121': [0.99999, 1e-05], 'NA19172': [0.99999, 1e-05], 'NA07347': [1e-05, 0.99999], 'NA12776': [1e-05, 0.99999], 'NA19185': [0.99999, 1e-05], 'NA12156': [1e-05, 0.99999], 'NA19247': [0.99999, 1e-05], 'NA18878': [0.99999, 1e-05], 'NA12272': [1e-05, 0.99999], 'NA12829': [1e-05, 0.99999], 'NA12282': [1e-05, 0.99999], 'NA12813': [1e-05, 0.99999], 'NA12347': [1e-05, 0.99999], 'NA18871': [0.99999, 1e-05], 'NA19223': [0.99999, 1e-05], 'NA18923': [0.99999, 1e-05], 'NA06989': [1e-05, 0.99999], 'NA18511': [0.99999, 1e-05], 'NA06986': [1e-05, 0.99999], 'NA19257': [0.99999, 1e-05], 'NA11894': [1e-05, 0.99999], 'NA19238': [0.99999, 1e-05], 'NA19137': [0.99999, 1e-05], 'NA19113': [0.99999, 1e-05], 'NA18516': [0.99999, 1e-05], 'NA12878': [1e-05, 0.99999], 'NA18856': [0.99999, 1e-05], 'NA12814': [1e-05, 0.99999], 'NA12046': [1e-05, 0.99999], 'NA11830': [1e-05, 0.99999]}
[1, 0]
