ID            CEU     YRI
NWD163203     0.0     1.0
NWD838454  0.0135  0.9865
NWD447217  0.1459  0.8541
NWD506902  0.3285  0.6715
NWD516805  0.1848  0.8152
NWD598769  0.1051  0.8949
NWD276731  0.0882  0.9118
NWD857305    0.19    0.81
NWD573145  0.3304  0.6696
NWD378807  0.0939  0.9061
NWD773408  0.1426  0.8574
NWD862131  0.4393  0.5607
NWD696182  0.1098  0.8902
NWD601219  0.2456  0.7544
NWD445484  0.7559  0.2441
NWD245122  0.0295  0.9705
NWD574025     0.0     1.0
NWD962792     0.0     1.0
NWD140824  0.4791  0.5209
NWD347140  0.8048  0.1952
NWD388542  0.5194  0.4806
NWD409874  0.7396  0.2604
NWD641240  0.0864  0.9136
NWD620567  0.4636  0.5364
NWD754070  0.0188  0.9812
NWD338378  0.0839  0.9161
NWD660071  0.3313  0.6687
NWD452926  0.1583  0.8417
NWD233967  0.5733  0.4267
NWD878543  0.1703  0.8297
...           ...     ...
NWD907433  0.0711  0.9289
NWD712032  0.2635  0.7365
NWD677776  0.3909  0.6091
NWD599306     0.0     1.0
NWD684484     0.0     1.0
NWD826684  0.0252  0.9748
NWD428381  0.1095  0.8905
NWD174966  0.5791  0.4209
NWD938526  0.0106  0.9894
NWD328083  0.2289  0.7711
NWD318497  0.4482  0.5518
NWD731252     0.0     1.0
NWD412116  0.5964  0.4036
NWD640560  0.7427  0.2573
NWD639242  0.4055  0.5945
NWD599371     0.0     1.0
NWD720391  0.0415  0.9585
NWD431959  0.5889  0.4111
NWD584394     0.0     1.0
NWD344310  0.0205  0.9795
NWD517673     0.0     1.0
NWD527323  0.2491  0.7509
NWD418773  0.5291  0.4709
NWD857221  0.0012  0.9988
NWD836765     0.0     1.0
NWD396724  0.0269  0.9731
NWD125656  0.0651  0.9349
NWD912070  0.0352  0.9648
NWD597815  0.0073  0.9927
NWD512818     0.0     1.0

[201 rows x 2 columns]
{'NWD212434': [0.873511, 0.126489], 'NWD584394': [0.996654, 0.003346], 'NWD164446': [0.99999, 1e-05], 'NWD862869': [0.824952, 0.175048], 'NWD378807': [0.920339, 0.079661], 'NWD174966': [0.390116, 0.609884], 'NWD344310': [0.914035, 0.085965], 'NWD484275': [0.637803, 0.362197], 'NWD677387': [0.986462, 0.013538], 'NWD428381': [0.857076, 0.142924], 'NWD479314': [0.957266, 0.042734], 'NWD220560': [0.470018, 0.529982], 'NWD449948': [0.922588, 0.077412], 'NWD170091': [0.775366, 0.224634], 'NWD138795': [0.748838, 0.251162], 'NWD328083': [0.682233, 0.317767], 'NWD390054': [0.864272, 0.135728], 'NWD419692': [0.627277, 0.372723], 'NWD671182': [0.806809, 0.193191], 'NWD828733': [0.76582, 0.23418], 'NWD362144': [0.990786, 0.009214], 'NWD639242': [0.611741, 0.388259], 'NWD574916': [0.988112, 0.011888], 'NWD293024': [0.983575, 0.016425], 'NWD487726': [0.921422, 0.078578], 'NWD521616': [0.928049, 0.071951], 'NWD574025': [0.99999, 1e-05], 'NWD938526': [0.97113, 0.02887], 'NWD685703': [0.70745, 0.29255], 'NWD857221': [0.98624, 0.01376], 'NWD862131': [0.58028, 0.41972], 'NWD346975': [0.702473, 0.297527], 'NWD177635': [0.517513, 0.482487], 'NWD233967': [0.396098, 0.603902], 'NWD731252': [0.981769, 0.018231], 'NWD597815': [0.945879, 0.054121], 'NWD479130': [0.902836, 0.097164], 'NWD826684': [0.960159, 0.039841], 'NWD816583': [0.48427, 0.51573], 'NWD975921': [0.830852, 0.169148], 'NWD158237': [0.862006, 0.137994], 'NWD347140': [0.067669, 0.932331], 'NWD524336': [0.99999, 1e-05], 'NWD661828': [0.643515, 0.356485], 'NWD506902': [0.626876, 0.373124], 'NWD797979': [0.818129, 0.181871], 'NWD652755': [0.85454, 0.14546], 'NWD576327': [0.978755, 0.021245], 'NWD149502': [0.948663, 0.051337], 'NWD133198': [0.954942, 0.045058], 'NWD263184': [0.77756, 0.22244], 'NWD452926': [0.767243, 0.232757], 'NWD752087': [0.965759, 0.034241], 'NWD913991': [0.789112, 0.210888], 'NWD962792': [0.99999, 1e-05], 'NWD388542': [0.492441, 0.507559], 'NWD712674': [0.833349, 0.166651], 'NWD418773': [0.546592, 0.453408], 'NWD902298': [0.911451, 0.088549], 'NWD945886': [0.917443, 0.082557], 'NWD912070': [0.942518, 0.057482], 'NWD677776': [0.6008, 0.3992], 'NWD773408': [0.85012, 0.14988], 'NWD426008': [0.99999, 1e-05], 'NWD404517': [0.50368, 0.49632], 'NWD345273': [0.952291, 0.047709], 'NWD687323': [0.885706, 0.114294], 'NWD478709': [0.859563, 0.140437], 'NWD490768': [0.619465, 0.380535], 'NWD363273': [0.861274, 0.138726], 'NWD640560': [0.336379, 0.663621], 'NWD890143': [0.959955, 0.040045], 'NWD210347': [0.901281, 0.098719], 'NWD311932': [0.969632, 0.030368], 'NWD467083': [0.892064, 0.107936], 'NWD598769': [0.931661, 0.068339], 'NWD599371': [0.998434, 0.001566], 'NWD959607': [0.724045, 0.275955], 'NWD657624': [0.246345, 0.753655], 'NWD969537': [0.778665, 0.221335], 'NWD256042': [0.726156, 0.273844], 'NWD901710': [0.523792, 0.476208], 'NWD546564': [0.878883, 0.121117], 'NWD998609': [0.842693, 0.157307], 'NWD108116': [0.944746, 0.055254], 'NWD245122': [0.962736, 0.037264], 'NWD606337': [0.99898, 0.00102], 'NWD720391': [0.956026, 0.043974], 'NWD462712': [0.886713, 0.113287], 'NWD781750': [0.759951, 0.240049], 'NWD262638': [0.835531, 0.164469], 'NWD684484': [0.99999, 1e-05], 'NWD419335': [0.601987, 0.398013], 'NWD519039': [0.976883, 0.023117], 'NWD838454': [0.99999, 1e-05], 'NWD141713': [0.721587, 0.278413], 'NWD168541': [0.922553, 0.077447], 'NWD547021': [0.968492, 0.031508], 'NWD716470': [0.99999, 1e-05], 'NWD878543': [0.780447, 0.219553], 'NWD523161': [0.569337, 0.430663], 'NWD787458': [0.8443, 0.1557], 'NWD857305': [0.816863, 0.183137], 'NWD822723': [0.949708, 0.050292], 'NWD512818': [0.989331, 0.010669], 'NWD587844': [0.298812, 0.701188], 'NWD678520': [0.724634, 0.275366], 'NWD486871': [0.578573, 0.421427], 'NWD571531': [0.886509, 0.113491], 'NWD754070': [0.983099, 0.016901], 'NWD630602': [0.78777, 0.21223], 'NWD643775': [0.99999, 1e-05], 'NWD163203': [0.99999, 1e-05], 'NWD916599': [0.965083, 0.034917], 'NWD950794': [0.960302, 0.039698], 'NWD782813': [0.989102, 0.010898], 'NWD836765': [0.985035, 0.014965], 'NWD447217': [0.818184, 0.181816], 'NWD288321': [0.744504, 0.255496], 'NWD392992': [0.745997, 0.254003], 'NWD856383': [0.832835, 0.167165], 'NWD314678': [0.899324, 0.100676], 'NWD445484': [0.313762, 0.686238], 'NWD125656': [0.938594, 0.061406], 'NWD276731': [0.900493, 0.099507], 'NWD527323': [0.786282, 0.213718], 'NWD140824': [0.532159, 0.467841], 'NWD251680': [0.806307, 0.193693], 'NWD318497': [0.613943, 0.386057], 'NWD337903': [0.914376, 0.085624], 'NWD815786': [1e-05, 0.99999], 'NWD737180': [0.924517, 0.075483], 'NWD774561': [0.99999, 1e-05], 'NWD866219': [0.864618, 0.135382], 'NWD944827': [0.968023, 0.031977], 'NWD993659': [0.978309, 0.021691], 'NWD105648': [0.99999, 1e-05], 'NWD516805': [0.771308, 0.228692], 'NWD600992': [0.912101, 0.087899], 'NWD610801': [0.714445, 0.285555], 'NWD730299': [0.731426, 0.268574], 'NWD998816': [0.739419, 0.260581], 'NWD865962': [0.614388, 0.385612], 'NWD710489': [0.980171, 0.019829], 'NWD268401': [0.99999, 1e-05], 'NWD879683': [0.99999, 1e-05], 'NWD412116': [0.458023, 0.541977], 'NWD517673': [0.99999, 1e-05], 'NWD402569': [0.961326, 0.038674], 'NWD930303': [0.593069, 0.406931], 'NWD660071': [0.652283, 0.347717], 'NWD159679': [0.99999, 1e-05], 'NWD338378': [0.901793, 0.098207], 'NWD381518': [0.922963, 0.077037], 'NWD299581': [0.739187, 0.260813], 'NWD453328': [0.741753, 0.258247], 'NWD542871': [0.858067, 0.141933], 'NWD716639': [0.935434, 0.064566], 'NWD601219': [0.728649, 0.271351], 'NWD346624': [0.838871, 0.161129], 'NWD599306': [0.99999, 1e-05], 'NWD242199': [0.328767, 0.671233], 'NWD620567': [0.602164, 0.397836], 'NWD993431': [0.896753, 0.103247], 'NWD573145': [0.668366, 0.331634], 'NWD557722': [0.94276, 0.05724], 'NWD158184': [0.905006, 0.094994], 'NWD431959': [0.483535, 0.516465], 'NWD788130': [0.99999, 1e-05], 'NWD396724': [0.996916, 0.003084], 'NWD343349': [0.628309, 0.371691], 'NWD712032': [0.7577, 0.2423], 'NWD612175': [0.691185, 0.308815], 'NWD417668': [0.996299, 0.003701], 'NWD409874': [0.376064, 0.623936], 'NWD563349': [0.533587, 0.466413], 'NWD457909': [0.221505, 0.778495], 'NWD135441': [0.729196, 0.270804], 'NWD878668': [0.627653, 0.372347], 'NWD728777': [0.724328, 0.275672], 'NWD609750': [0.318834, 0.681166], 'NWD641240': [0.900089, 0.099911], 'NWD171365': [0.925505, 0.074495], 'NWD281909': [0.997877, 0.002123], 'NWD897019': [0.950257, 0.049743], 'NWD687607': [0.901429, 0.098571], 'NWD626329': [0.841656, 0.158344], 'NWD681170': [0.388794, 0.611206], 'NWD696182': [0.906012, 0.093988], 'NWD559886': [0.628946, 0.371054], 'NWD730873': [0.561171, 0.438829], 'NWD462567': [0.607103, 0.392897], 'NWD795057': [0.997642, 0.002358], 'NWD352494': [0.9574, 0.0426], 'NWD553021': [0.353518, 0.646482], 'NWD847600': [0.76312, 0.23688], 'NWD181781': [0.579403, 0.420597], 'NWD640412': [0.544612, 0.455388], 'NWD907433': [0.887365, 0.112635], 'NWD795363': [0.969709, 0.030291], 'NWD353250': [0.601427, 0.398573], 'NA18498': [0.99999, 1e-05], 'NA19143': [0.99999, 1e-05], 'NA19159': [0.99999, 1e-05], 'NA19209': [0.99999, 1e-05], 'NA19117': [0.99999, 1e-05], 'NA18858': [0.99999, 1e-05], 'NA18505': [0.99999, 1e-05], 'NA12399': [1e-05, 0.99999], 'NA18924': [0.99999, 1e-05], 'NA19093': [0.99999, 1e-05], 'NA11840': [1e-05, 0.99999], 'NA18868': [0.99999, 1e-05], 'NA18908': [0.99999, 1e-05], 'NA19099': [0.99999, 1e-05], 'NA18881': [0.99999, 1e-05], 'NA12283': [1e-05, 0.99999], 'NA18916': [0.99999, 1e-05], 'NA12748': [1e-05, 0.99999], 'NA19175': [0.99999, 1e-05], 'NA18861': [0.99999, 1e-05], 'NA06985': [1e-05, 0.99999], 'NA18501': [0.99999, 1e-05], 'NA12750': [1e-05, 0.99999], 'NA19114': [0.99999, 1e-05], 'NA19141': [0.99999, 1e-05], 'NA18876': [0.99999, 1e-05], 'NA18879': [0.99999, 1e-05], 'NA11932': [1e-05, 0.99999], 'NA19235': [0.99999, 1e-05], 'NA19248': [0.99999, 1e-05], 'NA12383': [1e-05, 0.99999], 'NA18519': [0.99999, 1e-05], 'NA19197': [0.99999, 1e-05], 'NA19236': [0.99999, 1e-05], 'NA18499': [0.99999, 1e-05], 'NA12718': [1e-05, 0.99999], 'NA12890': [1e-05, 0.99999], 'NA19207': [0.99999, 1e-05], 'NA19160': [0.99999, 1e-05], 'NA12872': [1e-05, 0.99999], 'NA19116': [0.99999, 1e-05], 'NA18867': [0.99999, 1e-05], 'NA12340': [1e-05, 0.99999], 'NA19138': [0.99999, 1e-05], 'NA19222': [0.99999, 1e-05], 'NA18510': [0.99999, 1e-05], 'NA12004': [1e-05, 0.99999], 'NA18522': [0.99999, 1e-05], 'NA19184': [0.99999, 1e-05], 'NA11930': [1e-05, 0.99999], 'NA12058': [1e-05, 0.99999], 'NA18489': [0.99999, 1e-05], 'NA11933': [1e-05, 0.99999], 'NA12716': [1e-05, 0.99999], 'NA12342': [1e-05, 0.99999], 'NA19098': [0.99999, 1e-05], 'NA11919': [1e-05, 0.99999], 'NA06994': [1e-05, 0.99999], 'NA18912': [0.99999, 1e-05], 'NA19147': [0.99999, 1e-05], 'NA18934': [0.99999, 1e-05], 'NA19095': [0.99999, 1e-05], 'NA19204': [0.99999, 1e-05], 'NA18504': [0.99999, 1e-05], 'NA18523': [0.99999, 1e-05], 'NA12830': [1e-05, 0.99999], 'NA12760': [1e-05, 0.99999], 'NA18520': [0.99999, 1e-05], 'NA18909': [0.99999, 1e-05], 'NA12717': [1e-05, 0.99999], 'NA12778': [1e-05, 0.99999], 'NA18502': [0.99999, 1e-05], 'NA19096': [0.99999, 1e-05], 'NA18910': [0.99999, 1e-05], 'NA12003': [1e-05, 0.99999], 'NA12275': [1e-05, 0.99999], 'NA19198': [0.99999, 1e-05], 'NA18877': [0.99999, 1e-05], 'NA19146': [0.99999, 1e-05], 'NA12827': [1e-05, 0.99999], 'NA12045': [1e-05, 0.99999], 'NA10851': [1e-05, 0.99999], 'NA12843': [1e-05, 0.99999], 'NA12287': [1e-05, 0.99999], 'NA12777': [1e-05, 0.99999], 'NA19214': [0.99999, 1e-05], 'NA18488': [0.99999, 1e-05], 'NA07037': [1e-05, 0.99999], 'NA11992': [1e-05, 0.99999], 'NA12413': [1e-05, 0.99999], 'NA19239': [0.99999, 1e-05], 'NA12751': [1e-05, 0.99999], 'NA06984': [1e-05, 0.99999], 'NA12414': [1e-05, 0.99999], 'NA12546': [1e-05, 0.99999], 'NA18907': [0.99999, 1e-05], 'NA12828': [1e-05, 0.99999], 'NA18864': [0.99999, 1e-05], 'NA12815': [1e-05, 0.99999], 'NA12155': [1e-05, 0.99999], 'NA18507': [0.99999, 1e-05], 'NA12286': [1e-05, 0.99999], 'NA19225': [0.99999, 1e-05], 'NA12761': [1e-05, 0.99999], 'NA12005': [1e-05, 0.99999], 'NA12873': [1e-05, 0.99999], 'NA12400': [1e-05, 0.99999], 'NA18853': [0.99999, 1e-05], 'NA11931': [1e-05, 0.99999], 'NA19189': [0.99999, 1e-05], 'NA19108': [0.99999, 1e-05], 'NA18874': [0.99999, 1e-05], 'NA19102': [0.99999, 1e-05], 'NA07000': [1e-05, 0.99999], 'NA19149': [0.99999, 1e-05], 'NA11920': [1e-05, 0.99999], 'NA18873': [0.99999, 1e-05], 'NA12043': [1e-05, 0.99999], 'NA12762': [1e-05, 0.99999], 'NA10847': [1e-05, 0.99999], 'NA12763': [1e-05, 0.99999], 'NA19201': [0.99999, 1e-05], 'NA11831': [1e-05, 0.99999], 'NA12874': [1e-05, 0.99999], 'NA19206': [0.99999, 1e-05], 'NA12154': [1e-05, 0.99999], 'NA18865': [0.99999, 1e-05], 'NA12889': [1e-05, 0.99999], 'NA18933': [0.99999, 1e-05], 'NA19213': [0.99999, 1e-05], 'NA07056': [1e-05, 0.99999], 'NA19131': [0.99999, 1e-05], 'NA07051': [1e-05, 0.99999], 'NA19107': [0.99999, 1e-05], 'NA07357': [1e-05, 0.99999], 'NA19190': [0.99999, 1e-05], 'NA11892': [1e-05, 0.99999], 'NA18915': [0.99999, 1e-05], 'NA19256': [0.99999, 1e-05], 'NA11918': [1e-05, 0.99999], 'NA12249': [1e-05, 0.99999], 'NA11832': [1e-05, 0.99999], 'NA12341': [1e-05, 0.99999], 'NA12775': [1e-05, 0.99999], 'NA11893': [1e-05, 0.99999], 'NA12234': [1e-05, 0.99999], 'NA19171': [0.99999, 1e-05], 'NA19129': [0.99999, 1e-05], 'NA19130': [0.99999, 1e-05], 'NA12812': [1e-05, 0.99999], 'NA19200': [0.99999, 1e-05], 'NA12273': [1e-05, 0.99999], 'NA12489': [1e-05, 0.99999], 'NA12749': [1e-05, 0.99999], 'NA19119': [0.99999, 1e-05], 'NA18486': [0.99999, 1e-05], 'NA18517': [0.99999, 1e-05], 'NA18508': [0.99999, 1e-05], 'NA19118': [0.99999, 1e-05], 'NA12006': [1e-05, 0.99999], 'NA11995': [1e-05, 0.99999], 'NA19210': [0.99999, 1e-05], 'NA19152': [0.99999, 1e-05], 'NA11843': [1e-05, 0.99999], 'NA11881': [1e-05, 0.99999], 'NA12348': [1e-05, 0.99999], 'NA12044': [1e-05, 0.99999], 'NA19144': [0.99999, 1e-05], 'NA12144': [1e-05, 0.99999], 'NA11994': [1e-05, 0.99999], 'NA07048': [1e-05, 0.99999], 'NA12842': [1e-05, 0.99999], 'NA18917': [0.99999, 1e-05], 'NA11829': [1e-05, 0.99999], 'NA18870': [0.99999, 1e-05], 'NA19092': [0.99999, 1e-05], 'NA19153': [0.99999, 1e-05], 'NA19121': [0.99999, 1e-05], 'NA19172': [0.99999, 1e-05], 'NA07347': [1e-05, 0.99999], 'NA12776': [1e-05, 0.99999], 'NA19185': [0.99999, 1e-05], 'NA12156': [1e-05, 0.99999], 'NA19247': [0.99999, 1e-05], 'NA18878': [0.99999, 1e-05], 'NA12272': [1e-05, 0.99999], 'NA12829': [1e-05, 0.99999], 'NA12282': [1e-05, 0.99999], 'NA12813': [1e-05, 0.99999], 'NA12347': [1e-05, 0.99999], 'NA18871': [0.99999, 1e-05], 'NA19223': [0.99999, 1e-05], 'NA18923': [0.99999, 1e-05], 'NA06989': [1e-05, 0.99999], 'NA18511': [0.99999, 1e-05], 'NA06986': [1e-05, 0.99999], 'NA19257': [0.99999, 1e-05], 'NA11894': [1e-05, 0.99999], 'NA19238': [0.99999, 1e-05], 'NA19137': [0.99999, 1e-05], 'NA19113': [0.99999, 1e-05], 'NA18516': [0.99999, 1e-05], 'NA12878': [1e-05, 0.99999], 'NA18856': [0.99999, 1e-05], 'NA12814': [1e-05, 0.99999], 'NA12046': [1e-05, 0.99999], 'NA11830': [1e-05, 0.99999]}
[1, 0]
