ID            CEU     YRI
NWD163203  0.0479  0.9521
NWD838454  0.0632  0.9368
NWD447217  0.0777  0.9223
NWD506902   0.348   0.652
NWD516805  0.0827  0.9173
NWD598769  0.1091  0.8909
NWD276731  0.0534  0.9466
NWD857305     0.1     0.9
NWD573145  0.5804  0.4196
NWD378807  0.0961  0.9039
NWD773408   0.312   0.688
NWD862131  0.2855  0.7145
NWD696182  0.0818  0.9182
NWD601219   0.201   0.799
NWD445484  0.3762  0.6238
NWD245122  0.0556  0.9444
NWD574025  0.0787  0.9213
NWD962792  0.1209  0.8791
NWD140824  0.4841  0.5159
NWD347140  0.6956  0.3044
NWD388542  0.4397  0.5603
NWD409874  0.3466  0.6534
NWD641240  0.3859  0.6141
NWD620567  0.4181  0.5819
NWD754070  0.0171  0.9829
NWD338378  0.0006  0.9994
NWD660071  0.2266  0.7734
NWD452926  0.2938  0.7062
NWD233967  0.5973  0.4027
NWD878543  0.0272  0.9728
...           ...     ...
NWD907433  0.1194  0.8806
NWD712032  0.2392  0.7608
NWD677776  0.4695  0.5305
NWD599306  0.1279  0.8721
NWD684484     0.0     1.0
NWD826684  0.0469  0.9531
NWD428381   0.292   0.708
NWD174966  0.3242  0.6758
NWD938526  0.0344  0.9656
NWD328083  0.1485  0.8515
NWD318497  0.0783  0.9217
NWD731252  0.0693  0.9307
NWD412116  0.1297  0.8703
NWD640560  0.3866  0.6134
NWD639242  0.1977  0.8023
NWD599371  0.0319  0.9681
NWD720391  0.0178  0.9822
NWD431959  0.6624  0.3376
NWD584394     0.0     1.0
NWD344310  0.0788  0.9212
NWD517673  0.2543  0.7457
NWD527323  0.3109  0.6891
NWD418773  0.1616  0.8384
NWD857221  0.0576  0.9424
NWD836765     0.0     1.0
NWD396724   0.404   0.596
NWD125656  0.1738  0.8262
NWD912070  0.4516  0.5484
NWD597815  0.0715  0.9285
NWD512818  0.2354  0.7646

[201 rows x 2 columns]
{'NWD212434': [0.716922, 0.283078], 'NWD584394': [0.99999, 1e-05], 'NWD164446': [0.884721, 0.115279], 'NWD862869': [0.359777, 0.640223], 'NWD378807': [0.911898, 0.088102], 'NWD174966': [0.663216, 0.336784], 'NWD344310': [0.933919, 0.066081], 'NWD484275': [0.562842, 0.437158], 'NWD677387': [0.675116, 0.324884], 'NWD428381': [0.715575, 0.284425], 'NWD479314': [0.986484, 0.013516], 'NWD220560': [0.732529, 0.267471], 'NWD449948': [0.919178, 0.080822], 'NWD170091': [0.96033, 0.03967], 'NWD138795': [0.97536, 0.02464], 'NWD328083': [0.847386, 0.152614], 'NWD390054': [0.81704, 0.18296], 'NWD419692': [0.809822, 0.190178], 'NWD671182': [0.522223, 0.477777], 'NWD828733': [0.827166, 0.172834], 'NWD362144': [0.971648, 0.028352], 'NWD639242': [0.796421, 0.203579], 'NWD574916': [0.99999, 1e-05], 'NWD293024': [0.99999, 1e-05], 'NWD487726': [0.80616, 0.19384], 'NWD521616': [0.910217, 0.089783], 'NWD574025': [0.869238, 0.130762], 'NWD938526': [0.946383, 0.053617], 'NWD685703': [0.854511, 0.145489], 'NWD857221': [0.914771, 0.085229], 'NWD862131': [0.739413, 0.260587], 'NWD346975': [0.827345, 0.172655], 'NWD177635': [0.622737, 0.377263], 'NWD233967': [0.455697, 0.544303], 'NWD731252': [0.925125, 0.074875], 'NWD597815': [0.961144, 0.038856], 'NWD479130': [0.694102, 0.305898], 'NWD826684': [0.968001, 0.031999], 'NWD816583': [0.973783, 0.026217], 'NWD975921': [0.8169, 0.1831], 'NWD158237': [0.903712, 0.096288], 'NWD347140': [0.286738, 0.713262], 'NWD524336': [0.736578, 0.263422], 'NWD661828': [0.582975, 0.417025], 'NWD506902': [0.643428, 0.356572], 'NWD797979': [0.728478, 0.271522], 'NWD652755': [0.781335, 0.218665], 'NWD576327': [0.898952, 0.101048], 'NWD149502': [0.919768, 0.080232], 'NWD133198': [0.81636, 0.18364], 'NWD263184': [0.664307, 0.335693], 'NWD452926': [0.699912, 0.300088], 'NWD752087': [0.900282, 0.099718], 'NWD913991': [0.851579, 0.148421], 'NWD962792': [0.848511, 0.151489], 'NWD388542': [0.630768, 0.369232], 'NWD712674': [0.863285, 0.136715], 'NWD418773': [0.825501, 0.174499], 'NWD902298': [0.601847, 0.398153], 'NWD945886': [0.680152, 0.319848], 'NWD912070': [0.551749, 0.448251], 'NWD677776': [0.562503, 0.437497], 'NWD773408': [0.715277, 0.284723], 'NWD426008': [0.982238, 0.017762], 'NWD404517': [0.865854, 0.134146], 'NWD345273': [0.984333, 0.015667], 'NWD687323': [0.768731, 0.231269], 'NWD478709': [0.737095, 0.262905], 'NWD490768': [0.756542, 0.243458], 'NWD363273': [0.666721, 0.333279], 'NWD640560': [0.614879, 0.385121], 'NWD890143': [0.790946, 0.209054], 'NWD210347': [0.777733, 0.222267], 'NWD311932': [0.987289, 0.012711], 'NWD467083': [0.631615, 0.368385], 'NWD598769': [0.880825, 0.119175], 'NWD599371': [0.987451, 0.012549], 'NWD959607': [0.873869, 0.126131], 'NWD657624': [0.347559, 0.652441], 'NWD969537': [0.438946, 0.561054], 'NWD256042': [0.747911, 0.252089], 'NWD901710': [0.688905, 0.311095], 'NWD546564': [0.86846, 0.13154], 'NWD998609': [0.646001, 0.353999], 'NWD108116': [0.89601, 0.10399], 'NWD245122': [0.955394, 0.044606], 'NWD606337': [0.98358, 0.01642], 'NWD720391': [0.983846, 0.016154], 'NWD462712': [0.909537, 0.090463], 'NWD781750': [0.66577, 0.33423], 'NWD262638': [0.603195, 0.396805], 'NWD684484': [0.968987, 0.031013], 'NWD419335': [0.515668, 0.484332], 'NWD519039': [0.602374, 0.397626], 'NWD838454': [0.924411, 0.075589], 'NWD141713': [0.747022, 0.252978], 'NWD168541': [0.877998, 0.122002], 'NWD547021': [0.790637, 0.209363], 'NWD716470': [0.981308, 0.018692], 'NWD878543': [0.954932, 0.045068], 'NWD523161': [0.797783, 0.202217], 'NWD787458': [0.285232, 0.714768], 'NWD857305': [0.886676, 0.113324], 'NWD822723': [0.691977, 0.308023], 'NWD512818': [0.736258, 0.263742], 'NWD587844': [0.812524, 0.187476], 'NWD678520': [0.852269, 0.147731], 'NWD486871': [0.825986, 0.174014], 'NWD571531': [0.788112, 0.211888], 'NWD754070': [0.977799, 0.022201], 'NWD630602': [0.985487, 0.014513], 'NWD643775': [0.707801, 0.292199], 'NWD163203': [0.92648, 0.07352], 'NWD916599': [0.705659, 0.294341], 'NWD950794': [0.77884, 0.22116], 'NWD782813': [0.995829, 0.004171], 'NWD836765': [0.99999, 1e-05], 'NWD447217': [0.90557, 0.09443], 'NWD288321': [0.70897, 0.29103], 'NWD392992': [0.844673, 0.155327], 'NWD856383': [0.489891, 0.510109], 'NWD314678': [0.958313, 0.041687], 'NWD445484': [0.607613, 0.392387], 'NWD125656': [0.857645, 0.142355], 'NWD276731': [0.959036, 0.040964], 'NWD527323': [0.700845, 0.299155], 'NWD140824': [0.52762, 0.47238], 'NWD251680': [0.713751, 0.286249], 'NWD318497': [0.91853, 0.08147], 'NWD337903': [0.935155, 0.064845], 'NWD815786': [0.014945, 0.985055], 'NWD737180': [0.833822, 0.166178], 'NWD774561': [0.705664, 0.294336], 'NWD866219': [0.738334, 0.261666], 'NWD944827': [0.995853, 0.004147], 'NWD993659': [0.838054, 0.161946], 'NWD105648': [0.999436, 0.000564], 'NWD516805': [0.901864, 0.098136], 'NWD600992': [0.798165, 0.201835], 'NWD610801': [0.943122, 0.056878], 'NWD730299': [0.798775, 0.201225], 'NWD998816': [0.993056, 0.006944], 'NWD865962': [0.800869, 0.199131], 'NWD710489': [0.992253, 0.007747], 'NWD268401': [0.99999, 1e-05], 'NWD879683': [0.892931, 0.107069], 'NWD412116': [0.842845, 0.157155], 'NWD517673': [0.752967, 0.247033], 'NWD402569': [0.848495, 0.151505], 'NWD930303': [0.420105, 0.579895], 'NWD660071': [0.74541, 0.25459], 'NWD159679': [0.962544, 0.037456], 'NWD338378': [0.98833, 0.01167], 'NWD381518': [0.742043, 0.257957], 'NWD299581': [0.847575, 0.152425], 'NWD453328': [0.928159, 0.071841], 'NWD542871': [0.581751, 0.418249], 'NWD716639': [0.82352, 0.17648], 'NWD601219': [0.780562, 0.219438], 'NWD346624': [0.810733, 0.189267], 'NWD599306': [0.878773, 0.121227], 'NWD242199': [0.858346, 0.141654], 'NWD620567': [0.556477, 0.443523], 'NWD993431': [0.829026, 0.170974], 'NWD573145': [0.403941, 0.596059], 'NWD557722': [0.845436, 0.154564], 'NWD158184': [0.757251, 0.242749], 'NWD431959': [0.377954, 0.622046], 'NWD788130': [0.99999, 1e-05], 'NWD396724': [0.57446, 0.42554], 'NWD343349': [0.739668, 0.260332], 'NWD712032': [0.77311, 0.22689], 'NWD612175': [0.727194, 0.272806], 'NWD417668': [0.99999, 1e-05], 'NWD409874': [0.666816, 0.333184], 'NWD563349': [0.759013, 0.240987], 'NWD457909': [0.580508, 0.419492], 'NWD135441': [0.681583, 0.318417], 'NWD878668': [0.829062, 0.170938], 'NWD728777': [0.488067, 0.511933], 'NWD609750': [0.371163, 0.628837], 'NWD641240': [0.605321, 0.394679], 'NWD171365': [0.841526, 0.158474], 'NWD281909': [0.832476, 0.167524], 'NWD897019': [0.976696, 0.023304], 'NWD687607': [0.976528, 0.023472], 'NWD626329': [0.81915, 0.18085], 'NWD681170': [0.635134, 0.364866], 'NWD696182': [0.881574, 0.118426], 'NWD559886': [0.661734, 0.338266], 'NWD730873': [0.927692, 0.072308], 'NWD462567': [0.934549, 0.065451], 'NWD795057': [0.98935, 0.01065], 'NWD352494': [0.939496, 0.060504], 'NWD553021': [0.715717, 0.284283], 'NWD847600': [0.599913, 0.400087], 'NWD181781': [0.880479, 0.119521], 'NWD640412': [0.879613, 0.120387], 'NWD907433': [0.898729, 0.101271], 'NWD795363': [0.99999, 1e-05], 'NWD353250': [0.713532, 0.286468], 'NA18498': [0.99999, 1e-05], 'NA19143': [0.99999, 1e-05], 'NA19159': [0.99999, 1e-05], 'NA19209': [0.99999, 1e-05], 'NA19117': [0.99999, 1e-05], 'NA18858': [0.99999, 1e-05], 'NA18505': [0.99999, 1e-05], 'NA12399': [1e-05, 0.99999], 'NA18924': [0.99999, 1e-05], 'NA19093': [0.99999, 1e-05], 'NA11840': [1e-05, 0.99999], 'NA18868': [0.99999, 1e-05], 'NA18908': [0.99999, 1e-05], 'NA19099': [0.99999, 1e-05], 'NA18881': [0.99999, 1e-05], 'NA12283': [1e-05, 0.99999], 'NA18916': [0.99999, 1e-05], 'NA12748': [1e-05, 0.99999], 'NA19175': [0.99999, 1e-05], 'NA18861': [0.99999, 1e-05], 'NA06985': [1e-05, 0.99999], 'NA18501': [0.99999, 1e-05], 'NA12750': [1e-05, 0.99999], 'NA19114': [0.99999, 1e-05], 'NA19141': [0.99999, 1e-05], 'NA18876': [0.99999, 1e-05], 'NA18879': [0.99999, 1e-05], 'NA11932': [1e-05, 0.99999], 'NA19235': [0.99999, 1e-05], 'NA19248': [0.99999, 1e-05], 'NA12383': [1e-05, 0.99999], 'NA18519': [0.99999, 1e-05], 'NA19197': [0.99999, 1e-05], 'NA19236': [0.99999, 1e-05], 'NA18499': [0.99999, 1e-05], 'NA12718': [1e-05, 0.99999], 'NA12890': [1e-05, 0.99999], 'NA19207': [0.99999, 1e-05], 'NA19160': [0.99999, 1e-05], 'NA12872': [1e-05, 0.99999], 'NA19116': [0.99999, 1e-05], 'NA18867': [0.99999, 1e-05], 'NA12340': [1e-05, 0.99999], 'NA19138': [0.99999, 1e-05], 'NA19222': [0.99999, 1e-05], 'NA18510': [0.99999, 1e-05], 'NA12004': [1e-05, 0.99999], 'NA18522': [0.99999, 1e-05], 'NA19184': [0.99999, 1e-05], 'NA11930': [1e-05, 0.99999], 'NA12058': [1e-05, 0.99999], 'NA18489': [0.99999, 1e-05], 'NA11933': [1e-05, 0.99999], 'NA12716': [1e-05, 0.99999], 'NA12342': [1e-05, 0.99999], 'NA19098': [0.99999, 1e-05], 'NA11919': [1e-05, 0.99999], 'NA06994': [1e-05, 0.99999], 'NA18912': [0.99999, 1e-05], 'NA19147': [0.99999, 1e-05], 'NA18934': [0.99999, 1e-05], 'NA19095': [0.99999, 1e-05], 'NA19204': [0.99999, 1e-05], 'NA18504': [0.99999, 1e-05], 'NA18523': [0.99999, 1e-05], 'NA12830': [1e-05, 0.99999], 'NA12760': [1e-05, 0.99999], 'NA18520': [0.99999, 1e-05], 'NA18909': [0.99999, 1e-05], 'NA12717': [1e-05, 0.99999], 'NA12778': [1e-05, 0.99999], 'NA18502': [0.99999, 1e-05], 'NA19096': [0.99999, 1e-05], 'NA18910': [0.99999, 1e-05], 'NA12003': [1e-05, 0.99999], 'NA12275': [1e-05, 0.99999], 'NA19198': [0.99999, 1e-05], 'NA18877': [0.99999, 1e-05], 'NA19146': [0.99999, 1e-05], 'NA12827': [1e-05, 0.99999], 'NA12045': [1e-05, 0.99999], 'NA10851': [1e-05, 0.99999], 'NA12843': [1e-05, 0.99999], 'NA12287': [1e-05, 0.99999], 'NA12777': [1e-05, 0.99999], 'NA19214': [0.99999, 1e-05], 'NA18488': [0.99999, 1e-05], 'NA07037': [1e-05, 0.99999], 'NA11992': [1e-05, 0.99999], 'NA12413': [1e-05, 0.99999], 'NA19239': [0.99999, 1e-05], 'NA12751': [1e-05, 0.99999], 'NA06984': [1e-05, 0.99999], 'NA12414': [1e-05, 0.99999], 'NA12546': [1e-05, 0.99999], 'NA18907': [0.99999, 1e-05], 'NA12828': [1e-05, 0.99999], 'NA18864': [0.99999, 1e-05], 'NA12815': [1e-05, 0.99999], 'NA12155': [1e-05, 0.99999], 'NA18507': [0.99999, 1e-05], 'NA12286': [1e-05, 0.99999], 'NA19225': [0.99999, 1e-05], 'NA12761': [1e-05, 0.99999], 'NA12005': [1e-05, 0.99999], 'NA12873': [1e-05, 0.99999], 'NA12400': [1e-05, 0.99999], 'NA18853': [0.99999, 1e-05], 'NA11931': [1e-05, 0.99999], 'NA19189': [0.99999, 1e-05], 'NA19108': [0.99999, 1e-05], 'NA18874': [0.99999, 1e-05], 'NA19102': [0.99999, 1e-05], 'NA07000': [1e-05, 0.99999], 'NA19149': [0.99999, 1e-05], 'NA11920': [1e-05, 0.99999], 'NA18873': [0.99999, 1e-05], 'NA12043': [1e-05, 0.99999], 'NA12762': [1e-05, 0.99999], 'NA10847': [1e-05, 0.99999], 'NA12763': [1e-05, 0.99999], 'NA19201': [0.99999, 1e-05], 'NA11831': [1e-05, 0.99999], 'NA12874': [1e-05, 0.99999], 'NA19206': [0.99999, 1e-05], 'NA12154': [1e-05, 0.99999], 'NA18865': [0.99999, 1e-05], 'NA12889': [1e-05, 0.99999], 'NA18933': [0.99999, 1e-05], 'NA19213': [0.99999, 1e-05], 'NA07056': [1e-05, 0.99999], 'NA19131': [0.99999, 1e-05], 'NA07051': [1e-05, 0.99999], 'NA19107': [0.99999, 1e-05], 'NA07357': [1e-05, 0.99999], 'NA19190': [0.99999, 1e-05], 'NA11892': [1e-05, 0.99999], 'NA18915': [0.99999, 1e-05], 'NA19256': [0.99999, 1e-05], 'NA11918': [1e-05, 0.99999], 'NA12249': [1e-05, 0.99999], 'NA11832': [1e-05, 0.99999], 'NA12341': [1e-05, 0.99999], 'NA12775': [1e-05, 0.99999], 'NA11893': [1e-05, 0.99999], 'NA12234': [1e-05, 0.99999], 'NA19171': [0.99999, 1e-05], 'NA19129': [0.99999, 1e-05], 'NA19130': [0.99999, 1e-05], 'NA12812': [1e-05, 0.99999], 'NA19200': [0.99999, 1e-05], 'NA12273': [1e-05, 0.99999], 'NA12489': [1e-05, 0.99999], 'NA12749': [1e-05, 0.99999], 'NA19119': [0.99999, 1e-05], 'NA18486': [0.99999, 1e-05], 'NA18517': [0.99999, 1e-05], 'NA18508': [0.99999, 1e-05], 'NA19118': [0.99999, 1e-05], 'NA12006': [1e-05, 0.99999], 'NA11995': [1e-05, 0.99999], 'NA19210': [0.99999, 1e-05], 'NA19152': [0.99999, 1e-05], 'NA11843': [1e-05, 0.99999], 'NA11881': [1e-05, 0.99999], 'NA12348': [1e-05, 0.99999], 'NA12044': [1e-05, 0.99999], 'NA19144': [0.99999, 1e-05], 'NA12144': [1e-05, 0.99999], 'NA11994': [1e-05, 0.99999], 'NA07048': [1e-05, 0.99999], 'NA12842': [1e-05, 0.99999], 'NA18917': [0.99999, 1e-05], 'NA11829': [1e-05, 0.99999], 'NA18870': [0.99999, 1e-05], 'NA19092': [0.99999, 1e-05], 'NA19153': [0.99999, 1e-05], 'NA19121': [0.99999, 1e-05], 'NA19172': [0.99999, 1e-05], 'NA07347': [1e-05, 0.99999], 'NA12776': [1e-05, 0.99999], 'NA19185': [0.99999, 1e-05], 'NA12156': [1e-05, 0.99999], 'NA19247': [0.99999, 1e-05], 'NA18878': [0.99999, 1e-05], 'NA12272': [1e-05, 0.99999], 'NA12829': [1e-05, 0.99999], 'NA12282': [1e-05, 0.99999], 'NA12813': [1e-05, 0.99999], 'NA12347': [1e-05, 0.99999], 'NA18871': [0.99999, 1e-05], 'NA19223': [0.99999, 1e-05], 'NA18923': [0.99999, 1e-05], 'NA06989': [1e-05, 0.99999], 'NA18511': [0.99999, 1e-05], 'NA06986': [1e-05, 0.99999], 'NA19257': [0.99999, 1e-05], 'NA11894': [1e-05, 0.99999], 'NA19238': [0.99999, 1e-05], 'NA19137': [0.99999, 1e-05], 'NA19113': [0.99999, 1e-05], 'NA18516': [0.99999, 1e-05], 'NA12878': [1e-05, 0.99999], 'NA18856': [0.99999, 1e-05], 'NA12814': [1e-05, 0.99999], 'NA12046': [1e-05, 0.99999], 'NA11830': [1e-05, 0.99999]}
[1, 0]
